{"session":"2e7cdfefa903","build":"182.4129.34","bucket":"-1","time":1576245129632,"group":{"id":"lifecycle","version":"2"},"event":{"count":1,"data":{"durationSeconds":17},"id":"ide.freeze"}}
{"session":"2e7cdfefa903","build":"182.4129.34","bucket":"-1","time":1576245129636,"group":{"id":"ui.dialogs","version":"2"},"event":{"count":1,"data":{"type":"show"},"id":"com.intellij.openapi.progress.util.ProgressDialog$MyDialogWrapper"}}
{"session":"2e7cdfefa903","build":"182.4129.34","bucket":"-1","time":1576245143532,"group":{"id":"ui.dialogs","version":"2"},"event":{"count":1,"data":{"code":1,"type":"close"},"id":"com.intellij.openapi.progress.util.ProgressDialog$MyDialogWrapper"}}
{"session":"2e7cdfefa903","build":"182.4129.34","bucket":"-1","time":1576245143766,"group":{"id":"lifecycle","version":"2"},"event":{"count":1,"data":{},"id":"project.opened"}}
{"session":"2e7cdfefa903","build":"182.4129.34","bucket":"-1","time":1576245146750,"group":{"id":"ui.dialogs","version":"2"},"event":{"count":1,"data":{"type":"show"},"id":"com.intellij.openapi.progress.util.ProgressDialog$MyDialogWrapper"}}
{"session":"2e7cdfefa903","build":"182.4129.34","bucket":"-1","time":1576245153203,"group":{"id":"toolwindow","version":"2"},"event":{"count":1,"data":{},"id":"Project_by_Activation"}}
{"session":"2e7cdfefa903","build":"182.4129.34","bucket":"-1","time":1576245155094,"group":{"id":"lifecycle","version":"2"},"event":{"count":1,"data":{},"id":"ideaapp.started"}}
{"session":"2e7cdfefa903","build":"182.4129.34","bucket":"-1","time":1576245155110,"group":{"id":"lifecycle","version":"2"},"event":{"count":1,"data":{},"id":"app.started"}}
{"session":"2e7cdfefa903","build":"182.4129.34","bucket":"-1","time":1576245159609,"group":{"id":"ui.dialogs","version":"2"},"event":{"count":1,"data":{"code":1,"type":"close"},"id":"com.intellij.openapi.progress.util.ProgressDialog$MyDialogWrapper"}}
{"session":"2e7cdfefa903","build":"182.4129.34","bucket":"-1","time":1576245159688,"group":{"id":"lifecycle","version":"2"},"event":{"count":1,"data":{"time.ms":31872},"id":"project.opening.finished"}}
{"session":"2e7cdfefa903","build":"182.4129.34","bucket":"-1","time":1576245160625,"group":{"id":"system.os.name","version":"2"},"event":{"data":{},"id":"Windows"}}
{"session":"2e7cdfefa903","build":"182.4129.34","bucket":"-1","time":1576245160625,"group":{"id":"system.os.version","version":"2"},"event":{"data":{},"id":"10.0"}}
{"session":"2e7cdfefa903","build":"182.4129.34","bucket":"-1","time":1576245160625,"group":{"id":"system.jvm.vendor","version":"2"},"event":{"data":{},"id":"JetBrains_s.r.o"}}
{"session":"2e7cdfefa903","build":"182.4129.34","bucket":"-1","time":1576245160625,"group":{"id":"system.jvm.version","version":"2"},"event":{"data":{},"id":"1.8"}}
{"session":"2e7cdfefa903","build":"182.4129.34","bucket":"-1","time":1576245202575,"group":{"id":"actions","version":"2"},"event":{"count":1,"data":{},"id":"Run"}}
{"session":"2e7cdfefa903","build":"182.4129.34","bucket":"-1","time":1576245202763,"group":{"id":"trigger","version":"2"},"event":{"count":1,"data":{},"id":"execute.PythonConfigurationType.Run"}}
{"session":"2e7cdfefa903","build":"182.4129.34","bucket":"-1","time":1576245203419,"group":{"id":"toolwindow","version":"2"},"event":{"count":1,"data":{},"id":"Run_by_Activation"}}
{"session":"2e7cdfefa903","build":"182.4129.34","bucket":"-1","time":1576245290276,"group":{"id":"actions","version":"2"},"event":{"count":1,"data":{},"id":"NewElement"}}
{"session":"2e7cdfefa903","build":"182.4129.34","bucket":"-1","time":1576245297260,"group":{"id":"actions","version":"2"},"event":{"count":1,"data":{},"id":"NewPythonFile"}}
{"session":"2e7cdfefa903","build":"182.4129.34","bucket":"-1","time":1576245297417,"group":{"id":"ui.dialogs","version":"2"},"event":{"count":1,"data":{"type":"show"},"id":"com.intellij.ide.actions.CreateFileFromTemplateDialog"}}
{"session":"2e7cdfefa903","build":"182.4129.34","bucket":"-1","time":1576245316057,"group":{"id":"ui.dialogs","version":"2"},"event":{"count":1,"data":{"code":0,"type":"close"},"id":"com.intellij.ide.actions.CreateFileFromTemplateDialog"}}
{"session":"2e7cdfefa903","build":"182.4129.34","bucket":"-1","time":1576245355650,"group":{"id":"actions","version":"2"},"event":{"count":2,"data":{},"id":"EditorBackSpace"}}
{"session":"2e7cdfefa903","build":"182.4129.34","bucket":"-1","time":1576245373024,"group":{"id":"actions","version":"2"},"event":{"count":1,"data":{},"id":"EditorEnter"}}
{"session":"2e7cdfefa903","build":"182.4129.34","bucket":"-1","time":1576245395774,"group":{"id":"actions","version":"2"},"event":{"count":1,"data":{},"id":"EditorEnter"}}
{"session":"2e7cdfefa903","build":"182.4129.34","bucket":"-1","time":1576245406523,"group":{"id":"actions","version":"2"},"event":{"count":1,"data":{},"id":"EditorChooseLookupItem"}}
{"session":"2e7cdfefa903","build":"182.4129.34","bucket":"-1","time":1576245406602,"group":{"id":"completion","version":"2"},"event":{"count":1,"data":{},"id":"editing.completion.basic"}}
{"session":"2e7cdfefa903","build":"182.4129.34","bucket":"-1","time":1576245429695,"group":{"id":"actions","version":"2"},"event":{"count":1,"data":{},"id":"EditorRight"}}
{"session":"2e7cdfefa903","build":"182.4129.34","bucket":"-1","time":1576245444335,"group":{"id":"actions","version":"2"},"event":{"count":1,"data":{},"id":"EditorRight"}}
{"session":"2e7cdfefa903","build":"182.4129.34","bucket":"-1","time":1576245449585,"group":{"id":"actions","version":"2"},"event":{"count":1,"data":{},"id":"EditorEnter"}}
{"session":"2e7cdfefa903","build":"182.4129.34","bucket":"-1","time":1576245473428,"group":{"id":"actions","version":"2"},"event":{"count":1,"data":{},"id":"EditorChooseLookupItem"}}
{"session":"2e7cdfefa903","build":"182.4129.34","bucket":"-1","time":1576245473444,"group":{"id":"completion","version":"2"},"event":{"count":1,"data":{},"id":"editing.completion.basic"}}
{"session":"2e7cdfefa903","build":"182.4129.34","bucket":"-1","time":1576245490709,"group":{"id":"actions","version":"2"},"event":{"count":2,"data":{},"id":"EditorLeft"}}
{"session":"2e7cdfefa903","build":"182.4129.34","bucket":"-1","time":1576245503756,"group":{"id":"actions","version":"2"},"event":{"count":2,"data":{},"id":"EditorRight"}}
{"session":"2e7cdfefa903","build":"182.4129.34","bucket":"-1","time":1576245505677,"group":{"id":"actions","version":"2"},"event":{"count":1,"data":{},"id":"EditorEnter"}}
{"session":"2e7cdfefa903","build":"182.4129.34","bucket":"-1","time":1576245512865,"group":{"id":"actions","version":"2"},"event":{"count":1,"data":{},"id":"EditorChooseLookupItem"}}
{"session":"2e7cdfefa903","build":"182.4129.34","bucket":"-1","time":1576245512880,"group":{"id":"completion","version":"2"},"event":{"count":1,"data":{},"id":"editing.completion.basic"}}
{"session":"2e7cdfefa903","build":"182.4129.34","bucket":"-1","time":1576245529942,"group":{"id":"actions","version":"2"},"event":{"count":1,"data":{},"id":"EditorChooseLookupItem"}}
{"session":"2e7cdfefa903","build":"182.4129.34","bucket":"-1","time":1576245529974,"group":{"id":"completion","version":"2"},"event":{"count":1,"data":{},"id":"editing.completion.basic"}}
{"session":"2e7cdfefa903","build":"182.4129.34","bucket":"-1","time":1576245537067,"group":{"id":"actions","version":"2"},"event":{"count":1,"data":{},"id":"EditorChooseLookupItem"}}
{"session":"2e7cdfefa903","build":"182.4129.34","bucket":"-1","time":1576245537083,"group":{"id":"completion","version":"2"},"event":{"count":1,"data":{},"id":"editing.completion.basic"}}
{"session":"2e7cdfefa903","build":"182.4129.34","bucket":"-1","time":1576245578769,"group":{"id":"actions","version":"2"},"event":{"count":1,"data":{},"id":"EditorEnter"}}
{"session":"2e7cdfefa903","build":"182.4129.34","bucket":"-1","time":1576245586644,"group":{"id":"actions","version":"2"},"event":{"count":1,"data":{},"id":"EditorChooseLookupItem"}}
{"session":"2e7cdfefa903","build":"182.4129.34","bucket":"-1","time":1576245586660,"group":{"id":"completion","version":"2"},"event":{"count":1,"data":{},"id":"editing.completion.basic"}}
{"session":"2e7cdfefa903","build":"182.4129.34","bucket":"-1","time":1576245615862,"group":{"id":"actions","version":"2"},"event":{"count":1,"data":{},"id":"EditorChooseLookupItem"}}
{"session":"2e7cdfefa903","build":"182.4129.34","bucket":"-1","time":1576245615893,"group":{"id":"completion","version":"2"},"event":{"count":1,"data":{},"id":"editing.completion.basic"}}
{"session":"2e7cdfefa903","build":"182.4129.34","bucket":"-1","time":1576245622206,"group":{"id":"actions","version":"2"},"event":{"count":1,"data":{},"id":"EditorChooseLookupItem"}}
{"session":"2e7cdfefa903","build":"182.4129.34","bucket":"-1","time":1576245622221,"group":{"id":"completion","version":"2"},"event":{"count":1,"data":{},"id":"editing.completion.basic"}}
{"session":"2e7cdfefa903","build":"182.4129.34","bucket":"-1","time":1576245623331,"group":{"id":"actions","version":"2"},"event":{"count":1,"data":{},"id":"EditorEnter"}}
{"session":"2e7cdfefa903","build":"182.4129.34","bucket":"-1","time":1576245632768,"group":{"id":"actions","version":"2"},"event":{"count":4,"data":{},"id":"EditorLeft"}}
{"session":"2e7cdfefa903","build":"182.4129.34","bucket":"-1","time":1576245640862,"group":{"id":"actions","version":"2"},"event":{"count":1,"data":{},"id":"EditorBackSpace"}}
{"session":"2e7cdfefa903","build":"182.4129.34","bucket":"-1","time":1576245669595,"group":{"id":"actions","version":"2"},"event":{"count":2,"data":{},"id":"EditorBackSpace"}}
{"session":"2e7cdfefa903","build":"182.4129.34","bucket":"-1","time":1576245678720,"group":{"id":"actions","version":"2"},"event":{"count":2,"data":{},"id":"EditorRight"}}
{"session":"2e7cdfefa903","build":"182.4129.34","bucket":"-1","time":1576245680876,"group":{"id":"actions","version":"2"},"event":{"count":1,"data":{},"id":"EditorEnter"}}
{"session":"2e7cdfefa903","build":"182.4129.34","bucket":"-1","time":1576245710313,"group":{"id":"actions","version":"2"},"event":{"count":1,"data":{},"id":"EditorEnter"}}
{"session":"2e7cdfefa903","build":"182.4129.34","bucket":"-1","time":1576245723329,"group":{"id":"actions","version":"2"},"event":{"count":2,"data":{},"id":"EditorBackSpace"}}
{"session":"2e7cdfefa903","build":"182.4129.34","bucket":"-1","time":1576245734016,"group":{"id":"actions","version":"2"},"event":{"count":1,"data":{},"id":"EditorEnter"}}
{"session":"2e7cdfefa903","build":"182.4129.34","bucket":"-1","time":1576245739234,"group":{"id":"actions","version":"2"},"event":{"count":1,"data":{},"id":"EditorChooseLookupItem"}}
{"session":"2e7cdfefa903","build":"182.4129.34","bucket":"-1","time":1576245739250,"group":{"id":"completion","version":"2"},"event":{"count":1,"data":{},"id":"editing.completion.basic"}}
{"session":"2e7cdfefa903","build":"182.4129.34","bucket":"-1","time":1576245750234,"group":{"id":"actions","version":"2"},"event":{"count":1,"data":{},"id":"EditorEnter"}}
{"session":"2e7cdfefa903","build":"182.4129.34","bucket":"-1","time":1576245753812,"group":{"id":"actions","version":"2"},"event":{"count":5,"data":{},"id":"EditorLeft"}}
{"session":"2e7cdfefa903","build":"182.4129.34","bucket":"-1","time":1576245755968,"group":{"id":"actions","version":"2"},"event":{"count":1,"data":{},"id":"EditorRight"}}
{"session":"2e7cdfefa903","build":"182.4129.34","bucket":"-1","time":1576245762874,"group":{"id":"actions","version":"2"},"event":{"count":1,"data":{},"id":"EditorBackSpace"}}
{"session":"2e7cdfefa903","build":"182.4129.34","bucket":"-1","time":1576245766640,"group":{"id":"actions","version":"2"},"event":{"count":1,"data":{},"id":"EditorChooseLookupItem"}}
{"session":"2e7cdfefa903","build":"182.4129.34","bucket":"-1","time":1576245766656,"group":{"id":"completion","version":"2"},"event":{"count":1,"data":{},"id":"editing.completion.basic"}}
{"session":"2e7cdfefa903","build":"182.4129.34","bucket":"-1","time":1576245771155,"group":{"id":"actions","version":"2"},"event":{"count":1,"data":{},"id":"EditorEnter"}}
{"session":"2e7cdfefa903","build":"182.4129.34","bucket":"-1","time":1576245798420,"group":{"id":"actions","version":"2"},"event":{"count":3,"data":{},"id":"EditorBackSpace"}}
{"session":"2e7cdfefa903","build":"182.4129.34","bucket":"-1","time":1576245802342,"group":{"id":"actions","version":"2"},"event":{"count":1,"data":{},"id":"EditorChooseLookupItem"}}
{"session":"2e7cdfefa903","build":"182.4129.34","bucket":"-1","time":1576245802358,"group":{"id":"completion","version":"2"},"event":{"count":1,"data":{},"id":"editing.completion.basic"}}
{"session":"2e7cdfefa903","build":"182.4129.34","bucket":"-1","time":1576245805467,"group":{"id":"actions","version":"2"},"event":{"count":6,"data":{},"id":"EditorBackSpace"}}
{"session":"2e7cdfefa903","build":"182.4129.34","bucket":"-1","time":1576245808295,"group":{"id":"actions","version":"2"},"event":{"count":1,"data":{},"id":"EditorEnter"}}
{"session":"2e7cdfefa903","build":"182.4129.34","bucket":"-1","time":1576245812873,"group":{"id":"actions","version":"2"},"event":{"count":1,"data":{},"id":"EditorUp"}}
{"session":"2e7cdfefa903","build":"182.4129.34","bucket":"-1","time":1576245814201,"group":{"id":"actions","version":"2"},"event":{"count":18,"data":{},"id":"EditorRight"}}
{"session":"2e7cdfefa903","build":"182.4129.34","bucket":"-1","time":1576245820717,"group":{"id":"actions","version":"2"},"event":{"count":1,"data":{},"id":"EditorBackSpace"}}
{"session":"2e7cdfefa903","build":"182.4129.34","bucket":"-1","time":1576245823389,"group":{"id":"actions","version":"2"},"event":{"count":4,"data":{},"id":"EditorRight"}}
{"session":"2e7cdfefa903","build":"182.4129.34","bucket":"-1","time":1576245826717,"group":{"id":"actions","version":"2"},"event":{"count":1,"data":{},"id":"EditorEnter"}}
{"session":"2e7cdfefa903","build":"182.4129.34","bucket":"-1","time":1576245846357,"group":{"id":"actions","version":"2"},"event":{"count":4,"data":{},"id":"EditorBackSpace"}}
{"session":"2e7cdfefa903","build":"182.4129.34","bucket":"-1","time":1576245868872,"group":{"id":"actions","version":"2"},"event":{"count":2,"data":{},"id":"EditorRight"}}
{"session":"2e7cdfefa903","build":"182.4129.34","bucket":"-1","time":1576245870247,"group":{"id":"actions","version":"2"},"event":{"count":1,"data":{},"id":"EditorEnter"}}
{"session":"2e7cdfefa903","build":"182.4129.34","bucket":"-1","time":1576245903559,"group":{"id":"actions","version":"2"},"event":{"count":1,"data":{},"id":"EditorEnter"}}
{"session":"2e7cdfefa903","build":"182.4129.34","bucket":"-1","time":1576245920621,"group":{"id":"actions","version":"2"},"event":{"count":2,"data":{},"id":"EditorRight"}}
{"session":"2e7cdfefa903","build":"182.4129.34","bucket":"-1","time":1576245922339,"group":{"id":"actions","version":"2"},"event":{"count":1,"data":{},"id":"EditorEnter"}}
{"session":"2e7cdfefa903","build":"182.4129.34","bucket":"-1","time":1576245967651,"group":{"id":"actions","version":"2"},"event":{"count":1,"data":{},"id":"EditorRight"}}
{"session":"2e7cdfefa903","build":"182.4129.34","bucket":"-1","time":1576245969682,"group":{"id":"actions","version":"2"},"event":{"count":1,"data":{},"id":"EditorEnter"}}
{"session":"2e7cdfefa903","build":"182.4129.34","bucket":"-1","time":1576246002072,"group":{"id":"actions","version":"2"},"event":{"count":1,"data":{},"id":"EditorRight"}}
{"session":"2e7cdfefa903","build":"182.4129.34","bucket":"-1","time":1576246004134,"group":{"id":"actions","version":"2"},"event":{"count":1,"data":{},"id":"EditorEnter"}}
{"session":"2e7cdfefa903","build":"182.4129.34","bucket":"-1","time":1576246033134,"group":{"id":"actions","version":"2"},"event":{"count":1,"data":{},"id":"EditorEnter"}}
{"session":"2e7cdfefa903","build":"182.4129.34","bucket":"-1","time":1576246036680,"group":{"id":"actions","version":"2"},"event":{"count":4,"data":{},"id":"EditorLeft"}}
{"session":"2e7cdfefa903","build":"182.4129.34","bucket":"-1","time":1576246054149,"group":{"id":"actions","version":"2"},"event":{"count":1,"data":{},"id":"EditorEnter"}}
{"session":"2e7cdfefa903","build":"182.4129.34","bucket":"-1","time":1576246078195,"group":{"id":"actions","version":"2"},"event":{"count":1,"data":{},"id":"EditorBackSpace"}}
{"session":"2e7cdfefa903","build":"182.4129.34","bucket":"-1","time":1576246097460,"group":{"id":"actions","version":"2"},"event":{"count":1,"data":{},"id":"EditorEnter"}}
{"session":"2e7cdfefa903","build":"182.4129.34","bucket":"-1","time":1576246115725,"group":{"id":"actions","version":"2"},"event":{"count":4,"data":{},"id":"EditorBackSpace"}}
{"session":"2e7cdfefa903","build":"182.4129.34","bucket":"-1","time":1576246142694,"group":{"id":"actions","version":"2"},"event":{"count":1,"data":{},"id":"EditorEnter"}}
{"session":"2e7cdfefa903","build":"182.4129.34","bucket":"-1","time":1576246163677,"group":{"id":"actions","version":"2"},"event":{"count":1,"data":{},"id":"EditorEnter"}}
{"session":"2e7cdfefa903","build":"182.4129.34","bucket":"-1","time":1576246168740,"group":{"id":"actions","version":"2"},"event":{"count":8,"data":{},"id":"EditorLeft"}}
{"session":"2e7cdfefa903","build":"182.4129.34","bucket":"-1","time":1576246186036,"group":{"id":"actions","version":"2"},"event":{"count":1,"data":{},"id":"EditorBackSpace"}}
{"session":"2e7cdfefa903","build":"182.4129.34","bucket":"-1","time":1576246190380,"group":{"id":"actions","version":"2"},"event":{"count":2,"data":{},"id":"EditorRight"}}
{"session":"2e7cdfefa903","build":"182.4129.34","bucket":"-1","time":1576246191771,"group":{"id":"actions","version":"2"},"event":{"count":1,"data":{},"id":"EditorEnter"}}
{"session":"2e7cdfefa903","build":"182.4129.34","bucket":"-1","time":1576246212895,"group":{"id":"actions","version":"2"},"event":{"count":1,"data":{},"id":"EditorRight"}}
{"session":"2e7cdfefa903","build":"182.4129.34","bucket":"-1","time":1576246231598,"group":{"id":"actions","version":"2"},"event":{"count":1,"data":{},"id":"EditorEnter"}}
{"session":"2e7cdfefa903","build":"182.4129.34","bucket":"-1","time":1576246264050,"group":{"id":"actions","version":"2"},"event":{"count":9,"data":{},"id":"EditorBackSpace"}}
{"session":"2e7cdfefa903","build":"182.4129.34","bucket":"-1","time":1576246273987,"group":{"id":"actions","version":"2"},"event":{"count":2,"data":{},"id":"EditorRight"}}
{"session":"2e7cdfefa903","build":"182.4129.34","bucket":"-1","time":1576246275878,"group":{"id":"actions","version":"2"},"event":{"count":1,"data":{},"id":"EditorEnter"}}
{"session":"2e7cdfefa903","build":"182.4129.34","bucket":"-1","time":1576246286018,"group":{"id":"actions","version":"2"},"event":{"count":1,"data":{},"id":"EditorRight"}}
{"session":"2e7cdfefa903","build":"182.4129.34","bucket":"-1","time":1576246287206,"group":{"id":"actions","version":"2"},"event":{"count":1,"data":{},"id":"EditorEnter"}}
{"session":"2e7cdfefa903","build":"182.4129.34","bucket":"-1","time":1576246288987,"group":{"id":"actions","version":"2"},"event":{"count":4,"data":{},"id":"EditorLeft"}}
{"session":"2e7cdfefa903","build":"182.4129.34","bucket":"-1","time":1576246338095,"group":{"id":"actions","version":"2"},"event":{"count":1,"data":{},"id":"EditorEnter"}}
{"session":"2e7cdfefa903","build":"182.4129.34","bucket":"-1","time":1576246351345,"group":{"id":"actions","version":"2"},"event":{"count":1,"data":{},"id":"EditorBackSpace"}}
{"session":"2e7cdfefa903","build":"182.4129.34","bucket":"-1","time":1576246366141,"group":{"id":"actions","version":"2"},"event":{"count":1,"data":{},"id":"EditorEnter"}}
{"session":"2e7cdfefa903","build":"182.4129.34","bucket":"-1","time":1576246381516,"group":{"id":"actions","version":"2"},"event":{"count":1,"data":{},"id":"EditorBackSpace"}}
{"session":"2e7cdfefa903","build":"182.4129.34","bucket":"-1","time":1576246396047,"group":{"id":"actions","version":"2"},"event":{"count":2,"data":{},"id":"EditorBackSpace"}}
{"session":"2e7cdfefa903","build":"182.4129.34","bucket":"-1","time":1576246399641,"group":{"id":"actions","version":"2"},"event":{"count":1,"data":{},"id":"EditorRight"}}
{"session":"2e7cdfefa903","build":"182.4129.34","bucket":"-1","time":1576246402344,"group":{"id":"actions","version":"2"},"event":{"count":1,"data":{},"id":"EditorEnter"}}
{"session":"2e7cdfefa903","build":"182.4129.34","bucket":"-1","time":1576246424031,"group":{"id":"actions","version":"2"},"event":{"count":2,"data":{},"id":"EditorBackSpace"}}
{"session":"2e7cdfefa903","build":"182.4129.34","bucket":"-1","time":1576246432984,"group":{"id":"actions","version":"2"},"event":{"count":1,"data":{},"id":"EditorEnter"}}
{"session":"2e7cdfefa903","build":"182.4129.34","bucket":"-1","time":1576246434515,"group":{"id":"actions","version":"2"},"event":{"count":8,"data":{},"id":"EditorLeft"}}
{"session":"2e7cdfefa903","build":"182.4129.34","bucket":"-1","time":1576246442827,"group":{"id":"actions","version":"2"},"event":{"count":1,"data":{},"id":"EditorBackSpace"}}
{"session":"2e7cdfefa903","build":"182.4129.34","bucket":"-1","time":1576246460608,"group":{"id":"actions","version":"2"},"event":{"count":2,"data":{},"id":"EditorRight"}}
{"session":"2e7cdfefa903","build":"182.4129.34","bucket":"-1","time":1576246462295,"group":{"id":"actions","version":"2"},"event":{"count":1,"data":{},"id":"EditorEnter"}}
{"session":"2e7cdfefa903","build":"182.4129.34","bucket":"-1","time":1576246468936,"group":{"id":"actions","version":"2"},"event":{"count":1,"data":{},"id":"EditorBackSpace"}}
{"session":"2e7cdfefa903","build":"182.4129.34","bucket":"-1","time":1576246484639,"group":{"id":"actions","version":"2"},"event":{"count":1,"data":{},"id":"EditorEnter"}}
{"session":"2e7cdfefa903","build":"182.4129.34","bucket":"-1","time":1576246522403,"group":{"id":"actions","version":"2"},"event":{"count":1,"data":{},"id":"EditorEnter"}}
{"session":"2e7cdfefa903","build":"182.4129.34","bucket":"-1","time":1576246543028,"group":{"id":"actions","version":"2"},"event":{"count":1,"data":{},"id":"EditorRight"}}
{"session":"2e7cdfefa903","build":"182.4129.34","bucket":"-1","time":1576246544387,"group":{"id":"actions","version":"2"},"event":{"count":1,"data":{},"id":"EditorEnter"}}
{"session":"2e7cdfefa903","build":"182.4129.34","bucket":"-1","time":1576246553606,"group":{"id":"actions","version":"2"},"event":{"count":6,"data":{},"id":"EditorBackSpace"}}
{"session":"2e7cdfefa903","build":"182.4129.34","bucket":"-1","time":1576246578418,"group":{"id":"actions","version":"2"},"event":{"count":1,"data":{},"id":"EditorEnter"}}
{"session":"2e7cdfefa903","build":"182.4129.34","bucket":"-1","time":1576246581402,"group":{"id":"actions","version":"2"},"event":{"count":4,"data":{},"id":"EditorLeft"}}
{"session":"2e7cdfefa903","build":"182.4129.34","bucket":"-1","time":1576246629870,"group":{"id":"actions","version":"2"},"event":{"count":1,"data":{},"id":"NewElement"}}
{"session":"2e7cdfefa903","build":"182.4129.34","bucket":"-1","time":1576246632729,"group":{"id":"actions","version":"2"},"event":{"count":1,"data":{},"id":"NewFile"}}
{"session":"2e7cdfefa903","build":"182.4129.34","bucket":"-1","time":1576246632760,"group":{"id":"ui.dialogs","version":"2"},"event":{"count":1,"data":{"type":"show"},"id":"com.intellij.openapi.ui.Messages$InputDialog"}}
{"session":"2e7cdfefa903","build":"182.4129.34","bucket":"-1","time":1576246645135,"group":{"id":"ui.dialogs","version":"2"},"event":{"count":1,"data":{"type":"show"},"id":"com.intellij.openapi.fileTypes.ex.FileTypeChooser"}}
{"session":"2e7cdfefa903","build":"182.4129.34","bucket":"-1","time":1576246682900,"group":{"id":"ui.dialogs","version":"2"},"event":{"count":1,"data":{"code":1,"type":"close"},"id":"com.intellij.openapi.fileTypes.ex.FileTypeChooser"}}
{"session":"2e7cdfefa903","build":"182.4129.34","bucket":"-1","time":1576246682931,"group":{"id":"trigger","version":"2"},"event":{"count":1,"data":{},"id":"CreateFile.CreateFileAction"}}
{"session":"2e7cdfefa903","build":"182.4129.34","bucket":"-1","time":1576246682946,"group":{"id":"ui.dialogs","version":"2"},"event":{"count":1,"data":{"code":0,"type":"close"},"id":"com.intellij.openapi.ui.Messages$InputDialog"}}
{"session":"2e7cdfefa903","build":"182.4129.34","bucket":"-1","time":1576246691571,"group":{"id":"actions","version":"2"},"event":{"count":1,"data":{},"id":"NewElement"}}
{"session":"2e7cdfefa903","build":"182.4129.34","bucket":"-1","time":1576246695665,"group":{"id":"actions","version":"2"},"event":{"count":1,"data":{},"id":"NewPythonFile"}}
{"session":"2e7cdfefa903","build":"182.4129.34","bucket":"-1","time":1576246695681,"group":{"id":"ui.dialogs","version":"2"},"event":{"count":1,"data":{"type":"show"},"id":"com.intellij.ide.actions.CreateFileFromTemplateDialog"}}
{"session":"2e7cdfefa903","build":"182.4129.34","bucket":"-1","time":1576246699915,"group":{"id":"actions","version":"2"},"event":{"count":1,"data":{},"id":"DialogOkAction_Enter"}}
{"session":"2e7cdfefa903","build":"182.4129.34","bucket":"-1","time":1576246699962,"group":{"id":"ui.dialogs","version":"2"},"event":{"count":1,"data":{"code":0,"type":"close"},"id":"com.intellij.ide.actions.CreateFileFromTemplateDialog"}}
{"session":"2e7cdfefa903","build":"182.4129.34","bucket":"-1","time":1576246719461,"group":{"id":"actions","version":"2"},"event":{"count":6,"data":{},"id":"EditorBackSpace"}}
{"session":"2e7cdfefa903","build":"182.4129.34","bucket":"-1","time":1576246747429,"group":{"id":"actions","version":"2"},"event":{"count":5,"data":{},"id":"EditorLeft"}}
{"session":"2e7cdfefa903","build":"182.4129.34","bucket":"-1","time":1576246749882,"group":{"id":"actions","version":"2"},"event":{"count":1,"data":{},"id":"EditorBackSpace"}}
{"session":"2e7cdfefa903","build":"182.4129.34","bucket":"-1","time":1576246751132,"group":{"id":"actions","version":"2"},"event":{"count":6,"data":{},"id":"EditorRight"}}
{"session":"2e7cdfefa903","build":"182.4129.34","bucket":"-1","time":1576246764944,"group":{"id":"actions","version":"2"},"event":{"count":50,"data":{},"id":"EditorUp"}}
{"session":"2e7cdfefa903","build":"182.4129.34","bucket":"-1","time":1576246802787,"group":{"id":"actions","version":"2"},"event":{"count":1,"data":{},"id":"EditorBackSpace"}}
{"session":"2e7cdfefa903","build":"182.4129.34","bucket":"-1","time":1576246816256,"group":{"id":"actions","version":"2"},"event":{"count":1,"data":{},"id":"EditorEnter"}}
{"session":"2e7cdfefa903","build":"182.4129.34","bucket":"-1","time":1576246841724,"group":{"id":"actions","version":"2"},"event":{"count":1,"data":{},"id":"EditorBackSpace"}}
{"session":"2e7cdfefa903","build":"182.4129.34","bucket":"-1","time":1576246854567,"group":{"id":"actions","version":"2"},"event":{"count":1,"data":{},"id":"EditorBackSpace"}}
{"session":"2e7cdfefa903","build":"182.4129.34","bucket":"-1","time":1576246870848,"group":{"id":"actions","version":"2"},"event":{"count":1,"data":{},"id":"EditorEnter"}}
{"session":"2e7cdfefa903","build":"182.4129.34","bucket":"-1","time":1576246893988,"group":{"id":"actions","version":"2"},"event":{"count":1,"data":{},"id":"NewScratchFile"}}
{"session":"2e7cdfefa903","build":"182.4129.34","bucket":"-1","time":1576246912660,"group":{"id":"actions","version":"2"},"event":{"count":1,"data":{},"id":"CloseContent"}}
{"session":"2e7cdfefa903","build":"182.4129.34","bucket":"-1","time":1576246925894,"group":{"id":"actions","version":"2"},"event":{"count":2,"data":{},"id":"EditorBackSpace"}}
{"session":"2e7cdfefa903","build":"182.4129.34","bucket":"-1","time":1576246948753,"group":{"id":"actions","version":"2"},"event":{"count":1,"data":{},"id":"EditorChooseLookupItem"}}
{"session":"2e7cdfefa903","build":"182.4129.34","bucket":"-1","time":1576246948768,"group":{"id":"completion","version":"2"},"event":{"count":1,"data":{},"id":"editing.completion.basic"}}
{"session":"2e7cdfefa903","build":"182.4129.34","bucket":"-1","time":1576246950284,"group":{"id":"actions","version":"2"},"event":{"count":11,"data":{},"id":"EditorBackSpace"}}
{"session":"2e7cdfefa903","build":"182.4129.34","bucket":"-1","time":1576246975565,"group":{"id":"actions","version":"2"},"event":{"count":1,"data":{},"id":"EditorBackSpace"}}
{"session":"2e7cdfefa903","build":"182.4129.34","bucket":"-1","time":1576246991783,"group":{"id":"actions","version":"2"},"event":{"count":1,"data":{},"id":"EditorEnter"}}
{"session":"2e7cdfefa903","build":"182.4129.34","bucket":"-1","time":1576247012892,"group":{"id":"actions","version":"2"},"event":{"count":1,"data":{},"id":"EditorBackSpace"}}
{"session":"2e7cdfefa903","build":"182.4129.34","bucket":"-1","time":1576247014454,"group":{"id":"actions","version":"2"},"event":{"count":11,"data":{},"id":"EditorRight"}}
{"session":"2e7cdfefa903","build":"182.4129.34","bucket":"-1","time":1576247018579,"group":{"id":"actions","version":"2"},"event":{"count":12,"data":{},"id":"EditorLeft"}}
{"session":"2e7cdfefa903","build":"182.4129.34","bucket":"-1","time":1576247026126,"group":{"id":"actions","version":"2"},"event":{"count":1,"data":{},"id":"EditorDown"}}
{"session":"2e7cdfefa903","build":"182.4129.34","bucket":"-1","time":1576247027485,"group":{"id":"actions","version":"2"},"event":{"count":1,"data":{},"id":"EditorUp"}}
{"session":"2e7cdfefa903","build":"182.4129.34","bucket":"-1","time":1576247028141,"group":{"id":"actions","version":"2"},"event":{"count":1,"data":{},"id":"EditorRight"}}
{"session":"2e7cdfefa903","build":"182.4129.34","bucket":"-1","time":1576247041172,"group":{"id":"actions","version":"2"},"event":{"count":1,"data":{},"id":"EditorDown"}}
{"session":"2e7cdfefa903","build":"182.4129.34","bucket":"-1","time":1576247045407,"group":{"id":"actions","version":"2"},"event":{"count":1,"data":{},"id":"EditorRight"}}
{"session":"2e7cdfefa903","build":"182.4129.34","bucket":"-1","time":1576247049375,"group":{"id":"actions","version":"2"},"event":{"count":1,"data":{},"id":"EditorEnter"}}
{"session":"2e7cdfefa903","build":"182.4129.34","bucket":"-1","time":1576247079984,"group":{"id":"actions","version":"2"},"event":{"count":1,"data":{},"id":"CloseContent"}}
{"session":"2e7cdfefa903","build":"182.4129.34","bucket":"-1","time":1576247095984,"group":{"id":"actions","version":"2"},"event":{"count":1,"data":{},"id":"CreateRunConfiguration"}}
{"session":"2e7cdfefa903","build":"182.4129.34","bucket":"-1","time":1576247096577,"group":{"id":"ui.dialogs","version":"2"},"event":{"count":1,"data":{"type":"show"},"id":"com.intellij.execution.impl.RunDialog$1"}}
{"session":"2e7cdfefa903","build":"182.4129.34","bucket":"-1","time":1576247104015,"group":{"id":"ui.dialogs","version":"2"},"event":{"count":1,"data":{"code":1,"type":"close"},"id":"com.intellij.execution.impl.RunDialog$1"}}
{"session":"2e7cdfefa903","build":"182.4129.34","bucket":"-1","time":1576247124717,"group":{"id":"actions","version":"2"},"event":{"count":1,"data":{},"id":"NewDirectoryProject"}}
{"session":"2e7cdfefa903","build":"182.4129.34","bucket":"-1","time":1576247124842,"group":{"id":"ui.dialogs","version":"2"},"event":{"count":1,"data":{"type":"show"},"id":"com.jetbrains.python.newProject.PyCharmNewProjectDialog"}}
{"session":"2e7cdfefa903","build":"182.4129.34","bucket":"-1","time":1576247128092,"group":{"id":"ui.dialogs","version":"2"},"event":{"count":1,"data":{"code":1,"type":"close"},"id":"com.jetbrains.python.newProject.PyCharmNewProjectDialog"}}
{"session":"2e7cdfefa903","build":"182.4129.34","bucket":"-1","time":1576247135045,"group":{"id":"actions","version":"2"},"event":{"count":1,"data":{},"id":"NewElement"}}
{"session":"2e7cdfefa903","build":"182.4129.34","bucket":"-1","time":1576247146170,"group":{"id":"actions","version":"2"},"event":{"count":1,"data":{},"id":"NewElement"}}
{"session":"2e7cdfefa903","build":"182.4129.34","bucket":"-1","time":1576247149607,"group":{"id":"actions","version":"2"},"event":{"count":1,"data":{},"id":"NewFile"}}
{"session":"2e7cdfefa903","build":"182.4129.34","bucket":"-1","time":1576247149623,"group":{"id":"ui.dialogs","version":"2"},"event":{"count":1,"data":{"type":"show"},"id":"com.intellij.openapi.ui.Messages$InputDialog"}}
{"session":"2e7cdfefa903","build":"182.4129.34","bucket":"-1","time":1576247158029,"group":{"id":"actions","version":"2"},"event":{"count":4,"data":{},"id":"EditorBackSpace"}}
{"session":"2e7cdfefa903","build":"182.4129.34","bucket":"-1","time":1576247167951,"group":{"id":"actions","version":"2"},"event":{"count":1,"data":{},"id":"DialogOkAction_Enter"}}
{"session":"2e7cdfefa903","build":"182.4129.34","bucket":"-1","time":1576247167982,"group":{"id":"ui.dialogs","version":"2"},"event":{"count":1,"data":{"type":"show"},"id":"com.intellij.openapi.fileTypes.ex.FileTypeChooser"}}
{"session":"2e7cdfefa903","build":"182.4129.34","bucket":"-1","time":1576247194466,"group":{"id":"ui.dialogs","version":"2"},"event":{"count":1,"data":{"code":1,"type":"close"},"id":"com.intellij.openapi.fileTypes.ex.FileTypeChooser"}}
{"session":"2e7cdfefa903","build":"182.4129.34","bucket":"-1","time":1576247194481,"group":{"id":"trigger","version":"2"},"event":{"count":1,"data":{},"id":"CreateFile.CreateFileAction"}}
{"session":"2e7cdfefa903","build":"182.4129.34","bucket":"-1","time":1576247194481,"group":{"id":"ui.dialogs","version":"2"},"event":{"count":1,"data":{"code":0,"type":"close"},"id":"com.intellij.openapi.ui.Messages$InputDialog"}}
{"session":"2e7cdfefa903","build":"182.4129.34","bucket":"-1","time":1576247202637,"group":{"id":"actions","version":"2"},"event":{"count":1,"data":{},"id":"NewElement"}}
{"session":"2e7cdfefa903","build":"182.4129.34","bucket":"-1","time":1576247210715,"group":{"id":"actions","version":"2"},"event":{"count":1,"data":{},"id":"NewScratchFile"}}
{"session":"2e7cdfefa903","build":"182.4129.34","bucket":"-1","time":1576247223387,"group":{"id":"actions","version":"2"},"event":{"count":1,"data":{},"id":"EditorBackSpace"}}
{"session":"2e7cdfefa903","build":"182.4129.34","bucket":"-1","time":1576247263198,"group":{"id":"actions","version":"2"},"event":{"count":1,"data":{},"id":"EditorEnter"}}
{"session":"2e7cdfefa903","build":"182.4129.34","bucket":"-1","time":1576247276261,"group":{"id":"actions","version":"2"},"event":{"count":1,"data":{},"id":"EditorEnter"}}
{"session":"2e7cdfefa903","build":"182.4129.34","bucket":"-1","time":1576247279495,"group":{"id":"actions","version":"2"},"event":{"count":50,"data":{},"id":"EditorBackSpace"}}
{"session":"2e7cdfefa903","build":"182.4129.34","bucket":"-1","time":1576247294104,"group":{"id":"actions","version":"2"},"event":{"count":1,"data":{},"id":"CloseContent"}}
{"session":"2e7cdfefa903","build":"182.4129.34","bucket":"-1","time":1576247303776,"group":{"id":"actions","version":"2"},"event":{"count":1,"data":{},"id":"NewElement"}}
{"session":"2e7cdfefa903","build":"182.4129.34","bucket":"-1","time":1576247308244,"group":{"id":"actions","version":"2"},"event":{"count":1,"data":{},"id":"NewPythonFile"}}
{"session":"2e7cdfefa903","build":"182.4129.34","bucket":"-1","time":1576247308260,"group":{"id":"ui.dialogs","version":"2"},"event":{"count":1,"data":{"type":"show"},"id":"com.intellij.ide.actions.CreateFileFromTemplateDialog"}}
{"session":"2e7cdfefa903","build":"182.4129.34","bucket":"-1","time":1576247321072,"group":{"id":"actions","version":"2"},"event":{"count":2,"data":{},"id":"EditorBackSpace"}}
{"session":"2e7cdfefa903","build":"182.4129.34","bucket":"-1","time":1576247333150,"group":{"id":"ui.dialogs","version":"2"},"event":{"count":1,"data":{"type":"show"},"id":"com.intellij.openapi.ui.messages.MessageDialog"}}
{"session":"2e7cdfefa903","build":"182.4129.34","bucket":"-1","time":1576247340837,"group":{"id":"ui.dialogs","version":"2"},"event":{"count":1,"data":{"code":2,"type":"close"},"id":"com.intellij.openapi.ui.messages.MessageDialog"}}
{"session":"2e7cdfefa903","build":"182.4129.34","bucket":"-1","time":1576247343931,"group":{"id":"actions","version":"2"},"event":{"count":5,"data":{},"id":"EditorBackSpace"}}
{"session":"2e7cdfefa903","build":"182.4129.34","bucket":"-1","time":1576247353274,"group":{"id":"ui.dialogs","version":"2"},"event":{"count":1,"data":{"code":0,"type":"close"},"id":"com.intellij.ide.actions.CreateFileFromTemplateDialog"}}
{"session":"2e7cdfefa903","build":"182.4129.34","bucket":"-1","time":1576247359321,"group":{"id":"actions","version":"2"},"event":{"count":1,"data":{},"id":"EditorBackSpace"}}
{"session":"2e7cdfefa903","build":"182.4129.34","bucket":"-1","time":1576247390555,"group":{"id":"actions","version":"2"},"event":{"count":30,"data":{},"id":"EditorLeft"}}
{"session":"2e7cdfefa903","build":"182.4129.34","bucket":"-1","time":1576247398867,"group":{"id":"actions","version":"2"},"event":{"count":1,"data":{},"id":"EditorBackSpace"}}
{"session":"2e7cdfefa903","build":"182.4129.34","bucket":"-1","time":1576247401914,"group":{"id":"actions","version":"2"},"event":{"count":6,"data":{},"id":"EditorRight"}}
{"session":"2e7cdfefa903","build":"182.4129.34","bucket":"-1","time":1576247404633,"group":{"id":"actions","version":"2"},"event":{"count":1,"data":{},"id":"EditorBackSpace"}}
{"session":"2e7cdfefa903","build":"182.4129.34","bucket":"-1","time":1576247405851,"group":{"id":"actions","version":"2"},"event":{"count":14,"data":{},"id":"EditorRight"}}
{"session":"2e7cdfefa903","build":"182.4129.34","bucket":"-1","time":1576247411226,"group":{"id":"actions","version":"2"},"event":{"count":1,"data":{},"id":"EditorBackSpace"}}
{"session":"2e7cdfefa903","build":"182.4129.34","bucket":"-1","time":1576247418039,"group":{"id":"actions","version":"2"},"event":{"count":1,"data":{},"id":"EditorEnter"}}
{"session":"2e7cdfefa903","build":"182.4129.34","bucket":"-1","time":1576247432726,"group":{"id":"actions","version":"2"},"event":{"count":1,"data":{},"id":"CloseContent"}}
{"session":"2e7cdfefa903","build":"182.4129.34","bucket":"-1","time":1576247453210,"group":{"id":"actions","version":"2"},"event":{"count":1,"data":{},"id":"$Cut"}}
{"session":"2e7cdfefa903","build":"182.4129.34","bucket":"-1","time":1576247472256,"group":{"id":"actions","version":"2"},"event":{"count":1,"data":{},"id":"NewPythonPackage"}}
{"session":"2e7cdfefa903","build":"182.4129.34","bucket":"-1","time":1576247472256,"group":{"id":"ui.dialogs","version":"2"},"event":{"count":1,"data":{"type":"show"},"id":"com.intellij.openapi.ui.Messages$InputDialog"}}
{"session":"2e7cdfefa903","build":"182.4129.34","bucket":"-1","time":1576247480287,"group":{"id":"actions","version":"2"},"event":{"count":1,"data":{},"id":"DialogOkAction_Enter"}}
{"session":"2e7cdfefa903","build":"182.4129.34","bucket":"-1","time":1576247480303,"group":{"id":"ui.dialogs","version":"2"},"event":{"count":1,"data":{"code":0,"type":"close"},"id":"com.intellij.openapi.ui.Messages$InputDialog"}}
{"session":"2e7cdfefa903","build":"182.4129.34","bucket":"-1","time":1576247486177,"group":{"id":"toolwindow","version":"2"},"event":{"count":1,"data":{},"id":"Project_by_Activation"}}
{"session":"2e7cdfefa903","build":"182.4129.34","bucket":"-1","time":1576247518411,"group":{"id":"actions","version":"2"},"event":{"count":1,"data":{},"id":"CreateRunConfiguration"}}
{"session":"2e7cdfefa903","build":"182.4129.34","bucket":"-1","time":1576247518489,"group":{"id":"ui.dialogs","version":"2"},"event":{"count":1,"data":{"type":"show"},"id":"com.intellij.execution.impl.RunDialog$1"}}
{"session":"2e7cdfefa903","build":"182.4129.34","bucket":"-1","time":1576247526255,"group":{"id":"ui.dialogs","version":"2"},"event":{"count":1,"data":{"code":0,"type":"close"},"id":"com.intellij.execution.impl.RunDialog$1"}}
{"session":"2e7cdfefa903","build":"182.4129.34","bucket":"-1","time":1576247552410,"group":{"id":"actions","version":"2"},"event":{"count":1,"data":{},"id":"ImportSettings"}}
{"session":"2e7cdfefa903","build":"182.4129.34","bucket":"-1","time":1576247552535,"group":{"id":"ui.dialogs","version":"2"},"event":{"count":1,"data":{"type":"show"},"id":"com.intellij.openapi.fileChooser.ex.FileChooserDialogImpl"}}
{"session":"2e7cdfefa903","build":"182.4129.34","bucket":"-1","time":1576247572280,"group":{"id":"ui.dialogs","version":"2"},"event":{"count":1,"data":{"code":0,"type":"close"},"id":"com.intellij.openapi.fileChooser.ex.FileChooserDialogImpl"}}
{"session":"2e7cdfefa903","build":"182.4129.34","bucket":"-1","time":1576247572311,"group":{"id":"ui.dialogs","version":"2"},"event":{"count":1,"data":{"type":"show"},"id":"com.intellij.openapi.ui.messages.MessageDialog"}}
{"session":"2e7cdfefa903","build":"182.4129.34","bucket":"-1","time":1576247590280,"group":{"id":"actions","version":"2"},"event":{"count":1,"data":{},"id":"ImportSettings"}}
{"session":"2e7cdfefa903","build":"182.4129.34","bucket":"-1","time":1576247590295,"group":{"id":"ui.dialogs","version":"2"},"event":{"count":1,"data":{"type":"show"},"id":"com.intellij.openapi.fileChooser.ex.FileChooserDialogImpl"}}
{"session":"2e7cdfefa903","build":"182.4129.34","bucket":"-1","time":1576247604459,"group":{"id":"ui.dialogs","version":"2"},"event":{"count":1,"data":{"code":0,"type":"close"},"id":"com.intellij.openapi.fileChooser.ex.FileChooserDialogImpl"}}
{"session":"2e7cdfefa903","build":"182.4129.34","bucket":"-1","time":1576247604490,"group":{"id":"ui.dialogs","version":"2"},"event":{"count":1,"data":{"type":"show"},"id":"com.intellij.openapi.ui.messages.MessageDialog"}}
{"session":"2e7cdfefa903","build":"182.4129.34","bucket":"-1","time":1576247621849,"group":{"id":"actions","version":"2"},"event":{"count":1,"data":{},"id":"ImportSettings"}}
{"session":"2e7cdfefa903","build":"182.4129.34","bucket":"-1","time":1576247621849,"group":{"id":"ui.dialogs","version":"2"},"event":{"count":1,"data":{"type":"show"},"id":"com.intellij.openapi.fileChooser.ex.FileChooserDialogImpl"}}
{"session":"2e7cdfefa903","build":"182.4129.34","bucket":"-1","time":1576247635062,"group":{"id":"ui.dialogs","version":"2"},"event":{"count":1,"data":{"code":0,"type":"close"},"id":"com.intellij.openapi.fileChooser.ex.FileChooserDialogImpl"}}
{"session":"2e7cdfefa903","build":"182.4129.34","bucket":"-1","time":1576247635093,"group":{"id":"ui.dialogs","version":"2"},"event":{"count":1,"data":{"type":"show"},"id":"com.intellij.openapi.ui.messages.MessageDialog"}}
{"session":"2e7cdfefa903","build":"182.4129.34","bucket":"-1","time":1576247639390,"group":{"id":"ui.dialogs","version":"2"},"event":{"count":1,"data":{"code":2,"type":"close"},"id":"com.intellij.openapi.ui.messages.MessageDialog"}}
{"session":"2e7cdfefa903","build":"182.4129.34","bucket":"-1","time":1576247645812,"group":{"id":"actions","version":"2"},"event":{"count":1,"data":{},"id":"ImportSettings"}}
{"session":"2e7cdfefa903","build":"182.4129.34","bucket":"-1","time":1576247645827,"group":{"id":"ui.dialogs","version":"2"},"event":{"count":1,"data":{"type":"show"},"id":"com.intellij.openapi.fileChooser.ex.FileChooserDialogImpl"}}
{"session":"2e7cdfefa903","build":"182.4129.34","bucket":"-1","time":1576247665768,"group":{"id":"ui.dialogs","version":"2"},"event":{"count":1,"data":{"code":0,"type":"close"},"id":"com.intellij.openapi.fileChooser.ex.FileChooserDialogImpl"}}
{"session":"2e7cdfefa903","build":"182.4129.34","bucket":"-1","time":1576247665799,"group":{"id":"ui.dialogs","version":"2"},"event":{"count":1,"data":{"type":"show"},"id":"com.intellij.openapi.ui.messages.MessageDialog"}}
{"session":"2e7cdfefa903","build":"182.4129.34","bucket":"-1","time":1576247668752,"group":{"id":"ui.dialogs","version":"2"},"event":{"count":1,"data":{"code":2,"type":"close"},"id":"com.intellij.openapi.ui.messages.MessageDialog"}}
{"session":"2e7cdfefa903","build":"182.4129.34","bucket":"-1","time":1576247675502,"group":{"id":"actions","version":"2"},"event":{"count":1,"data":{},"id":"NewElement"}}
{"session":"2e7cdfefa903","build":"182.4129.34","bucket":"-1","time":1576247679721,"group":{"id":"actions","version":"2"},"event":{"count":1,"data":{},"id":"NewPythonFile"}}
{"session":"2e7cdfefa903","build":"182.4129.34","bucket":"-1","time":1576247679721,"group":{"id":"ui.dialogs","version":"2"},"event":{"count":1,"data":{"type":"show"},"id":"com.intellij.ide.actions.CreateFileFromTemplateDialog"}}
{"session":"2e7cdfefa903","build":"182.4129.34","bucket":"-1","time":1576247684236,"group":{"id":"ui.dialogs","version":"2"},"event":{"count":1,"data":{"code":0,"type":"close"},"id":"com.intellij.ide.actions.CreateFileFromTemplateDialog"}}
{"session":"2e7cdfefa903","build":"182.4129.34","bucket":"-1","time":1576247690111,"group":{"id":"actions","version":"2"},"event":{"count":1,"data":{},"id":"EditorDown"}}
{"session":"2e7cdfefa903","build":"182.4129.34","bucket":"-1","time":1576247690502,"group":{"id":"actions","version":"2"},"event":{"count":1,"data":{},"id":"EditorChooseLookupItem"}}
{"session":"2e7cdfefa903","build":"182.4129.34","bucket":"-1","time":1576247690517,"group":{"id":"completion","version":"2"},"event":{"count":1,"data":{},"id":"editing.completion.basic"}}
{"session":"2e7cdfefa903","build":"182.4129.34","bucket":"-1","time":1576247708111,"group":{"id":"actions","version":"2"},"event":{"count":2,"data":{},"id":"EditorBackSpace"}}
{"session":"2e7cdfefa903","build":"182.4129.34","bucket":"-1","time":1576247727048,"group":{"id":"actions","version":"2"},"event":{"count":4,"data":{},"id":"EditorBackSpace"}}
{"session":"2e7cdfefa903","build":"182.4129.34","bucket":"-1","time":1576247733548,"group":{"id":"actions","version":"2"},"event":{"count":1,"data":{},"id":"EditorEnter"}}
{"session":"2e7cdfefa903","build":"182.4129.34","bucket":"-1","time":1576247738219,"group":{"id":"actions","version":"2"},"event":{"count":2,"data":{},"id":"EditorBackSpace"}}
{"session":"2e7cdfefa903","build":"182.4129.34","bucket":"-1","time":1576247746094,"group":{"id":"actions","version":"2"},"event":{"count":1,"data":{},"id":"EditorRight"}}
{"session":"2e7cdfefa903","build":"182.4129.34","bucket":"-1","time":1576247748344,"group":{"id":"actions","version":"2"},"event":{"count":1,"data":{},"id":"EditorEnter"}}
{"session":"2e7cdfefa903","build":"182.4129.34","bucket":"-1","time":1576247785968,"group":{"id":"actions","version":"2"},"event":{"count":1,"data":{},"id":"EditorLeft"}}
{"session":"2e7cdfefa903","build":"182.4129.34","bucket":"-1","time":1576247787124,"group":{"id":"actions","version":"2"},"event":{"count":1,"data":{},"id":"EditorBackSpace"}}
{"session":"2e7cdfefa903","build":"182.4129.34","bucket":"-1","time":1576247798421,"group":{"id":"actions","version":"2"},"event":{"count":1,"data":{},"id":"EditorBackSpace"}}
{"session":"2e7cdfefa903","build":"182.4129.34","bucket":"-1","time":1576247810983,"group":{"id":"actions","version":"2"},"event":{"count":1,"data":{},"id":"EditorBackSpace"}}
{"session":"2e7cdfefa903","build":"182.4129.34","bucket":"-1","time":1576247828920,"group":{"id":"actions","version":"2"},"event":{"count":1,"data":{},"id":"CloseContent"}}
{"session":"2e7cdfefa903","build":"182.4129.34","bucket":"-1","time":1576247862763,"group":{"id":"actions","version":"2"},"event":{"count":1,"data":{},"id":"$Delete"}}
{"session":"2e7cdfefa903","build":"182.4129.34","bucket":"-1","time":1576247862857,"group":{"id":"ui.dialogs","version":"2"},"event":{"count":1,"data":{"type":"show"},"id":"com.intellij.ide.util.DeleteHandler$2"}}
{"session":"2e7cdfefa903","build":"182.4129.34","bucket":"-1","time":1576247867388,"group":{"id":"ui.dialogs","version":"2"},"event":{"count":1,"data":{"code":0,"type":"close"},"id":"com.intellij.ide.util.DeleteHandler$2"}}
{"session":"2e7cdfefa903","build":"182.4129.34","bucket":"-1","time":1576247867732,"group":{"id":"ui.dialogs","version":"2"},"event":{"count":1,"data":{"type":"show"},"id":"com.intellij.openapi.progress.util.ProgressDialog$MyDialogWrapper"}}
{"session":"2e7cdfefa903","build":"182.4129.34","bucket":"-1","time":1576247867779,"group":{"id":"ui.dialogs","version":"2"},"event":{"count":1,"data":{"code":0,"type":"close"},"id":"com.intellij.ide.util.DeleteHandler$2"}}
{"session":"2e7cdfefa903","build":"182.4129.34","bucket":"-1","time":1576247867841,"group":{"id":"ui.dialogs","version":"2"},"event":{"count":1,"data":{"code":1,"type":"close"},"id":"com.intellij.openapi.progress.util.ProgressDialog$MyDialogWrapper"}}
{"session":"2e7cdfefa903","build":"182.4129.34","bucket":"-1","time":1576247877044,"group":{"id":"actions","version":"2"},"event":{"count":1,"data":{},"id":"$Delete"}}
{"session":"2e7cdfefa903","build":"182.4129.34","bucket":"-1","time":1576247877060,"group":{"id":"ui.dialogs","version":"2"},"event":{"count":1,"data":{"type":"show"},"id":"com.intellij.ide.util.DeleteHandler$2"}}
{"session":"2e7cdfefa903","build":"182.4129.34","bucket":"-1","time":1576247878935,"group":{"id":"ui.dialogs","version":"2"},"event":{"count":2,"data":{"code":0,"type":"close"},"id":"com.intellij.ide.util.DeleteHandler$2"}}
{"session":"2e7cdfefa903","build":"182.4129.34","bucket":"-1","time":1576247888247,"group":{"id":"actions","version":"2"},"event":{"count":1,"data":{},"id":"RunClass"}}
{"session":"2e7cdfefa903","build":"182.4129.34","bucket":"-1","time":1576247888310,"group":{"id":"trigger","version":"2"},"event":{"count":1,"data":{},"id":"execute.PythonConfigurationType.Run"}}
{"session":"2e7cdfefa903","build":"182.4129.34","bucket":"-1","time":1576247888638,"group":{"id":"toolwindow","version":"2"},"event":{"count":1,"data":{},"id":"Run_by_Activation"}}
{"session":"2e7cdfefa903","build":"182.4129.34","bucket":"-1","time":1576247901981,"group":{"id":"actions","version":"2"},"event":{"count":1,"data":{},"id":"$Delete"}}
{"session":"2e7cdfefa903","build":"182.4129.34","bucket":"-1","time":1576247901981,"group":{"id":"ui.dialogs","version":"2"},"event":{"count":1,"data":{"type":"show"},"id":"com.intellij.ide.util.DeleteHandler$2"}}
{"session":"2e7cdfefa903","build":"182.4129.34","bucket":"-1","time":1576247904606,"group":{"id":"ui.dialogs","version":"2"},"event":{"count":2,"data":{"code":0,"type":"close"},"id":"com.intellij.ide.util.DeleteHandler$2"}}
{"session":"2e7cdfefa903","build":"182.4129.34","bucket":"-1","time":1576247909700,"group":{"id":"actions","version":"2"},"event":{"count":1,"data":{},"id":"$Delete"}}
{"session":"2e7cdfefa903","build":"182.4129.34","bucket":"-1","time":1576247909700,"group":{"id":"ui.dialogs","version":"2"},"event":{"count":1,"data":{"type":"show"},"id":"com.intellij.ide.util.DeleteHandler$2"}}
{"session":"2e7cdfefa903","build":"182.4129.34","bucket":"-1","time":1576247911746,"group":{"id":"ui.dialogs","version":"2"},"event":{"count":2,"data":{"code":0,"type":"close"},"id":"com.intellij.ide.util.DeleteHandler$2"}}
{"session":"2e7cdfefa903","build":"182.4129.34","bucket":"-1","time":1576247930605,"group":{"id":"actions","version":"2"},"event":{"count":1,"data":{},"id":"$Delete"}}
{"session":"2e7cdfefa903","build":"182.4129.34","bucket":"-1","time":1576247930605,"group":{"id":"ui.dialogs","version":"2"},"event":{"count":1,"data":{"type":"show"},"id":"com.intellij.ide.util.DeleteHandler$2"}}
{"session":"2e7cdfefa903","build":"182.4129.34","bucket":"-1","time":1576247932715,"group":{"id":"ui.dialogs","version":"2"},"event":{"count":2,"data":{"code":0,"type":"close"},"id":"com.intellij.ide.util.DeleteHandler$2"}}
{"session":"2e7cdfefa903","build":"182.4129.34","bucket":"-1","time":1576248021760,"group":{"id":"actions","version":"2"},"event":{"count":1,"data":{},"id":"$Delete"}}
{"session":"2e7cdfefa903","build":"182.4129.34","bucket":"-1","time":1576248021775,"group":{"id":"ui.dialogs","version":"2"},"event":{"count":1,"data":{"type":"show"},"id":"com.intellij.openapi.ui.messages.MessageDialog"}}
{"session":"2e7cdfefa903","build":"182.4129.34","bucket":"-1","time":1576248037978,"group":{"id":"actions","version":"2"},"event":{"count":1,"data":{},"id":"NewElement"}}
{"session":"2e7cdfefa903","build":"182.4129.34","bucket":"-1","time":1576248047212,"group":{"id":"actions","version":"2"},"event":{"count":1,"data":{},"id":"NewPythonFile"}}
{"session":"2e7cdfefa903","build":"182.4129.34","bucket":"-1","time":1576248047212,"group":{"id":"ui.dialogs","version":"2"},"event":{"count":1,"data":{"type":"show"},"id":"com.intellij.ide.actions.CreateFileFromTemplateDialog"}}
{"session":"2e7cdfefa903","build":"182.4129.34","bucket":"-1","time":1576248053118,"group":{"id":"ui.dialogs","version":"2"},"event":{"count":1,"data":{"code":0,"type":"close"},"id":"com.intellij.ide.actions.CreateFileFromTemplateDialog"}}
{"session":"2e7cdfefa903","build":"182.4129.34","bucket":"-1","time":1576248068805,"group":{"id":"actions","version":"2"},"event":{"count":1,"data":{},"id":"EditorChooseLookupItem"}}
{"session":"2e7cdfefa903","build":"182.4129.34","bucket":"-1","time":1576248068821,"group":{"id":"completion","version":"2"},"event":{"count":1,"data":{},"id":"editing.completion.basic"}}
{"session":"2e7cdfefa903","build":"182.4129.34","bucket":"-1","time":1576248073680,"group":{"id":"actions","version":"2"},"event":{"count":1,"data":{},"id":"EditorBackSpace"}}
{"session":"2e7cdfefa903","build":"182.4129.34","bucket":"-1","time":1576248085649,"group":{"id":"actions","version":"2"},"event":{"count":1,"data":{},"id":"EditorBackSpace"}}
{"session":"2e7cdfefa903","build":"182.4129.34","bucket":"-1","time":1576248100351,"group":{"id":"actions","version":"2"},"event":{"count":1,"data":{},"id":"EditorEnter"}}
{"session":"2e7cdfefa903","build":"182.4129.34","bucket":"-1","time":1576248107101,"group":{"id":"actions","version":"2"},"event":{"count":1,"data":{},"id":"EditorRight"}}
{"session":"2e7cdfefa903","build":"182.4129.34","bucket":"-1","time":1576248109820,"group":{"id":"actions","version":"2"},"event":{"count":1,"data":{},"id":"EditorEnter"}}
{"session":"2e7cdfefa903","build":"182.4129.34","bucket":"-1","time":1576248128335,"group":{"id":"actions","version":"2"},"event":{"count":1,"data":{},"id":"EditorBackSpace"}}
{"session":"2e7cdfefa903","build":"182.4129.34","bucket":"-1","time":1576248153272,"group":{"id":"actions","version":"2"},"event":{"count":1,"data":{},"id":"EditorChooseLookupItem"}}
{"session":"2e7cdfefa903","build":"182.4129.34","bucket":"-1","time":1576248153272,"group":{"id":"completion","version":"2"},"event":{"count":1,"data":{},"id":"editing.completion.basic"}}
{"session":"2e7cdfefa903","build":"182.4129.34","bucket":"-1","time":1576248158788,"group":{"id":"actions","version":"2"},"event":{"count":1,"data":{},"id":"EditorRight"}}
{"session":"2e7cdfefa903","build":"182.4129.34","bucket":"-1","time":1576248159834,"group":{"id":"actions","version":"2"},"event":{"count":1,"data":{},"id":"EditorEnter"}}
{"session":"2e7cdfefa903","build":"182.4129.34","bucket":"-1","time":1576248171725,"group":{"id":"actions","version":"2"},"event":{"count":4,"data":{},"id":"EditorBackSpace"}}
{"session":"2e7cdfefa903","build":"182.4129.34","bucket":"-1","time":1576248277691,"group":{"id":"actions","version":"2"},"event":{"count":1,"data":{},"id":"EditorRight"}}
{"session":"2e7cdfefa903","build":"182.4129.34","bucket":"-1","time":1576248280691,"group":{"id":"editing","version":"2"},"event":{"count":1,"data":{},"id":"editing.select.word"}}
{"session":"2e7cdfefa903","build":"182.4129.34","bucket":"-1","time":1576248286831,"group":{"id":"actions","version":"2"},"event":{"count":1,"data":{},"id":"EditorCopy"}}
{"session":"2e7cdfefa903","build":"182.4129.34","bucket":"-1","time":1576248290863,"group":{"id":"actions","version":"2"},"event":{"count":1,"data":{},"id":"EditorEnter"}}
{"session":"2e7cdfefa903","build":"182.4129.34","bucket":"-1","time":1576248293644,"group":{"id":"actions","version":"2"},"event":{"count":2,"data":{},"id":"EditorPaste"}}
{"session":"2e7cdfefa903","build":"182.4129.34","bucket":"-1","time":1576248301362,"group":{"id":"actions","version":"2"},"event":{"count":1,"data":{},"id":"EditorEnter"}}
{"session":"2e7cdfefa903","build":"182.4129.34","bucket":"-1","time":1576248312050,"group":{"id":"actions","version":"2"},"event":{"count":1,"data":{},"id":"EditorEnter"}}
{"session":"2e7cdfefa903","build":"182.4129.34","bucket":"-1","time":1576248314612,"group":{"id":"actions","version":"2"},"event":{"count":1,"data":{},"id":"EditorPaste"}}
{"session":"2e7cdfefa903","build":"182.4129.34","bucket":"-1","time":1576248318518,"group":{"id":"actions","version":"2"},"event":{"count":1,"data":{},"id":"EditorEnter"}}
{"session":"2e7cdfefa903","build":"182.4129.34","bucket":"-1","time":1576248329190,"group":{"id":"actions","version":"2"},"event":{"count":1,"data":{},"id":"EditorBackSpace"}}
{"session":"2e7cdfefa903","build":"182.4129.34","bucket":"-1","time":1576248332065,"group":{"id":"actions","version":"2"},"event":{"count":1,"data":{},"id":"EditorDown"}}
{"session":"2e7cdfefa903","build":"182.4129.34","bucket":"-1","time":1576248334455,"group":{"id":"actions","version":"2"},"event":{"count":1,"data":{},"id":"EditorBackSpace"}}
{"session":"2e7cdfefa903","build":"182.4129.34","bucket":"-1","time":1576248336955,"group":{"id":"actions","version":"2"},"event":{"count":1,"data":{},"id":"EditorDown"}}
{"session":"2e7cdfefa903","build":"182.4129.34","bucket":"-1","time":1576248338018,"group":{"id":"actions","version":"2"},"event":{"count":1,"data":{},"id":"EditorBackSpace"}}
{"session":"2e7cdfefa903","build":"182.4129.34","bucket":"-1","time":1576248342143,"group":{"id":"actions","version":"2"},"event":{"count":2,"data":{},"id":"EditorRight"}}
{"session":"2e7cdfefa903","build":"182.4129.34","bucket":"-1","time":1576248343408,"group":{"id":"actions","version":"2"},"event":{"count":1,"data":{},"id":"EditorEnter"}}
{"session":"2e7cdfefa903","build":"182.4129.34","bucket":"-1","time":1576248360564,"group":{"id":"actions","version":"2"},"event":{"count":1,"data":{},"id":"EditorChooseLookupItem"}}
{"session":"2e7cdfefa903","build":"182.4129.34","bucket":"-1","time":1576248360580,"group":{"id":"completion","version":"2"},"event":{"count":1,"data":{},"id":"editing.completion.basic"}}
{"session":"2e7cdfefa903","build":"182.4129.34","bucket":"-1","time":1576248389407,"group":{"id":"actions","version":"2"},"event":{"count":1,"data":{},"id":"EditorRight"}}
{"session":"2e7cdfefa903","build":"182.4129.34","bucket":"-1","time":1576248391048,"group":{"id":"actions","version":"2"},"event":{"count":1,"data":{},"id":"EditorEnter"}}
{"session":"2e7cdfefa903","build":"182.4129.34","bucket":"-1","time":1576248392063,"group":{"id":"actions","version":"2"},"event":{"count":5,"data":{},"id":"EditorLeft"}}
{"session":"2e7cdfefa903","build":"182.4129.34","bucket":"-1","time":1576248394954,"group":{"id":"actions","version":"2"},"event":{"count":1,"data":{},"id":"EditorEnter"}}
{"session":"2e7cdfefa903","build":"182.4129.34","bucket":"-1","time":1576248395751,"group":{"id":"actions","version":"2"},"event":{"count":5,"data":{},"id":"EditorLeft"}}
{"session":"2e7cdfefa903","build":"182.4129.34","bucket":"-1","time":1576248398579,"group":{"id":"actions","version":"2"},"event":{"count":1,"data":{},"id":"EditorEnter"}}
{"session":"2e7cdfefa903","build":"182.4129.34","bucket":"-1","time":1576248399001,"group":{"id":"actions","version":"2"},"event":{"count":4,"data":{},"id":"EditorLeft"}}
{"session":"2e7cdfefa903","build":"182.4129.34","bucket":"-1","time":1576248406500,"group":{"id":"actions","version":"2"},"event":{"count":1,"data":{},"id":"EditorUp"}}
{"session":"2e7cdfefa903","build":"182.4129.34","bucket":"-1","time":1576248407657,"group":{"id":"actions","version":"2"},"event":{"count":1,"data":{},"id":"EditorChooseLookupItem"}}
{"session":"2e7cdfefa903","build":"182.4129.34","bucket":"-1","time":1576248407657,"group":{"id":"completion","version":"2"},"event":{"count":1,"data":{},"id":"editing.completion.basic"}}
{"session":"2e7cdfefa903","build":"182.4129.34","bucket":"-1","time":1576248415735,"group":{"id":"actions","version":"2"},"event":{"count":1,"data":{},"id":"Run"}}
{"session":"2e7cdfefa903","build":"182.4129.34","bucket":"-1","time":1576248415797,"group":{"id":"trigger","version":"2"},"event":{"count":1,"data":{},"id":"execute.PythonConfigurationType.Run"}}
{"session":"2e7cdfefa903","build":"182.4129.34","bucket":"-1","time":1576248415969,"group":{"id":"toolwindow","version":"2"},"event":{"count":1,"data":{},"id":"Run_by_Activation"}}
{"session":"2e7cdfefa903","build":"182.4129.34","bucket":"-1","time":1576248472060,"group":{"id":"actions","version":"2"},"event":{"count":1,"data":{},"id":"$Delete"}}
{"session":"2e7cdfefa903","build":"182.4129.34","bucket":"-1","time":1576248472060,"group":{"id":"ui.dialogs","version":"2"},"event":{"count":1,"data":{"type":"show"},"id":"com.intellij.ide.util.DeleteHandler$2"}}
