{"session":"cd965010fd23","build":"182.4129.34","bucket":"-1","time":1577440712683,"group":{"id":"ui.dialogs","version":"2"},"event":{"count":1,"data":{"type":"show"},"id":"com.intellij.openapi.progress.util.ProgressDialog$MyDialogWrapper"}}
{"session":"cd965010fd23","build":"182.4129.34","bucket":"-1","time":1577440713329,"group":{"id":"lifecycle","version":"2"},"event":{"count":1,"data":{"durationSeconds":14},"id":"ide.freeze"}}
{"session":"cd965010fd23","build":"182.4129.34","bucket":"-1","time":1577440727288,"group":{"id":"ui.dialogs","version":"2"},"event":{"count":1,"data":{"code":1,"type":"close"},"id":"com.intellij.openapi.progress.util.ProgressDialog$MyDialogWrapper"}}
{"session":"cd965010fd23","build":"182.4129.34","bucket":"-1","time":1577440727444,"group":{"id":"lifecycle","version":"2"},"event":{"count":1,"data":{},"id":"project.opened"}}
{"session":"cd965010fd23","build":"182.4129.34","bucket":"-1","time":1577440731662,"group":{"id":"ui.dialogs","version":"2"},"event":{"count":1,"data":{"type":"show"},"id":"com.intellij.openapi.progress.util.ProgressDialog$MyDialogWrapper"}}
{"session":"cd965010fd23","build":"182.4129.34","bucket":"-1","time":1577440743522,"group":{"id":"lifecycle","version":"2"},"event":{"count":1,"data":{},"id":"ideaapp.started"}}
{"session":"cd965010fd23","build":"182.4129.34","bucket":"-1","time":1577440743537,"group":{"id":"lifecycle","version":"2"},"event":{"count":1,"data":{},"id":"app.started"}}
{"session":"cd965010fd23","build":"182.4129.34","bucket":"-1","time":1577440744951,"group":{"id":"lifecycle","version":"2"},"event":{"count":1,"data":{"durationSeconds":7},"id":"ide.freeze"}}
{"session":"cd965010fd23","build":"182.4129.34","bucket":"-1","time":1577440746987,"group":{"id":"ui.dialogs","version":"2"},"event":{"count":1,"data":{"code":1,"type":"close"},"id":"com.intellij.openapi.progress.util.ProgressDialog$MyDialogWrapper"}}
{"session":"cd965010fd23","build":"182.4129.34","bucket":"-1","time":1577440747340,"group":{"id":"system.os.name","version":"2"},"event":{"data":{},"id":"Windows"}}
{"session":"cd965010fd23","build":"182.4129.34","bucket":"-1","time":1577440747350,"group":{"id":"system.os.version","version":"2"},"event":{"data":{},"id":"10.0"}}
{"session":"cd965010fd23","build":"182.4129.34","bucket":"-1","time":1577440747420,"group":{"id":"system.jvm.vendor","version":"2"},"event":{"data":{},"id":"JetBrains_s.r.o"}}
{"session":"cd965010fd23","build":"182.4129.34","bucket":"-1","time":1577440747420,"group":{"id":"system.jvm.version","version":"2"},"event":{"data":{},"id":"1.8"}}
{"session":"cd965010fd23","build":"182.4129.34","bucket":"-1","time":1577440749473,"group":{"id":"lifecycle","version":"2"},"event":{"count":1,"data":{"time.ms":38703},"id":"project.opening.finished"}}
{"session":"cd965010fd23","build":"182.4129.34","bucket":"-1","time":1577440759389,"group":{"id":"actions","version":"2"},"event":{"count":1,"data":{},"id":"RunClass"}}
{"session":"cd965010fd23","build":"182.4129.34","bucket":"-1","time":1577440759608,"group":{"id":"trigger","version":"2"},"event":{"count":1,"data":{},"id":"execute.PythonConfigurationType.Run"}}
{"session":"cd965010fd23","build":"182.4129.34","bucket":"-1","time":1577440759921,"group":{"id":"trigger","version":"2"},"event":{"count":1,"data":{},"id":"python.console.local"}}
{"session":"cd965010fd23","build":"182.4129.34","bucket":"-1","time":1577440769408,"group":{"id":"actions","version":"2"},"event":{"count":1,"data":{},"id":"RunClass"}}
{"session":"cd965010fd23","build":"182.4129.34","bucket":"-1","time":1577440769471,"group":{"id":"trigger","version":"2"},"event":{"count":1,"data":{},"id":"execute.PythonConfigurationType.Run"}}
{"session":"cd965010fd23","build":"182.4129.34","bucket":"-1","time":1577440769486,"group":{"id":"trigger","version":"2"},"event":{"count":1,"data":{},"id":"python.console.local"}}
{"session":"cd965010fd23","build":"182.4129.34","bucket":"-1","time":1577440785252,"group":{"id":"toolwindow","version":"2"},"event":{"count":1,"data":{},"id":"Python_Console_by_Activation"}}
{"session":"cd965010fd23","build":"182.4129.34","bucket":"-1","time":1577440791845,"group":{"id":"toolwindow","version":"2"},"event":{"count":1,"data":{},"id":"TODO_by_Activation"}}
{"session":"cd965010fd23","build":"182.4129.34","bucket":"-1","time":1577440813659,"group":{"id":"actions","version":"2"},"event":{"count":1,"data":{},"id":"editRunConfigurations"}}
{"session":"cd965010fd23","build":"182.4129.34","bucket":"-1","time":1577440813878,"group":{"id":"ui.dialogs","version":"2"},"event":{"count":1,"data":{"type":"show"},"id":"com.intellij.execution.impl.EditConfigurationsDialog"}}
{"session":"cd965010fd23","build":"182.4129.34","bucket":"-1","time":1577440824456,"group":{"id":"ui.dialogs","version":"2"},"event":{"count":1,"data":{"type":"show"},"id":"com.intellij.openapi.fileChooser.ex.FileChooserDialogImpl"}}
{"session":"cd965010fd23","build":"182.4129.34","bucket":"-1","time":1577440833006,"group":{"id":"ui.dialogs","version":"2"},"event":{"count":1,"data":{"code":1,"type":"close"},"id":"com.intellij.openapi.fileChooser.ex.FileChooserDialogImpl"}}
{"session":"cd965010fd23","build":"182.4129.34","bucket":"-1","time":1577440836209,"group":{"id":"ui.dialogs","version":"2"},"event":{"count":1,"data":{"code":1,"type":"close"},"id":"com.intellij.execution.impl.EditConfigurationsDialog"}}
{"session":"cd965010fd23","build":"182.4129.34","bucket":"-1","time":1577440841849,"group":{"id":"actions","version":"2"},"event":{"count":1,"data":{},"id":"RunClass"}}
{"session":"cd965010fd23","build":"182.4129.34","bucket":"-1","time":1577440841927,"group":{"id":"trigger","version":"2"},"event":{"count":1,"data":{},"id":"execute.PythonConfigurationType.Run"}}
{"session":"cd965010fd23","build":"182.4129.34","bucket":"-1","time":1577440842240,"group":{"id":"toolwindow","version":"2"},"event":{"count":1,"data":{},"id":"Run_by_Activation"}}
{"session":"cd965010fd23","build":"182.4129.34","bucket":"-1","time":1577440870848,"group":{"id":"actions","version":"2"},"event":{"count":1,"data":{},"id":"EditorCopy"}}
{"session":"cd965010fd23","build":"182.4129.34","bucket":"-1","time":1577440881656,"group":{"id":"actions","version":"2"},"event":{"count":1,"data":{},"id":"editRunConfigurations"}}
{"session":"cd965010fd23","build":"182.4129.34","bucket":"-1","time":1577440881672,"group":{"id":"ui.dialogs","version":"2"},"event":{"count":1,"data":{"type":"show"},"id":"com.intellij.execution.impl.EditConfigurationsDialog"}}
{"session":"cd965010fd23","build":"182.4129.34","bucket":"-1","time":1577440885765,"group":{"id":"ui.dialogs","version":"2"},"event":{"count":1,"data":{"type":"show"},"id":"com.intellij.openapi.fileChooser.ex.FileChooserDialogImpl"}}
{"session":"cd965010fd23","build":"182.4129.34","bucket":"-1","time":1577440887849,"group":{"id":"actions","version":"2"},"event":{"count":1,"data":{},"id":"EditorPaste"}}
{"session":"cd965010fd23","build":"182.4129.34","bucket":"-1","time":1577440921106,"group":{"id":"ui.dialogs","version":"2"},"event":{"count":1,"data":{"code":0,"type":"close"},"id":"com.intellij.openapi.fileChooser.ex.FileChooserDialogImpl"}}
{"session":"cd965010fd23","build":"182.4129.34","bucket":"-1","time":1577440932903,"group":{"id":"ui.dialogs","version":"2"},"event":{"count":1,"data":{"code":0,"type":"close"},"id":"com.intellij.execution.impl.EditConfigurationsDialog"}}
{"session":"cd965010fd23","build":"182.4129.34","bucket":"-1","time":1577440940278,"group":{"id":"actions","version":"2"},"event":{"count":1,"data":{},"id":"RunClass"}}
{"session":"cd965010fd23","build":"182.4129.34","bucket":"-1","time":1577440940340,"group":{"id":"trigger","version":"2"},"event":{"count":1,"data":{},"id":"execute.PythonConfigurationType.Run"}}
{"session":"cd965010fd23","build":"182.4129.34","bucket":"-1","time":1577440940371,"group":{"id":"trigger","version":"2"},"event":{"count":1,"data":{},"id":"python.console.local"}}
{"session":"cd965010fd23","build":"182.4129.34","bucket":"-1","time":1577440992558,"group":{"id":"actions","version":"2"},"event":{"count":1,"data":{},"id":"PyRunFileInConsole"}}
{"session":"cd965010fd23","build":"182.4129.34","bucket":"-1","time":1577440992636,"group":{"id":"trigger","version":"2"},"event":{"count":1,"data":{},"id":"execute.PythonConfigurationType.Run"}}
{"session":"cd965010fd23","build":"182.4129.34","bucket":"-1","time":1577440992667,"group":{"id":"trigger","version":"2"},"event":{"count":1,"data":{},"id":"python.console.local"}}
{"session":"cd965010fd23","build":"182.4129.34","bucket":"-1","time":1577441133539,"group":{"id":"actions","version":"2"},"event":{"count":1,"data":{},"id":"GotoBookmark3"}}
{"session":"cd965010fd23","build":"182.4129.34","bucket":"-1","time":1577441142273,"group":{"id":"actions","version":"2"},"event":{"count":1,"data":{},"id":"EditorBackSpace"}}
{"session":"cd965010fd23","build":"182.4129.34","bucket":"-1","time":1577441145992,"group":{"id":"actions","version":"2"},"event":{"count":1,"data":{},"id":"EditorEnter"}}
{"session":"cd965010fd23","build":"182.4129.34","bucket":"-1","time":1577441159257,"group":{"id":"editing","version":"2"},"event":{"count":1,"data":{},"id":"editing.select.word"}}
{"session":"cd965010fd23","build":"182.4129.34","bucket":"-1","time":1577441167757,"group":{"id":"actions","version":"2"},"event":{"count":1,"data":{},"id":"EditorCopy"}}
{"session":"cd965010fd23","build":"182.4129.34","bucket":"-1","time":1577441169554,"group":{"id":"editing","version":"2"},"event":{"count":1,"data":{},"id":"editing.select.word"}}
{"session":"cd965010fd23","build":"182.4129.34","bucket":"-1","time":1577441172257,"group":{"id":"actions","version":"2"},"event":{"count":1,"data":{},"id":"EditorPaste"}}
{"session":"cd965010fd23","build":"182.4129.34","bucket":"-1","time":1577441182179,"group":{"id":"editing","version":"2"},"event":{"count":2,"data":{},"id":"editing.select.word"}}
{"session":"cd965010fd23","build":"182.4129.34","bucket":"-1","time":1577441206975,"group":{"id":"actions","version":"2"},"event":{"count":1,"data":{},"id":"EditorBackSpace"}}
{"session":"cd965010fd23","build":"182.4129.34","bucket":"-1","time":1577441211491,"group":{"id":"editing","version":"2"},"event":{"count":1,"data":{},"id":"editing.select.word"}}
{"session":"cd965010fd23","build":"182.4129.34","bucket":"-1","time":1577441215272,"group":{"id":"actions","version":"2"},"event":{"count":1,"data":{},"id":"EditorBackSpace"}}
{"session":"cd965010fd23","build":"182.4129.34","bucket":"-1","time":1577441225209,"group":{"id":"editing","version":"2"},"event":{"count":1,"data":{},"id":"editing.select.word"}}
{"session":"cd965010fd23","build":"182.4129.34","bucket":"-1","time":1577441228287,"group":{"id":"actions","version":"2"},"event":{"count":1,"data":{},"id":"EditorChooseLookupItem"}}
{"session":"cd965010fd23","build":"182.4129.34","bucket":"-1","time":1577441228318,"group":{"id":"completion","version":"2"},"event":{"count":1,"data":{},"id":"editing.completion.basic"}}
{"session":"cd965010fd23","build":"182.4129.34","bucket":"-1","time":1577441267083,"group":{"id":"actions","version":"2"},"event":{"count":24,"data":{},"id":"EditorBackSpace"}}
{"session":"cd965010fd23","build":"182.4129.34","bucket":"-1","time":1577441278395,"group":{"id":"actions","version":"2"},"event":{"count":1,"data":{},"id":"EditorEnter"}}
{"session":"cd965010fd23","build":"182.4129.34","bucket":"-1","time":1577441283442,"group":{"id":"editing","version":"2"},"event":{"count":2,"data":{},"id":"editing.select.word"}}
{"session":"cd965010fd23","build":"182.4129.34","bucket":"-1","time":1577441364675,"group":{"id":"actions","version":"2"},"event":{"count":1,"data":{},"id":"EditorEnter"}}
{"session":"cd965010fd23","build":"182.4129.34","bucket":"-1","time":1577441377987,"group":{"id":"actions","version":"2"},"event":{"count":1,"data":{},"id":"EditorChooseLookupItem"}}
{"session":"cd965010fd23","build":"182.4129.34","bucket":"-1","time":1577441378003,"group":{"id":"completion","version":"2"},"event":{"count":1,"data":{},"id":"editing.completion.basic"}}
{"session":"cd965010fd23","build":"182.4129.34","bucket":"-1","time":1577441390909,"group":{"id":"actions","version":"2"},"event":{"count":1,"data":{},"id":"EditorChooseLookupItem"}}
{"session":"cd965010fd23","build":"182.4129.34","bucket":"-1","time":1577441390940,"group":{"id":"completion","version":"2"},"event":{"count":1,"data":{},"id":"editing.completion.basic"}}
{"session":"cd965010fd23","build":"182.4129.34","bucket":"-1","time":1577441395971,"group":{"id":"actions","version":"2"},"event":{"count":1,"data":{},"id":"EditorChooseLookupItem"}}
{"session":"cd965010fd23","build":"182.4129.34","bucket":"-1","time":1577441395987,"group":{"id":"completion","version":"2"},"event":{"count":1,"data":{},"id":"editing.completion.basic"}}
{"session":"cd965010fd23","build":"182.4129.34","bucket":"-1","time":1577441397143,"group":{"id":"actions","version":"2"},"event":{"count":1,"data":{},"id":"EditorRight"}}
{"session":"cd965010fd23","build":"182.4129.34","bucket":"-1","time":1577441415689,"group":{"id":"actions","version":"2"},"event":{"count":1,"data":{},"id":"EditorEnter"}}
{"session":"cd965010fd23","build":"182.4129.34","bucket":"-1","time":1577441444236,"group":{"id":"actions","version":"2"},"event":{"count":9,"data":{},"id":"EditorBackSpace"}}
{"session":"cd965010fd23","build":"182.4129.34","bucket":"-1","time":1577441454298,"group":{"id":"actions","version":"2"},"event":{"count":1,"data":{},"id":"EditorEnter"}}
{"session":"cd965010fd23","build":"182.4129.34","bucket":"-1","time":1577441466970,"group":{"id":"actions","version":"2"},"event":{"count":1,"data":{},"id":"EditorBackSpace"}}
{"session":"cd965010fd23","build":"182.4129.34","bucket":"-1","time":1577441477454,"group":{"id":"actions","version":"2"},"event":{"count":1,"data":{},"id":"EditorEnter"}}
{"session":"cd965010fd23","build":"182.4129.34","bucket":"-1","time":1577441488704,"group":{"id":"actions","version":"2"},"event":{"count":7,"data":{},"id":"EditorBackSpace"}}
{"session":"cd965010fd23","build":"182.4129.34","bucket":"-1","time":1577441500141,"group":{"id":"actions","version":"2"},"event":{"count":1,"data":{},"id":"EditorChooseLookupItem"}}
{"session":"cd965010fd23","build":"182.4129.34","bucket":"-1","time":1577441500156,"group":{"id":"completion","version":"2"},"event":{"count":1,"data":{},"id":"editing.completion.basic"}}
{"session":"cd965010fd23","build":"182.4129.34","bucket":"-1","time":1577441573420,"group":{"id":"actions","version":"2"},"event":{"count":1,"data":{},"id":"EditorEnter"}}
{"session":"cd965010fd23","build":"182.4129.34","bucket":"-1","time":1577441579748,"group":{"id":"actions","version":"2"},"event":{"count":3,"data":{},"id":"EditorBackSpace"}}
{"session":"cd965010fd23","build":"182.4129.34","bucket":"-1","time":1577441582545,"group":{"id":"actions","version":"2"},"event":{"count":1,"data":{},"id":"EditorChooseLookupItem"}}
{"session":"cd965010fd23","build":"182.4129.34","bucket":"-1","time":1577441582576,"group":{"id":"completion","version":"2"},"event":{"count":1,"data":{},"id":"editing.completion.basic"}}
{"session":"cd965010fd23","build":"182.4129.34","bucket":"-1","time":1577441585826,"group":{"id":"actions","version":"2"},"event":{"count":1,"data":{},"id":"EditorChooseLookupItem"}}
{"session":"cd965010fd23","build":"182.4129.34","bucket":"-1","time":1577441585858,"group":{"id":"completion","version":"2"},"event":{"count":1,"data":{},"id":"editing.completion.basic"}}
{"session":"cd965010fd23","build":"182.4129.34","bucket":"-1","time":1577441692449,"group":{"id":"actions","version":"2"},"event":{"count":7,"data":{},"id":"EditorBackSpace"}}
{"session":"cd965010fd23","build":"182.4129.34","bucket":"-1","time":1577441698074,"group":{"id":"actions","version":"2"},"event":{"count":1,"data":{},"id":"EditorEnter"}}
{"session":"cd965010fd23","build":"182.4129.34","bucket":"-1","time":1577441716230,"group":{"id":"actions","version":"2"},"event":{"count":1,"data":{},"id":"EditorBackSpace"}}
{"session":"cd965010fd23","build":"182.4129.34","bucket":"-1","time":1577441723449,"group":{"id":"actions","version":"2"},"event":{"count":1,"data":{},"id":"EditorChooseLookupItem"}}
{"session":"cd965010fd23","build":"182.4129.34","bucket":"-1","time":1577441723464,"group":{"id":"completion","version":"2"},"event":{"count":1,"data":{},"id":"editing.completion.basic"}}
{"session":"cd965010fd23","build":"182.4129.34","bucket":"-1","time":1577441730402,"group":{"id":"actions","version":"2"},"event":{"count":1,"data":{},"id":"EditorChooseLookupItem"}}
{"session":"cd965010fd23","build":"182.4129.34","bucket":"-1","time":1577441730417,"group":{"id":"completion","version":"2"},"event":{"count":1,"data":{},"id":"editing.completion.basic"}}
{"session":"cd965010fd23","build":"182.4129.34","bucket":"-1","time":1577441734683,"group":{"id":"actions","version":"2"},"event":{"count":1,"data":{},"id":"EditorRight"}}
{"session":"cd965010fd23","build":"182.4129.34","bucket":"-1","time":1577441754151,"group":{"id":"actions","version":"2"},"event":{"count":1,"data":{},"id":"EditorLeft"}}
{"session":"cd965010fd23","build":"182.4129.34","bucket":"-1","time":1577441765541,"group":{"id":"actions","version":"2"},"event":{"count":1,"data":{},"id":"EditorRight"}}
{"session":"cd965010fd23","build":"182.4129.34","bucket":"-1","time":1577441765994,"group":{"id":"actions","version":"2"},"event":{"count":1,"data":{},"id":"EditorEnter"}}
{"session":"cd965010fd23","build":"182.4129.34","bucket":"-1","time":1577441770932,"group":{"id":"actions","version":"2"},"event":{"count":1,"data":{},"id":"EditorBackSpace"}}
{"session":"cd965010fd23","build":"182.4129.34","bucket":"-1","time":1577441775869,"group":{"id":"actions","version":"2"},"event":{"count":1,"data":{},"id":"EditorChooseLookupItem"}}
{"session":"cd965010fd23","build":"182.4129.34","bucket":"-1","time":1577441775885,"group":{"id":"completion","version":"2"},"event":{"count":1,"data":{},"id":"editing.completion.basic"}}
{"session":"cd965010fd23","build":"182.4129.34","bucket":"-1","time":1577441779729,"group":{"id":"actions","version":"2"},"event":{"count":1,"data":{},"id":"EditorChooseLookupItem"}}
{"session":"cd965010fd23","build":"182.4129.34","bucket":"-1","time":1577441779744,"group":{"id":"completion","version":"2"},"event":{"count":1,"data":{},"id":"editing.completion.basic"}}
{"session":"cd965010fd23","build":"182.4129.34","bucket":"-1","time":1577441818697,"group":{"id":"actions","version":"2"},"event":{"count":1,"data":{},"id":"EditorEnter"}}
{"session":"cd965010fd23","build":"182.4129.34","bucket":"-1","time":1577441821728,"group":{"id":"actions","version":"2"},"event":{"count":1,"data":{},"id":"EditorChooseLookupItem"}}
{"session":"cd965010fd23","build":"182.4129.34","bucket":"-1","time":1577441821743,"group":{"id":"completion","version":"2"},"event":{"count":1,"data":{},"id":"editing.completion.basic"}}
{"session":"cd965010fd23","build":"182.4129.34","bucket":"-1","time":1577441828212,"group":{"id":"actions","version":"2"},"event":{"count":1,"data":{},"id":"EditorChooseLookupItem"}}
{"session":"cd965010fd23","build":"182.4129.34","bucket":"-1","time":1577441828228,"group":{"id":"completion","version":"2"},"event":{"count":1,"data":{},"id":"editing.completion.basic"}}
{"session":"cd965010fd23","build":"182.4129.34","bucket":"-1","time":1577441836712,"group":{"id":"actions","version":"2"},"event":{"count":1,"data":{},"id":"EditorRight"}}
{"session":"cd965010fd23","build":"182.4129.34","bucket":"-1","time":1577441838056,"group":{"id":"actions","version":"2"},"event":{"count":2,"data":{},"id":"EditorEnter"}}
{"session":"cd965010fd23","build":"182.4129.34","bucket":"-1","time":1577443199481,"group":{"id":"actions","version":"2"},"event":{"count":1,"data":{},"id":"ShowSettings"}}
{"session":"cd965010fd23","build":"182.4129.34","bucket":"-1","time":1577443202262,"group":{"id":"ui.dialogs","version":"2"},"event":{"count":1,"data":{"type":"show"},"id":"com.intellij.openapi.options.newEditor.SettingsDialog"}}
{"session":"cd965010fd23","build":"182.4129.34","bucket":"-1","time":1577443202590,"group":{"id":"ui.settings","version":"2"},"event":{"count":1,"data":{"type":"select"},"id":"ide.settings.Project__Ascad"}}
{"session":"cd965010fd23","build":"182.4129.34","bucket":"-1","time":1577443210059,"group":{"id":"ui.settings","version":"2"},"event":{"count":1,"data":{"type":"select"},"id":"ide.settings.Project_Interpreter"}}
{"session":"cd965010fd23","build":"182.4129.34","bucket":"-1","time":1577443352525,"group":{"id":"ui.dialogs","version":"2"},"event":{"count":1,"data":{"code":1,"type":"close"},"id":"com.intellij.openapi.options.newEditor.SettingsDialog"}}
{"session":"cd965010fd23","build":"182.4129.34","bucket":"-1","time":1577443356786,"group":{"id":"actions","version":"2"},"event":{"count":1,"data":{},"id":"editRunConfigurations"}}
{"session":"cd965010fd23","build":"182.4129.34","bucket":"-1","time":1577443356802,"group":{"id":"ui.dialogs","version":"2"},"event":{"count":1,"data":{"type":"show"},"id":"com.intellij.execution.impl.EditConfigurationsDialog"}}
{"session":"cd965010fd23","build":"182.4129.34","bucket":"-1","time":1577443362489,"group":{"id":"ui.dialogs","version":"2"},"event":{"count":1,"data":{"type":"show"},"id":"com.intellij.openapi.fileChooser.ex.FileChooserDialogImpl"}}
{"session":"cd965010fd23","build":"182.4129.34","bucket":"-1","time":1577443365896,"group":{"id":"actions","version":"2"},"event":{"count":1,"data":{},"id":"EditorPaste"}}
{"session":"cd965010fd23","build":"182.4129.34","bucket":"-1","time":1577443371334,"group":{"id":"ui.dialogs","version":"2"},"event":{"count":1,"data":{"code":1,"type":"close"},"id":"com.intellij.openapi.fileChooser.ex.FileChooserDialogImpl"}}
{"session":"cd965010fd23","build":"182.4129.34","bucket":"-1","time":1577443373849,"group":{"id":"ui.dialogs","version":"2"},"event":{"count":1,"data":{"code":1,"type":"close"},"id":"com.intellij.execution.impl.EditConfigurationsDialog"}}
{"session":"cd965010fd23","build":"182.4129.34","bucket":"-1","time":1577443379412,"group":{"id":"actions","version":"2"},"event":{"count":1,"data":{},"id":"RunClass"}}
{"session":"cd965010fd23","build":"182.4129.34","bucket":"-1","time":1577443379474,"group":{"id":"trigger","version":"2"},"event":{"count":1,"data":{},"id":"execute.PythonConfigurationType.Run"}}
{"session":"cd965010fd23","build":"182.4129.34","bucket":"-1","time":1577443379505,"group":{"id":"trigger","version":"2"},"event":{"count":1,"data":{},"id":"python.console.local"}}
{"session":"cd965010fd23","build":"182.4129.34","bucket":"-1","time":1577443410036,"group":{"id":"toolwindow","version":"2"},"event":{"count":1,"data":{},"id":"Python_Console_by_Activation"}}
{"session":"cd965010fd23","build":"182.4129.34","bucket":"-1","time":1577443445832,"group":{"id":"actions","version":"2"},"event":{"count":1,"data":{},"id":"EditorCopy"}}
{"session":"cd965010fd23","build":"182.4129.34","bucket":"-1","time":1577443462095,"group":{"id":"actions","version":"2"},"event":{"count":1,"data":{},"id":"editRunConfigurations"}}
{"session":"cd965010fd23","build":"182.4129.34","bucket":"-1","time":1577443462110,"group":{"id":"ui.dialogs","version":"2"},"event":{"count":1,"data":{"type":"show"},"id":"com.intellij.execution.impl.EditConfigurationsDialog"}}
{"session":"cd965010fd23","build":"182.4129.34","bucket":"-1","time":1577443470642,"group":{"id":"ui.dialogs","version":"2"},"event":{"count":1,"data":{"type":"show"},"id":"com.intellij.openapi.fileChooser.ex.FileChooserDialogImpl"}}
{"session":"cd965010fd23","build":"182.4129.34","bucket":"-1","time":1577443473805,"group":{"id":"actions","version":"2"},"event":{"count":1,"data":{},"id":"EditorPaste"}}
{"session":"cd965010fd23","build":"182.4129.34","bucket":"-1","time":1577443482089,"group":{"id":"ui.dialogs","version":"2"},"event":{"count":1,"data":{"code":0,"type":"close"},"id":"com.intellij.openapi.fileChooser.ex.FileChooserDialogImpl"}}
{"session":"cd965010fd23","build":"182.4129.34","bucket":"-1","time":1577443503745,"group":{"id":"ui.dialogs","version":"2"},"event":{"count":1,"data":{"type":"show"},"id":"com.intellij.openapi.fileChooser.ex.FileChooserDialogImpl"}}
{"session":"cd965010fd23","build":"182.4129.34","bucket":"-1","time":1577443507551,"group":{"id":"ui.dialogs","version":"2"},"event":{"count":1,"data":{"code":0,"type":"close"},"id":"com.intellij.openapi.fileChooser.ex.FileChooserDialogImpl"}}
{"session":"cd965010fd23","build":"182.4129.34","bucket":"-1","time":1577443546910,"group":{"id":"ui.dialogs","version":"2"},"event":{"count":1,"data":{"code":0,"type":"close"},"id":"com.intellij.execution.impl.EditConfigurationsDialog"}}
{"session":"cd965010fd23","build":"182.4129.34","bucket":"-1","time":1577443551113,"group":{"id":"actions","version":"2"},"event":{"count":1,"data":{},"id":"RunClass"}}
{"session":"cd965010fd23","build":"182.4129.34","bucket":"-1","time":1577443551175,"group":{"id":"trigger","version":"2"},"event":{"count":1,"data":{},"id":"execute.PythonConfigurationType.Run"}}
{"session":"cd965010fd23","build":"182.4129.34","bucket":"-1","time":1577443551222,"group":{"id":"toolwindow","version":"2"},"event":{"count":1,"data":{},"id":"Run_by_Activation"}}
{"session":"cd965010fd23","build":"182.4129.34","bucket":"-1","time":1577443592768,"group":{"id":"actions","version":"2"},"event":{"count":1,"data":{},"id":"RunClass"}}
{"session":"cd965010fd23","build":"182.4129.34","bucket":"-1","time":1577443592846,"group":{"id":"trigger","version":"2"},"event":{"count":1,"data":{},"id":"execute.PythonConfigurationType.Run"}}
{"session":"cd965010fd23","build":"182.4129.34","bucket":"-1","time":1577443592893,"group":{"id":"toolwindow","version":"2"},"event":{"count":1,"data":{},"id":"Run_by_Activation"}}
{"session":"cd965010fd23","build":"182.4129.34","bucket":"-1","time":1577443602680,"group":{"id":"actions","version":"2"},"event":{"count":1,"data":{},"id":"editRunConfigurations"}}
{"session":"cd965010fd23","build":"182.4129.34","bucket":"-1","time":1577443602696,"group":{"id":"ui.dialogs","version":"2"},"event":{"count":1,"data":{"type":"show"},"id":"com.intellij.execution.impl.EditConfigurationsDialog"}}
{"session":"cd965010fd23","build":"182.4129.34","bucket":"-1","time":1577443608055,"group":{"id":"ui.dialogs","version":"2"},"event":{"count":1,"data":{"type":"show"},"id":"com.intellij.openapi.fileChooser.ex.FileChooserDialogImpl"}}
{"session":"cd965010fd23","build":"182.4129.34","bucket":"-1","time":1577443611023,"group":{"id":"actions","version":"2"},"event":{"count":1,"data":{},"id":"EditorPaste"}}
{"session":"cd965010fd23","build":"182.4129.34","bucket":"-1","time":1577443614090,"group":{"id":"ui.dialogs","version":"2"},"event":{"count":1,"data":{"code":0,"type":"close"},"id":"com.intellij.openapi.fileChooser.ex.FileChooserDialogImpl"}}
{"session":"cd965010fd23","build":"182.4129.34","bucket":"-1","time":1577443625574,"group":{"id":"ui.dialogs","version":"2"},"event":{"count":1,"data":{"type":"show"},"id":"com.intellij.openapi.fileChooser.ex.FileChooserDialogImpl"}}
{"session":"cd965010fd23","build":"182.4129.34","bucket":"-1","time":1577443629908,"group":{"id":"ui.dialogs","version":"2"},"event":{"count":1,"data":{"code":0,"type":"close"},"id":"com.intellij.openapi.fileChooser.ex.FileChooserDialogImpl"}}
{"session":"cd965010fd23","build":"182.4129.34","bucket":"-1","time":1577443636033,"group":{"id":"ui.dialogs","version":"2"},"event":{"count":1,"data":{"code":0,"type":"close"},"id":"com.intellij.execution.impl.EditConfigurationsDialog"}}
{"session":"cd965010fd23","build":"182.4129.34","bucket":"-1","time":1577443639080,"group":{"id":"actions","version":"2"},"event":{"count":1,"data":{},"id":"RunClass"}}
{"session":"cd965010fd23","build":"182.4129.34","bucket":"-1","time":1577443639158,"group":{"id":"trigger","version":"2"},"event":{"count":1,"data":{},"id":"execute.PythonConfigurationType.Run"}}
{"session":"cd965010fd23","build":"182.4129.34","bucket":"-1","time":1577443639205,"group":{"id":"toolwindow","version":"2"},"event":{"count":1,"data":{},"id":"Run_by_Activation"}}
{"session":"cd965010fd23","build":"182.4129.34","bucket":"-1","time":1577443725109,"group":{"id":"actions","version":"2"},"event":{"count":1,"data":{},"id":"ShowSettings"}}
{"session":"cd965010fd23","build":"182.4129.34","bucket":"-1","time":1577443725203,"group":{"id":"ui.dialogs","version":"2"},"event":{"count":1,"data":{"type":"show"},"id":"com.intellij.openapi.options.newEditor.SettingsDialog"}}
{"session":"cd965010fd23","build":"182.4129.34","bucket":"-1","time":1577443725484,"group":{"id":"ui.settings","version":"2"},"event":{"count":1,"data":{"type":"select"},"id":"ide.settings.Project_Interpreter"}}
{"session":"cd965010fd23","build":"182.4129.34","bucket":"-1","time":1577443730391,"group":{"id":"ui.dialogs","version":"2"},"event":{"count":1,"data":{"type":"show"},"id":"com.intellij.webcore.packaging.ManagePackagesDialog"}}
{"session":"cd965010fd23","build":"182.4129.34","bucket":"-1","time":1577443730531,"group":{"id":"ui.dialogs","version":"2"},"event":{"count":1,"data":{"type":"show"},"id":"com.intellij.openapi.ui.messages.MessageDialog"}}
{"session":"cd965010fd23","build":"182.4129.34","bucket":"-1","time":1577443743828,"group":{"id":"ui.dialogs","version":"2"},"event":{"count":1,"data":{"type":"show"},"id":"com.intellij.webcore.packaging.ManageRepoDialog"}}
{"session":"cd965010fd23","build":"182.4129.34","bucket":"-1","time":1577443750031,"group":{"id":"ui.dialogs","version":"2"},"event":{"count":1,"data":{"type":"show"},"id":"com.intellij.openapi.ui.Messages$InputDialog"}}
{"session":"cd965010fd23","build":"182.4129.34","bucket":"-1","time":1577443755812,"group":{"id":"actions","version":"2"},"event":{"count":1,"data":{},"id":"EditorPaste"}}
{"session":"cd965010fd23","build":"182.4129.34","bucket":"-1","time":1577443758046,"group":{"id":"ui.dialogs","version":"2"},"event":{"count":1,"data":{"code":0,"type":"close"},"id":"com.intellij.openapi.ui.Messages$InputDialog"}}
{"session":"cd965010fd23","build":"182.4129.34","bucket":"-1","time":1577443762843,"group":{"id":"ui.dialogs","version":"2"},"event":{"count":1,"data":{"code":0,"type":"close"},"id":"com.intellij.webcore.packaging.ManageRepoDialog"}}
{"session":"cd965010fd23","build":"182.4129.34","bucket":"-1","time":1577443783202,"group":{"id":"ui.dialogs","version":"2"},"event":{"count":1,"data":{"code":1,"type":"close"},"id":"com.intellij.webcore.packaging.ManagePackagesDialog"}}
{"session":"cd965010fd23","build":"182.4129.34","bucket":"-1","time":1577443808436,"group":{"id":"ui.dialogs","version":"2"},"event":{"count":1,"data":{"type":"show"},"id":"com.intellij.webcore.packaging.ManagePackagesDialog"}}
{"session":"cd965010fd23","build":"182.4129.34","bucket":"-1","time":1577443808498,"group":{"id":"ui.dialogs","version":"2"},"event":{"count":1,"data":{"type":"show"},"id":"com.intellij.openapi.ui.messages.MessageDialog"}}
{"session":"cd965010fd23","build":"182.4129.34","bucket":"-1","time":1577443811905,"group":{"id":"ui.dialogs","version":"2"},"event":{"count":1,"data":{"code":1,"type":"close"},"id":"com.intellij.webcore.packaging.ManagePackagesDialog"}}
{"session":"cd965010fd23","build":"182.4129.34","bucket":"-1","time":1577443815701,"group":{"id":"ui.settings","version":"2"},"event":{"count":1,"data":{"type":"apply"},"id":"ide.settings.Project_Interpreter"}}
{"session":"cd965010fd23","build":"182.4129.34","bucket":"-1","time":1577443815701,"group":{"id":"trigger","version":"2"},"event":{"count":1,"data":{},"id":"ide.settings.Project_Interpreter"}}
{"session":"cd965010fd23","build":"182.4129.34","bucket":"-1","time":1577443826060,"group":{"id":"ui.dialogs","version":"2"},"event":{"count":1,"data":{"code":0,"type":"close"},"id":"com.intellij.openapi.options.newEditor.SettingsDialog"}}
{"session":"cd965010fd23","build":"182.4129.34","bucket":"-1","time":1577443835717,"group":{"id":"actions","version":"2"},"event":{"count":1,"data":{},"id":"RunClass"}}
{"session":"cd965010fd23","build":"182.4129.34","bucket":"-1","time":1577443835795,"group":{"id":"trigger","version":"2"},"event":{"count":1,"data":{},"id":"execute.PythonConfigurationType.Run"}}
{"session":"cd965010fd23","build":"182.4129.34","bucket":"-1","time":1577443835904,"group":{"id":"toolwindow","version":"2"},"event":{"count":1,"data":{},"id":"Run_by_Activation"}}
{"session":"cd965010fd23","build":"182.4129.34","bucket":"-1","time":1577444247944,"group":{"id":"actions","version":"2"},"event":{"count":1,"data":{},"id":"ToggleReadOnlyAttribute"}}
{"session":"cd965010fd23","build":"182.4129.34","bucket":"-1","time":1577444260662,"group":{"id":"actions","version":"2"},"event":{"count":1,"data":{},"id":"ChangeFileEncodingAction"}}
{"session":"cd965010fd23","build":"182.4129.34","bucket":"-1","time":1577444262756,"group":{"id":"toolwindow","version":"2"},"event":{"count":1,"data":{},"id":"Project_by_Activation"}}
{"session":"cd965010fd23","build":"182.4129.34","bucket":"-1","time":1577444272740,"group":{"id":"actions","version":"2"},"event":{"count":1,"data":{},"id":"Exit"}}
{"session":"cd965010fd23","build":"182.4129.34","bucket":"-1","time":1577444272740,"group":{"id":"lifecycle","version":"2"},"event":{"count":1,"data":{"restart":false},"id":"app.closed"}}
{"session":"cd965010fd23","build":"182.4129.34","bucket":"-1","time":1577444273084,"group":{"id":"lifecycle","version":"2"},"event":{"count":1,"data":{},"id":"project.closed"}}
{"session":"cd965010fd23","build":"182.4129.34","bucket":"-1","time":1577444273771,"group":{"id":"lifecycle","version":"2"},"event":{"count":1,"data":{},"id":"ideaapp.closed"}}
