{"session":"0ff8d6ff639e","build":"182.4129.34","bucket":"-1","time":1576851532908,"group":{"id":"ui.dialogs","version":"2"},"event":{"count":1,"data":{"type":"show"},"id":"com.intellij.openapi.progress.util.ProgressDialog$MyDialogWrapper"}}
{"session":"0ff8d6ff639e","build":"182.4129.34","bucket":"-1","time":1576851533488,"group":{"id":"lifecycle","version":"2"},"event":{"count":1,"data":{"durationSeconds":15},"id":"ide.freeze"}}
{"session":"0ff8d6ff639e","build":"182.4129.34","bucket":"-1","time":1576851546743,"group":{"id":"ui.dialogs","version":"2"},"event":{"count":1,"data":{"code":1,"type":"close"},"id":"com.intellij.openapi.progress.util.ProgressDialog$MyDialogWrapper"}}
{"session":"0ff8d6ff639e","build":"182.4129.34","bucket":"-1","time":1576851546962,"group":{"id":"lifecycle","version":"2"},"event":{"count":1,"data":{},"id":"project.opened"}}
{"session":"0ff8d6ff639e","build":"182.4129.34","bucket":"-1","time":1576851549602,"group":{"id":"ui.dialogs","version":"2"},"event":{"count":1,"data":{"type":"show"},"id":"com.intellij.openapi.progress.util.ProgressDialog$MyDialogWrapper"}}
{"session":"0ff8d6ff639e","build":"182.4129.34","bucket":"-1","time":1576851555149,"group":{"id":"ui.dialogs","version":"2"},"event":{"count":1,"data":{"code":1,"type":"close"},"id":"com.intellij.openapi.progress.util.ProgressDialog$MyDialogWrapper"}}
{"session":"0ff8d6ff639e","build":"182.4129.34","bucket":"-1","time":1576851556649,"group":{"id":"system.os.name","version":"2"},"event":{"data":{},"id":"Windows"}}
{"session":"0ff8d6ff639e","build":"182.4129.34","bucket":"-1","time":1576851556649,"group":{"id":"system.os.version","version":"2"},"event":{"data":{},"id":"10.0"}}
{"session":"0ff8d6ff639e","build":"182.4129.34","bucket":"-1","time":1576851556665,"group":{"id":"system.jvm.vendor","version":"2"},"event":{"data":{},"id":"JetBrains_s.r.o"}}
{"session":"0ff8d6ff639e","build":"182.4129.34","bucket":"-1","time":1576851556665,"group":{"id":"system.jvm.version","version":"2"},"event":{"data":{},"id":"1.8"}}
{"session":"0ff8d6ff639e","build":"182.4129.34","bucket":"-1","time":1576851558883,"group":{"id":"lifecycle","version":"2"},"event":{"count":1,"data":{},"id":"project.opened"}}
{"session":"0ff8d6ff639e","build":"182.4129.34","bucket":"-1","time":1576851560602,"group":{"id":"lifecycle","version":"2"},"event":{"count":1,"data":{},"id":"ideaapp.started"}}
{"session":"0ff8d6ff639e","build":"182.4129.34","bucket":"-1","time":1576851560618,"group":{"id":"lifecycle","version":"2"},"event":{"count":1,"data":{},"id":"app.started"}}
{"session":"0ff8d6ff639e","build":"182.4129.34","bucket":"-1","time":1576851562711,"group":{"id":"lifecycle","version":"2"},"event":{"count":1,"data":{"time.ms":31412},"id":"project.opening.finished"}}
{"session":"0ff8d6ff639e","build":"182.4129.34","bucket":"-1","time":1576851562727,"group":{"id":"lifecycle","version":"2"},"event":{"count":1,"data":{"time.ms":7703},"id":"project.opening.finished"}}
{"session":"0ff8d6ff639e","build":"182.4129.34","bucket":"-1","time":1576851568727,"group":{"id":"system.os.name","version":"2"},"event":{"data":{},"id":"Windows"}}
{"session":"0ff8d6ff639e","build":"182.4129.34","bucket":"-1","time":1576851568727,"group":{"id":"system.os.version","version":"2"},"event":{"data":{},"id":"10.0"}}
{"session":"0ff8d6ff639e","build":"182.4129.34","bucket":"-1","time":1576851568727,"group":{"id":"system.jvm.vendor","version":"2"},"event":{"data":{},"id":"JetBrains_s.r.o"}}
{"session":"0ff8d6ff639e","build":"182.4129.34","bucket":"-1","time":1576851568727,"group":{"id":"system.jvm.version","version":"2"},"event":{"data":{},"id":"1.8"}}
{"session":"0ff8d6ff639e","build":"182.4129.34","bucket":"-1","time":1576851597773,"group":{"id":"actions","version":"2"},"event":{"count":31,"data":{},"id":"EditorBackSpace"}}
{"session":"0ff8d6ff639e","build":"182.4129.34","bucket":"-1","time":1576851603523,"group":{"id":"actions","version":"2"},"event":{"count":4,"data":{},"id":"EditorPaste"}}
{"session":"0ff8d6ff639e","build":"182.4129.34","bucket":"-1","time":1576851613507,"group":{"id":"actions","version":"2"},"event":{"count":1,"data":{},"id":"EditorCopy"}}
{"session":"0ff8d6ff639e","build":"182.4129.34","bucket":"-1","time":1576851615413,"group":{"id":"actions","version":"2"},"event":{"count":1,"data":{},"id":"EditorPaste"}}
{"session":"0ff8d6ff639e","build":"182.4129.34","bucket":"-1","time":1576851616929,"group":{"id":"actions","version":"2"},"event":{"count":49,"data":{},"id":"EditorBackSpace"}}
{"session":"0ff8d6ff639e","build":"182.4129.34","bucket":"-1","time":1576851627850,"group":{"id":"completion","version":"2"},"event":{"count":1,"data":{},"id":"editing.completion.basic"}}
{"session":"0ff8d6ff639e","build":"182.4129.34","bucket":"-1","time":1576851631741,"group":{"id":"actions","version":"2"},"event":{"count":1,"data":{},"id":"$Undo"}}
{"session":"0ff8d6ff639e","build":"182.4129.34","bucket":"-1","time":1576851646350,"group":{"id":"completion","version":"2"},"event":{"count":1,"data":{},"id":"editing.completion.basic"}}
{"session":"0ff8d6ff639e","build":"182.4129.34","bucket":"-1","time":1576851658818,"group":{"id":"actions","version":"2"},"event":{"count":1,"data":{},"id":"RunClass"}}
{"session":"0ff8d6ff639e","build":"182.4129.34","bucket":"-1","time":1576851658959,"group":{"id":"trigger","version":"2"},"event":{"count":1,"data":{},"id":"execute.PythonConfigurationType.Run"}}
{"session":"0ff8d6ff639e","build":"182.4129.34","bucket":"-1","time":1576851659834,"group":{"id":"toolwindow","version":"2"},"event":{"count":1,"data":{},"id":"Run_by_Activation"}}
{"session":"0ff8d6ff639e","build":"182.4129.34","bucket":"-1","time":1576851674115,"group":{"id":"lifecycle","version":"2"},"event":{"count":1,"data":{},"id":"project.closed"}}
{"session":"0ff8d6ff639e","build":"182.4129.34","bucket":"-1","time":1576851754400,"group":{"id":"ui.dialogs","version":"2"},"event":{"count":1,"data":{"type":"show"},"id":"com.intellij.openapi.ui.messages.MessageDialog"}}
{"session":"0ff8d6ff639e","build":"182.4129.34","bucket":"-1","time":1576851757181,"group":{"id":"lifecycle","version":"2"},"event":{"count":1,"data":{"restart":false},"id":"app.closed"}}
{"session":"0ff8d6ff639e","build":"182.4129.34","bucket":"-1","time":1576851757525,"group":{"id":"lifecycle","version":"2"},"event":{"count":1,"data":{},"id":"project.closed"}}
{"session":"0ff8d6ff639e","build":"182.4129.34","bucket":"-1","time":1576851757697,"group":{"id":"lifecycle","version":"2"},"event":{"count":1,"data":{},"id":"ideaapp.closed"}}
