{"session":"f234015e5b61","build":"182.4129.34","bucket":"-1","time":1576846999621,"group":{"id":"ui.dialogs","version":"2"},"event":{"count":1,"data":{"type":"show"},"id":"com.intellij.openapi.progress.util.ProgressDialog$MyDialogWrapper"}}
{"session":"f234015e5b61","build":"182.4129.34","bucket":"-1","time":1576847003299,"group":{"id":"lifecycle","version":"2"},"event":{"count":1,"data":{"durationSeconds":20},"id":"ide.freeze"}}
{"session":"f234015e5b61","build":"182.4129.34","bucket":"-1","time":1576847026116,"group":{"id":"ui.dialogs","version":"2"},"event":{"count":1,"data":{"code":1,"type":"close"},"id":"com.intellij.openapi.progress.util.ProgressDialog$MyDialogWrapper"}}
{"session":"f234015e5b61","build":"182.4129.34","bucket":"-1","time":1576847026429,"group":{"id":"lifecycle","version":"2"},"event":{"count":1,"data":{},"id":"project.opened"}}
{"session":"f234015e5b61","build":"182.4129.34","bucket":"-1","time":1576847030304,"group":{"id":"ui.dialogs","version":"2"},"event":{"count":1,"data":{"type":"show"},"id":"com.intellij.openapi.progress.util.ProgressDialog$MyDialogWrapper"}}
{"session":"f234015e5b61","build":"182.4129.34","bucket":"-1","time":1576847037026,"group":{"id":"toolwindow","version":"2"},"event":{"count":1,"data":{},"id":"Project_by_Activation"}}
{"session":"f234015e5b61","build":"182.4129.34","bucket":"-1","time":1576847038196,"group":{"id":"lifecycle","version":"2"},"event":{"count":1,"data":{},"id":"ideaapp.started"}}
{"session":"f234015e5b61","build":"182.4129.34","bucket":"-1","time":1576847038196,"group":{"id":"lifecycle","version":"2"},"event":{"count":1,"data":{},"id":"app.started"}}
{"session":"f234015e5b61","build":"182.4129.34","bucket":"-1","time":1576847040165,"group":{"id":"ui.dialogs","version":"2"},"event":{"count":1,"data":{"code":1,"type":"close"},"id":"com.intellij.openapi.progress.util.ProgressDialog$MyDialogWrapper"}}
{"session":"f234015e5b61","build":"182.4129.34","bucket":"-1","time":1576847040243,"group":{"id":"lifecycle","version":"2"},"event":{"count":1,"data":{"time.ms":45548},"id":"project.opening.finished"}}
{"session":"f234015e5b61","build":"182.4129.34","bucket":"-1","time":1576847040431,"group":{"id":"system.os.name","version":"2"},"event":{"data":{},"id":"Windows"}}
{"session":"f234015e5b61","build":"182.4129.34","bucket":"-1","time":1576847040431,"group":{"id":"system.os.version","version":"2"},"event":{"data":{},"id":"10.0"}}
{"session":"f234015e5b61","build":"182.4129.34","bucket":"-1","time":1576847040431,"group":{"id":"system.jvm.vendor","version":"2"},"event":{"data":{},"id":"JetBrains_s.r.o"}}
{"session":"f234015e5b61","build":"182.4129.34","bucket":"-1","time":1576847040431,"group":{"id":"system.jvm.version","version":"2"},"event":{"data":{},"id":"1.8"}}
{"session":"f234015e5b61","build":"182.4129.34","bucket":"-1","time":1576847264647,"group":{"id":"actions","version":"2"},"event":{"count":1,"data":{},"id":"Run"}}
{"session":"f234015e5b61","build":"182.4129.34","bucket":"-1","time":1576847264850,"group":{"id":"trigger","version":"2"},"event":{"count":1,"data":{},"id":"execute.PythonConfigurationType.Run"}}
{"session":"f234015e5b61","build":"182.4129.34","bucket":"-1","time":1576847265616,"group":{"id":"toolwindow","version":"2"},"event":{"count":1,"data":{},"id":"Run_by_Activation"}}
{"session":"f234015e5b61","build":"182.4129.34","bucket":"-1","time":1576847289271,"group":{"id":"actions","version":"2"},"event":{"count":4,"data":{},"id":"EditorDown"}}
{"session":"f234015e5b61","build":"182.4129.34","bucket":"-1","time":1576847306630,"group":{"id":"actions","version":"2"},"event":{"count":13,"data":{},"id":"EditorDown"}}
{"session":"f234015e5b61","build":"182.4129.34","bucket":"-1","time":1576847350770,"group":{"id":"actions","version":"2"},"event":{"count":1,"data":{},"id":"EditorDown"}}
{"session":"f234015e5b61","build":"182.4129.34","bucket":"-1","time":1576847357098,"group":{"id":"actions","version":"2"},"event":{"count":8,"data":{},"id":"EditorLeft"}}
{"session":"f234015e5b61","build":"182.4129.34","bucket":"-1","time":1576847370270,"group":{"id":"actions","version":"2"},"event":{"count":1,"data":{},"id":"Run"}}
{"session":"f234015e5b61","build":"182.4129.34","bucket":"-1","time":1576847370332,"group":{"id":"trigger","version":"2"},"event":{"count":1,"data":{},"id":"execute.PythonConfigurationType.Run"}}
{"session":"f234015e5b61","build":"182.4129.34","bucket":"-1","time":1576847370863,"group":{"id":"toolwindow","version":"2"},"event":{"count":1,"data":{},"id":"Run_by_Activation"}}
{"session":"f234015e5b61","build":"182.4129.34","bucket":"-1","time":1576847380144,"group":{"id":"actions","version":"2"},"event":{"count":1,"data":{},"id":"RunClass"}}
{"session":"f234015e5b61","build":"182.4129.34","bucket":"-1","time":1576847380207,"group":{"id":"trigger","version":"2"},"event":{"count":1,"data":{},"id":"execute.PythonConfigurationType.Run"}}
{"session":"f234015e5b61","build":"182.4129.34","bucket":"-1","time":1576847380394,"group":{"id":"toolwindow","version":"2"},"event":{"count":1,"data":{},"id":"Run_by_Activation"}}
{"session":"f234015e5b61","build":"182.4129.34","bucket":"-1","time":1576847388253,"group":{"id":"actions","version":"2"},"event":{"count":1,"data":{},"id":"RunClass"}}
{"session":"f234015e5b61","build":"182.4129.34","bucket":"-1","time":1576847388316,"group":{"id":"trigger","version":"2"},"event":{"count":1,"data":{},"id":"execute.PythonConfigurationType.Run"}}
{"session":"f234015e5b61","build":"182.4129.34","bucket":"-1","time":1576847389035,"group":{"id":"toolwindow","version":"2"},"event":{"count":1,"data":{},"id":"Run_by_Activation"}}
{"session":"f234015e5b61","build":"182.4129.34","bucket":"-1","time":1576847398988,"group":{"id":"actions","version":"2"},"event":{"count":1,"data":{},"id":"EditorBackSpace"}}
{"session":"f234015e5b61","build":"182.4129.34","bucket":"-1","time":1576847413612,"group":{"id":"actions","version":"2"},"event":{"count":1,"data":{},"id":"EditorBackSpace"}}
{"session":"f234015e5b61","build":"182.4129.34","bucket":"-1","time":1576847426753,"group":{"id":"actions","version":"2"},"event":{"count":1,"data":{},"id":"Run"}}
{"session":"f234015e5b61","build":"182.4129.34","bucket":"-1","time":1576847426815,"group":{"id":"trigger","version":"2"},"event":{"count":1,"data":{},"id":"execute.PythonConfigurationType.Run"}}
{"session":"f234015e5b61","build":"182.4129.34","bucket":"-1","time":1576847427190,"group":{"id":"toolwindow","version":"2"},"event":{"count":1,"data":{},"id":"Run_by_Activation"}}
{"session":"f234015e5b61","build":"182.4129.34","bucket":"-1","time":1576847435358,"group":{"id":"actions","version":"2"},"event":{"count":1,"data":{},"id":"Run"}}
{"session":"f234015e5b61","build":"182.4129.34","bucket":"-1","time":1576847435436,"group":{"id":"trigger","version":"2"},"event":{"count":1,"data":{},"id":"execute.PythonConfigurationType.Run"}}
{"session":"f234015e5b61","build":"182.4129.34","bucket":"-1","time":1576847435701,"group":{"id":"toolwindow","version":"2"},"event":{"count":1,"data":{},"id":"Run_by_Activation"}}
{"session":"f234015e5b61","build":"182.4129.34","bucket":"-1","time":1576847454263,"group":{"id":"actions","version":"2"},"event":{"count":1,"data":{},"id":"OpenFile"}}
{"session":"f234015e5b61","build":"182.4129.34","bucket":"-1","time":1576847454467,"group":{"id":"ui.dialogs","version":"2"},"event":{"count":1,"data":{"type":"show"},"id":"com.intellij.openapi.fileChooser.ex.FileChooserDialogImpl"}}
{"session":"f234015e5b61","build":"182.4129.34","bucket":"-1","time":1576847459283,"group":{"id":"ui.dialogs","version":"2"},"event":{"count":1,"data":{"code":0,"type":"close"},"id":"com.intellij.openapi.fileChooser.ex.FileChooserDialogImpl"}}
{"session":"f234015e5b61","build":"182.4129.34","bucket":"-1","time":1576847459361,"group":{"id":"ui.dialogs","version":"2"},"event":{"count":1,"data":{"type":"show"},"id":"com.intellij.platform.OpenOrAttachDialog"}}
{"session":"f234015e5b61","build":"182.4129.34","bucket":"-1","time":1576847461674,"group":{"id":"ui.dialogs","version":"2"},"event":{"count":1,"data":{"code":0,"type":"close"},"id":"com.intellij.platform.OpenOrAttachDialog"}}
{"session":"f234015e5b61","build":"182.4129.34","bucket":"-1","time":1576847461955,"group":{"id":"lifecycle","version":"2"},"event":{"count":1,"data":{},"id":"project.opened"}}
{"session":"f234015e5b61","build":"182.4129.34","bucket":"-1","time":1576847462267,"group":{"id":"ui.dialogs","version":"2"},"event":{"count":1,"data":{"type":"show"},"id":"com.intellij.openapi.progress.util.ProgressDialog$MyDialogWrapper"}}
{"session":"f234015e5b61","build":"182.4129.34","bucket":"-1","time":1576847462720,"group":{"id":"ui.dialogs","version":"2"},"event":{"count":1,"data":{"code":1,"type":"close"},"id":"com.intellij.openapi.progress.util.ProgressDialog$MyDialogWrapper"}}
{"session":"f234015e5b61","build":"182.4129.34","bucket":"-1","time":1576847462752,"group":{"id":"lifecycle","version":"2"},"event":{"count":1,"data":{"time.ms":915},"id":"project.opening.finished"}}
{"session":"f234015e5b61","build":"182.4129.34","bucket":"-1","time":1576847462892,"group":{"id":"system.os.name","version":"2"},"event":{"data":{},"id":"Windows"}}
{"session":"f234015e5b61","build":"182.4129.34","bucket":"-1","time":1576847462892,"group":{"id":"system.os.version","version":"2"},"event":{"data":{},"id":"10.0"}}
{"session":"f234015e5b61","build":"182.4129.34","bucket":"-1","time":1576847462892,"group":{"id":"system.jvm.vendor","version":"2"},"event":{"data":{},"id":"JetBrains_s.r.o"}}
{"session":"f234015e5b61","build":"182.4129.34","bucket":"-1","time":1576847462892,"group":{"id":"system.jvm.version","version":"2"},"event":{"data":{},"id":"1.8"}}
{"session":"f234015e5b61","build":"182.4129.34","bucket":"-1","time":1576847560031,"group":{"id":"actions","version":"2"},"event":{"count":1,"data":{},"id":"RunClass"}}
{"session":"f234015e5b61","build":"182.4129.34","bucket":"-1","time":1576847560109,"group":{"id":"trigger","version":"2"},"event":{"count":1,"data":{},"id":"execute.PythonConfigurationType.Run"}}
{"session":"f234015e5b61","build":"182.4129.34","bucket":"-1","time":1576847560312,"group":{"id":"toolwindow","version":"2"},"event":{"count":1,"data":{},"id":"Run_by_Activation"}}
{"session":"f234015e5b61","build":"182.4129.34","bucket":"-1","time":1576847578390,"group":{"id":"actions","version":"2"},"event":{"count":16,"data":{},"id":"EditorRight"}}
{"session":"f234015e5b61","build":"182.4129.34","bucket":"-1","time":1576847617795,"group":{"id":"actions","version":"2"},"event":{"count":11,"data":{},"id":"EditorBackSpace"}}
{"session":"f234015e5b61","build":"182.4129.34","bucket":"-1","time":1576847623857,"group":{"id":"actions","version":"2"},"event":{"count":1,"data":{},"id":"Run"}}
{"session":"f234015e5b61","build":"182.4129.34","bucket":"-1","time":1576847623936,"group":{"id":"trigger","version":"2"},"event":{"count":1,"data":{},"id":"execute.PythonConfigurationType.Run"}}
{"session":"f234015e5b61","build":"182.4129.34","bucket":"-1","time":1576847624107,"group":{"id":"toolwindow","version":"2"},"event":{"count":1,"data":{},"id":"Run_by_Activation"}}
{"session":"f234015e5b61","build":"182.4129.34","bucket":"-1","time":1576847704121,"group":{"id":"actions","version":"2"},"event":{"count":1,"data":{},"id":"NewElement"}}
{"session":"f234015e5b61","build":"182.4129.34","bucket":"-1","time":1576847707902,"group":{"id":"actions","version":"2"},"event":{"count":1,"data":{},"id":"NewPythonFile"}}
{"session":"f234015e5b61","build":"182.4129.34","bucket":"-1","time":1576847707949,"group":{"id":"ui.dialogs","version":"2"},"event":{"count":1,"data":{"type":"show"},"id":"com.intellij.ide.actions.CreateFileFromTemplateDialog"}}
{"session":"f234015e5b61","build":"182.4129.34","bucket":"-1","time":1576847717543,"group":{"id":"ui.dialogs","version":"2"},"event":{"count":1,"data":{"code":0,"type":"close"},"id":"com.intellij.ide.actions.CreateFileFromTemplateDialog"}}
{"session":"f234015e5b61","build":"182.4129.34","bucket":"-1","time":1576847733964,"group":{"id":"actions","version":"2"},"event":{"count":7,"data":{},"id":"EditorBackSpace"}}
{"session":"f234015e5b61","build":"182.4129.34","bucket":"-1","time":1576847736589,"group":{"id":"actions","version":"2"},"event":{"count":27,"data":{},"id":"EditorRight"}}
{"session":"f234015e5b61","build":"182.4129.34","bucket":"-1","time":1576847739089,"group":{"id":"actions","version":"2"},"event":{"count":2,"data":{},"id":"EditorBackSpace"}}
{"session":"f234015e5b61","build":"182.4129.34","bucket":"-1","time":1576847746417,"group":{"id":"actions","version":"2"},"event":{"count":1,"data":{},"id":"EditorRight"}}
{"session":"f234015e5b61","build":"182.4129.34","bucket":"-1","time":1576847747433,"group":{"id":"actions","version":"2"},"event":{"count":2,"data":{},"id":"EditorBackSpace"}}
{"session":"f234015e5b61","build":"182.4129.34","bucket":"-1","time":1576847748917,"group":{"id":"actions","version":"2"},"event":{"count":1,"data":{},"id":"EditorLeft"}}
{"session":"f234015e5b61","build":"182.4129.34","bucket":"-1","time":1576847751886,"group":{"id":"actions","version":"2"},"event":{"count":1,"data":{},"id":"EditorRight"}}
{"session":"f234015e5b61","build":"182.4129.34","bucket":"-1","time":1576847752495,"group":{"id":"actions","version":"2"},"event":{"count":1,"data":{},"id":"EditorBackSpace"}}
{"session":"f234015e5b61","build":"182.4129.34","bucket":"-1","time":1576847753823,"group":{"id":"actions","version":"2"},"event":{"count":26,"data":{},"id":"EditorLeft"}}
{"session":"f234015e5b61","build":"182.4129.34","bucket":"-1","time":1576847764026,"group":{"id":"actions","version":"2"},"event":{"count":2,"data":{},"id":"EditorBackSpace"}}
{"session":"f234015e5b61","build":"182.4129.34","bucket":"-1","time":1576847767838,"group":{"id":"actions","version":"2"},"event":{"count":2,"data":{},"id":"EditorLeft"}}
{"session":"f234015e5b61","build":"182.4129.34","bucket":"-1","time":1576847788619,"group":{"id":"actions","version":"2"},"event":{"count":1,"data":{},"id":"RunClass"}}
{"session":"f234015e5b61","build":"182.4129.34","bucket":"-1","time":1576847788682,"group":{"id":"trigger","version":"2"},"event":{"count":1,"data":{},"id":"execute.PythonConfigurationType.Run"}}
{"session":"f234015e5b61","build":"182.4129.34","bucket":"-1","time":1576847788947,"group":{"id":"toolwindow","version":"2"},"event":{"count":1,"data":{},"id":"Run_by_Activation"}}
{"session":"f234015e5b61","build":"182.4129.34","bucket":"-1","time":1576847819478,"group":{"id":"actions","version":"2"},"event":{"count":4,"data":{},"id":"EditorBackSpace"}}
{"session":"f234015e5b61","build":"182.4129.34","bucket":"-1","time":1576847834212,"group":{"id":"actions","version":"2"},"event":{"count":1,"data":{},"id":"EditorBackSpace"}}
{"session":"f234015e5b61","build":"182.4129.34","bucket":"-1","time":1576847839118,"group":{"id":"actions","version":"2"},"event":{"count":2,"data":{},"id":"EditorRight"}}
{"session":"f234015e5b61","build":"182.4129.34","bucket":"-1","time":1576847842212,"group":{"id":"actions","version":"2"},"event":{"count":1,"data":{},"id":"EditorEnter"}}
{"session":"f234015e5b61","build":"182.4129.34","bucket":"-1","time":1576847876789,"group":{"id":"actions","version":"2"},"event":{"count":2,"data":{},"id":"EditorBackSpace"}}
{"session":"f234015e5b61","build":"182.4129.34","bucket":"-1","time":1576847901117,"group":{"id":"actions","version":"2"},"event":{"count":1,"data":{},"id":"EditorBackSpace"}}
{"session":"f234015e5b61","build":"182.4129.34","bucket":"-1","time":1576847915741,"group":{"id":"actions","version":"2"},"event":{"count":2,"data":{},"id":"EditorRight"}}
{"session":"f234015e5b61","build":"182.4129.34","bucket":"-1","time":1576847917069,"group":{"id":"actions","version":"2"},"event":{"count":1,"data":{},"id":"EditorEnter"}}
{"session":"f234015e5b61","build":"182.4129.34","bucket":"-1","time":1576847927085,"group":{"id":"actions","version":"2"},"event":{"count":1,"data":{},"id":"EditorBackSpace"}}
{"session":"f234015e5b61","build":"182.4129.34","bucket":"-1","time":1576847953100,"group":{"id":"actions","version":"2"},"event":{"count":3,"data":{},"id":"EditorRight"}}
{"session":"f234015e5b61","build":"182.4129.34","bucket":"-1","time":1576847956709,"group":{"id":"actions","version":"2"},"event":{"count":1,"data":{},"id":"EditorBackSpace"}}
{"session":"f234015e5b61","build":"182.4129.34","bucket":"-1","time":1576847957600,"group":{"id":"actions","version":"2"},"event":{"count":3,"data":{},"id":"EditorLeft"}}
{"session":"f234015e5b61","build":"182.4129.34","bucket":"-1","time":1576847958897,"group":{"id":"actions","version":"2"},"event":{"count":1,"data":{},"id":"EditorBackSpace"}}
{"session":"f234015e5b61","build":"182.4129.34","bucket":"-1","time":1576847959334,"group":{"id":"actions","version":"2"},"event":{"count":9,"data":{},"id":"EditorLeft"}}
{"session":"f234015e5b61","build":"182.4129.34","bucket":"-1","time":1576847961912,"group":{"id":"actions","version":"2"},"event":{"count":5,"data":{},"id":"EditorBackSpace"}}
{"session":"f234015e5b61","build":"182.4129.34","bucket":"-1","time":1576847964115,"group":{"id":"actions","version":"2"},"event":{"count":13,"data":{},"id":"EditorRight"}}
{"session":"f234015e5b61","build":"182.4129.34","bucket":"-1","time":1576847975115,"group":{"id":"actions","version":"2"},"event":{"count":1,"data":{},"id":"EditorEnter"}}
{"session":"f234015e5b61","build":"182.4129.34","bucket":"-1","time":1576848018645,"group":{"id":"actions","version":"2"},"event":{"count":1,"data":{},"id":"EditorBackSpace"}}
{"session":"f234015e5b61","build":"182.4129.34","bucket":"-1","time":1576848021004,"group":{"id":"actions","version":"2"},"event":{"count":4,"data":{},"id":"EditorLeft"}}
{"session":"f234015e5b61","build":"182.4129.34","bucket":"-1","time":1576848024239,"group":{"id":"actions","version":"2"},"event":{"count":3,"data":{},"id":"EditorRight"}}
{"session":"f234015e5b61","build":"182.4129.34","bucket":"-1","time":1576848029114,"group":{"id":"actions","version":"2"},"event":{"count":1,"data":{},"id":"EditorBackSpace"}}
{"session":"f234015e5b61","build":"182.4129.34","bucket":"-1","time":1576848038520,"group":{"id":"actions","version":"2"},"event":{"count":2,"data":{},"id":"EditorRight"}}
{"session":"f234015e5b61","build":"182.4129.34","bucket":"-1","time":1576848041113,"group":{"id":"actions","version":"2"},"event":{"count":11,"data":{},"id":"EditorLeft"}}
{"session":"f234015e5b61","build":"182.4129.34","bucket":"-1","time":1576848048801,"group":{"id":"actions","version":"2"},"event":{"count":1,"data":{},"id":"EditorEnter"}}
{"session":"f234015e5b61","build":"182.4129.34","bucket":"-1","time":1576848073285,"group":{"id":"actions","version":"2"},"event":{"count":22,"data":{},"id":"EditorBackSpace"}}
{"session":"f234015e5b61","build":"182.4129.34","bucket":"-1","time":1576848089269,"group":{"id":"actions","version":"2"},"event":{"count":9,"data":{},"id":"EditorRight"}}
{"session":"f234015e5b61","build":"182.4129.34","bucket":"-1","time":1576848098456,"group":{"id":"actions","version":"2"},"event":{"count":1,"data":{},"id":"EditorBackSpace"}}
{"session":"f234015e5b61","build":"182.4129.34","bucket":"-1","time":1576848108893,"group":{"id":"actions","version":"2"},"event":{"count":3,"data":{},"id":"EditorRight"}}
{"session":"f234015e5b61","build":"182.4129.34","bucket":"-1","time":1576848110549,"group":{"id":"actions","version":"2"},"event":{"count":1,"data":{},"id":"EditorEnter"}}
{"session":"f234015e5b61","build":"182.4129.34","bucket":"-1","time":1576848138502,"group":{"id":"actions","version":"2"},"event":{"count":1,"data":{},"id":"EditorRight"}}
{"session":"f234015e5b61","build":"182.4129.34","bucket":"-1","time":1576848142142,"group":{"id":"actions","version":"2"},"event":{"count":1,"data":{},"id":"EditorEnter"}}
{"session":"f234015e5b61","build":"182.4129.34","bucket":"-1","time":1576848176454,"group":{"id":"actions","version":"2"},"event":{"count":10,"data":{},"id":"EditorBackSpace"}}
{"session":"f234015e5b61","build":"182.4129.34","bucket":"-1","time":1576848190657,"group":{"id":"actions","version":"2"},"event":{"count":1,"data":{},"id":"EditorRight"}}
{"session":"f234015e5b61","build":"182.4129.34","bucket":"-1","time":1576848191391,"group":{"id":"actions","version":"2"},"event":{"count":1,"data":{},"id":"EditorBackSpace"}}
{"session":"f234015e5b61","build":"182.4129.34","bucket":"-1","time":1576848192329,"group":{"id":"actions","version":"2"},"event":{"count":30,"data":{},"id":"EditorLeft"}}
{"session":"f234015e5b61","build":"182.4129.34","bucket":"-1","time":1576848197704,"group":{"id":"actions","version":"2"},"event":{"count":31,"data":{},"id":"EditorRight"}}
{"session":"f234015e5b61","build":"182.4129.34","bucket":"-1","time":1576848202938,"group":{"id":"actions","version":"2"},"event":{"count":1,"data":{},"id":"EditorEnter"}}
{"session":"f234015e5b61","build":"182.4129.34","bucket":"-1","time":1576848214000,"group":{"id":"actions","version":"2"},"event":{"count":1,"data":{},"id":"EditorEnter"}}
{"session":"f234015e5b61","build":"182.4129.34","bucket":"-1","time":1576848218812,"group":{"id":"actions","version":"2"},"event":{"count":1,"data":{},"id":"EditorBackSpace"}}
{"session":"f234015e5b61","build":"182.4129.34","bucket":"-1","time":1576848224094,"group":{"id":"actions","version":"2"},"event":{"count":1,"data":{},"id":"EditorChooseLookupItem"}}
{"session":"f234015e5b61","build":"182.4129.34","bucket":"-1","time":1576848224172,"group":{"id":"completion","version":"2"},"event":{"count":1,"data":{},"id":"editing.completion.basic"}}
{"session":"f234015e5b61","build":"182.4129.34","bucket":"-1","time":1576848239937,"group":{"id":"actions","version":"2"},"event":{"count":2,"data":{},"id":"EditorRight"}}
{"session":"f234015e5b61","build":"182.4129.34","bucket":"-1","time":1576848241453,"group":{"id":"actions","version":"2"},"event":{"count":1,"data":{},"id":"EditorEnter"}}
{"session":"f234015e5b61","build":"182.4129.34","bucket":"-1","time":1576848268655,"group":{"id":"actions","version":"2"},"event":{"count":2,"data":{},"id":"EditorRight"}}
{"session":"f234015e5b61","build":"182.4129.34","bucket":"-1","time":1576848270108,"group":{"id":"actions","version":"2"},"event":{"count":1,"data":{},"id":"EditorEnter"}}
{"session":"f234015e5b61","build":"182.4129.34","bucket":"-1","time":1576848330779,"group":{"id":"actions","version":"2"},"event":{"count":1,"data":{},"id":"EditorBackSpace"}}
{"session":"f234015e5b61","build":"182.4129.34","bucket":"-1","time":1576848333919,"group":{"id":"actions","version":"2"},"event":{"count":28,"data":{},"id":"EditorRight"}}
{"session":"f234015e5b61","build":"182.4129.34","bucket":"-1","time":1576848382496,"group":{"id":"actions","version":"2"},"event":{"count":1,"data":{},"id":"EditorEnter"}}
{"session":"f234015e5b61","build":"182.4129.34","bucket":"-1","time":1576848411917,"group":{"id":"actions","version":"2"},"event":{"count":2,"data":{},"id":"EditorRight"}}
{"session":"f234015e5b61","build":"182.4129.34","bucket":"-1","time":1576848415448,"group":{"id":"actions","version":"2"},"event":{"count":1,"data":{},"id":"EditorEnter"}}
{"session":"f234015e5b61","build":"182.4129.34","bucket":"-1","time":1576848444135,"group":{"id":"actions","version":"2"},"event":{"count":2,"data":{},"id":"EditorRight"}}
{"session":"f234015e5b61","build":"182.4129.34","bucket":"-1","time":1576848446182,"group":{"id":"actions","version":"2"},"event":{"count":1,"data":{},"id":"EditorEnter"}}
{"session":"f234015e5b61","build":"182.4129.34","bucket":"-1","time":1576848448635,"group":{"id":"actions","version":"2"},"event":{"count":1,"data":{},"id":"EditorBackSpace"}}
{"session":"f234015e5b61","build":"182.4129.34","bucket":"-1","time":1576848463151,"group":{"id":"actions","version":"2"},"event":{"count":3,"data":{},"id":"EditorBackSpace"}}
{"session":"f234015e5b61","build":"182.4129.34","bucket":"-1","time":1576848486400,"group":{"id":"actions","version":"2"},"event":{"count":1,"data":{},"id":"EditorEnter"}}
{"session":"f234015e5b61","build":"182.4129.34","bucket":"-1","time":1576848488572,"group":{"id":"actions","version":"2"},"event":{"count":1,"data":{},"id":"EditorUp"}}
{"session":"f234015e5b61","build":"182.4129.34","bucket":"-1","time":1576848488915,"group":{"id":"actions","version":"2"},"event":{"count":11,"data":{},"id":"EditorRight"}}
{"session":"f234015e5b61","build":"182.4129.34","bucket":"-1","time":1576848510993,"group":{"id":"actions","version":"2"},"event":{"count":1,"data":{},"id":"EditorEnter"}}
{"session":"f234015e5b61","build":"182.4129.34","bucket":"-1","time":1576848528383,"group":{"id":"actions","version":"2"},"event":{"count":1,"data":{},"id":"EditorRight"}}
{"session":"f234015e5b61","build":"182.4129.34","bucket":"-1","time":1576848528852,"group":{"id":"actions","version":"2"},"event":{"count":2,"data":{},"id":"EditorBackSpace"}}
{"session":"f234015e5b61","build":"182.4129.34","bucket":"-1","time":1576848532290,"group":{"id":"actions","version":"2"},"event":{"count":1,"data":{},"id":"EditorEnter"}}
{"session":"f234015e5b61","build":"182.4129.34","bucket":"-1","time":1576848570492,"group":{"id":"actions","version":"2"},"event":{"count":1,"data":{},"id":"EditorEnter"}}
{"session":"f234015e5b61","build":"182.4129.34","bucket":"-1","time":1576848590069,"group":{"id":"actions","version":"2"},"event":{"count":2,"data":{},"id":"EditorBackSpace"}}
{"session":"f234015e5b61","build":"182.4129.34","bucket":"-1","time":1576848599616,"group":{"id":"actions","version":"2"},"event":{"count":1,"data":{},"id":"EditorRight"}}
{"session":"f234015e5b61","build":"182.4129.34","bucket":"-1","time":1576848600116,"group":{"id":"actions","version":"2"},"event":{"count":1,"data":{},"id":"EditorBackSpace"}}
{"session":"f234015e5b61","build":"182.4129.34","bucket":"-1","time":1576848601022,"group":{"id":"actions","version":"2"},"event":{"count":25,"data":{},"id":"EditorLeft"}}
{"session":"f234015e5b61","build":"182.4129.34","bucket":"-1","time":1576848606022,"group":{"id":"actions","version":"2"},"event":{"count":26,"data":{},"id":"EditorRight"}}
{"session":"f234015e5b61","build":"182.4129.34","bucket":"-1","time":1576848609116,"group":{"id":"actions","version":"2"},"event":{"count":1,"data":{},"id":"EditorEnter"}}
{"session":"f234015e5b61","build":"182.4129.34","bucket":"-1","time":1576848610460,"group":{"id":"actions","version":"2"},"event":{"count":1,"data":{},"id":"EditorBackSpace"}}
{"session":"f234015e5b61","build":"182.4129.34","bucket":"-1","time":1576848616631,"group":{"id":"actions","version":"2"},"event":{"count":1,"data":{},"id":"EditorEnter"}}
{"session":"f234015e5b61","build":"182.4129.34","bucket":"-1","time":1576848627615,"group":{"id":"actions","version":"2"},"event":{"count":5,"data":{},"id":"EditorLeft"}}
{"session":"f234015e5b61","build":"182.4129.34","bucket":"-1","time":1576848632100,"group":{"id":"actions","version":"2"},"event":{"count":5,"data":{},"id":"EditorRight"}}
{"session":"f234015e5b61","build":"182.4129.34","bucket":"-1","time":1576848638037,"group":{"id":"actions","version":"2"},"event":{"count":1,"data":{},"id":"EditorBackSpace"}}
{"session":"f234015e5b61","build":"182.4129.34","bucket":"-1","time":1576848659052,"group":{"id":"actions","version":"2"},"event":{"count":1,"data":{},"id":"EditorEnter"}}
{"session":"f234015e5b61","build":"182.4129.34","bucket":"-1","time":1576848662521,"group":{"id":"actions","version":"2"},"event":{"count":1,"data":{},"id":"EditorBackSpace"}}
{"session":"f234015e5b61","build":"182.4129.34","bucket":"-1","time":1576848674364,"group":{"id":"actions","version":"2"},"event":{"count":1,"data":{},"id":"EditorBackSpace"}}
{"session":"f234015e5b61","build":"182.4129.34","bucket":"-1","time":1576848681099,"group":{"id":"actions","version":"2"},"event":{"count":1,"data":{},"id":"EditorRight"}}
{"session":"f234015e5b61","build":"182.4129.34","bucket":"-1","time":1576848682645,"group":{"id":"actions","version":"2"},"event":{"count":1,"data":{},"id":"EditorEnter"}}
{"session":"f234015e5b61","build":"182.4129.34","bucket":"-1","time":1576848703504,"group":{"id":"actions","version":"2"},"event":{"count":1,"data":{},"id":"EditorBackSpace"}}
{"session":"f234015e5b61","build":"182.4129.34","bucket":"-1","time":1576848707457,"group":{"id":"actions","version":"2"},"event":{"count":1,"data":{},"id":"EditorEnter"}}
{"session":"f234015e5b61","build":"182.4129.34","bucket":"-1","time":1576848712801,"group":{"id":"actions","version":"2"},"event":{"count":8,"data":{},"id":"EditorBackSpace"}}
{"session":"f234015e5b61","build":"182.4129.34","bucket":"-1","time":1576848717551,"group":{"id":"actions","version":"2"},"event":{"count":1,"data":{},"id":"EditorEnter"}}
{"session":"f234015e5b61","build":"182.4129.34","bucket":"-1","time":1576848720801,"group":{"id":"actions","version":"2"},"event":{"count":1,"data":{},"id":"EditorBackSpace"}}
{"session":"f234015e5b61","build":"182.4129.34","bucket":"-1","time":1576848729254,"group":{"id":"actions","version":"2"},"event":{"count":1,"data":{},"id":"EditorEnter"}}
{"session":"f234015e5b61","build":"182.4129.34","bucket":"-1","time":1576848734347,"group":{"id":"actions","version":"2"},"event":{"count":9,"data":{},"id":"EditorBackSpace"}}
{"session":"f234015e5b61","build":"182.4129.34","bucket":"-1","time":1576848737425,"group":{"id":"actions","version":"2"},"event":{"count":1,"data":{},"id":"EditorEnter"}}
{"session":"f234015e5b61","build":"182.4129.34","bucket":"-1","time":1576848758300,"group":{"id":"actions","version":"2"},"event":{"count":6,"data":{},"id":"EditorBackSpace"}}
{"session":"f234015e5b61","build":"182.4129.34","bucket":"-1","time":1576848768347,"group":{"id":"actions","version":"2"},"event":{"count":1,"data":{},"id":"EditorEnter"}}
{"session":"f234015e5b61","build":"182.4129.34","bucket":"-1","time":1576848775128,"group":{"id":"actions","version":"2"},"event":{"count":6,"data":{},"id":"EditorBackSpace"}}
{"session":"f234015e5b61","build":"182.4129.34","bucket":"-1","time":1576848779581,"group":{"id":"actions","version":"2"},"event":{"count":1,"data":{},"id":"EditorEnter"}}
{"session":"f234015e5b61","build":"182.4129.34","bucket":"-1","time":1576848784456,"group":{"id":"actions","version":"2"},"event":{"count":1,"data":{},"id":"EditorBackSpace"}}
{"session":"f234015e5b61","build":"182.4129.34","bucket":"-1","time":1576848795737,"group":{"id":"actions","version":"2"},"event":{"count":5,"data":{},"id":"EditorBackSpace"}}
{"session":"f234015e5b61","build":"182.4129.34","bucket":"-1","time":1576848798065,"group":{"id":"actions","version":"2"},"event":{"count":1,"data":{},"id":"EditorEnter"}}
{"session":"f234015e5b61","build":"182.4129.34","bucket":"-1","time":1576848806627,"group":{"id":"actions","version":"2"},"event":{"count":1,"data":{},"id":"EditorChooseLookupItem"}}
{"session":"f234015e5b61","build":"182.4129.34","bucket":"-1","time":1576848806627,"group":{"id":"completion","version":"2"},"event":{"count":1,"data":{},"id":"editing.completion.basic"}}
{"session":"f234015e5b61","build":"182.4129.34","bucket":"-1","time":1576848811971,"group":{"id":"actions","version":"2"},"event":{"count":1,"data":{},"id":"EditorBackSpace"}}
{"session":"f234015e5b61","build":"182.4129.34","bucket":"-1","time":1576848823064,"group":{"id":"actions","version":"2"},"event":{"count":1,"data":{},"id":"EditorEnter"}}
{"session":"f234015e5b61","build":"182.4129.34","bucket":"-1","time":1576848831486,"group":{"id":"actions","version":"2"},"event":{"count":1,"data":{},"id":"EditorChooseLookupItem"}}
{"session":"f234015e5b61","build":"182.4129.34","bucket":"-1","time":1576848831501,"group":{"id":"completion","version":"2"},"event":{"count":1,"data":{},"id":"editing.completion.basic"}}
{"session":"f234015e5b61","build":"182.4129.34","bucket":"-1","time":1576848835095,"group":{"id":"actions","version":"2"},"event":{"count":3,"data":{},"id":"EditorLeft"}}
{"session":"f234015e5b61","build":"182.4129.34","bucket":"-1","time":1576848838282,"group":{"id":"actions","version":"2"},"event":{"count":3,"data":{},"id":"EditorRight"}}
{"session":"f234015e5b61","build":"182.4129.34","bucket":"-1","time":1576848847907,"group":{"id":"actions","version":"2"},"event":{"count":2,"data":{},"id":"EditorBackSpace"}}
{"session":"f234015e5b61","build":"182.4129.34","bucket":"-1","time":1576848856157,"group":{"id":"actions","version":"2"},"event":{"count":1,"data":{},"id":"EditorRight"}}
{"session":"f234015e5b61","build":"182.4129.34","bucket":"-1","time":1576848857829,"group":{"id":"actions","version":"2"},"event":{"count":1,"data":{},"id":"EditorEnter"}}
{"session":"f234015e5b61","build":"182.4129.34","bucket":"-1","time":1576848859469,"group":{"id":"actions","version":"2"},"event":{"count":1,"data":{},"id":"EditorBackSpace"}}
{"session":"f234015e5b61","build":"182.4129.34","bucket":"-1","time":1576848863844,"group":{"id":"actions","version":"2"},"event":{"count":1,"data":{},"id":"EditorEnter"}}
{"session":"f234015e5b61","build":"182.4129.34","bucket":"-1","time":1576848874625,"group":{"id":"actions","version":"2"},"event":{"count":2,"data":{},"id":"EditorBackSpace"}}
{"session":"f234015e5b61","build":"182.4129.34","bucket":"-1","time":1576848895609,"group":{"id":"actions","version":"2"},"event":{"count":2,"data":{},"id":"EditorRight"}}
{"session":"f234015e5b61","build":"182.4129.34","bucket":"-1","time":1576848912874,"group":{"id":"actions","version":"2"},"event":{"count":1,"data":{},"id":"EditorEnter"}}
{"session":"f234015e5b61","build":"182.4129.34","bucket":"-1","time":1576848917031,"group":{"id":"actions","version":"2"},"event":{"count":3,"data":{},"id":"EditorBackSpace"}}
{"session":"f234015e5b61","build":"182.4129.34","bucket":"-1","time":1576848924015,"group":{"id":"actions","version":"2"},"event":{"count":1,"data":{},"id":"EditorEnter"}}
{"session":"f234015e5b61","build":"182.4129.34","bucket":"-1","time":1576848926421,"group":{"id":"actions","version":"2"},"event":{"count":2,"data":{},"id":"EditorBackSpace"}}
{"session":"f234015e5b61","build":"182.4129.34","bucket":"-1","time":1576848928093,"group":{"id":"actions","version":"2"},"event":{"count":1,"data":{},"id":"EditorEnter"}}
{"session":"f234015e5b61","build":"182.4129.34","bucket":"-1","time":1576848941249,"group":{"id":"actions","version":"2"},"event":{"count":8,"data":{},"id":"EditorBackSpace"}}
{"session":"f234015e5b61","build":"182.4129.34","bucket":"-1","time":1576848957530,"group":{"id":"actions","version":"2"},"event":{"count":4,"data":{},"id":"EditorLeft"}}
{"session":"f234015e5b61","build":"182.4129.34","bucket":"-1","time":1576848959311,"group":{"id":"actions","version":"2"},"event":{"count":1,"data":{},"id":"EditorBackSpace"}}
{"session":"f234015e5b61","build":"182.4129.34","bucket":"-1","time":1576848959858,"group":{"id":"actions","version":"2"},"event":{"count":1,"data":{},"id":"EditorLeft"}}
{"session":"f234015e5b61","build":"182.4129.34","bucket":"-1","time":1576848961498,"group":{"id":"actions","version":"2"},"event":{"count":4,"data":{},"id":"EditorRight"}}
{"session":"f234015e5b61","build":"182.4129.34","bucket":"-1","time":1576848973404,"group":{"id":"actions","version":"2"},"event":{"count":24,"data":{},"id":"EditorLeft"}}
{"session":"f234015e5b61","build":"182.4129.34","bucket":"-1","time":1576848977670,"group":{"id":"actions","version":"2"},"event":{"count":3,"data":{},"id":"EditorBackSpace"}}
{"session":"f234015e5b61","build":"182.4129.34","bucket":"-1","time":1576848979545,"group":{"id":"actions","version":"2"},"event":{"count":1,"data":{},"id":"EditorEnter"}}
{"session":"f234015e5b61","build":"182.4129.34","bucket":"-1","time":1576848990498,"group":{"id":"actions","version":"2"},"event":{"count":1,"data":{},"id":"RunClass"}}
{"session":"f234015e5b61","build":"182.4129.34","bucket":"-1","time":1576848990560,"group":{"id":"trigger","version":"2"},"event":{"count":1,"data":{},"id":"execute.PythonConfigurationType.Run"}}
{"session":"f234015e5b61","build":"182.4129.34","bucket":"-1","time":1576848990779,"group":{"id":"toolwindow","version":"2"},"event":{"count":1,"data":{},"id":"Run_by_Activation"}}
{"session":"f234015e5b61","build":"182.4129.34","bucket":"-1","time":1576849006575,"group":{"id":"actions","version":"2"},"event":{"count":9,"data":{},"id":"EditorRight"}}
{"session":"f234015e5b61","build":"182.4129.34","bucket":"-1","time":1576849041731,"group":{"id":"actions","version":"2"},"event":{"count":17,"data":{},"id":"EditorUp"}}
{"session":"f234015e5b61","build":"182.4129.34","bucket":"-1","time":1576849049215,"group":{"id":"actions","version":"2"},"event":{"count":5,"data":{},"id":"EditorDown"}}
{"session":"f234015e5b61","build":"182.4129.34","bucket":"-1","time":1576849058387,"group":{"id":"actions","version":"2"},"event":{"count":8,"data":{},"id":"EditorBackSpace"}}
{"session":"f234015e5b61","build":"182.4129.34","bucket":"-1","time":1576849076277,"group":{"id":"actions","version":"2"},"event":{"count":1,"data":{},"id":"EditorEnter"}}
{"session":"f234015e5b61","build":"182.4129.34","bucket":"-1","time":1576849115370,"group":{"id":"actions","version":"2"},"event":{"count":1,"data":{},"id":"EditorDown"}}
{"session":"f234015e5b61","build":"182.4129.34","bucket":"-1","time":1576849115870,"group":{"id":"actions","version":"2"},"event":{"count":2,"data":{},"id":"EditorLeft"}}
{"session":"f234015e5b61","build":"182.4129.34","bucket":"-1","time":1576849119213,"group":{"id":"actions","version":"2"},"event":{"count":1,"data":{},"id":"EditorUp"}}
{"session":"f234015e5b61","build":"182.4129.34","bucket":"-1","time":1576849120167,"group":{"id":"actions","version":"2"},"event":{"count":7,"data":{},"id":"EditorRight"}}
{"session":"f234015e5b61","build":"182.4129.34","bucket":"-1","time":1576849123588,"group":{"id":"actions","version":"2"},"event":{"count":15,"data":{},"id":"EditorLeft"}}
{"session":"f234015e5b61","build":"182.4129.34","bucket":"-1","time":1576849133244,"group":{"id":"actions","version":"2"},"event":{"count":17,"data":{},"id":"EditorRight"}}
{"session":"f234015e5b61","build":"182.4129.34","bucket":"-1","time":1576849136307,"group":{"id":"actions","version":"2"},"event":{"count":1,"data":{},"id":"EditorEnter"}}
{"session":"f234015e5b61","build":"182.4129.34","bucket":"-1","time":1576849162556,"group":{"id":"actions","version":"2"},"event":{"count":1,"data":{},"id":"EditorDown"}}
{"session":"f234015e5b61","build":"182.4129.34","bucket":"-1","time":1576849163603,"group":{"id":"actions","version":"2"},"event":{"count":1,"data":{},"id":"EditorUp"}}
{"session":"f234015e5b61","build":"182.4129.34","bucket":"-1","time":1576849164416,"group":{"id":"actions","version":"2"},"event":{"count":2,"data":{},"id":"EditorDown"}}
{"session":"f234015e5b61","build":"182.4129.34","bucket":"-1","time":1576849165603,"group":{"id":"actions","version":"2"},"event":{"count":2,"data":{},"id":"EditorUp"}}
{"session":"f234015e5b61","build":"182.4129.34","bucket":"-1","time":1576849167478,"group":{"id":"actions","version":"2"},"event":{"count":2,"data":{},"id":"EditorRight"}}
{"session":"f234015e5b61","build":"182.4129.34","bucket":"-1","time":1576849171056,"group":{"id":"actions","version":"2"},"event":{"count":1,"data":{},"id":"EditorEnter"}}
{"session":"f234015e5b61","build":"182.4129.34","bucket":"-1","time":1576849185915,"group":{"id":"actions","version":"2"},"event":{"count":1,"data":{},"id":"EditorBackSpace"}}
{"session":"f234015e5b61","build":"182.4129.34","bucket":"-1","time":1576849200805,"group":{"id":"actions","version":"2"},"event":{"count":1,"data":{},"id":"EditorBackSpace"}}
{"session":"f234015e5b61","build":"182.4129.34","bucket":"-1","time":1576849206555,"group":{"id":"actions","version":"2"},"event":{"count":1,"data":{},"id":"Run"}}
{"session":"f234015e5b61","build":"182.4129.34","bucket":"-1","time":1576849206618,"group":{"id":"trigger","version":"2"},"event":{"count":1,"data":{},"id":"execute.PythonConfigurationType.Run"}}
{"session":"f234015e5b61","build":"182.4129.34","bucket":"-1","time":1576849206821,"group":{"id":"toolwindow","version":"2"},"event":{"count":1,"data":{},"id":"Run_by_Activation"}}
{"session":"f234015e5b61","build":"182.4129.34","bucket":"-1","time":1576850053575,"group":{"id":"actions","version":"2"},"event":{"count":1,"data":{},"id":"NewPythonFile"}}
{"session":"f234015e5b61","build":"182.4129.34","bucket":"-1","time":1576850053591,"group":{"id":"ui.dialogs","version":"2"},"event":{"count":1,"data":{"type":"show"},"id":"com.intellij.ide.actions.CreateFileFromTemplateDialog"}}
{"session":"f234015e5b61","build":"182.4129.34","bucket":"-1","time":1576850054904,"group":{"id":"ui.dialogs","version":"2"},"event":{"count":2,"data":{"type":"show"},"id":"com.intellij.openapi.ui.messages.MessageDialog"}}
{"session":"f234015e5b61","build":"182.4129.34","bucket":"-1","time":1576850065203,"group":{"id":"actions","version":"2"},"event":{"count":1,"data":{},"id":"DialogOkAction_Enter"}}
{"session":"f234015e5b61","build":"182.4129.34","bucket":"-1","time":1576850065281,"group":{"id":"ui.dialogs","version":"2"},"event":{"count":1,"data":{"code":0,"type":"close"},"id":"com.intellij.ide.actions.CreateFileFromTemplateDialog"}}
{"session":"f234015e5b61","build":"182.4129.34","bucket":"-1","time":1576850080390,"group":{"id":"actions","version":"2"},"event":{"count":31,"data":{},"id":"EditorBackSpace"}}
{"session":"f234015e5b61","build":"182.4129.34","bucket":"-1","time":1576850105842,"group":{"id":"actions","version":"2"},"event":{"count":1,"data":{},"id":"EditorEnter"}}
{"session":"f234015e5b61","build":"182.4129.34","bucket":"-1","time":1576850108342,"group":{"id":"actions","version":"2"},"event":{"count":22,"data":{},"id":"EditorBackSpace"}}
{"session":"f234015e5b61","build":"182.4129.34","bucket":"-1","time":1576850123998,"group":{"id":"actions","version":"2"},"event":{"count":1,"data":{},"id":"EditorEnter"}}
{"session":"f234015e5b61","build":"182.4129.34","bucket":"-1","time":1576850126967,"group":{"id":"editing","version":"2"},"event":{"count":2,"data":{},"id":"editing.select.word"}}
{"session":"f234015e5b61","build":"182.4129.34","bucket":"-1","time":1576850130107,"group":{"id":"actions","version":"2"},"event":{"count":1,"data":{},"id":"EditorEnter"}}
{"session":"f234015e5b61","build":"182.4129.34","bucket":"-1","time":1576850135467,"group":{"id":"ui.dialogs","version":"2"},"event":{"count":1,"data":{"type":"show"},"id":"com.intellij.openapi.ui.messages.MessageDialog"}}
