{"session":"3410f6561eef","build":"182.4129.34","bucket":"-1","time":1576934435719,"group":{"id":"lifecycle","version":"2"},"event":{"count":1,"data":{"durationSeconds":20},"id":"ide.freeze"}}
{"session":"3410f6561eef","build":"182.4129.34","bucket":"-1","time":1576934435719,"group":{"id":"ui.dialogs","version":"2"},"event":{"count":1,"data":{"type":"show"},"id":"com.intellij.openapi.progress.util.ProgressDialog$MyDialogWrapper"}}
{"session":"3410f6561eef","build":"182.4129.34","bucket":"-1","time":1576934451343,"group":{"id":"ui.dialogs","version":"2"},"event":{"count":1,"data":{"code":1,"type":"close"},"id":"com.intellij.openapi.progress.util.ProgressDialog$MyDialogWrapper"}}
{"session":"3410f6561eef","build":"182.4129.34","bucket":"-1","time":1576934451562,"group":{"id":"lifecycle","version":"2"},"event":{"count":1,"data":{},"id":"project.opened"}}
{"session":"3410f6561eef","build":"182.4129.34","bucket":"-1","time":1576934455062,"group":{"id":"ui.dialogs","version":"2"},"event":{"count":1,"data":{"type":"show"},"id":"com.intellij.openapi.progress.util.ProgressDialog$MyDialogWrapper"}}
{"session":"3410f6561eef","build":"182.4129.34","bucket":"-1","time":1576934461999,"group":{"id":"lifecycle","version":"2"},"event":{"count":1,"data":{},"id":"ideaapp.started"}}
{"session":"3410f6561eef","build":"182.4129.34","bucket":"-1","time":1576934462015,"group":{"id":"lifecycle","version":"2"},"event":{"count":1,"data":{},"id":"app.started"}}
{"session":"3410f6561eef","build":"182.4129.34","bucket":"-1","time":1576934463796,"group":{"id":"ui.dialogs","version":"2"},"event":{"count":1,"data":{"code":1,"type":"close"},"id":"com.intellij.openapi.progress.util.ProgressDialog$MyDialogWrapper"}}
{"session":"3410f6561eef","build":"182.4129.34","bucket":"-1","time":1576934464093,"group":{"id":"lifecycle","version":"2"},"event":{"count":1,"data":{"time.ms":30737},"id":"project.opening.finished"}}
{"session":"3410f6561eef","build":"182.4129.34","bucket":"-1","time":1576934464327,"group":{"id":"system.os.name","version":"2"},"event":{"data":{},"id":"Windows"}}
{"session":"3410f6561eef","build":"182.4129.34","bucket":"-1","time":1576934464327,"group":{"id":"system.os.version","version":"2"},"event":{"data":{},"id":"10.0"}}
{"session":"3410f6561eef","build":"182.4129.34","bucket":"-1","time":1576934464374,"group":{"id":"system.jvm.vendor","version":"2"},"event":{"data":{},"id":"JetBrains_s.r.o"}}
{"session":"3410f6561eef","build":"182.4129.34","bucket":"-1","time":1576934464374,"group":{"id":"system.jvm.version","version":"2"},"event":{"data":{},"id":"1.8"}}
{"session":"3410f6561eef","build":"182.4129.34","bucket":"-1","time":1576934503514,"group":{"id":"ui.dialogs","version":"2"},"event":{"count":1,"data":{"type":"show"},"id":"com.intellij.platform.OpenOrAttachDialog"}}
{"session":"3410f6561eef","build":"182.4129.34","bucket":"-1","time":1576934505561,"group":{"id":"ui.dialogs","version":"2"},"event":{"count":1,"data":{"code":0,"type":"close"},"id":"com.intellij.platform.OpenOrAttachDialog"}}
{"session":"3410f6561eef","build":"182.4129.34","bucket":"-1","time":1576934505967,"group":{"id":"lifecycle","version":"2"},"event":{"count":1,"data":{},"id":"project.opened"}}
{"session":"3410f6561eef","build":"182.4129.34","bucket":"-1","time":1576934506295,"group":{"id":"ui.dialogs","version":"2"},"event":{"count":1,"data":{"type":"show"},"id":"com.intellij.openapi.progress.util.ProgressDialog$MyDialogWrapper"}}
{"session":"3410f6561eef","build":"182.4129.34","bucket":"-1","time":1576934507482,"group":{"id":"ui.dialogs","version":"2"},"event":{"count":1,"data":{"code":1,"type":"close"},"id":"com.intellij.openapi.progress.util.ProgressDialog$MyDialogWrapper"}}
{"session":"3410f6561eef","build":"182.4129.34","bucket":"-1","time":1576934507732,"group":{"id":"lifecycle","version":"2"},"event":{"count":1,"data":{"time.ms":1993},"id":"project.opening.finished"}}
{"session":"3410f6561eef","build":"182.4129.34","bucket":"-1","time":1576934510810,"group":{"id":"system.os.name","version":"2"},"event":{"data":{},"id":"Windows"}}
{"session":"3410f6561eef","build":"182.4129.34","bucket":"-1","time":1576934510810,"group":{"id":"system.os.version","version":"2"},"event":{"data":{},"id":"10.0"}}
{"session":"3410f6561eef","build":"182.4129.34","bucket":"-1","time":1576934510810,"group":{"id":"system.jvm.vendor","version":"2"},"event":{"data":{},"id":"JetBrains_s.r.o"}}
{"session":"3410f6561eef","build":"182.4129.34","bucket":"-1","time":1576934510810,"group":{"id":"system.jvm.version","version":"2"},"event":{"data":{},"id":"1.8"}}
{"session":"3410f6561eef","build":"182.4129.34","bucket":"-1","time":1576934522013,"group":{"id":"actions","version":"2"},"event":{"count":1,"data":{},"id":"NewPythonFile"}}
{"session":"3410f6561eef","build":"182.4129.34","bucket":"-1","time":1576934522076,"group":{"id":"ui.dialogs","version":"2"},"event":{"count":1,"data":{"type":"show"},"id":"com.intellij.ide.actions.CreateFileFromTemplateDialog"}}
{"session":"3410f6561eef","build":"182.4129.34","bucket":"-1","time":1576934524482,"group":{"id":"actions","version":"2"},"event":{"count":1,"data":{},"id":"DialogOkAction_Enter"}}
{"session":"3410f6561eef","build":"182.4129.34","bucket":"-1","time":1576934525576,"group":{"id":"ui.dialogs","version":"2"},"event":{"count":1,"data":{"code":0,"type":"close"},"id":"com.intellij.ide.actions.CreateFileFromTemplateDialog"}}
{"session":"3410f6561eef","build":"182.4129.34","bucket":"-1","time":1576934538966,"group":{"id":"actions","version":"2"},"event":{"count":1,"data":{},"id":"EditorEnter"}}
{"session":"3410f6561eef","build":"182.4129.34","bucket":"-1","time":1576934545825,"group":{"id":"actions","version":"2"},"event":{"count":2,"data":{},"id":"EditorBackSpace"}}
{"session":"3410f6561eef","build":"182.4129.34","bucket":"-1","time":1576934548575,"group":{"id":"actions","version":"2"},"event":{"count":1,"data":{},"id":"EditorChooseLookupItem"}}
{"session":"3410f6561eef","build":"182.4129.34","bucket":"-1","time":1576934548653,"group":{"id":"completion","version":"2"},"event":{"count":1,"data":{},"id":"editing.completion.basic"}}
{"session":"3410f6561eef","build":"182.4129.34","bucket":"-1","time":1576934550513,"group":{"id":"actions","version":"2"},"event":{"count":1,"data":{},"id":"EditorEnter"}}
{"session":"3410f6561eef","build":"182.4129.34","bucket":"-1","time":1576934568512,"group":{"id":"completion","version":"2"},"event":{"count":1,"data":{},"id":"editing.completion.basic"}}
{"session":"3410f6561eef","build":"182.4129.34","bucket":"-1","time":1576934570809,"group":{"id":"actions","version":"2"},"event":{"count":1,"data":{},"id":"EditorEnter"}}
{"session":"3410f6561eef","build":"182.4129.34","bucket":"-1","time":1576934589999,"group":{"id":"actions","version":"2"},"event":{"count":1,"data":{},"id":"EditorBackSpace"}}
{"session":"3410f6561eef","build":"182.4129.34","bucket":"-1","time":1576934596843,"group":{"id":"completion","version":"2"},"event":{"count":1,"data":{},"id":"editing.completion.basic"}}
{"session":"3410f6561eef","build":"182.4129.34","bucket":"-1","time":1576934603343,"group":{"id":"actions","version":"2"},"event":{"count":1,"data":{},"id":"EditorChooseLookupItem"}}
{"session":"3410f6561eef","build":"182.4129.34","bucket":"-1","time":1576934603358,"group":{"id":"completion","version":"2"},"event":{"count":1,"data":{},"id":"editing.completion.basic"}}
{"session":"3410f6561eef","build":"182.4129.34","bucket":"-1","time":1576934604811,"group":{"id":"actions","version":"2"},"event":{"count":1,"data":{},"id":"EditorEnter"}}
{"session":"3410f6561eef","build":"182.4129.34","bucket":"-1","time":1576934615077,"group":{"id":"actions","version":"2"},"event":{"count":1,"data":{},"id":"EditorChooseLookupItem"}}
{"session":"3410f6561eef","build":"182.4129.34","bucket":"-1","time":1576934615092,"group":{"id":"completion","version":"2"},"event":{"count":1,"data":{},"id":"editing.completion.basic"}}
{"session":"3410f6561eef","build":"182.4129.34","bucket":"-1","time":1576934624608,"group":{"id":"actions","version":"2"},"event":{"count":2,"data":{},"id":"EditorBackSpace"}}
{"session":"3410f6561eef","build":"182.4129.34","bucket":"-1","time":1576934641185,"group":{"id":"actions","version":"2"},"event":{"count":1,"data":{},"id":"EditorRight"}}
{"session":"3410f6561eef","build":"182.4129.34","bucket":"-1","time":1576934642342,"group":{"id":"actions","version":"2"},"event":{"count":1,"data":{},"id":"EditorEnter"}}
{"session":"3410f6561eef","build":"182.4129.34","bucket":"-1","time":1576934667013,"group":{"id":"actions","version":"2"},"event":{"count":1,"data":{},"id":"EditorBackSpace"}}
{"session":"3410f6561eef","build":"182.4129.34","bucket":"-1","time":1576934693981,"group":{"id":"actions","version":"2"},"event":{"count":1,"data":{},"id":"EditorRight"}}
{"session":"3410f6561eef","build":"182.4129.34","bucket":"-1","time":1576934694590,"group":{"id":"actions","version":"2"},"event":{"count":1,"data":{},"id":"EditorEnter"}}
{"session":"3410f6561eef","build":"182.4129.34","bucket":"-1","time":1576934709652,"group":{"id":"actions","version":"2"},"event":{"count":1,"data":{},"id":"EditorBackSpace"}}
{"session":"3410f6561eef","build":"182.4129.34","bucket":"-1","time":1576934713371,"group":{"id":"actions","version":"2"},"event":{"count":1,"data":{},"id":"EditorChooseLookupItem"}}
{"session":"3410f6561eef","build":"182.4129.34","bucket":"-1","time":1576934713387,"group":{"id":"completion","version":"2"},"event":{"count":1,"data":{},"id":"editing.completion.basic"}}
{"session":"3410f6561eef","build":"182.4129.34","bucket":"-1","time":1576934751698,"group":{"id":"actions","version":"2"},"event":{"count":1,"data":{},"id":"EditorRight"}}
{"session":"3410f6561eef","build":"182.4129.34","bucket":"-1","time":1576934754432,"group":{"id":"actions","version":"2"},"event":{"count":1,"data":{},"id":"EditorEnter"}}
{"session":"3410f6561eef","build":"182.4129.34","bucket":"-1","time":1576934758432,"group":{"id":"actions","version":"2"},"event":{"count":1,"data":{},"id":"RunClass"}}
{"session":"3410f6561eef","build":"182.4129.34","bucket":"-1","time":1576934758542,"group":{"id":"trigger","version":"2"},"event":{"count":1,"data":{},"id":"execute.PythonConfigurationType.Run"}}
{"session":"3410f6561eef","build":"182.4129.34","bucket":"-1","time":1576934759385,"group":{"id":"toolwindow","version":"2"},"event":{"count":1,"data":{},"id":"Run_by_Activation"}}
{"session":"3410f6561eef","build":"182.4129.34","bucket":"-1","time":1576935265802,"group":{"id":"actions","version":"2"},"event":{"count":1,"data":{},"id":"EditorEnter"}}
{"session":"3410f6561eef","build":"182.4129.34","bucket":"-1","time":1576935265989,"group":{"id":"actions","version":"2"},"event":{"count":2,"data":{},"id":"EditorBackSpace"}}
{"session":"3410f6561eef","build":"182.4129.34","bucket":"-1","time":1576935276989,"group":{"id":"actions","version":"2"},"event":{"count":1,"data":{},"id":"EditorBackSpace"}}
{"session":"3410f6561eef","build":"182.4129.34","bucket":"-1","time":1576935291582,"group":{"id":"actions","version":"2"},"event":{"count":1,"data":{},"id":"EditorEnter"}}
{"session":"3410f6561eef","build":"182.4129.34","bucket":"-1","time":1576935293504,"group":{"id":"actions","version":"2"},"event":{"count":1,"data":{},"id":"$Undo"}}
{"session":"3410f6561eef","build":"182.4129.34","bucket":"-1","time":1576935294692,"group":{"id":"actions","version":"2"},"event":{"count":1,"data":{},"id":"EditorRight"}}
{"session":"3410f6561eef","build":"182.4129.34","bucket":"-1","time":1576935295301,"group":{"id":"actions","version":"2"},"event":{"count":1,"data":{},"id":"EditorEnter"}}
{"session":"3410f6561eef","build":"182.4129.34","bucket":"-1","time":1576935324066,"group":{"id":"actions","version":"2"},"event":{"count":4,"data":{},"id":"EditorLeft"}}
{"session":"3410f6561eef","build":"182.4129.34","bucket":"-1","time":1576935325785,"group":{"id":"actions","version":"2"},"event":{"count":1,"data":{},"id":"EditorBackSpace"}}
{"session":"3410f6561eef","build":"182.4129.34","bucket":"-1","time":1576935326957,"group":{"id":"actions","version":"2"},"event":{"count":5,"data":{},"id":"EditorRight"}}
{"session":"3410f6561eef","build":"182.4129.34","bucket":"-1","time":1576935329597,"group":{"id":"actions","version":"2"},"event":{"count":2,"data":{},"id":"EditorEnter"}}
{"session":"3410f6561eef","build":"182.4129.34","bucket":"-1","time":1576935349393,"group":{"id":"actions","version":"2"},"event":{"count":1,"data":{},"id":"EditorEnter"}}
{"session":"3410f6561eef","build":"182.4129.34","bucket":"-1","time":1576935405892,"group":{"id":"actions","version":"2"},"event":{"count":1,"data":{},"id":"EditorEnter"}}
{"session":"3410f6561eef","build":"182.4129.34","bucket":"-1","time":1576935408361,"group":{"id":"editing","version":"2"},"event":{"count":1,"data":{},"id":"editing.select.word"}}
{"session":"3410f6561eef","build":"182.4129.34","bucket":"-1","time":1576935414017,"group":{"id":"actions","version":"2"},"event":{"count":1,"data":{},"id":"$Undo"}}
{"session":"3410f6561eef","build":"182.4129.34","bucket":"-1","time":1576935417470,"group":{"id":"editing","version":"2"},"event":{"count":1,"data":{},"id":"editing.select.word"}}
{"session":"3410f6561eef","build":"182.4129.34","bucket":"-1","time":1576935421579,"group":{"id":"actions","version":"2"},"event":{"count":1,"data":{},"id":"$Undo"}}
{"session":"3410f6561eef","build":"182.4129.34","bucket":"-1","time":1576935426970,"group":{"id":"editing","version":"2"},"event":{"count":2,"data":{},"id":"editing.select.word"}}
{"session":"3410f6561eef","build":"182.4129.34","bucket":"-1","time":1576935430891,"group":{"id":"actions","version":"2"},"event":{"count":1,"data":{},"id":"EditorCopy"}}
{"session":"3410f6561eef","build":"182.4129.34","bucket":"-1","time":1576935434407,"group":{"id":"actions","version":"2"},"event":{"count":1,"data":{},"id":"EditorPaste"}}
{"session":"3410f6561eef","build":"182.4129.34","bucket":"-1","time":1576935437094,"group":{"id":"actions","version":"2"},"event":{"count":1,"data":{},"id":"EditorBackSpace"}}
{"session":"3410f6561eef","build":"182.4129.34","bucket":"-1","time":1576935442641,"group":{"id":"completion","version":"2"},"event":{"count":1,"data":{},"id":"editing.completion.basic"}}
{"session":"3410f6561eef","build":"182.4129.34","bucket":"-1","time":1576935447422,"group":{"id":"actions","version":"2"},"event":{"count":1,"data":{},"id":"EditorBackSpace"}}
{"session":"3410f6561eef","build":"182.4129.34","bucket":"-1","time":1576935451094,"group":{"id":"actions","version":"2"},"event":{"count":1,"data":{},"id":"EditorEnter"}}
{"session":"3410f6561eef","build":"182.4129.34","bucket":"-1","time":1576935456375,"group":{"id":"actions","version":"2"},"event":{"count":1,"data":{},"id":"EditorBackSpace"}}
{"session":"3410f6561eef","build":"182.4129.34","bucket":"-1","time":1576935472875,"group":{"id":"actions","version":"2"},"event":{"count":4,"data":{},"id":"EditorBackSpace"}}
{"session":"3410f6561eef","build":"182.4129.34","bucket":"-1","time":1576935479953,"group":{"id":"actions","version":"2"},"event":{"count":1,"data":{},"id":"EditorRight"}}
{"session":"3410f6561eef","build":"182.4129.34","bucket":"-1","time":1576935481249,"group":{"id":"actions","version":"2"},"event":{"count":2,"data":{},"id":"EditorBackSpace"}}
{"session":"3410f6561eef","build":"182.4129.34","bucket":"-1","time":1576935492499,"group":{"id":"actions","version":"2"},"event":{"count":1,"data":{},"id":"EditorEnter"}}
{"session":"3410f6561eef","build":"182.4129.34","bucket":"-1","time":1576935529108,"group":{"id":"actions","version":"2"},"event":{"count":1,"data":{},"id":"EditorChooseLookupItem"}}
{"session":"3410f6561eef","build":"182.4129.34","bucket":"-1","time":1576935529123,"group":{"id":"completion","version":"2"},"event":{"count":1,"data":{},"id":"editing.completion.basic"}}
{"session":"3410f6561eef","build":"182.4129.34","bucket":"-1","time":1576935532936,"group":{"id":"actions","version":"2"},"event":{"count":1,"data":{},"id":"EditorChooseLookupItem"}}
{"session":"3410f6561eef","build":"182.4129.34","bucket":"-1","time":1576935532951,"group":{"id":"completion","version":"2"},"event":{"count":1,"data":{},"id":"editing.completion.basic"}}
{"session":"3410f6561eef","build":"182.4129.34","bucket":"-1","time":1576935535889,"group":{"id":"actions","version":"2"},"event":{"count":1,"data":{},"id":"EditorRight"}}
{"session":"3410f6561eef","build":"182.4129.34","bucket":"-1","time":1576935536373,"group":{"id":"actions","version":"2"},"event":{"count":1,"data":{},"id":"EditorEnter"}}
{"session":"3410f6561eef","build":"182.4129.34","bucket":"-1","time":1576935539076,"group":{"id":"actions","version":"2"},"event":{"count":2,"data":{},"id":"EditorBackSpace"}}
{"session":"3410f6561eef","build":"182.4129.34","bucket":"-1","time":1576935542014,"group":{"id":"actions","version":"2"},"event":{"count":7,"data":{},"id":"EditorEnter"}}
{"session":"3410f6561eef","build":"182.4129.34","bucket":"-1","time":1576935546545,"group":{"id":"actions","version":"2"},"event":{"count":1,"data":{},"id":"$Undo"}}
{"session":"3410f6561eef","build":"182.4129.34","bucket":"-1","time":1576935548748,"group":{"id":"actions","version":"2"},"event":{"count":1,"data":{},"id":"EditorEnter"}}
{"session":"3410f6561eef","build":"182.4129.34","bucket":"-1","time":1576935557904,"group":{"id":"actions","version":"2"},"event":{"count":1,"data":{},"id":"EditorChooseLookupItem"}}
{"session":"3410f6561eef","build":"182.4129.34","bucket":"-1","time":1576935557935,"group":{"id":"completion","version":"2"},"event":{"count":1,"data":{},"id":"editing.completion.basic"}}
{"session":"3410f6561eef","build":"182.4129.34","bucket":"-1","time":1576935567247,"group":{"id":"actions","version":"2"},"event":{"count":1,"data":{},"id":"EditorChooseLookupItem"}}
{"session":"3410f6561eef","build":"182.4129.34","bucket":"-1","time":1576935567263,"group":{"id":"completion","version":"2"},"event":{"count":1,"data":{},"id":"editing.completion.basic"}}
{"session":"3410f6561eef","build":"182.4129.34","bucket":"-1","time":1576935571982,"group":{"id":"actions","version":"2"},"event":{"count":1,"data":{},"id":"EditorRight"}}
{"session":"3410f6561eef","build":"182.4129.34","bucket":"-1","time":1576935575341,"group":{"id":"actions","version":"2"},"event":{"count":1,"data":{},"id":"EditorEnter"}}
{"session":"3410f6561eef","build":"182.4129.34","bucket":"-1","time":1576935586200,"group":{"id":"actions","version":"2"},"event":{"count":1,"data":{},"id":"EditorChooseLookupItem"}}
{"session":"3410f6561eef","build":"182.4129.34","bucket":"-1","time":1576935586216,"group":{"id":"completion","version":"2"},"event":{"count":1,"data":{},"id":"editing.completion.basic"}}
{"session":"3410f6561eef","build":"182.4129.34","bucket":"-1","time":1576935600809,"group":{"id":"actions","version":"2"},"event":{"count":1,"data":{},"id":"EditorChooseLookupItem"}}
{"session":"3410f6561eef","build":"182.4129.34","bucket":"-1","time":1576935600809,"group":{"id":"completion","version":"2"},"event":{"count":1,"data":{},"id":"editing.completion.basic"}}
{"session":"3410f6561eef","build":"182.4129.34","bucket":"-1","time":1576935604653,"group":{"id":"actions","version":"2"},"event":{"count":1,"data":{},"id":"EditorRight"}}
{"session":"3410f6561eef","build":"182.4129.34","bucket":"-1","time":1576935605418,"group":{"id":"actions","version":"2"},"event":{"count":1,"data":{},"id":"EditorDown"}}
{"session":"3410f6561eef","build":"182.4129.34","bucket":"-1","time":1576935614340,"group":{"id":"actions","version":"2"},"event":{"count":1,"data":{},"id":"EditorEnter"}}
{"session":"3410f6561eef","build":"182.4129.34","bucket":"-1","time":1576935635730,"group":{"id":"actions","version":"2"},"event":{"count":2,"data":{},"id":"EditorBackSpace"}}
{"session":"3410f6561eef","build":"182.4129.34","bucket":"-1","time":1576935649417,"group":{"id":"actions","version":"2"},"event":{"count":1,"data":{},"id":"EditorRight"}}
{"session":"3410f6561eef","build":"182.4129.34","bucket":"-1","time":1576935650683,"group":{"id":"actions","version":"2"},"event":{"count":1,"data":{},"id":"EditorEnter"}}
{"session":"3410f6561eef","build":"182.4129.34","bucket":"-1","time":1576935662635,"group":{"id":"actions","version":"2"},"event":{"count":1,"data":{},"id":"EditorEnter"}}
{"session":"3410f6561eef","build":"182.4129.34","bucket":"-1","time":1576935704556,"group":{"id":"actions","version":"2"},"event":{"count":1,"data":{},"id":"EditorRight"}}
{"session":"3410f6561eef","build":"182.4129.34","bucket":"-1","time":1576935716400,"group":{"id":"actions","version":"2"},"event":{"count":1,"data":{},"id":"EditorRight"}}
{"session":"3410f6561eef","build":"182.4129.34","bucket":"-1","time":1576935722712,"group":{"id":"actions","version":"2"},"event":{"count":1,"data":{},"id":"EditorChooseLookupItem"}}
{"session":"3410f6561eef","build":"182.4129.34","bucket":"-1","time":1576935722728,"group":{"id":"completion","version":"2"},"event":{"count":1,"data":{},"id":"editing.completion.basic"}}
{"session":"3410f6561eef","build":"182.4129.34","bucket":"-1","time":1576935729212,"group":{"id":"actions","version":"2"},"event":{"count":3,"data":{},"id":"EditorBackSpace"}}
{"session":"3410f6561eef","build":"182.4129.34","bucket":"-1","time":1576935745180,"group":{"id":"actions","version":"2"},"event":{"count":1,"data":{},"id":"EditorRight"}}
{"session":"3410f6561eef","build":"182.4129.34","bucket":"-1","time":1576935748055,"group":{"id":"actions","version":"2"},"event":{"count":2,"data":{},"id":"EditorEnter"}}
{"session":"3410f6561eef","build":"182.4129.34","bucket":"-1","time":1576935768742,"group":{"id":"actions","version":"2"},"event":{"count":3,"data":{},"id":"EditorBackSpace"}}
{"session":"3410f6561eef","build":"182.4129.34","bucket":"-1","time":1576935779023,"group":{"id":"actions","version":"2"},"event":{"count":1,"data":{},"id":"EditorChooseLookupItem"}}
{"session":"3410f6561eef","build":"182.4129.34","bucket":"-1","time":1576935779039,"group":{"id":"completion","version":"2"},"event":{"count":1,"data":{},"id":"editing.completion.basic"}}
{"session":"3410f6561eef","build":"182.4129.34","bucket":"-1","time":1576935792101,"group":{"id":"actions","version":"2"},"event":{"count":2,"data":{},"id":"EditorEnter"}}
{"session":"3410f6561eef","build":"182.4129.34","bucket":"-1","time":1576935799695,"group":{"id":"actions","version":"2"},"event":{"count":2,"data":{},"id":"EditorBackSpace"}}
{"session":"3410f6561eef","build":"182.4129.34","bucket":"-1","time":1576935806663,"group":{"id":"actions","version":"2"},"event":{"count":1,"data":{},"id":"EditorChooseLookupItem"}}
{"session":"3410f6561eef","build":"182.4129.34","bucket":"-1","time":1576935806679,"group":{"id":"completion","version":"2"},"event":{"count":1,"data":{},"id":"editing.completion.basic"}}
{"session":"3410f6561eef","build":"182.4129.34","bucket":"-1","time":1576935812335,"group":{"id":"actions","version":"2"},"event":{"count":1,"data":{},"id":"EditorEnter"}}
{"session":"3410f6561eef","build":"182.4129.34","bucket":"-1","time":1576935815100,"group":{"id":"editing","version":"2"},"event":{"count":1,"data":{},"id":"editing.select.word"}}
{"session":"3410f6561eef","build":"182.4129.34","bucket":"-1","time":1576935817928,"group":{"id":"actions","version":"2"},"event":{"count":4,"data":{},"id":"EditorBackSpace"}}
{"session":"3410f6561eef","build":"182.4129.34","bucket":"-1","time":1576935824569,"group":{"id":"actions","version":"2"},"event":{"count":1,"data":{},"id":"EditorEnter"}}
{"session":"3410f6561eef","build":"182.4129.34","bucket":"-1","time":1576935841818,"group":{"id":"actions","version":"2"},"event":{"count":1,"data":{},"id":"EditorBackSpace"}}
{"session":"3410f6561eef","build":"182.4129.34","bucket":"-1","time":1576935856521,"group":{"id":"actions","version":"2"},"event":{"count":1,"data":{},"id":"EditorBackSpace"}}
{"session":"3410f6561eef","build":"182.4129.34","bucket":"-1","time":1576935865130,"group":{"id":"actions","version":"2"},"event":{"count":7,"data":{},"id":"EditorEnter"}}
{"session":"3410f6561eef","build":"182.4129.34","bucket":"-1","time":1576935867708,"group":{"id":"actions","version":"2"},"event":{"count":1,"data":{},"id":"$Undo"}}
{"session":"3410f6561eef","build":"182.4129.34","bucket":"-1","time":1576935870583,"group":{"id":"actions","version":"2"},"event":{"count":1,"data":{},"id":"EditorBackSpace"}}
{"session":"3410f6561eef","build":"182.4129.34","bucket":"-1","time":1576935872677,"group":{"id":"actions","version":"2"},"event":{"count":1,"data":{},"id":"EditorEnter"}}
{"session":"3410f6561eef","build":"182.4129.34","bucket":"-1","time":1576935874661,"group":{"id":"actions","version":"2"},"event":{"count":1,"data":{},"id":"$Undo"}}
{"session":"3410f6561eef","build":"182.4129.34","bucket":"-1","time":1576935875599,"group":{"id":"actions","version":"2"},"event":{"count":1,"data":{},"id":"EditorRight"}}
{"session":"3410f6561eef","build":"182.4129.34","bucket":"-1","time":1576935876521,"group":{"id":"actions","version":"2"},"event":{"count":1,"data":{},"id":"EditorEnter"}}
{"session":"3410f6561eef","build":"182.4129.34","bucket":"-1","time":1576935941441,"group":{"id":"actions","version":"2"},"event":{"count":1,"data":{},"id":"EditorChooseLookupItem"}}
{"session":"3410f6561eef","build":"182.4129.34","bucket":"-1","time":1576935941456,"group":{"id":"completion","version":"2"},"event":{"count":1,"data":{},"id":"editing.completion.basic"}}
{"session":"3410f6561eef","build":"182.4129.34","bucket":"-1","time":1576935941941,"group":{"id":"actions","version":"2"},"event":{"count":13,"data":{},"id":"EditorEnter"}}
{"session":"3410f6561eef","build":"182.4129.34","bucket":"-1","time":1576935943847,"group":{"id":"actions","version":"2"},"event":{"count":1,"data":{},"id":"$Undo"}}
{"session":"3410f6561eef","build":"182.4129.34","bucket":"-1","time":1576935949863,"group":{"id":"actions","version":"2"},"event":{"count":1,"data":{},"id":"EditorRight"}}
{"session":"3410f6561eef","build":"182.4129.34","bucket":"-1","time":1576935950550,"group":{"id":"actions","version":"2"},"event":{"count":2,"data":{},"id":"EditorBackSpace"}}
{"session":"3410f6561eef","build":"182.4129.34","bucket":"-1","time":1576935968346,"group":{"id":"actions","version":"2"},"event":{"count":2,"data":{},"id":"EditorEnter"}}
{"session":"3410f6561eef","build":"182.4129.34","bucket":"-1","time":1576936049172,"group":{"id":"actions","version":"2"},"event":{"count":1,"data":{},"id":"EditorRight"}}
{"session":"3410f6561eef","build":"182.4129.34","bucket":"-1","time":1576936049641,"group":{"id":"actions","version":"2"},"event":{"count":2,"data":{},"id":"EditorBackSpace"}}
{"session":"3410f6561eef","build":"182.4129.34","bucket":"-1","time":1576936054719,"group":{"id":"actions","version":"2"},"event":{"count":2,"data":{},"id":"EditorRight"}}
{"session":"3410f6561eef","build":"182.4129.34","bucket":"-1","time":1576936071172,"group":{"id":"actions","version":"2"},"event":{"count":1,"data":{},"id":"EditorRight"}}
{"session":"3410f6561eef","build":"182.4129.34","bucket":"-1","time":1576936090890,"group":{"id":"actions","version":"2"},"event":{"count":2,"data":{},"id":"EditorRight"}}
{"session":"3410f6561eef","build":"182.4129.34","bucket":"-1","time":1576936117827,"group":{"id":"actions","version":"2"},"event":{"count":1,"data":{},"id":"EditorRight"}}
{"session":"3410f6561eef","build":"182.4129.34","bucket":"-1","time":1576936125296,"group":{"id":"actions","version":"2"},"event":{"count":2,"data":{},"id":"EditorBackSpace"}}
{"session":"3410f6561eef","build":"182.4129.34","bucket":"-1","time":1576936130061,"group":{"id":"actions","version":"2"},"event":{"count":1,"data":{},"id":"EditorChooseLookupItem"}}
{"session":"3410f6561eef","build":"182.4129.34","bucket":"-1","time":1576936130077,"group":{"id":"completion","version":"2"},"event":{"count":1,"data":{},"id":"editing.completion.basic"}}
{"session":"3410f6561eef","build":"182.4129.34","bucket":"-1","time":1576936134123,"group":{"id":"actions","version":"2"},"event":{"count":1,"data":{},"id":"EditorRight"}}
{"session":"3410f6561eef","build":"182.4129.34","bucket":"-1","time":1576936159185,"group":{"id":"actions","version":"2"},"event":{"count":1,"data":{},"id":"EditorBackSpace"}}
{"session":"3410f6561eef","build":"182.4129.34","bucket":"-1","time":1576936164341,"group":{"id":"actions","version":"2"},"event":{"count":1,"data":{},"id":"EditorRight"}}
{"session":"3410f6561eef","build":"182.4129.34","bucket":"-1","time":1576936167216,"group":{"id":"actions","version":"2"},"event":{"count":1,"data":{},"id":"EditorEnter"}}
{"session":"3410f6561eef","build":"182.4129.34","bucket":"-1","time":1576936194513,"group":{"id":"actions","version":"2"},"event":{"count":1,"data":{},"id":"EditorChooseLookupItem"}}
{"session":"3410f6561eef","build":"182.4129.34","bucket":"-1","time":1576936194528,"group":{"id":"completion","version":"2"},"event":{"count":1,"data":{},"id":"editing.completion.basic"}}
{"session":"3410f6561eef","build":"182.4129.34","bucket":"-1","time":1576936211231,"group":{"id":"actions","version":"2"},"event":{"count":1,"data":{},"id":"EditorRight"}}
{"session":"3410f6561eef","build":"182.4129.34","bucket":"-1","time":1576936211731,"group":{"id":"actions","version":"2"},"event":{"count":2,"data":{},"id":"EditorEnter"}}
{"session":"3410f6561eef","build":"182.4129.34","bucket":"-1","time":1576936213356,"group":{"id":"actions","version":"2"},"event":{"count":1,"data":{},"id":"$Undo"}}
{"session":"3410f6561eef","build":"182.4129.34","bucket":"-1","time":1576936214684,"group":{"id":"actions","version":"2"},"event":{"count":2,"data":{},"id":"EditorBackSpace"}}
{"session":"3410f6561eef","build":"182.4129.34","bucket":"-1","time":1576936218996,"group":{"id":"actions","version":"2"},"event":{"count":1,"data":{},"id":"EditorRight"}}
{"session":"3410f6561eef","build":"182.4129.34","bucket":"-1","time":1576936222293,"group":{"id":"actions","version":"2"},"event":{"count":1,"data":{},"id":"EditorEnter"}}
{"session":"3410f6561eef","build":"182.4129.34","bucket":"-1","time":1576936236543,"group":{"id":"actions","version":"2"},"event":{"count":1,"data":{},"id":"EditorRight"}}
{"session":"3410f6561eef","build":"182.4129.34","bucket":"-1","time":1576936237871,"group":{"id":"actions","version":"2"},"event":{"count":1,"data":{},"id":"EditorEnter"}}
{"session":"3410f6561eef","build":"182.4129.34","bucket":"-1","time":1576936274307,"group":{"id":"actions","version":"2"},"event":{"count":1,"data":{},"id":"EditorEnter"}}
{"session":"3410f6561eef","build":"182.4129.34","bucket":"-1","time":1576936328181,"group":{"id":"actions","version":"2"},"event":{"count":1,"data":{},"id":"EditorBackSpace"}}
{"session":"3410f6561eef","build":"182.4129.34","bucket":"-1","time":1576936361461,"group":{"id":"actions","version":"2"},"event":{"count":1,"data":{},"id":"EditorBackSpace"}}
{"session":"3410f6561eef","build":"182.4129.34","bucket":"-1","time":1576936374789,"group":{"id":"actions","version":"2"},"event":{"count":2,"data":{},"id":"EditorRight"}}
{"session":"3410f6561eef","build":"182.4129.34","bucket":"-1","time":1576936389054,"group":{"id":"actions","version":"2"},"event":{"count":1,"data":{},"id":"EditorChooseLookupItem"}}
{"session":"3410f6561eef","build":"182.4129.34","bucket":"-1","time":1576936389070,"group":{"id":"completion","version":"2"},"event":{"count":1,"data":{},"id":"editing.completion.basic"}}
{"session":"3410f6561eef","build":"182.4129.34","bucket":"-1","time":1576936395461,"group":{"id":"actions","version":"2"},"event":{"count":3,"data":{},"id":"EditorRight"}}
{"session":"3410f6561eef","build":"182.4129.34","bucket":"-1","time":1576936411413,"group":{"id":"actions","version":"2"},"event":{"count":1,"data":{},"id":"EditorBackSpace"}}
{"session":"3410f6561eef","build":"182.4129.34","bucket":"-1","time":1576936444475,"group":{"id":"actions","version":"2"},"event":{"count":2,"data":{},"id":"EditorEnter"}}
{"session":"3410f6561eef","build":"182.4129.34","bucket":"-1","time":1576936455615,"group":{"id":"actions","version":"2"},"event":{"count":1,"data":{},"id":"EditorChooseLookupItem"}}
{"session":"3410f6561eef","build":"182.4129.34","bucket":"-1","time":1576936455631,"group":{"id":"completion","version":"2"},"event":{"count":1,"data":{},"id":"editing.completion.basic"}}
{"session":"3410f6561eef","build":"182.4129.34","bucket":"-1","time":1576936459178,"group":{"id":"actions","version":"2"},"event":{"count":1,"data":{},"id":"EditorBackSpace"}}
{"session":"3410f6561eef","build":"182.4129.34","bucket":"-1","time":1576936479193,"group":{"id":"actions","version":"2"},"event":{"count":1,"data":{},"id":"EditorChooseLookupItem"}}
{"session":"3410f6561eef","build":"182.4129.34","bucket":"-1","time":1576936479208,"group":{"id":"completion","version":"2"},"event":{"count":1,"data":{},"id":"editing.completion.basic"}}
{"session":"3410f6561eef","build":"182.4129.34","bucket":"-1","time":1576936502114,"group":{"id":"actions","version":"2"},"event":{"count":1,"data":{},"id":"EditorBackSpace"}}
{"session":"3410f6561eef","build":"182.4129.34","bucket":"-1","time":1576936525926,"group":{"id":"actions","version":"2"},"event":{"count":1,"data":{},"id":"EditorEnter"}}
{"session":"3410f6561eef","build":"182.4129.34","bucket":"-1","time":1576936545769,"group":{"id":"actions","version":"2"},"event":{"count":1,"data":{},"id":"EditorRight"}}
{"session":"3410f6561eef","build":"182.4129.34","bucket":"-1","time":1576936547019,"group":{"id":"actions","version":"2"},"event":{"count":1,"data":{},"id":"EditorEnter"}}
{"session":"3410f6561eef","build":"182.4129.34","bucket":"-1","time":1576936578831,"group":{"id":"actions","version":"2"},"event":{"count":1,"data":{},"id":"EditorBackSpace"}}
{"session":"3410f6561eef","build":"182.4129.34","bucket":"-1","time":1576936588909,"group":{"id":"editing","version":"2"},"event":{"count":3,"data":{},"id":"editing.select.word"}}
{"session":"3410f6561eef","build":"182.4129.34","bucket":"-1","time":1576936605861,"group":{"id":"actions","version":"2"},"event":{"count":1,"data":{},"id":"EditorCopy"}}
{"session":"3410f6561eef","build":"182.4129.34","bucket":"-1","time":1576936616080,"group":{"id":"actions","version":"2"},"event":{"count":1,"data":{},"id":"EditorEnter"}}
{"session":"3410f6561eef","build":"182.4129.34","bucket":"-1","time":1576936620955,"group":{"id":"actions","version":"2"},"event":{"count":3,"data":{},"id":"EditorPaste"}}
{"session":"3410f6561eef","build":"182.4129.34","bucket":"-1","time":1576936636579,"group":{"id":"actions","version":"2"},"event":{"count":1,"data":{},"id":"EditorBackSpace"}}
{"session":"3410f6561eef","build":"182.4129.34","bucket":"-1","time":1576936647517,"group":{"id":"actions","version":"2"},"event":{"count":1,"data":{},"id":"EditorEnter"}}
{"session":"3410f6561eef","build":"182.4129.34","bucket":"-1","time":1576936648470,"group":{"id":"actions","version":"2"},"event":{"count":2,"data":{},"id":"EditorBackSpace"}}
{"session":"3410f6561eef","build":"182.4129.34","bucket":"-1","time":1576936662657,"group":{"id":"actions","version":"2"},"event":{"count":1,"data":{},"id":"EditorEnter"}}
{"session":"3410f6561eef","build":"182.4129.34","bucket":"-1","time":1576936663782,"group":{"id":"actions","version":"2"},"event":{"count":1,"data":{},"id":"EditorBackSpace"}}
{"session":"3410f6561eef","build":"182.4129.34","bucket":"-1","time":1576936727358,"group":{"id":"actions","version":"2"},"event":{"count":4,"data":{},"id":"EditorBackSpace"}}
{"session":"3410f6561eef","build":"182.4129.34","bucket":"-1","time":1576936738655,"group":{"id":"actions","version":"2"},"event":{"count":8,"data":{},"id":"EditorBackSpace"}}
{"session":"3410f6561eef","build":"182.4129.34","bucket":"-1","time":1576936775748,"group":{"id":"actions","version":"2"},"event":{"count":2,"data":{},"id":"EditorBackSpace"}}
{"session":"3410f6561eef","build":"182.4129.34","bucket":"-1","time":1576936798950,"group":{"id":"actions","version":"2"},"event":{"count":1,"data":{},"id":"EditorBackSpace"}}
{"session":"3410f6561eef","build":"182.4129.34","bucket":"-1","time":1576936811434,"group":{"id":"actions","version":"2"},"event":{"count":1,"data":{},"id":"EditorBackSpace"}}
{"session":"3410f6561eef","build":"182.4129.34","bucket":"-1","time":1576936828902,"group":{"id":"actions","version":"2"},"event":{"count":1,"data":{},"id":"EditorBackSpace"}}
{"session":"3410f6561eef","build":"182.4129.34","bucket":"-1","time":1576936844199,"group":{"id":"actions","version":"2"},"event":{"count":2,"data":{},"id":"EditorEnter"}}
{"session":"3410f6561eef","build":"182.4129.34","bucket":"-1","time":1576936862948,"group":{"id":"actions","version":"2"},"event":{"count":3,"data":{},"id":"EditorBackSpace"}}
{"session":"3410f6561eef","build":"182.4129.34","bucket":"-1","time":1576936870292,"group":{"id":"actions","version":"2"},"event":{"count":1,"data":{},"id":"EditorChooseLookupItem"}}
{"session":"3410f6561eef","build":"182.4129.34","bucket":"-1","time":1576936870308,"group":{"id":"completion","version":"2"},"event":{"count":1,"data":{},"id":"editing.completion.basic"}}
{"session":"3410f6561eef","build":"182.4129.34","bucket":"-1","time":1576936897276,"group":{"id":"actions","version":"2"},"event":{"count":1,"data":{},"id":"EditorBackSpace"}}
{"session":"3410f6561eef","build":"182.4129.34","bucket":"-1","time":1576936955915,"group":{"id":"actions","version":"2"},"event":{"count":1,"data":{},"id":"EditorEnter"}}
{"session":"3410f6561eef","build":"182.4129.34","bucket":"-1","time":1576936958649,"group":{"id":"actions","version":"2"},"event":{"count":1,"data":{},"id":"EditorBackSpace"}}
{"session":"3410f6561eef","build":"182.4129.34","bucket":"-1","time":1576936965727,"group":{"id":"actions","version":"2"},"event":{"count":1,"data":{},"id":"EditorChooseLookupItem"}}
{"session":"3410f6561eef","build":"182.4129.34","bucket":"-1","time":1576936965743,"group":{"id":"completion","version":"2"},"event":{"count":1,"data":{},"id":"editing.completion.basic"}}
{"session":"3410f6561eef","build":"182.4129.34","bucket":"-1","time":1576936971336,"group":{"id":"actions","version":"2"},"event":{"count":1,"data":{},"id":"EditorRight"}}
{"session":"3410f6561eef","build":"182.4129.34","bucket":"-1","time":1576936980867,"group":{"id":"actions","version":"2"},"event":{"count":1,"data":{},"id":"EditorChooseLookupItem"}}
{"session":"3410f6561eef","build":"182.4129.34","bucket":"-1","time":1576936980883,"group":{"id":"completion","version":"2"},"event":{"count":1,"data":{},"id":"editing.completion.basic"}}
{"session":"3410f6561eef","build":"182.4129.34","bucket":"-1","time":1576936988664,"group":{"id":"actions","version":"2"},"event":{"count":1,"data":{},"id":"EditorEnter"}}
{"session":"3410f6561eef","build":"182.4129.34","bucket":"-1","time":1576936995461,"group":{"id":"actions","version":"2"},"event":{"count":1,"data":{},"id":"EditorBackSpace"}}
{"session":"3410f6561eef","build":"182.4129.34","bucket":"-1","time":1576936997554,"group":{"id":"actions","version":"2"},"event":{"count":1,"data":{},"id":"EditorChooseLookupItem"}}
{"session":"3410f6561eef","build":"182.4129.34","bucket":"-1","time":1576936997570,"group":{"id":"completion","version":"2"},"event":{"count":1,"data":{},"id":"editing.completion.basic"}}
{"session":"3410f6561eef","build":"182.4129.34","bucket":"-1","time":1576937007210,"group":{"id":"actions","version":"2"},"event":{"count":1,"data":{},"id":"EditorBackSpace"}}
{"session":"3410f6561eef","build":"182.4129.34","bucket":"-1","time":1576937013913,"group":{"id":"actions","version":"2"},"event":{"count":1,"data":{},"id":"EditorEnter"}}
{"session":"3410f6561eef","build":"182.4129.34","bucket":"-1","time":1576937043897,"group":{"id":"actions","version":"2"},"event":{"count":4,"data":{},"id":"EditorBackSpace"}}
{"session":"3410f6561eef","build":"182.4129.34","bucket":"-1","time":1576937054444,"group":{"id":"actions","version":"2"},"event":{"count":1,"data":{},"id":"EditorChooseLookupItem"}}
{"session":"3410f6561eef","build":"182.4129.34","bucket":"-1","time":1576937054459,"group":{"id":"completion","version":"2"},"event":{"count":1,"data":{},"id":"editing.completion.basic"}}
{"session":"3410f6561eef","build":"182.4129.34","bucket":"-1","time":1576937061897,"group":{"id":"actions","version":"2"},"event":{"count":1,"data":{},"id":"EditorEnter"}}
{"session":"3410f6561eef","build":"182.4129.34","bucket":"-1","time":1576937075834,"group":{"id":"editing","version":"2"},"event":{"count":2,"data":{},"id":"editing.select.word"}}
{"session":"3410f6561eef","build":"182.4129.34","bucket":"-1","time":1576937085849,"group":{"id":"actions","version":"2"},"event":{"count":1,"data":{},"id":"EditorEnter"}}
{"session":"3410f6561eef","build":"182.4129.34","bucket":"-1","time":1576937092286,"group":{"id":"editing","version":"2"},"event":{"count":3,"data":{},"id":"editing.select.word"}}
{"session":"3410f6561eef","build":"182.4129.34","bucket":"-1","time":1576937099567,"group":{"id":"actions","version":"2"},"event":{"count":1,"data":{},"id":"$Undo"}}
{"session":"3410f6561eef","build":"182.4129.34","bucket":"-1","time":1576937101724,"group":{"id":"editing","version":"2"},"event":{"count":2,"data":{},"id":"editing.select.word"}}
{"session":"3410f6561eef","build":"182.4129.34","bucket":"-1","time":1576937112473,"group":{"id":"actions","version":"2"},"event":{"count":11,"data":{},"id":"EditorBackSpace"}}
{"session":"3410f6561eef","build":"182.4129.34","bucket":"-1","time":1576937124457,"group":{"id":"actions","version":"2"},"event":{"count":1,"data":{},"id":"EditorEnter"}}
{"session":"3410f6561eef","build":"182.4129.34","bucket":"-1","time":1576937129989,"group":{"id":"actions","version":"2"},"event":{"count":1,"data":{},"id":"EditorChooseLookupItem"}}
{"session":"3410f6561eef","build":"182.4129.34","bucket":"-1","time":1576937130004,"group":{"id":"completion","version":"2"},"event":{"count":1,"data":{},"id":"editing.completion.basic"}}
{"session":"3410f6561eef","build":"182.4129.34","bucket":"-1","time":1576937144816,"group":{"id":"actions","version":"2"},"event":{"count":1,"data":{},"id":"EditorChooseLookupItem"}}
{"session":"3410f6561eef","build":"182.4129.34","bucket":"-1","time":1576937144832,"group":{"id":"completion","version":"2"},"event":{"count":1,"data":{},"id":"editing.completion.basic"}}
{"session":"3410f6561eef","build":"182.4129.34","bucket":"-1","time":1576937165941,"group":{"id":"actions","version":"2"},"event":{"count":1,"data":{},"id":"EditorBackSpace"}}
{"session":"3410f6561eef","build":"182.4129.34","bucket":"-1","time":1576937202643,"group":{"id":"actions","version":"2"},"event":{"count":1,"data":{},"id":"EditorChooseLookupItem"}}
{"session":"3410f6561eef","build":"182.4129.34","bucket":"-1","time":1576937202659,"group":{"id":"completion","version":"2"},"event":{"count":1,"data":{},"id":"editing.completion.basic"}}
{"session":"3410f6561eef","build":"182.4129.34","bucket":"-1","time":1576937205096,"group":{"id":"actions","version":"2"},"event":{"count":1,"data":{},"id":"EditorRight"}}
{"session":"3410f6561eef","build":"182.4129.34","bucket":"-1","time":1576937207268,"group":{"id":"actions","version":"2"},"event":{"count":1,"data":{},"id":"EditorEnter"}}
{"session":"3410f6561eef","build":"182.4129.34","bucket":"-1","time":1576937212299,"group":{"id":"actions","version":"2"},"event":{"count":1,"data":{},"id":"EditorChooseLookupItem"}}
{"session":"3410f6561eef","build":"182.4129.34","bucket":"-1","time":1576937212315,"group":{"id":"completion","version":"2"},"event":{"count":1,"data":{},"id":"editing.completion.basic"}}
{"session":"3410f6561eef","build":"182.4129.34","bucket":"-1","time":1576937216721,"group":{"id":"actions","version":"2"},"event":{"count":1,"data":{},"id":"EditorChooseLookupItem"}}
{"session":"3410f6561eef","build":"182.4129.34","bucket":"-1","time":1576937216736,"group":{"id":"completion","version":"2"},"event":{"count":1,"data":{},"id":"editing.completion.basic"}}
{"session":"3410f6561eef","build":"182.4129.34","bucket":"-1","time":1576937231408,"group":{"id":"actions","version":"2"},"event":{"count":1,"data":{},"id":"EditorRight"}}
{"session":"3410f6561eef","build":"182.4129.34","bucket":"-1","time":1576937271063,"group":{"id":"actions","version":"2"},"event":{"count":1,"data":{},"id":"EditorEnter"}}
{"session":"3410f6561eef","build":"182.4129.34","bucket":"-1","time":1576937353733,"group":{"id":"actions","version":"2"},"event":{"count":1,"data":{},"id":"EditorBackSpace"}}
{"session":"3410f6561eef","build":"182.4129.34","bucket":"-1","time":1576937383341,"group":{"id":"actions","version":"2"},"event":{"count":1,"data":{},"id":"EditorChooseLookupItem"}}
{"session":"3410f6561eef","build":"182.4129.34","bucket":"-1","time":1576937383357,"group":{"id":"completion","version":"2"},"event":{"count":1,"data":{},"id":"editing.completion.basic"}}
{"session":"3410f6561eef","build":"182.4129.34","bucket":"-1","time":1576937403278,"group":{"id":"actions","version":"2"},"event":{"count":1,"data":{},"id":"EditorBackSpace"}}
{"session":"3410f6561eef","build":"182.4129.34","bucket":"-1","time":1576937438449,"group":{"id":"actions","version":"2"},"event":{"count":2,"data":{},"id":"EditorBackSpace"}}
{"session":"3410f6561eef","build":"182.4129.34","bucket":"-1","time":1576937462121,"group":{"id":"actions","version":"2"},"event":{"count":2,"data":{},"id":"EditorBackSpace"}}
{"session":"3410f6561eef","build":"182.4129.34","bucket":"-1","time":1576937479480,"group":{"id":"actions","version":"2"},"event":{"count":1,"data":{},"id":"EditorBackSpace"}}
{"session":"3410f6561eef","build":"182.4129.34","bucket":"-1","time":1576937525494,"group":{"id":"actions","version":"2"},"event":{"count":1,"data":{},"id":"EditorEnter"}}
{"session":"3410f6561eef","build":"182.4129.34","bucket":"-1","time":1576937534494,"group":{"id":"actions","version":"2"},"event":{"count":1,"data":{},"id":"EditorChooseLookupItem"}}
{"session":"3410f6561eef","build":"182.4129.34","bucket":"-1","time":1576937534509,"group":{"id":"completion","version":"2"},"event":{"count":1,"data":{},"id":"editing.completion.basic"}}
{"session":"3410f6561eef","build":"182.4129.34","bucket":"-1","time":1576937546087,"group":{"id":"actions","version":"2"},"event":{"count":1,"data":{},"id":"EditorRight"}}
{"session":"3410f6561eef","build":"182.4129.34","bucket":"-1","time":1576937546869,"group":{"id":"actions","version":"2"},"event":{"count":2,"data":{},"id":"EditorBackSpace"}}
{"session":"3410f6561eef","build":"182.4129.34","bucket":"-1","time":1576937566087,"group":{"id":"actions","version":"2"},"event":{"count":1,"data":{},"id":"EditorRight"}}
{"session":"3410f6561eef","build":"182.4129.34","bucket":"-1","time":1576937571962,"group":{"id":"actions","version":"2"},"event":{"count":1,"data":{},"id":"EditorChooseLookupItem"}}
{"session":"3410f6561eef","build":"182.4129.34","bucket":"-1","time":1576937571977,"group":{"id":"completion","version":"2"},"event":{"count":1,"data":{},"id":"editing.completion.basic"}}
{"session":"3410f6561eef","build":"182.4129.34","bucket":"-1","time":1576937575930,"group":{"id":"actions","version":"2"},"event":{"count":1,"data":{},"id":"EditorRight"}}
{"session":"3410f6561eef","build":"182.4129.34","bucket":"-1","time":1576937581055,"group":{"id":"actions","version":"2"},"event":{"count":1,"data":{},"id":"EditorChooseLookupItem"}}
{"session":"3410f6561eef","build":"182.4129.34","bucket":"-1","time":1576937581055,"group":{"id":"completion","version":"2"},"event":{"count":1,"data":{},"id":"editing.completion.basic"}}
{"session":"3410f6561eef","build":"182.4129.34","bucket":"-1","time":1576937608961,"group":{"id":"actions","version":"2"},"event":{"count":1,"data":{},"id":"EditorRight"}}
{"session":"3410f6561eef","build":"182.4129.34","bucket":"-1","time":1576937609414,"group":{"id":"actions","version":"2"},"event":{"count":1,"data":{},"id":"EditorEnter"}}
{"session":"3410f6561eef","build":"182.4129.34","bucket":"-1","time":1576937638866,"group":{"id":"actions","version":"2"},"event":{"count":2,"data":{},"id":"EditorBackSpace"}}
{"session":"3410f6561eef","build":"182.4129.34","bucket":"-1","time":1576937643304,"group":{"id":"actions","version":"2"},"event":{"count":1,"data":{},"id":"EditorEnter"}}
{"session":"3410f6561eef","build":"182.4129.34","bucket":"-1","time":1576937664022,"group":{"id":"actions","version":"2"},"event":{"count":1,"data":{},"id":"EditorRight"}}
{"session":"3410f6561eef","build":"182.4129.34","bucket":"-1","time":1576937664459,"group":{"id":"actions","version":"2"},"event":{"count":1,"data":{},"id":"EditorEnter"}}
{"session":"3410f6561eef","build":"182.4129.34","bucket":"-1","time":1576937668850,"group":{"id":"actions","version":"2"},"event":{"count":1,"data":{},"id":"EditorBackSpace"}}
{"session":"3410f6561eef","build":"182.4129.34","bucket":"-1","time":1576937673178,"group":{"id":"actions","version":"2"},"event":{"count":1,"data":{},"id":"EditorChooseLookupItem"}}
{"session":"3410f6561eef","build":"182.4129.34","bucket":"-1","time":1576937673193,"group":{"id":"completion","version":"2"},"event":{"count":1,"data":{},"id":"editing.completion.basic"}}
{"session":"3410f6561eef","build":"182.4129.34","bucket":"-1","time":1576937690209,"group":{"id":"actions","version":"2"},"event":{"count":1,"data":{},"id":"EditorBackSpace"}}
{"session":"3410f6561eef","build":"182.4129.34","bucket":"-1","time":1576937691771,"group":{"id":"actions","version":"2"},"event":{"count":1,"data":{},"id":"EditorRight"}}
{"session":"3410f6561eef","build":"182.4129.34","bucket":"-1","time":1576937699068,"group":{"id":"actions","version":"2"},"event":{"count":1,"data":{},"id":"EditorChooseLookupItem"}}
{"session":"3410f6561eef","build":"182.4129.34","bucket":"-1","time":1576937699083,"group":{"id":"completion","version":"2"},"event":{"count":1,"data":{},"id":"editing.completion.basic"}}
{"session":"3410f6561eef","build":"182.4129.34","bucket":"-1","time":1576937703411,"group":{"id":"actions","version":"2"},"event":{"count":1,"data":{},"id":"EditorRight"}}
{"session":"3410f6561eef","build":"182.4129.34","bucket":"-1","time":1576937712489,"group":{"id":"actions","version":"2"},"event":{"count":1,"data":{},"id":"EditorEnter"}}
{"session":"3410f6561eef","build":"182.4129.34","bucket":"-1","time":1576937758379,"group":{"id":"actions","version":"2"},"event":{"count":1,"data":{},"id":"EditorEnter"}}
{"session":"3410f6561eef","build":"182.4129.34","bucket":"-1","time":1576937773300,"group":{"id":"actions","version":"2"},"event":{"count":2,"data":{},"id":"EditorBackSpace"}}
{"session":"3410f6561eef","build":"182.4129.34","bucket":"-1","time":1576937778003,"group":{"id":"actions","version":"2"},"event":{"count":1,"data":{},"id":"EditorChooseLookupItem"}}
{"session":"3410f6561eef","build":"182.4129.34","bucket":"-1","time":1576937778019,"group":{"id":"completion","version":"2"},"event":{"count":1,"data":{},"id":"editing.completion.basic"}}
{"session":"3410f6561eef","build":"182.4129.34","bucket":"-1","time":1576937781644,"group":{"id":"actions","version":"2"},"event":{"count":1,"data":{},"id":"EditorBackSpace"}}
{"session":"3410f6561eef","build":"182.4129.34","bucket":"-1","time":1576937790237,"group":{"id":"actions","version":"2"},"event":{"count":2,"data":{},"id":"EditorRight"}}
{"session":"3410f6561eef","build":"182.4129.34","bucket":"-1","time":1576937800596,"group":{"id":"actions","version":"2"},"event":{"count":1,"data":{},"id":"EditorBackSpace"}}
{"session":"3410f6561eef","build":"182.4129.34","bucket":"-1","time":1576937822440,"group":{"id":"actions","version":"2"},"event":{"count":2,"data":{},"id":"EditorRight"}}
{"session":"3410f6561eef","build":"182.4129.34","bucket":"-1","time":1576937834971,"group":{"id":"actions","version":"2"},"event":{"count":1,"data":{},"id":"EditorChooseLookupItem"}}
{"session":"3410f6561eef","build":"182.4129.34","bucket":"-1","time":1576937834986,"group":{"id":"completion","version":"2"},"event":{"count":1,"data":{},"id":"editing.completion.basic"}}
{"session":"3410f6561eef","build":"182.4129.34","bucket":"-1","time":1576937876219,"group":{"id":"actions","version":"2"},"event":{"count":1,"data":{},"id":"EditorBackSpace"}}
{"session":"3410f6561eef","build":"182.4129.34","bucket":"-1","time":1576937884860,"group":{"id":"actions","version":"2"},"event":{"count":1,"data":{},"id":"RunClass"}}
{"session":"3410f6561eef","build":"182.4129.34","bucket":"-1","time":1576937884922,"group":{"id":"trigger","version":"2"},"event":{"count":1,"data":{},"id":"execute.PythonConfigurationType.Run"}}
{"session":"3410f6561eef","build":"182.4129.34","bucket":"-1","time":1576937885235,"group":{"id":"toolwindow","version":"2"},"event":{"count":1,"data":{},"id":"Run_by_Activation"}}
{"session":"3410f6561eef","build":"182.4129.34","bucket":"-1","time":1576937913156,"group":{"id":"actions","version":"2"},"event":{"count":1,"data":{},"id":"RunClass"}}
{"session":"3410f6561eef","build":"182.4129.34","bucket":"-1","time":1576937913219,"group":{"id":"trigger","version":"2"},"event":{"count":1,"data":{},"id":"execute.PythonConfigurationType.Run"}}
{"session":"3410f6561eef","build":"182.4129.34","bucket":"-1","time":1576937913406,"group":{"id":"toolwindow","version":"2"},"event":{"count":1,"data":{},"id":"Run_by_Activation"}}
{"session":"3410f6561eef","build":"182.4129.34","bucket":"-1","time":1576937958124,"group":{"id":"actions","version":"2"},"event":{"count":3,"data":{},"id":"EditorBackSpace"}}
{"session":"3410f6561eef","build":"182.4129.34","bucket":"-1","time":1576937960170,"group":{"id":"actions","version":"2"},"event":{"count":1,"data":{},"id":"EditorEnter"}}
{"session":"3410f6561eef","build":"182.4129.34","bucket":"-1","time":1576937983764,"group":{"id":"actions","version":"2"},"event":{"count":1,"data":{},"id":"RunClass"}}
{"session":"3410f6561eef","build":"182.4129.34","bucket":"-1","time":1576937983826,"group":{"id":"trigger","version":"2"},"event":{"count":1,"data":{},"id":"execute.PythonConfigurationType.Run"}}
{"session":"3410f6561eef","build":"182.4129.34","bucket":"-1","time":1576937984045,"group":{"id":"toolwindow","version":"2"},"event":{"count":1,"data":{},"id":"Run_by_Activation"}}
{"session":"3410f6561eef","build":"182.4129.34","bucket":"-1","time":1576938065199,"group":{"id":"actions","version":"2"},"event":{"count":1,"data":{},"id":"EditorBackSpace"}}
{"session":"3410f6561eef","build":"182.4129.34","bucket":"-1","time":1576938092136,"group":{"id":"actions","version":"2"},"event":{"count":1,"data":{},"id":"EditorBackSpace"}}
{"session":"3410f6561eef","build":"182.4129.34","bucket":"-1","time":1576938096464,"group":{"id":"actions","version":"2"},"event":{"count":1,"data":{},"id":"RunClass"}}
{"session":"3410f6561eef","build":"182.4129.34","bucket":"-1","time":1576938096526,"group":{"id":"trigger","version":"2"},"event":{"count":1,"data":{},"id":"execute.PythonConfigurationType.Run"}}
{"session":"3410f6561eef","build":"182.4129.34","bucket":"-1","time":1576938096745,"group":{"id":"toolwindow","version":"2"},"event":{"count":1,"data":{},"id":"Run_by_Activation"}}
{"session":"3410f6561eef","build":"182.4129.34","bucket":"-1","time":1576938121541,"group":{"id":"editing","version":"2"},"event":{"count":1,"data":{},"id":"editing.select.word"}}
{"session":"3410f6561eef","build":"182.4129.34","bucket":"-1","time":1576938126697,"group":{"id":"actions","version":"2"},"event":{"count":1,"data":{},"id":"EditorBackSpace"}}
{"session":"3410f6561eef","build":"182.4129.34","bucket":"-1","time":1576938138713,"group":{"id":"actions","version":"2"},"event":{"count":1,"data":{},"id":"$SelectAll"}}
{"session":"3410f6561eef","build":"182.4129.34","bucket":"-1","time":1576938140869,"group":{"id":"actions","version":"2"},"event":{"count":1,"data":{},"id":"EditorCopy"}}
{"session":"3410f6561eef","build":"182.4129.34","bucket":"-1","time":1576938187821,"group":{"id":"actions","version":"2"},"event":{"count":1,"data":{},"id":"EditorBackSpace"}}
{"session":"3410f6561eef","build":"182.4129.34","bucket":"-1","time":1576938436464,"group":{"id":"actions","version":"2"},"event":{"count":1,"data":{},"id":"EditorPaste"}}
{"session":"3410f6561eef","build":"182.4129.34","bucket":"-1","time":1576938461167,"group":{"id":"actions","version":"2"},"event":{"count":1,"data":{},"id":"RunClass"}}
{"session":"3410f6561eef","build":"182.4129.34","bucket":"-1","time":1576938461229,"group":{"id":"trigger","version":"2"},"event":{"count":1,"data":{},"id":"execute.PythonConfigurationType.Run"}}
{"session":"3410f6561eef","build":"182.4129.34","bucket":"-1","time":1576938461432,"group":{"id":"toolwindow","version":"2"},"event":{"count":1,"data":{},"id":"Run_by_Activation"}}
{"session":"3410f6561eef","build":"182.4129.34","bucket":"-1","time":1576938490072,"group":{"id":"actions","version":"2"},"event":{"count":1,"data":{},"id":"EditorBackSpace"}}
{"session":"3410f6561eef","build":"182.4129.34","bucket":"-1","time":1576938494228,"group":{"id":"actions","version":"2"},"event":{"count":1,"data":{},"id":"RunClass"}}
{"session":"3410f6561eef","build":"182.4129.34","bucket":"-1","time":1576938494291,"group":{"id":"trigger","version":"2"},"event":{"count":1,"data":{},"id":"execute.PythonConfigurationType.Run"}}
{"session":"3410f6561eef","build":"182.4129.34","bucket":"-1","time":1576938494478,"group":{"id":"toolwindow","version":"2"},"event":{"count":1,"data":{},"id":"Run_by_Activation"}}
{"session":"3410f6561eef","build":"182.4129.34","bucket":"-1","time":1576938520603,"group":{"id":"actions","version":"2"},"event":{"count":54,"data":{},"id":"EditorUp"}}
{"session":"3410f6561eef","build":"182.4129.34","bucket":"-1","time":1576938537977,"group":{"id":"actions","version":"2"},"event":{"count":2,"data":{},"id":"EditorBackSpace"}}
{"session":"3410f6561eef","build":"182.4129.34","bucket":"-1","time":1576938548008,"group":{"id":"actions","version":"2"},"event":{"count":1,"data":{},"id":"DebugClass"}}
{"session":"3410f6561eef","build":"182.4129.34","bucket":"-1","time":1576938548071,"group":{"id":"trigger","version":"2"},"event":{"count":1,"data":{},"id":"execute.PythonConfigurationType.Debug"}}
{"session":"3410f6561eef","build":"182.4129.34","bucket":"-1","time":1576938548743,"group":{"id":"toolwindow","version":"2"},"event":{"count":1,"data":{},"id":"Debug_by_Activation"}}
{"session":"3410f6561eef","build":"182.4129.34","bucket":"-1","time":1576938565008,"group":{"id":"actions","version":"2"},"event":{"count":28,"data":{},"id":"EditorUp"}}
{"session":"3410f6561eef","build":"182.4129.34","bucket":"-1","time":1576938591523,"group":{"id":"actions","version":"2"},"event":{"count":1,"data":{},"id":"RunClass"}}
{"session":"3410f6561eef","build":"182.4129.34","bucket":"-1","time":1576938591585,"group":{"id":"trigger","version":"2"},"event":{"count":1,"data":{},"id":"execute.PythonConfigurationType.Run"}}
{"session":"3410f6561eef","build":"182.4129.34","bucket":"-1","time":1576938591742,"group":{"id":"toolwindow","version":"2"},"event":{"count":1,"data":{},"id":"Run_by_Activation"}}
{"session":"3410f6561eef","build":"182.4129.34","bucket":"-1","time":1576938602351,"group":{"id":"actions","version":"2"},"event":{"count":1,"data":{},"id":"ToggleLineBreakpoint"}}
{"session":"3410f6561eef","build":"182.4129.34","bucket":"-1","time":1576938608647,"group":{"id":"actions","version":"2"},"event":{"count":1,"data":{},"id":"EditorBackSpace"}}
{"session":"3410f6561eef","build":"182.4129.34","bucket":"-1","time":1576938608679,"group":{"id":"ui.dialogs","version":"2"},"event":{"count":1,"data":{"type":"show"},"id":"com.intellij.openapi.fileEditor.impl.NonProjectFileWritingAccessDialog"}}
{"session":"3410f6561eef","build":"182.4129.34","bucket":"-1","time":1576938613585,"group":{"id":"ui.dialogs","version":"2"},"event":{"count":1,"data":{"code":1,"type":"close"},"id":"com.intellij.openapi.fileEditor.impl.NonProjectFileWritingAccessDialog"}}
{"session":"3410f6561eef","build":"182.4129.34","bucket":"-1","time":1576938615819,"group":{"id":"actions","version":"2"},"event":{"count":1,"data":{},"id":"EditorBackSpace"}}
{"session":"3410f6561eef","build":"182.4129.34","bucket":"-1","time":1576938615834,"group":{"id":"ui.dialogs","version":"2"},"event":{"count":1,"data":{"type":"show"},"id":"com.intellij.openapi.fileEditor.impl.NonProjectFileWritingAccessDialog"}}
{"session":"3410f6561eef","build":"182.4129.34","bucket":"-1","time":1576938620022,"group":{"id":"ui.dialogs","version":"2"},"event":{"count":1,"data":{"code":0,"type":"close"},"id":"com.intellij.openapi.fileEditor.impl.NonProjectFileWritingAccessDialog"}}
{"session":"3410f6561eef","build":"182.4129.34","bucket":"-1","time":1576938627709,"group":{"id":"actions","version":"2"},"event":{"count":1,"data":{},"id":"RunClass"}}
{"session":"3410f6561eef","build":"182.4129.34","bucket":"-1","time":1576938627772,"group":{"id":"trigger","version":"2"},"event":{"count":1,"data":{},"id":"execute.PythonConfigurationType.Run"}}
{"session":"3410f6561eef","build":"182.4129.34","bucket":"-1","time":1576938628240,"group":{"id":"toolwindow","version":"2"},"event":{"count":1,"data":{},"id":"Run_by_Activation"}}
{"session":"3410f6561eef","build":"182.4129.34","bucket":"-1","time":1576938635490,"group":{"id":"actions","version":"2"},"event":{"count":1,"data":{},"id":"$Undo"}}
{"session":"3410f6561eef","build":"182.4129.34","bucket":"-1","time":1576938643756,"group":{"id":"toolwindow","version":"2"},"event":{"count":1,"data":{},"id":"Project_by_Activation"}}
{"session":"3410f6561eef","build":"182.4129.34","bucket":"-1","time":1576938655552,"group":{"id":"actions","version":"2"},"event":{"count":1,"data":{},"id":"HideAllWindows"}}
{"session":"3410f6561eef","build":"182.4129.34","bucket":"-1","time":1576938664005,"group":{"id":"actions","version":"2"},"event":{"count":1,"data":{},"id":"EvaluateExpression"}}
{"session":"3410f6561eef","build":"182.4129.34","bucket":"-1","time":1576938664114,"group":{"id":"ui.dialogs","version":"2"},"event":{"count":1,"data":{"type":"show"},"id":"com.intellij.xdebugger.impl.evaluate.XDebuggerEvaluationDialog"}}
{"session":"3410f6561eef","build":"182.4129.34","bucket":"-1","time":1576938670755,"group":{"id":"actions","version":"2"},"event":{"count":1,"data":{},"id":"EditorBackSpace"}}
{"session":"3410f6561eef","build":"182.4129.34","bucket":"-1","time":1576938677833,"group":{"id":"actions","version":"2"},"event":{"count":1,"data":{},"id":"DialogOkAction_Enter"}}
{"session":"3410f6561eef","build":"182.4129.34","bucket":"-1","time":1576938679817,"group":{"id":"actions","version":"2"},"event":{"count":17,"data":{},"id":"EditorBackSpace"}}
{"session":"3410f6561eef","build":"182.4129.34","bucket":"-1","time":1576938683911,"group":{"id":"actions","version":"2"},"event":{"count":1,"data":{},"id":"EditorChooseLookupItem"}}
{"session":"3410f6561eef","build":"182.4129.34","bucket":"-1","time":1576938683926,"group":{"id":"completion","version":"2"},"event":{"count":1,"data":{},"id":"editing.completion.basic"}}
{"session":"3410f6561eef","build":"182.4129.34","bucket":"-1","time":1576938685442,"group":{"id":"actions","version":"2"},"event":{"count":1,"data":{},"id":"DialogOkAction_Enter"}}
{"session":"3410f6561eef","build":"182.4129.34","bucket":"-1","time":1576938689692,"group":{"id":"ui.dialogs","version":"2"},"event":{"count":1,"data":{"code":1,"type":"close"},"id":"com.intellij.xdebugger.impl.evaluate.XDebuggerEvaluationDialog"}}
{"session":"3410f6561eef","build":"182.4129.34","bucket":"-1","time":1576938698457,"group":{"id":"actions","version":"2"},"event":{"count":1,"data":{},"id":"SaveAll"}}
{"session":"3410f6561eef","build":"182.4129.34","bucket":"-1","time":1576938702645,"group":{"id":"toolwindow","version":"2"},"event":{"count":1,"data":{},"id":"Project_by_Activation"}}
{"session":"3410f6561eef","build":"182.4129.34","bucket":"-1","time":1576938714082,"group":{"id":"actions","version":"2"},"event":{"count":3,"data":{},"id":"EditorBackSpace"}}
{"session":"3410f6561eef","build":"182.4129.34","bucket":"-1","time":1576938765643,"group":{"id":"actions","version":"2"},"event":{"count":3,"data":{},"id":"EditorBackSpace"}}
{"session":"3410f6561eef","build":"182.4129.34","bucket":"-1","time":1576938769659,"group":{"id":"actions","version":"2"},"event":{"count":1,"data":{},"id":"EditorEnter"}}
{"session":"3410f6561eef","build":"182.4129.34","bucket":"-1","time":1576939047745,"group":{"id":"ui.dialogs","version":"2"},"event":{"count":1,"data":{"type":"show"},"id":"com.intellij.openapi.ui.messages.MessageDialog"}}
{"session":"3410f6561eef","build":"182.4129.34","bucket":"-1","time":1576939057167,"group":{"id":"ui.dialogs","version":"2"},"event":{"count":1,"data":{"type":"show"},"id":"com.intellij.openapi.progress.util.ProgressDialog$MyDialogWrapper"}}
{"session":"3410f6561eef","build":"182.4129.34","bucket":"-1","time":1576939057807,"group":{"id":"lifecycle","version":"2"},"event":{"count":1,"data":{},"id":"project.closed"}}
{"session":"3410f6561eef","build":"182.4129.34","bucket":"-1","time":1576939058011,"group":{"id":"ui.dialogs","version":"2"},"event":{"count":1,"data":{"code":1,"type":"close"},"id":"com.intellij.openapi.progress.util.ProgressDialog$MyDialogWrapper"}}
{"session":"3410f6561eef","build":"182.4129.34","bucket":"-1","time":1576939063604,"group":{"id":"lifecycle","version":"2"},"event":{"count":1,"data":{"restart":false},"id":"app.closed"}}
{"session":"3410f6561eef","build":"182.4129.34","bucket":"-1","time":1576939063932,"group":{"id":"lifecycle","version":"2"},"event":{"count":1,"data":{},"id":"project.closed"}}
{"session":"3410f6561eef","build":"182.4129.34","bucket":"-1","time":1576939064354,"group":{"id":"lifecycle","version":"2"},"event":{"count":1,"data":{},"id":"ideaapp.closed"}}
