{"session":"db27306ef000","build":"182.4129.34","bucket":"-1","time":1576916215582,"group":{"id":"ui.dialogs","version":"2"},"event":{"count":1,"data":{"type":"show"},"id":"com.intellij.openapi.progress.util.ProgressDialog$MyDialogWrapper"}}
{"session":"db27306ef000","build":"182.4129.34","bucket":"-1","time":1576916216828,"group":{"id":"lifecycle","version":"2"},"event":{"count":1,"data":{"durationSeconds":12},"id":"ide.freeze"}}
{"session":"db27306ef000","build":"182.4129.34","bucket":"-1","time":1576916229073,"group":{"id":"ui.dialogs","version":"2"},"event":{"count":1,"data":{"code":1,"type":"close"},"id":"com.intellij.openapi.progress.util.ProgressDialog$MyDialogWrapper"}}
{"session":"db27306ef000","build":"182.4129.34","bucket":"-1","time":1576916229354,"group":{"id":"lifecycle","version":"2"},"event":{"count":1,"data":{},"id":"project.opened"}}
{"session":"db27306ef000","build":"182.4129.34","bucket":"-1","time":1576916232463,"group":{"id":"ui.dialogs","version":"2"},"event":{"count":1,"data":{"type":"show"},"id":"com.intellij.openapi.progress.util.ProgressDialog$MyDialogWrapper"}}
{"session":"db27306ef000","build":"182.4129.34","bucket":"-1","time":1576916239010,"group":{"id":"lifecycle","version":"2"},"event":{"count":1,"data":{},"id":"ideaapp.started"}}
{"session":"db27306ef000","build":"182.4129.34","bucket":"-1","time":1576916239010,"group":{"id":"lifecycle","version":"2"},"event":{"count":1,"data":{},"id":"app.started"}}
{"session":"db27306ef000","build":"182.4129.34","bucket":"-1","time":1576916241572,"group":{"id":"ui.dialogs","version":"2"},"event":{"count":1,"data":{"code":1,"type":"close"},"id":"com.intellij.openapi.progress.util.ProgressDialog$MyDialogWrapper"}}
{"session":"db27306ef000","build":"182.4129.34","bucket":"-1","time":1576916242807,"group":{"id":"system.os.name","version":"2"},"event":{"data":{},"id":"Windows"}}
{"session":"db27306ef000","build":"182.4129.34","bucket":"-1","time":1576916242807,"group":{"id":"system.os.version","version":"2"},"event":{"data":{},"id":"10.0"}}
{"session":"db27306ef000","build":"182.4129.34","bucket":"-1","time":1576916242838,"group":{"id":"system.jvm.vendor","version":"2"},"event":{"data":{},"id":"JetBrains_s.r.o"}}
{"session":"db27306ef000","build":"182.4129.34","bucket":"-1","time":1576916242838,"group":{"id":"system.jvm.version","version":"2"},"event":{"data":{},"id":"1.8"}}
{"session":"db27306ef000","build":"182.4129.34","bucket":"-1","time":1576916246650,"group":{"id":"lifecycle","version":"2"},"event":{"count":1,"data":{"time.ms":32680},"id":"project.opening.finished"}}
{"session":"db27306ef000","build":"182.4129.34","bucket":"-1","time":1576916251666,"group":{"id":"ui.dialogs","version":"2"},"event":{"count":1,"data":{"type":"show"},"id":"com.intellij.platform.OpenOrAttachDialog"}}
{"session":"db27306ef000","build":"182.4129.34","bucket":"-1","time":1576916282306,"group":{"id":"ui.dialogs","version":"2"},"event":{"count":1,"data":{"code":0,"type":"close"},"id":"com.intellij.platform.OpenOrAttachDialog"}}
{"session":"db27306ef000","build":"182.4129.34","bucket":"-1","time":1576916283056,"group":{"id":"lifecycle","version":"2"},"event":{"count":1,"data":{},"id":"project.opened"}}
{"session":"db27306ef000","build":"182.4129.34","bucket":"-1","time":1576916283415,"group":{"id":"ui.dialogs","version":"2"},"event":{"count":1,"data":{"type":"show"},"id":"com.intellij.openapi.progress.util.ProgressDialog$MyDialogWrapper"}}
{"session":"db27306ef000","build":"182.4129.34","bucket":"-1","time":1576916284368,"group":{"id":"ui.dialogs","version":"2"},"event":{"count":1,"data":{"code":1,"type":"close"},"id":"com.intellij.openapi.progress.util.ProgressDialog$MyDialogWrapper"}}
{"session":"db27306ef000","build":"182.4129.34","bucket":"-1","time":1576916284493,"group":{"id":"lifecycle","version":"2"},"event":{"count":1,"data":{"time.ms":1630},"id":"project.opening.finished"}}
{"session":"db27306ef000","build":"182.4129.34","bucket":"-1","time":1576916287556,"group":{"id":"system.os.name","version":"2"},"event":{"data":{},"id":"Windows"}}
{"session":"db27306ef000","build":"182.4129.34","bucket":"-1","time":1576916287556,"group":{"id":"system.os.version","version":"2"},"event":{"data":{},"id":"10.0"}}
{"session":"db27306ef000","build":"182.4129.34","bucket":"-1","time":1576916287556,"group":{"id":"system.jvm.vendor","version":"2"},"event":{"data":{},"id":"JetBrains_s.r.o"}}
{"session":"db27306ef000","build":"182.4129.34","bucket":"-1","time":1576916287556,"group":{"id":"system.jvm.version","version":"2"},"event":{"data":{},"id":"1.8"}}
{"session":"db27306ef000","build":"182.4129.34","bucket":"-1","time":1576916317539,"group":{"id":"editing","version":"2"},"event":{"count":1,"data":{},"id":"editing.select.word"}}
{"session":"db27306ef000","build":"182.4129.34","bucket":"-1","time":1576916318367,"group":{"id":"actions","version":"2"},"event":{"count":38,"data":{},"id":"EditorBackSpace"}}
{"session":"db27306ef000","build":"182.4129.34","bucket":"-1","time":1576916341804,"group":{"id":"actions","version":"2"},"event":{"count":1,"data":{},"id":"EditorChooseLookupItem"}}
{"session":"db27306ef000","build":"182.4129.34","bucket":"-1","time":1576916341882,"group":{"id":"completion","version":"2"},"event":{"count":1,"data":{},"id":"editing.completion.basic"}}
{"session":"db27306ef000","build":"182.4129.34","bucket":"-1","time":1576916343882,"group":{"id":"actions","version":"2"},"event":{"count":1,"data":{},"id":"EditorEnter"}}
{"session":"db27306ef000","build":"182.4129.34","bucket":"-1","time":1576916491269,"group":{"id":"actions","version":"2"},"event":{"count":1,"data":{},"id":"EditorEnter"}}
{"session":"db27306ef000","build":"182.4129.34","bucket":"-1","time":1576916503488,"group":{"id":"actions","version":"2"},"event":{"count":2,"data":{},"id":"EditorBackSpace"}}
{"session":"db27306ef000","build":"182.4129.34","bucket":"-1","time":1576916509503,"group":{"id":"actions","version":"2"},"event":{"count":1,"data":{},"id":"EditorEnter"}}
{"session":"db27306ef000","build":"182.4129.34","bucket":"-1","time":1576916547283,"group":{"id":"actions","version":"2"},"event":{"count":1,"data":{},"id":"EditorBackSpace"}}
{"session":"db27306ef000","build":"182.4129.34","bucket":"-1","time":1576916561517,"group":{"id":"actions","version":"2"},"event":{"count":1,"data":{},"id":"EditorEnter"}}
{"session":"db27306ef000","build":"182.4129.34","bucket":"-1","time":1576916588720,"group":{"id":"actions","version":"2"},"event":{"count":1,"data":{},"id":"EditorCopy"}}
{"session":"db27306ef000","build":"182.4129.34","bucket":"-1","time":1576916591501,"group":{"id":"actions","version":"2"},"event":{"count":1,"data":{},"id":"EditorPaste"}}
{"session":"db27306ef000","build":"182.4129.34","bucket":"-1","time":1576916595501,"group":{"id":"actions","version":"2"},"event":{"count":2,"data":{},"id":"EditorBackSpace"}}
{"session":"db27306ef000","build":"182.4129.34","bucket":"-1","time":1576916604641,"group":{"id":"actions","version":"2"},"event":{"count":1,"data":{},"id":"$Undo"}}
{"session":"db27306ef000","build":"182.4129.34","bucket":"-1","time":1576916607844,"group":{"id":"actions","version":"2"},"event":{"count":2,"data":{},"id":"EditorBackSpace"}}
{"session":"db27306ef000","build":"182.4129.34","bucket":"-1","time":1576916697139,"group":{"id":"actions","version":"2"},"event":{"count":1,"data":{},"id":"EditorBackSpace"}}
{"session":"db27306ef000","build":"182.4129.34","bucket":"-1","time":1576916697936,"group":{"id":"actions","version":"2"},"event":{"count":1,"data":{},"id":"EditorPaste"}}
{"session":"db27306ef000","build":"182.4129.34","bucket":"-1","time":1576916703701,"group":{"id":"actions","version":"2"},"event":{"count":1,"data":{},"id":"EditorEnter"}}
{"session":"db27306ef000","build":"182.4129.34","bucket":"-1","time":1576916734325,"group":{"id":"actions","version":"2"},"event":{"count":6,"data":{},"id":"EditorBackSpace"}}
{"session":"db27306ef000","build":"182.4129.34","bucket":"-1","time":1576916761137,"group":{"id":"actions","version":"2"},"event":{"count":1,"data":{},"id":"EditorEnter"}}
{"session":"db27306ef000","build":"182.4129.34","bucket":"-1","time":1576917714196,"group":{"id":"actions","version":"2"},"event":{"count":3,"data":{},"id":"EditorBackSpace"}}
{"session":"db27306ef000","build":"182.4129.34","bucket":"-1","time":1576917717977,"group":{"id":"actions","version":"2"},"event":{"count":1,"data":{},"id":"EditorEnter"}}
{"session":"db27306ef000","build":"182.4129.34","bucket":"-1","time":1576917732086,"group":{"id":"actions","version":"2"},"event":{"count":1,"data":{},"id":"EditorBackSpace"}}
{"session":"db27306ef000","build":"182.4129.34","bucket":"-1","time":1576917734570,"group":{"id":"actions","version":"2"},"event":{"count":1,"data":{},"id":"EditorEnter"}}
{"session":"db27306ef000","build":"182.4129.34","bucket":"-1","time":1576917744351,"group":{"id":"actions","version":"2"},"event":{"count":3,"data":{},"id":"EditorBackSpace"}}
{"session":"db27306ef000","build":"182.4129.34","bucket":"-1","time":1576917823131,"group":{"id":"actions","version":"2"},"event":{"count":1,"data":{},"id":"EditorEnter"}}
{"session":"db27306ef000","build":"182.4129.34","bucket":"-1","time":1576917849302,"group":{"id":"actions","version":"2"},"event":{"count":1,"data":{},"id":"EditorEnter"}}
{"session":"db27306ef000","build":"182.4129.34","bucket":"-1","time":1576917858177,"group":{"id":"actions","version":"2"},"event":{"count":1,"data":{},"id":"EditorBackSpace"}}
{"session":"db27306ef000","build":"182.4129.34","bucket":"-1","time":1576917878489,"group":{"id":"actions","version":"2"},"event":{"count":2,"data":{},"id":"EditorEnter"}}
{"session":"db27306ef000","build":"182.4129.34","bucket":"-1","time":1576917884801,"group":{"id":"actions","version":"2"},"event":{"count":1,"data":{},"id":"EditorBackSpace"}}
{"session":"db27306ef000","build":"182.4129.34","bucket":"-1","time":1576917895426,"group":{"id":"actions","version":"2"},"event":{"count":1,"data":{},"id":"EditorEnter"}}
{"session":"db27306ef000","build":"182.4129.34","bucket":"-1","time":1576918013063,"group":{"id":"lifecycle","version":"2"},"event":{"count":1,"data":{"durationSeconds":14},"id":"ide.freeze"}}
{"session":"db27306ef000","build":"182.4129.34","bucket":"-1","time":1576918053281,"group":{"id":"completion","version":"2"},"event":{"count":1,"data":{},"id":"editing.completion.basic"}}
{"session":"db27306ef000","build":"182.4129.34","bucket":"-1","time":1576918058140,"group":{"id":"actions","version":"2"},"event":{"count":6,"data":{},"id":"EditorBackSpace"}}
{"session":"db27306ef000","build":"182.4129.34","bucket":"-1","time":1576918061109,"group":{"id":"actions","version":"2"},"event":{"count":1,"data":{},"id":"EditorRight"}}
{"session":"db27306ef000","build":"182.4129.34","bucket":"-1","time":1576918072515,"group":{"id":"completion","version":"2"},"event":{"count":1,"data":{},"id":"editing.completion.basic"}}
{"session":"db27306ef000","build":"182.4129.34","bucket":"-1","time":1576918076155,"group":{"id":"actions","version":"2"},"event":{"count":1,"data":{},"id":"EditorEnter"}}
{"session":"db27306ef000","build":"182.4129.34","bucket":"-1","time":1576918092014,"group":{"id":"lifecycle","version":"2"},"event":{"count":1,"data":{"durationSeconds":7},"id":"ide.freeze"}}
{"session":"db27306ef000","build":"182.4129.34","bucket":"-1","time":1576918238854,"group":{"id":"actions","version":"2"},"event":{"count":1,"data":{},"id":"EditorEnter"}}
{"session":"db27306ef000","build":"182.4129.34","bucket":"-1","time":1576918270213,"group":{"id":"actions","version":"2"},"event":{"count":1,"data":{},"id":"EditorRight"}}
{"session":"db27306ef000","build":"182.4129.34","bucket":"-1","time":1576918270760,"group":{"id":"actions","version":"2"},"event":{"count":1,"data":{},"id":"EditorEnter"}}
{"session":"db27306ef000","build":"182.4129.34","bucket":"-1","time":1576918283088,"group":{"id":"actions","version":"2"},"event":{"count":1,"data":{},"id":"EditorBackSpace"}}
{"session":"db27306ef000","build":"182.4129.34","bucket":"-1","time":1576918286541,"group":{"id":"actions","version":"2"},"event":{"count":1,"data":{},"id":"EditorStartNewLine"}}
{"session":"db27306ef000","build":"182.4129.34","bucket":"-1","time":1576918353429,"group":{"id":"actions","version":"2"},"event":{"count":1,"data":{},"id":"Resume"}}
{"session":"db27306ef000","build":"182.4129.34","bucket":"-1","time":1576918380913,"group":{"id":"actions","version":"2"},"event":{"count":1,"data":{},"id":"EditorRight"}}
{"session":"db27306ef000","build":"182.4129.34","bucket":"-1","time":1576918382132,"group":{"id":"actions","version":"2"},"event":{"count":1,"data":{},"id":"EditorEnter"}}
{"session":"db27306ef000","build":"182.4129.34","bucket":"-1","time":1576918397788,"group":{"id":"actions","version":"2"},"event":{"count":1,"data":{},"id":"EditorEnter"}}
{"session":"db27306ef000","build":"182.4129.34","bucket":"-1","time":1576918398678,"group":{"id":"actions","version":"2"},"event":{"count":1,"data":{},"id":"EditorBackSpace"}}
{"session":"db27306ef000","build":"182.4129.34","bucket":"-1","time":1576918418053,"group":{"id":"completion","version":"2"},"event":{"count":2,"data":{},"id":"editing.completion.basic"}}
{"session":"db27306ef000","build":"182.4129.34","bucket":"-1","time":1576918424646,"group":{"id":"actions","version":"2"},"event":{"count":1,"data":{},"id":"EditorRight"}}
{"session":"db27306ef000","build":"182.4129.34","bucket":"-1","time":1576918425131,"group":{"id":"actions","version":"2"},"event":{"count":1,"data":{},"id":"EditorEnter"}}
{"session":"db27306ef000","build":"182.4129.34","bucket":"-1","time":1576918438349,"group":{"id":"actions","version":"2"},"event":{"count":1,"data":{},"id":"EditorRight"}}
{"session":"db27306ef000","build":"182.4129.34","bucket":"-1","time":1576918438584,"group":{"id":"actions","version":"2"},"event":{"count":1,"data":{},"id":"EditorEnter"}}
{"session":"db27306ef000","build":"182.4129.34","bucket":"-1","time":1576918461182,"group":{"id":"actions","version":"2"},"event":{"count":1,"data":{},"id":"EditorEnter"}}
{"session":"db27306ef000","build":"182.4129.34","bucket":"-1","time":1576918475010,"group":{"id":"actions","version":"2"},"event":{"count":3,"data":{},"id":"EditorBackSpace"}}
{"session":"db27306ef000","build":"182.4129.34","bucket":"-1","time":1576918491775,"group":{"id":"completion","version":"2"},"event":{"count":1,"data":{},"id":"editing.completion.basic"}}
{"session":"db27306ef000","build":"182.4129.34","bucket":"-1","time":1576918493822,"group":{"id":"actions","version":"2"},"event":{"count":1,"data":{},"id":"EditorEnter"}}
{"session":"db27306ef000","build":"182.4129.34","bucket":"-1","time":1576918518103,"group":{"id":"actions","version":"2"},"event":{"count":2,"data":{},"id":"EditorBackSpace"}}
{"session":"db27306ef000","build":"182.4129.34","bucket":"-1","time":1576918523962,"group":{"id":"completion","version":"2"},"event":{"count":1,"data":{},"id":"editing.completion.basic"}}
{"session":"db27306ef000","build":"182.4129.34","bucket":"-1","time":1576918526681,"group":{"id":"actions","version":"2"},"event":{"count":1,"data":{},"id":"EditorEnter"}}
{"session":"db27306ef000","build":"182.4129.34","bucket":"-1","time":1576918532149,"group":{"id":"actions","version":"2"},"event":{"count":1,"data":{},"id":"RunClass"}}
{"session":"db27306ef000","build":"182.4129.34","bucket":"-1","time":1576918532321,"group":{"id":"trigger","version":"2"},"event":{"count":1,"data":{},"id":"execute.PythonConfigurationType.Run"}}
{"session":"db27306ef000","build":"182.4129.34","bucket":"-1","time":1576918534415,"group":{"id":"toolwindow","version":"2"},"event":{"count":1,"data":{},"id":"Run_by_Activation"}}
{"session":"db27306ef000","build":"182.4129.34","bucket":"-1","time":1576918572633,"group":{"id":"actions","version":"2"},"event":{"count":1,"data":{},"id":"RunClass"}}
{"session":"db27306ef000","build":"182.4129.34","bucket":"-1","time":1576918572742,"group":{"id":"trigger","version":"2"},"event":{"count":1,"data":{},"id":"execute.PythonConfigurationType.Run"}}
{"session":"db27306ef000","build":"182.4129.34","bucket":"-1","time":1576918572930,"group":{"id":"toolwindow","version":"2"},"event":{"count":1,"data":{},"id":"Run_by_Activation"}}
{"session":"db27306ef000","build":"182.4129.34","bucket":"-1","time":1576918579320,"group":{"id":"actions","version":"2"},"event":{"count":1,"data":{},"id":"Rerun"}}
{"session":"db27306ef000","build":"182.4129.34","bucket":"-1","time":1576918579382,"group":{"id":"trigger","version":"2"},"event":{"count":1,"data":{},"id":"execute.PythonConfigurationType.Run"}}
{"session":"db27306ef000","build":"182.4129.34","bucket":"-1","time":1576918579570,"group":{"id":"toolwindow","version":"2"},"event":{"count":1,"data":{},"id":"Run_by_Activation"}}
{"session":"db27306ef000","build":"182.4129.34","bucket":"-1","time":1576918581664,"group":{"id":"actions","version":"2"},"event":{"count":1,"data":{},"id":"Rerun"}}
{"session":"db27306ef000","build":"182.4129.34","bucket":"-1","time":1576918581742,"group":{"id":"trigger","version":"2"},"event":{"count":1,"data":{},"id":"execute.PythonConfigurationType.Run"}}
{"session":"db27306ef000","build":"182.4129.34","bucket":"-1","time":1576918581929,"group":{"id":"toolwindow","version":"2"},"event":{"count":1,"data":{},"id":"Run_by_Activation"}}
{"session":"db27306ef000","build":"182.4129.34","bucket":"-1","time":1576918588164,"group":{"id":"actions","version":"2"},"event":{"count":1,"data":{},"id":"RunClass"}}
{"session":"db27306ef000","build":"182.4129.34","bucket":"-1","time":1576918588242,"group":{"id":"trigger","version":"2"},"event":{"count":1,"data":{},"id":"execute.PythonConfigurationType.Run"}}
{"session":"db27306ef000","build":"182.4129.34","bucket":"-1","time":1576918588367,"group":{"id":"toolwindow","version":"2"},"event":{"count":1,"data":{},"id":"Run_by_Activation"}}
{"session":"db27306ef000","build":"182.4129.34","bucket":"-1","time":1576918615413,"group":{"id":"actions","version":"2"},"event":{"count":1,"data":{},"id":"EditorEnter"}}
{"session":"db27306ef000","build":"182.4129.34","bucket":"-1","time":1576918616991,"group":{"id":"actions","version":"2"},"event":{"count":3,"data":{},"id":"EditorBackSpace"}}
{"session":"db27306ef000","build":"182.4129.34","bucket":"-1","time":1576918623381,"group":{"id":"completion","version":"2"},"event":{"count":1,"data":{},"id":"editing.completion.basic"}}
{"session":"db27306ef000","build":"182.4129.34","bucket":"-1","time":1576918641084,"group":{"id":"completion","version":"2"},"event":{"count":1,"data":{},"id":"editing.completion.basic"}}
{"session":"db27306ef000","build":"182.4129.34","bucket":"-1","time":1576918661505,"group":{"id":"completion","version":"2"},"event":{"count":1,"data":{},"id":"editing.completion.basic"}}
{"session":"db27306ef000","build":"182.4129.34","bucket":"-1","time":1576918681630,"group":{"id":"completion","version":"2"},"event":{"count":1,"data":{},"id":"editing.completion.basic"}}
{"session":"db27306ef000","build":"182.4129.34","bucket":"-1","time":1576918702614,"group":{"id":"completion","version":"2"},"event":{"count":1,"data":{},"id":"editing.completion.basic"}}
{"session":"db27306ef000","build":"182.4129.34","bucket":"-1","time":1576918705004,"group":{"id":"actions","version":"2"},"event":{"count":1,"data":{},"id":"EditorEnter"}}
{"session":"db27306ef000","build":"182.4129.34","bucket":"-1","time":1576918712489,"group":{"id":"actions","version":"2"},"event":{"count":2,"data":{},"id":"EditorBackSpace"}}
{"session":"db27306ef000","build":"182.4129.34","bucket":"-1","time":1576918732269,"group":{"id":"completion","version":"2"},"event":{"count":1,"data":{},"id":"editing.completion.basic"}}
{"session":"db27306ef000","build":"182.4129.34","bucket":"-1","time":1576918734363,"group":{"id":"actions","version":"2"},"event":{"count":1,"data":{},"id":"EditorEnter"}}
{"session":"db27306ef000","build":"182.4129.34","bucket":"-1","time":1576918747331,"group":{"id":"completion","version":"2"},"event":{"count":1,"data":{},"id":"editing.completion.basic"}}
{"session":"db27306ef000","build":"182.4129.34","bucket":"-1","time":1576918762440,"group":{"id":"actions","version":"2"},"event":{"count":1,"data":{},"id":"EditorChooseLookupItem"}}
{"session":"db27306ef000","build":"182.4129.34","bucket":"-1","time":1576918762456,"group":{"id":"completion","version":"2"},"event":{"count":1,"data":{},"id":"editing.completion.basic"}}
{"session":"db27306ef000","build":"182.4129.34","bucket":"-1","time":1576918763956,"group":{"id":"actions","version":"2"},"event":{"count":1,"data":{},"id":"EditorRight"}}
{"session":"db27306ef000","build":"182.4129.34","bucket":"-1","time":1576918764331,"group":{"id":"actions","version":"2"},"event":{"count":1,"data":{},"id":"EditorEnter"}}
{"session":"db27306ef000","build":"182.4129.34","bucket":"-1","time":1576918775799,"group":{"id":"actions","version":"2"},"event":{"count":1,"data":{},"id":"EditorRight"}}
{"session":"db27306ef000","build":"182.4129.34","bucket":"-1","time":1576918776143,"group":{"id":"actions","version":"2"},"event":{"count":1,"data":{},"id":"EditorEnter"}}
{"session":"db27306ef000","build":"182.4129.34","bucket":"-1","time":1576918793315,"group":{"id":"actions","version":"2"},"event":{"count":1,"data":{},"id":"EditorRight"}}
{"session":"db27306ef000","build":"182.4129.34","bucket":"-1","time":1576918793658,"group":{"id":"actions","version":"2"},"event":{"count":1,"data":{},"id":"EditorEnter"}}
{"session":"db27306ef000","build":"182.4129.34","bucket":"-1","time":1576918802814,"group":{"id":"actions","version":"2"},"event":{"count":1,"data":{},"id":"EditorBackSpace"}}
{"session":"db27306ef000","build":"182.4129.34","bucket":"-1","time":1576918815048,"group":{"id":"actions","version":"2"},"event":{"count":1,"data":{},"id":"EditorChooseLookupItem"}}
{"session":"db27306ef000","build":"182.4129.34","bucket":"-1","time":1576918815064,"group":{"id":"completion","version":"2"},"event":{"count":1,"data":{},"id":"editing.completion.basic"}}
{"session":"db27306ef000","build":"182.4129.34","bucket":"-1","time":1576918816189,"group":{"id":"actions","version":"2"},"event":{"count":1,"data":{},"id":"EditorRight"}}
{"session":"db27306ef000","build":"182.4129.34","bucket":"-1","time":1576918816751,"group":{"id":"actions","version":"2"},"event":{"count":1,"data":{},"id":"EditorEnter"}}
{"session":"db27306ef000","build":"182.4129.34","bucket":"-1","time":1576918835798,"group":{"id":"actions","version":"2"},"event":{"count":1,"data":{},"id":"EditorBackSpace"}}
{"session":"db27306ef000","build":"182.4129.34","bucket":"-1","time":1576918845329,"group":{"id":"actions","version":"2"},"event":{"count":1,"data":{},"id":"EditorChooseLookupItem"}}
{"session":"db27306ef000","build":"182.4129.34","bucket":"-1","time":1576918845344,"group":{"id":"completion","version":"2"},"event":{"count":1,"data":{},"id":"editing.completion.basic"}}
{"session":"db27306ef000","build":"182.4129.34","bucket":"-1","time":1576918846563,"group":{"id":"actions","version":"2"},"event":{"count":1,"data":{},"id":"EditorRight"}}
{"session":"db27306ef000","build":"182.4129.34","bucket":"-1","time":1576918846923,"group":{"id":"actions","version":"2"},"event":{"count":1,"data":{},"id":"EditorEnter"}}
{"session":"db27306ef000","build":"182.4129.34","bucket":"-1","time":1576918873297,"group":{"id":"actions","version":"2"},"event":{"count":1,"data":{},"id":"EditorEnter"}}
{"session":"db27306ef000","build":"182.4129.34","bucket":"-1","time":1576918894703,"group":{"id":"actions","version":"2"},"event":{"count":2,"data":{},"id":"EditorBackSpace"}}
{"session":"db27306ef000","build":"182.4129.34","bucket":"-1","time":1576918911187,"group":{"id":"actions","version":"2"},"event":{"count":6,"data":{},"id":"EditorBackSpace"}}
{"session":"db27306ef000","build":"182.4129.34","bucket":"-1","time":1576918928733,"group":{"id":"actions","version":"2"},"event":{"count":3,"data":{},"id":"EditorBackSpace"}}
{"session":"db27306ef000","build":"182.4129.34","bucket":"-1","time":1576918936311,"group":{"id":"actions","version":"2"},"event":{"count":1,"data":{},"id":"EditorEnter"}}
{"session":"db27306ef000","build":"182.4129.34","bucket":"-1","time":1576918939201,"group":{"id":"actions","version":"2"},"event":{"count":2,"data":{},"id":"$Undo"}}
{"session":"db27306ef000","build":"182.4129.34","bucket":"-1","time":1576918941201,"group":{"id":"actions","version":"2"},"event":{"count":1,"data":{},"id":"EditorBackSpace"}}
{"session":"db27306ef000","build":"182.4129.34","bucket":"-1","time":1576918947623,"group":{"id":"actions","version":"2"},"event":{"count":1,"data":{},"id":"EditorEnter"}}
{"session":"db27306ef000","build":"182.4129.34","bucket":"-1","time":1576918952967,"group":{"id":"actions","version":"2"},"event":{"count":7,"data":{},"id":"EditorBackSpace"}}
{"session":"db27306ef000","build":"182.4129.34","bucket":"-1","time":1576918970998,"group":{"id":"actions","version":"2"},"event":{"count":1,"data":{},"id":"EditorBackSpace"}}
{"session":"db27306ef000","build":"182.4129.34","bucket":"-1","time":1576919012262,"group":{"id":"actions","version":"2"},"event":{"count":3,"data":{},"id":"EditorRight"}}
{"session":"db27306ef000","build":"182.4129.34","bucket":"-1","time":1576919016215,"group":{"id":"actions","version":"2"},"event":{"count":1,"data":{},"id":"EditorEnter"}}
{"session":"db27306ef000","build":"182.4129.34","bucket":"-1","time":1576919037777,"group":{"id":"actions","version":"2"},"event":{"count":1,"data":{},"id":"EditorBackSpace"}}
{"session":"db27306ef000","build":"182.4129.34","bucket":"-1","time":1576919044308,"group":{"id":"actions","version":"2"},"event":{"count":1,"data":{},"id":"EditorChooseLookupItem"}}
{"session":"db27306ef000","build":"182.4129.34","bucket":"-1","time":1576919044308,"group":{"id":"completion","version":"2"},"event":{"count":1,"data":{},"id":"editing.completion.basic"}}
{"session":"db27306ef000","build":"182.4129.34","bucket":"-1","time":1576919046308,"group":{"id":"editing","version":"2"},"event":{"count":2,"data":{},"id":"editing.select.word"}}
{"session":"db27306ef000","build":"182.4129.34","bucket":"-1","time":1576919062933,"group":{"id":"actions","version":"2"},"event":{"count":7,"data":{},"id":"EditorBackSpace"}}
{"session":"db27306ef000","build":"182.4129.34","bucket":"-1","time":1576919076714,"group":{"id":"completion","version":"2"},"event":{"count":1,"data":{},"id":"editing.completion.basic"}}
{"session":"db27306ef000","build":"182.4129.34","bucket":"-1","time":1576919078979,"group":{"id":"actions","version":"2"},"event":{"count":1,"data":{},"id":"EditorEnter"}}
{"session":"db27306ef000","build":"182.4129.34","bucket":"-1","time":1576919081698,"group":{"id":"actions","version":"2"},"event":{"count":2,"data":{},"id":"EditorBackSpace"}}
{"session":"db27306ef000","build":"182.4129.34","bucket":"-1","time":1576919111385,"group":{"id":"actions","version":"2"},"event":{"count":2,"data":{},"id":"EditorBackSpace"}}
{"session":"db27306ef000","build":"182.4129.34","bucket":"-1","time":1576919114650,"group":{"id":"actions","version":"2"},"event":{"count":1,"data":{},"id":"EditorChooseLookupItem"}}
{"session":"db27306ef000","build":"182.4129.34","bucket":"-1","time":1576919114666,"group":{"id":"completion","version":"2"},"event":{"count":1,"data":{},"id":"editing.completion.basic"}}
{"session":"db27306ef000","build":"182.4129.34","bucket":"-1","time":1576919118259,"group":{"id":"actions","version":"2"},"event":{"count":1,"data":{},"id":"EditorEnter"}}
{"session":"db27306ef000","build":"182.4129.34","bucket":"-1","time":1576919129384,"group":{"id":"actions","version":"2"},"event":{"count":1,"data":{},"id":"EditorRight"}}
{"session":"db27306ef000","build":"182.4129.34","bucket":"-1","time":1576919130275,"group":{"id":"actions","version":"2"},"event":{"count":2,"data":{},"id":"EditorDown"}}
{"session":"db27306ef000","build":"182.4129.34","bucket":"-1","time":1576919132306,"group":{"id":"actions","version":"2"},"event":{"count":1,"data":{},"id":"EditorEnter"}}
{"session":"db27306ef000","build":"182.4129.34","bucket":"-1","time":1576919170539,"group":{"id":"actions","version":"2"},"event":{"count":1,"data":{},"id":"EditorBackSpace"}}
{"session":"db27306ef000","build":"182.4129.34","bucket":"-1","time":1576919216694,"group":{"id":"editing","version":"2"},"event":{"count":2,"data":{},"id":"editing.select.word"}}
{"session":"db27306ef000","build":"182.4129.34","bucket":"-1","time":1576919221382,"group":{"id":"actions","version":"2"},"event":{"count":1,"data":{},"id":"EditorBackSpace"}}
{"session":"db27306ef000","build":"182.4129.34","bucket":"-1","time":1576919242866,"group":{"id":"completion","version":"2"},"event":{"count":1,"data":{},"id":"editing.completion.basic"}}
{"session":"db27306ef000","build":"182.4129.34","bucket":"-1","time":1576919243600,"group":{"id":"actions","version":"2"},"event":{"count":1,"data":{},"id":"EditorEnter"}}
{"session":"db27306ef000","build":"182.4129.34","bucket":"-1","time":1576919244991,"group":{"id":"actions","version":"2"},"event":{"count":2,"data":{},"id":"EditorBackSpace"}}
{"session":"db27306ef000","build":"182.4129.34","bucket":"-1","time":1576919322910,"group":{"id":"actions","version":"2"},"event":{"count":1,"data":{},"id":"EditorBackSpace"}}
{"session":"db27306ef000","build":"182.4129.34","bucket":"-1","time":1576919353003,"group":{"id":"completion","version":"2"},"event":{"count":1,"data":{},"id":"editing.completion.basic"}}
{"session":"db27306ef000","build":"182.4129.34","bucket":"-1","time":1576919363800,"group":{"id":"actions","version":"2"},"event":{"count":1,"data":{},"id":"EditorEnter"}}
{"session":"db27306ef000","build":"182.4129.34","bucket":"-1","time":1576919365816,"group":{"id":"actions","version":"2"},"event":{"count":2,"data":{},"id":"$Undo"}}
{"session":"db27306ef000","build":"182.4129.34","bucket":"-1","time":1576919377878,"group":{"id":"actions","version":"2"},"event":{"count":1,"data":{},"id":"EditorChooseLookupItem"}}
{"session":"db27306ef000","build":"182.4129.34","bucket":"-1","time":1576919377893,"group":{"id":"completion","version":"2"},"event":{"count":1,"data":{},"id":"editing.completion.basic"}}
{"session":"db27306ef000","build":"182.4129.34","bucket":"-1","time":1576919389471,"group":{"id":"actions","version":"2"},"event":{"count":1,"data":{},"id":"EditorEnter"}}
{"session":"db27306ef000","build":"182.4129.34","bucket":"-1","time":1576919392377,"group":{"id":"actions","version":"2"},"event":{"count":3,"data":{},"id":"EditorBackSpace"}}
{"session":"db27306ef000","build":"182.4129.34","bucket":"-1","time":1576919407346,"group":{"id":"actions","version":"2"},"event":{"count":1,"data":{},"id":"EditorEnter"}}
{"session":"db27306ef000","build":"182.4129.34","bucket":"-1","time":1576919408502,"group":{"id":"actions","version":"2"},"event":{"count":1,"data":{},"id":"EditorBackSpace"}}
{"session":"db27306ef000","build":"182.4129.34","bucket":"-1","time":1576919420361,"group":{"id":"completion","version":"2"},"event":{"count":1,"data":{},"id":"editing.completion.basic"}}
{"session":"db27306ef000","build":"182.4129.34","bucket":"-1","time":1576919434986,"group":{"id":"completion","version":"2"},"event":{"count":1,"data":{},"id":"editing.completion.basic"}}
{"session":"db27306ef000","build":"182.4129.34","bucket":"-1","time":1576919453298,"group":{"id":"actions","version":"2"},"event":{"count":1,"data":{},"id":"EditorRight"}}
{"session":"db27306ef000","build":"182.4129.34","bucket":"-1","time":1576919475297,"group":{"id":"actions","version":"2"},"event":{"count":1,"data":{},"id":"EditorChooseLookupItem"}}
{"session":"db27306ef000","build":"182.4129.34","bucket":"-1","time":1576919475313,"group":{"id":"completion","version":"2"},"event":{"count":1,"data":{},"id":"editing.completion.basic"}}
{"session":"db27306ef000","build":"182.4129.34","bucket":"-1","time":1576919478860,"group":{"id":"actions","version":"2"},"event":{"count":2,"data":{},"id":"EditorBackSpace"}}
{"session":"db27306ef000","build":"182.4129.34","bucket":"-1","time":1576919489859,"group":{"id":"actions","version":"2"},"event":{"count":1,"data":{},"id":"EditorChooseLookupItem"}}
{"session":"db27306ef000","build":"182.4129.34","bucket":"-1","time":1576919489875,"group":{"id":"completion","version":"2"},"event":{"count":1,"data":{},"id":"editing.completion.basic"}}
{"session":"db27306ef000","build":"182.4129.34","bucket":"-1","time":1576919501750,"group":{"id":"actions","version":"2"},"event":{"count":1,"data":{},"id":"EditorEnter"}}
{"session":"db27306ef000","build":"182.4129.34","bucket":"-1","time":1576919519405,"group":{"id":"actions","version":"2"},"event":{"count":2,"data":{},"id":"EditorBackSpace"}}
{"session":"db27306ef000","build":"182.4129.34","bucket":"-1","time":1576919522983,"group":{"id":"actions","version":"2"},"event":{"count":2,"data":{},"id":"EditorRight"}}
{"session":"db27306ef000","build":"182.4129.34","bucket":"-1","time":1576919524686,"group":{"id":"actions","version":"2"},"event":{"count":3,"data":{},"id":"EditorLeft"}}
{"session":"db27306ef000","build":"182.4129.34","bucket":"-1","time":1576919528186,"group":{"id":"actions","version":"2"},"event":{"count":3,"data":{},"id":"EditorRight"}}
{"session":"db27306ef000","build":"182.4129.34","bucket":"-1","time":1576919529655,"group":{"id":"actions","version":"2"},"event":{"count":1,"data":{},"id":"EditorEnter"}}
{"session":"db27306ef000","build":"182.4129.34","bucket":"-1","time":1576919531639,"group":{"id":"actions","version":"2"},"event":{"count":1,"data":{},"id":"EditorBackSpace"}}
{"session":"db27306ef000","build":"182.4129.34","bucket":"-1","time":1576919537389,"group":{"id":"actions","version":"2"},"event":{"count":1,"data":{},"id":"EditorEnter"}}
{"session":"db27306ef000","build":"182.4129.34","bucket":"-1","time":1576919555389,"group":{"id":"actions","version":"2"},"event":{"count":1,"data":{},"id":"EditorBackSpace"}}
{"session":"db27306ef000","build":"182.4129.34","bucket":"-1","time":1576919560326,"group":{"id":"actions","version":"2"},"event":{"count":1,"data":{},"id":"RunClass"}}
{"session":"db27306ef000","build":"182.4129.34","bucket":"-1","time":1576919560389,"group":{"id":"trigger","version":"2"},"event":{"count":1,"data":{},"id":"execute.PythonConfigurationType.Run"}}
{"session":"db27306ef000","build":"182.4129.34","bucket":"-1","time":1576919560607,"group":{"id":"toolwindow","version":"2"},"event":{"count":1,"data":{},"id":"Run_by_Activation"}}
{"session":"db27306ef000","build":"182.4129.34","bucket":"-1","time":1576919580419,"group":{"id":"actions","version":"2"},"event":{"count":1,"data":{},"id":"EditorBackSpace"}}
{"session":"db27306ef000","build":"182.4129.34","bucket":"-1","time":1576919585185,"group":{"id":"actions","version":"2"},"event":{"count":1,"data":{},"id":"RunClass"}}
{"session":"db27306ef000","build":"182.4129.34","bucket":"-1","time":1576919585263,"group":{"id":"trigger","version":"2"},"event":{"count":1,"data":{},"id":"execute.PythonConfigurationType.Run"}}
{"session":"db27306ef000","build":"182.4129.34","bucket":"-1","time":1576919585466,"group":{"id":"toolwindow","version":"2"},"event":{"count":1,"data":{},"id":"Run_by_Activation"}}
{"session":"db27306ef000","build":"182.4129.34","bucket":"-1","time":1576919604419,"group":{"id":"actions","version":"2"},"event":{"count":1,"data":{},"id":"EditorBackSpace"}}
{"session":"db27306ef000","build":"182.4129.34","bucket":"-1","time":1576919618215,"group":{"id":"actions","version":"2"},"event":{"count":1,"data":{},"id":"RunClass"}}
{"session":"db27306ef000","build":"182.4129.34","bucket":"-1","time":1576919618278,"group":{"id":"trigger","version":"2"},"event":{"count":1,"data":{},"id":"execute.PythonConfigurationType.Run"}}
{"session":"db27306ef000","build":"182.4129.34","bucket":"-1","time":1576919618372,"group":{"id":"toolwindow","version":"2"},"event":{"count":1,"data":{},"id":"Run_by_Activation"}}
{"session":"db27306ef000","build":"182.4129.34","bucket":"-1","time":1576919652355,"group":{"id":"actions","version":"2"},"event":{"count":2,"data":{},"id":"EditorEnter"}}
{"session":"db27306ef000","build":"182.4129.34","bucket":"-1","time":1576919667417,"group":{"id":"actions","version":"2"},"event":{"count":1,"data":{},"id":"CreateRunConfiguration"}}
{"session":"db27306ef000","build":"182.4129.34","bucket":"-1","time":1576919673511,"group":{"id":"lifecycle","version":"2"},"event":{"count":1,"data":{},"id":"project.closed"}}
{"session":"db27306ef000","build":"182.4129.34","bucket":"-1","time":1576919677917,"group":{"id":"ui.dialogs","version":"2"},"event":{"count":1,"data":{"type":"show"},"id":"com.intellij.openapi.ui.messages.MessageDialog"}}
{"session":"db27306ef000","build":"182.4129.34","bucket":"-1","time":1576919684448,"group":{"id":"lifecycle","version":"2"},"event":{"count":1,"data":{"restart":false},"id":"app.closed"}}
{"session":"db27306ef000","build":"182.4129.34","bucket":"-1","time":1576919684760,"group":{"id":"lifecycle","version":"2"},"event":{"count":1,"data":{},"id":"project.closed"}}
{"session":"db27306ef000","build":"182.4129.34","bucket":"-1","time":1576919685073,"group":{"id":"lifecycle","version":"2"},"event":{"count":1,"data":{},"id":"ideaapp.closed"}}
