{"session":"8c49653e4497","build":"182.4129.34","bucket":"-1","time":1577430490721,"group":{"id":"ui.dialogs","version":"2"},"event":{"count":1,"data":{"type":"show"},"id":"com.intellij.openapi.progress.util.ProgressDialog$MyDialogWrapper"}}
{"session":"8c49653e4497","build":"182.4129.34","bucket":"-1","time":1577430491713,"group":{"id":"lifecycle","version":"2"},"event":{"count":1,"data":{"durationSeconds":15},"id":"ide.freeze"}}
{"session":"8c49653e4497","build":"182.4129.34","bucket":"-1","time":1577430506479,"group":{"id":"ui.dialogs","version":"2"},"event":{"count":1,"data":{"code":1,"type":"close"},"id":"com.intellij.openapi.progress.util.ProgressDialog$MyDialogWrapper"}}
{"session":"8c49653e4497","build":"182.4129.34","bucket":"-1","time":1577430506711,"group":{"id":"lifecycle","version":"2"},"event":{"count":1,"data":{},"id":"project.opened"}}
{"session":"8c49653e4497","build":"182.4129.34","bucket":"-1","time":1577430510466,"group":{"id":"ui.dialogs","version":"2"},"event":{"count":1,"data":{"type":"show"},"id":"com.intellij.openapi.progress.util.ProgressDialog$MyDialogWrapper"}}
{"session":"8c49653e4497","build":"182.4129.34","bucket":"-1","time":1577430515935,"group":{"id":"system.os.name","version":"2"},"event":{"data":{},"id":"Windows"}}
{"session":"8c49653e4497","build":"182.4129.34","bucket":"-1","time":1577430515935,"group":{"id":"system.os.version","version":"2"},"event":{"data":{},"id":"10.0"}}
{"session":"8c49653e4497","build":"182.4129.34","bucket":"-1","time":1577430515966,"group":{"id":"system.jvm.vendor","version":"2"},"event":{"data":{},"id":"JetBrains_s.r.o"}}
{"session":"8c49653e4497","build":"182.4129.34","bucket":"-1","time":1577430515982,"group":{"id":"system.jvm.version","version":"2"},"event":{"data":{},"id":"1.8"}}
{"session":"8c49653e4497","build":"182.4129.34","bucket":"-1","time":1577430521841,"group":{"id":"lifecycle","version":"2"},"event":{"count":1,"data":{},"id":"ideaapp.started"}}
{"session":"8c49653e4497","build":"182.4129.34","bucket":"-1","time":1577430521856,"group":{"id":"lifecycle","version":"2"},"event":{"count":1,"data":{},"id":"app.started"}}
{"session":"8c49653e4497","build":"182.4129.34","bucket":"-1","time":1577430524810,"group":{"id":"ui.dialogs","version":"2"},"event":{"count":1,"data":{"code":1,"type":"close"},"id":"com.intellij.openapi.progress.util.ProgressDialog$MyDialogWrapper"}}
{"session":"8c49653e4497","build":"182.4129.34","bucket":"-1","time":1577430524950,"group":{"id":"lifecycle","version":"2"},"event":{"count":1,"data":{"time.ms":35787},"id":"project.opening.finished"}}
{"session":"8c49653e4497","build":"182.4129.34","bucket":"-1","time":1577430538622,"group":{"id":"actions","version":"2"},"event":{"count":1,"data":{},"id":"RunClass"}}
{"session":"8c49653e4497","build":"182.4129.34","bucket":"-1","time":1577430538747,"group":{"id":"trigger","version":"2"},"event":{"count":1,"data":{},"id":"execute.PythonConfigurationType.Run"}}
{"session":"8c49653e4497","build":"182.4129.34","bucket":"-1","time":1577430539622,"group":{"id":"toolwindow","version":"2"},"event":{"count":1,"data":{},"id":"Run_by_Activation"}}
{"session":"8c49653e4497","build":"182.4129.34","bucket":"-1","time":1577430559887,"group":{"id":"actions","version":"2"},"event":{"count":1,"data":{},"id":"NewPythonFile"}}
{"session":"8c49653e4497","build":"182.4129.34","bucket":"-1","time":1577430560059,"group":{"id":"ui.dialogs","version":"2"},"event":{"count":1,"data":{"type":"show"},"id":"com.intellij.ide.actions.CreateFileFromTemplateDialog"}}
{"session":"8c49653e4497","build":"182.4129.34","bucket":"-1","time":1577430573001,"group":{"id":"actions","version":"2"},"event":{"count":1,"data":{},"id":"DialogOkAction_Enter"}}
{"session":"8c49653e4497","build":"182.4129.34","bucket":"-1","time":1577430574673,"group":{"id":"ui.dialogs","version":"2"},"event":{"count":1,"data":{"code":0,"type":"close"},"id":"com.intellij.ide.actions.CreateFileFromTemplateDialog"}}
{"session":"8c49653e4497","build":"182.4129.34","bucket":"-1","time":1577430585516,"group":{"id":"actions","version":"2"},"event":{"count":2,"data":{},"id":"EditorBackSpace"}}
{"session":"8c49653e4497","build":"182.4129.34","bucket":"-1","time":1577430589422,"group":{"id":"actions","version":"2"},"event":{"count":1,"data":{},"id":"EditorChooseLookupItem"}}
{"session":"8c49653e4497","build":"182.4129.34","bucket":"-1","time":1577430589485,"group":{"id":"completion","version":"2"},"event":{"count":1,"data":{},"id":"editing.completion.basic"}}
{"session":"8c49653e4497","build":"182.4129.34","bucket":"-1","time":1577430595813,"group":{"id":"actions","version":"2"},"event":{"count":1,"data":{},"id":"EditorChooseLookupItem"}}
{"session":"8c49653e4497","build":"182.4129.34","bucket":"-1","time":1577430595844,"group":{"id":"completion","version":"2"},"event":{"count":1,"data":{},"id":"editing.completion.basic"}}
{"session":"8c49653e4497","build":"182.4129.34","bucket":"-1","time":1577430596938,"group":{"id":"actions","version":"2"},"event":{"count":1,"data":{},"id":"EditorEnter"}}
{"session":"8c49653e4497","build":"182.4129.34","bucket":"-1","time":1577430606563,"group":{"id":"actions","version":"2"},"event":{"count":1,"data":{},"id":"RunClass"}}
{"session":"8c49653e4497","build":"182.4129.34","bucket":"-1","time":1577430606672,"group":{"id":"trigger","version":"2"},"event":{"count":1,"data":{},"id":"execute.PythonConfigurationType.Run"}}
{"session":"8c49653e4497","build":"182.4129.34","bucket":"-1","time":1577430606969,"group":{"id":"toolwindow","version":"2"},"event":{"count":1,"data":{},"id":"Run_by_Activation"}}
{"session":"8c49653e4497","build":"182.4129.34","bucket":"-1","time":1577430633953,"group":{"id":"actions","version":"2"},"event":{"count":17,"data":{},"id":"EditorBackSpace"}}
{"session":"8c49653e4497","build":"182.4129.34","bucket":"-1","time":1577430635906,"group":{"id":"actions","version":"2"},"event":{"count":4,"data":{},"id":"EditorEnter"}}
{"session":"8c49653e4497","build":"182.4129.34","bucket":"-1","time":1577430641031,"group":{"id":"actions","version":"2"},"event":{"count":1,"data":{},"id":"EditorChooseLookupItem"}}
{"session":"8c49653e4497","build":"182.4129.34","bucket":"-1","time":1577430641062,"group":{"id":"completion","version":"2"},"event":{"count":1,"data":{},"id":"editing.completion.basic"}}
{"session":"8c49653e4497","build":"182.4129.34","bucket":"-1","time":1577430643703,"group":{"id":"actions","version":"2"},"event":{"count":1,"data":{},"id":"EditorChooseLookupItem"}}
{"session":"8c49653e4497","build":"182.4129.34","bucket":"-1","time":1577430643718,"group":{"id":"completion","version":"2"},"event":{"count":1,"data":{},"id":"editing.completion.basic"}}
{"session":"8c49653e4497","build":"182.4129.34","bucket":"-1","time":1577430645171,"group":{"id":"actions","version":"2"},"event":{"count":1,"data":{},"id":"EditorEnter"}}
{"session":"8c49653e4497","build":"182.4129.34","bucket":"-1","time":1577430681405,"group":{"id":"actions","version":"2"},"event":{"count":1,"data":{},"id":"EditorEnter"}}
{"session":"8c49653e4497","build":"182.4129.34","bucket":"-1","time":1577430682686,"group":{"id":"actions","version":"2"},"event":{"count":1,"data":{},"id":"EditorBackSpace"}}
{"session":"8c49653e4497","build":"182.4129.34","bucket":"-1","time":1577430696405,"group":{"id":"actions","version":"2"},"event":{"count":1,"data":{},"id":"EditorBackSpace"}}
{"session":"8c49653e4497","build":"182.4129.34","bucket":"-1","time":1577430717201,"group":{"id":"actions","version":"2"},"event":{"count":1,"data":{},"id":"EditorEnter"}}
{"session":"8c49653e4497","build":"182.4129.34","bucket":"-1","time":1577430748825,"group":{"id":"actions","version":"2"},"event":{"count":1,"data":{},"id":"EditorEnter"}}
{"session":"8c49653e4497","build":"182.4129.34","bucket":"-1","time":1577430823246,"group":{"id":"actions","version":"2"},"event":{"count":1,"data":{},"id":"EditorChooseLookupItem"}}
{"session":"8c49653e4497","build":"182.4129.34","bucket":"-1","time":1577430823261,"group":{"id":"completion","version":"2"},"event":{"count":1,"data":{},"id":"editing.completion.basic"}}
{"session":"8c49653e4497","build":"182.4129.34","bucket":"-1","time":1577430833902,"group":{"id":"actions","version":"2"},"event":{"count":1,"data":{},"id":"EditorRight"}}
{"session":"8c49653e4497","build":"182.4129.34","bucket":"-1","time":1577430834433,"group":{"id":"actions","version":"2"},"event":{"count":1,"data":{},"id":"EditorEnter"}}
{"session":"8c49653e4497","build":"182.4129.34","bucket":"-1","time":1577430859870,"group":{"id":"actions","version":"2"},"event":{"count":2,"data":{},"id":"EditorRight"}}
{"session":"8c49653e4497","build":"182.4129.34","bucket":"-1","time":1577430861089,"group":{"id":"actions","version":"2"},"event":{"count":1,"data":{},"id":"EditorEnter"}}
{"session":"8c49653e4497","build":"182.4129.34","bucket":"-1","time":1577430890838,"group":{"id":"actions","version":"2"},"event":{"count":2,"data":{},"id":"EditorRight"}}
{"session":"8c49653e4497","build":"182.4129.34","bucket":"-1","time":1577430891932,"group":{"id":"actions","version":"2"},"event":{"count":1,"data":{},"id":"EditorEnter"}}
{"session":"8c49653e4497","build":"182.4129.34","bucket":"-1","time":1577430899588,"group":{"id":"actions","version":"2"},"event":{"count":1,"data":{},"id":"EditorBackSpace"}}
{"session":"8c49653e4497","build":"182.4129.34","bucket":"-1","time":1577430920994,"group":{"id":"actions","version":"2"},"event":{"count":1,"data":{},"id":"RunClass"}}
{"session":"8c49653e4497","build":"182.4129.34","bucket":"-1","time":1577430921056,"group":{"id":"trigger","version":"2"},"event":{"count":1,"data":{},"id":"execute.PythonConfigurationType.Run"}}
{"session":"8c49653e4497","build":"182.4129.34","bucket":"-1","time":1577430921244,"group":{"id":"toolwindow","version":"2"},"event":{"count":1,"data":{},"id":"Run_by_Activation"}}
{"session":"8c49653e4497","build":"182.4129.34","bucket":"-1","time":1577430962227,"group":{"id":"actions","version":"2"},"event":{"count":1,"data":{},"id":"EditorCopy"}}
{"session":"8c49653e4497","build":"182.4129.34","bucket":"-1","time":1577431230840,"group":{"id":"actions","version":"2"},"event":{"count":6,"data":{},"id":"EditorEnter"}}
{"session":"8c49653e4497","build":"182.4129.34","bucket":"-1","time":1577431252293,"group":{"id":"actions","version":"2"},"event":{"count":3,"data":{},"id":"EditorBackSpace"}}
{"session":"8c49653e4497","build":"182.4129.34","bucket":"-1","time":1577431258871,"group":{"id":"actions","version":"2"},"event":{"count":1,"data":{},"id":"EditorRight"}}
{"session":"8c49653e4497","build":"182.4129.34","bucket":"-1","time":1577431260980,"group":{"id":"actions","version":"2"},"event":{"count":1,"data":{},"id":"EditorEnter"}}
{"session":"8c49653e4497","build":"182.4129.34","bucket":"-1","time":1577431295307,"group":{"id":"actions","version":"2"},"event":{"count":1,"data":{},"id":"ToggleLineBreakpoint"}}
{"session":"8c49653e4497","build":"182.4129.34","bucket":"-1","time":1577431321588,"group":{"id":"actions","version":"2"},"event":{"count":1,"data":{},"id":"EditorEnter"}}
{"session":"8c49653e4497","build":"182.4129.34","bucket":"-1","time":1577431324526,"group":{"id":"actions","version":"2"},"event":{"count":2,"data":{},"id":"EditorBackSpace"}}
{"session":"8c49653e4497","build":"182.4129.34","bucket":"-1","time":1577431340134,"group":{"id":"actions","version":"2"},"event":{"count":1,"data":{},"id":"EditorBackSpace"}}
{"session":"8c49653e4497","build":"182.4129.34","bucket":"-1","time":1577431356134,"group":{"id":"actions","version":"2"},"event":{"count":1,"data":{},"id":"EditorChooseLookupItem"}}
{"session":"8c49653e4497","build":"182.4129.34","bucket":"-1","time":1577431356134,"group":{"id":"completion","version":"2"},"event":{"count":1,"data":{},"id":"editing.completion.basic"}}
{"session":"8c49653e4497","build":"182.4129.34","bucket":"-1","time":1577431359915,"group":{"id":"actions","version":"2"},"event":{"count":1,"data":{},"id":"EditorRight"}}
{"session":"8c49653e4497","build":"182.4129.34","bucket":"-1","time":1577431374415,"group":{"id":"actions","version":"2"},"event":{"count":2,"data":{},"id":"EditorBackSpace"}}
{"session":"8c49653e4497","build":"182.4129.34","bucket":"-1","time":1577431389055,"group":{"id":"actions","version":"2"},"event":{"count":1,"data":{},"id":"EditorEnter"}}
{"session":"8c49653e4497","build":"182.4129.34","bucket":"-1","time":1577431398946,"group":{"id":"actions","version":"2"},"event":{"count":1,"data":{},"id":"EditorChooseLookupItem"}}
{"session":"8c49653e4497","build":"182.4129.34","bucket":"-1","time":1577431398977,"group":{"id":"completion","version":"2"},"event":{"count":1,"data":{},"id":"editing.completion.basic"}}
{"session":"8c49653e4497","build":"182.4129.34","bucket":"-1","time":1577431406352,"group":{"id":"actions","version":"2"},"event":{"count":1,"data":{},"id":"EditorChooseLookupItem"}}
{"session":"8c49653e4497","build":"182.4129.34","bucket":"-1","time":1577431406367,"group":{"id":"completion","version":"2"},"event":{"count":1,"data":{},"id":"editing.completion.basic"}}
{"session":"8c49653e4497","build":"182.4129.34","bucket":"-1","time":1577431414836,"group":{"id":"actions","version":"2"},"event":{"count":1,"data":{},"id":"EditorRight"}}
{"session":"8c49653e4497","build":"182.4129.34","bucket":"-1","time":1577431414836,"group":{"id":"actions","version":"2"},"event":{"count":1,"data":{},"id":"EditorEnter"}}
{"session":"8c49653e4497","build":"182.4129.34","bucket":"-1","time":1577431443445,"group":{"id":"actions","version":"2"},"event":{"count":1,"data":{},"id":"EditorBackSpace"}}
{"session":"8c49653e4497","build":"182.4129.34","bucket":"-1","time":1577431451726,"group":{"id":"actions","version":"2"},"event":{"count":1,"data":{},"id":"EditorRight"}}
{"session":"8c49653e4497","build":"182.4129.34","bucket":"-1","time":1577431452179,"group":{"id":"actions","version":"2"},"event":{"count":1,"data":{},"id":"EditorEnter"}}
{"session":"8c49653e4497","build":"182.4129.34","bucket":"-1","time":1577431491459,"group":{"id":"actions","version":"2"},"event":{"count":1,"data":{},"id":"EditorChooseLookupItem"}}
{"session":"8c49653e4497","build":"182.4129.34","bucket":"-1","time":1577431491475,"group":{"id":"completion","version":"2"},"event":{"count":1,"data":{},"id":"editing.completion.basic"}}
{"session":"8c49653e4497","build":"182.4129.34","bucket":"-1","time":1577431500194,"group":{"id":"actions","version":"2"},"event":{"count":2,"data":{},"id":"EditorRight"}}
{"session":"8c49653e4497","build":"182.4129.34","bucket":"-1","time":1577431501772,"group":{"id":"actions","version":"2"},"event":{"count":1,"data":{},"id":"EditorEnter"}}
{"session":"8c49653e4497","build":"182.4129.34","bucket":"-1","time":1577431505740,"group":{"id":"actions","version":"2"},"event":{"count":1,"data":{},"id":"EditorChooseLookupItem"}}
{"session":"8c49653e4497","build":"182.4129.34","bucket":"-1","time":1577431505756,"group":{"id":"completion","version":"2"},"event":{"count":1,"data":{},"id":"editing.completion.basic"}}
{"session":"8c49653e4497","build":"182.4129.34","bucket":"-1","time":1577431509990,"group":{"id":"actions","version":"2"},"event":{"count":1,"data":{},"id":"EditorChooseLookupItem"}}
{"session":"8c49653e4497","build":"182.4129.34","bucket":"-1","time":1577431510006,"group":{"id":"completion","version":"2"},"event":{"count":1,"data":{},"id":"editing.completion.basic"}}
{"session":"8c49653e4497","build":"182.4129.34","bucket":"-1","time":1577431516006,"group":{"id":"actions","version":"2"},"event":{"count":1,"data":{},"id":"EditorBackSpace"}}
{"session":"8c49653e4497","build":"182.4129.34","bucket":"-1","time":1577431519162,"group":{"id":"actions","version":"2"},"event":{"count":2,"data":{},"id":"EditorRight"}}
{"session":"8c49653e4497","build":"182.4129.34","bucket":"-1","time":1577431522099,"group":{"id":"actions","version":"2"},"event":{"count":1,"data":{},"id":"EditorEnter"}}
{"session":"8c49653e4497","build":"182.4129.34","bucket":"-1","time":1577431542396,"group":{"id":"actions","version":"2"},"event":{"count":3,"data":{},"id":"EditorBackSpace"}}
{"session":"8c49653e4497","build":"182.4129.34","bucket":"-1","time":1577431558567,"group":{"id":"actions","version":"2"},"event":{"count":1,"data":{},"id":"EditorRight"}}
{"session":"8c49653e4497","build":"182.4129.34","bucket":"-1","time":1577431559317,"group":{"id":"actions","version":"2"},"event":{"count":1,"data":{},"id":"EditorEnter"}}
{"session":"8c49653e4497","build":"182.4129.34","bucket":"-1","time":1577431577270,"group":{"id":"actions","version":"2"},"event":{"count":1,"data":{},"id":"EditorChooseLookupItem"}}
{"session":"8c49653e4497","build":"182.4129.34","bucket":"-1","time":1577431577286,"group":{"id":"completion","version":"2"},"event":{"count":1,"data":{},"id":"editing.completion.basic"}}
{"session":"8c49653e4497","build":"182.4129.34","bucket":"-1","time":1577431581114,"group":{"id":"actions","version":"2"},"event":{"count":1,"data":{},"id":"EditorRight"}}
{"session":"8c49653e4497","build":"182.4129.34","bucket":"-1","time":1577431582208,"group":{"id":"actions","version":"2"},"event":{"count":1,"data":{},"id":"EditorEnter"}}
{"session":"8c49653e4497","build":"182.4129.34","bucket":"-1","time":1577431593379,"group":{"id":"actions","version":"2"},"event":{"count":2,"data":{},"id":"EditorLeft"}}
{"session":"8c49653e4497","build":"182.4129.34","bucket":"-1","time":1577431599676,"group":{"id":"actions","version":"2"},"event":{"count":1,"data":{},"id":"EditorEnter"}}
{"session":"8c49653e4497","build":"182.4129.34","bucket":"-1","time":1577431613160,"group":{"id":"actions","version":"2"},"event":{"count":1,"data":{},"id":"EditorBackSpace"}}
{"session":"8c49653e4497","build":"182.4129.34","bucket":"-1","time":1577431661331,"group":{"id":"actions","version":"2"},"event":{"count":23,"data":{},"id":"EditorLeft"}}
{"session":"8c49653e4497","build":"182.4129.34","bucket":"-1","time":1577431665253,"group":{"id":"actions","version":"2"},"event":{"count":2,"data":{},"id":"EditorBackSpace"}}
{"session":"8c49653e4497","build":"182.4129.34","bucket":"-1","time":1577431671378,"group":{"id":"actions","version":"2"},"event":{"count":1,"data":{},"id":"EditorRight"}}
{"session":"8c49653e4497","build":"182.4129.34","bucket":"-1","time":1577431672503,"group":{"id":"actions","version":"2"},"event":{"count":1,"data":{},"id":"EditorEnter"}}
{"session":"8c49653e4497","build":"182.4129.34","bucket":"-1","time":1577431705924,"group":{"id":"actions","version":"2"},"event":{"count":1,"data":{},"id":"EditorStartNewLine"}}
{"session":"8c49653e4497","build":"182.4129.34","bucket":"-1","time":1577431708127,"group":{"id":"actions","version":"2"},"event":{"count":1,"data":{},"id":"EditorBackSpace"}}
{"session":"8c49653e4497","build":"182.4129.34","bucket":"-1","time":1577431709908,"group":{"id":"actions","version":"2"},"event":{"count":1,"data":{},"id":"EditorStartNewLine"}}
{"session":"8c49653e4497","build":"182.4129.34","bucket":"-1","time":1577431711064,"group":{"id":"actions","version":"2"},"event":{"count":1,"data":{},"id":"EditorBackSpace"}}
{"session":"8c49653e4497","build":"182.4129.34","bucket":"-1","time":1577431737126,"group":{"id":"actions","version":"2"},"event":{"count":1,"data":{},"id":"Terminal.OpenInTerminal"}}
{"session":"8c49653e4497","build":"182.4129.34","bucket":"-1","time":1577431737126,"group":{"id":"toolwindow","version":"2"},"event":{"count":1,"data":{},"id":"Terminal_by_Activation"}}
{"session":"8c49653e4497","build":"182.4129.34","bucket":"-1","time":1577431738720,"group":{"id":"trigger","version":"2"},"event":{"count":1,"data":{},"id":"terminal.win"}}
{"session":"8c49653e4497","build":"182.4129.34","bucket":"-1","time":1577431757173,"group":{"id":"actions","version":"2"},"event":{"count":1,"data":{},"id":"PyRunFileInConsole"}}
{"session":"8c49653e4497","build":"182.4129.34","bucket":"-1","time":1577431757251,"group":{"id":"trigger","version":"2"},"event":{"count":1,"data":{},"id":"execute.PythonConfigurationType.Run"}}
{"session":"8c49653e4497","build":"182.4129.34","bucket":"-1","time":1577431757360,"group":{"id":"trigger","version":"2"},"event":{"count":1,"data":{},"id":"python.console.local"}}
{"session":"8c49653e4497","build":"182.4129.34","bucket":"-1","time":1577431784391,"group":{"id":"toolwindow","version":"2"},"event":{"count":2,"data":{},"id":"Python_Console_by_Activation"}}
{"session":"8c49653e4497","build":"182.4129.34","bucket":"-1","time":1577431802750,"group":{"id":"toolwindow","version":"2"},"event":{"count":2,"data":{},"id":"Python_Console_by_Activation"}}
{"session":"8c49653e4497","build":"182.4129.34","bucket":"-1","time":1577431830374,"group":{"id":"toolwindow","version":"2"},"event":{"count":1,"data":{},"id":"Run_by_Activation"}}
{"session":"8c49653e4497","build":"182.4129.34","bucket":"-1","time":1577431834562,"group":{"id":"toolwindow","version":"2"},"event":{"count":1,"data":{},"id":"TODO_by_Activation"}}
{"session":"8c49653e4497","build":"182.4129.34","bucket":"-1","time":1577431836718,"group":{"id":"toolwindow","version":"2"},"event":{"count":1,"data":{},"id":"Terminal_by_Activation"}}
{"session":"8c49653e4497","build":"182.4129.34","bucket":"-1","time":1577431837093,"group":{"id":"trigger","version":"2"},"event":{"count":1,"data":{},"id":"terminal.win"}}
{"session":"8c49653e4497","build":"182.4129.34","bucket":"-1","time":1577431845233,"group":{"id":"toolwindow","version":"2"},"event":{"count":1,"data":{},"id":"Python_Console_by_Activation"}}
{"session":"8c49653e4497","build":"182.4129.34","bucket":"-1","time":1577431878201,"group":{"id":"actions","version":"2"},"event":{"count":1,"data":{},"id":"RunClass"}}
{"session":"8c49653e4497","build":"182.4129.34","bucket":"-1","time":1577431878264,"group":{"id":"trigger","version":"2"},"event":{"count":1,"data":{},"id":"execute.PythonConfigurationType.Run"}}
{"session":"8c49653e4497","build":"182.4129.34","bucket":"-1","time":1577431878295,"group":{"id":"trigger","version":"2"},"event":{"count":1,"data":{},"id":"python.console.local"}}
{"session":"8c49653e4497","build":"182.4129.34","bucket":"-1","time":1577431896263,"group":{"id":"actions","version":"2"},"event":{"count":1,"data":{},"id":"RunClass"}}
{"session":"8c49653e4497","build":"182.4129.34","bucket":"-1","time":1577431896326,"group":{"id":"trigger","version":"2"},"event":{"count":1,"data":{},"id":"execute.PythonConfigurationType.Run"}}
{"session":"8c49653e4497","build":"182.4129.34","bucket":"-1","time":1577431896435,"group":{"id":"toolwindow","version":"2"},"event":{"count":1,"data":{},"id":"Run_by_Activation"}}
{"session":"8c49653e4497","build":"182.4129.34","bucket":"-1","time":1577431903857,"group":{"id":"toolwindow","version":"2"},"event":{"count":1,"data":{},"id":"Python_Console_by_Activation"}}
{"session":"8c49653e4497","build":"182.4129.34","bucket":"-1","time":1577431924888,"group":{"id":"actions","version":"2"},"event":{"count":1,"data":{},"id":"RunClass"}}
{"session":"8c49653e4497","build":"182.4129.34","bucket":"-1","time":1577431924950,"group":{"id":"trigger","version":"2"},"event":{"count":1,"data":{},"id":"execute.PythonConfigurationType.Run"}}
{"session":"8c49653e4497","build":"182.4129.34","bucket":"-1","time":1577431924982,"group":{"id":"trigger","version":"2"},"event":{"count":1,"data":{},"id":"python.console.local"}}
{"session":"8c49653e4497","build":"182.4129.34","bucket":"-1","time":1577431930731,"group":{"id":"toolwindow","version":"2"},"event":{"count":1,"data":{},"id":"Terminal_by_Activation"}}
{"session":"8c49653e4497","build":"182.4129.34","bucket":"-1","time":1577431932466,"group":{"id":"toolwindow","version":"2"},"event":{"count":1,"data":{},"id":"TODO_by_Activation"}}
{"session":"8c49653e4497","build":"182.4129.34","bucket":"-1","time":1577431944012,"group":{"id":"toolwindow","version":"2"},"event":{"count":1,"data":{},"id":"Python_Console_by_Activation"}}
{"session":"8c49653e4497","build":"182.4129.34","bucket":"-1","time":1577431946653,"group":{"id":"ui.dialogs","version":"2"},"event":{"count":1,"data":{"type":"show"},"id":"com.intellij.execution.console.ConsoleHistoryController$MyBrowseAction$1"}}
{"session":"8c49653e4497","build":"182.4129.34","bucket":"-1","time":1577431994301,"group":{"id":"ui.dialogs","version":"2"},"event":{"count":1,"data":{"code":1,"type":"close"},"id":"com.intellij.execution.console.ConsoleHistoryController$MyBrowseAction$1"}}
{"session":"8c49653e4497","build":"182.4129.34","bucket":"-1","time":1577432021707,"group":{"id":"trigger","version":"2"},"event":{"count":1,"data":{},"id":"ide.help.interactive_console"}}
{"session":"8c49653e4497","build":"182.4129.34","bucket":"-1","time":1577432036817,"group":{"id":"trigger","version":"2"},"event":{"count":1,"data":{},"id":"python.console.local"}}
{"session":"8c49653e4497","build":"182.4129.34","bucket":"-1","time":1577432096347,"group":{"id":"actions","version":"2"},"event":{"count":1,"data":{},"id":"InvalidateCaches"}}
{"session":"8c49653e4497","build":"182.4129.34","bucket":"-1","time":1577432096440,"group":{"id":"ui.dialogs","version":"2"},"event":{"count":1,"data":{"type":"show"},"id":"com.intellij.openapi.ui.messages.MessageDialog"}}
{"session":"8c49653e4497","build":"182.4129.34","bucket":"-1","time":1577432122752,"group":{"id":"actions","version":"2"},"event":{"count":1,"data":{},"id":"ConfigureIcs"}}
{"session":"8c49653e4497","build":"182.4129.34","bucket":"-1","time":1577432122987,"group":{"id":"ui.dialogs","version":"2"},"event":{"count":1,"data":{"type":"show"},"id":"org.jetbrains.settingsRepository.IcsSettingsPanel"}}
{"session":"8c49653e4497","build":"182.4129.34","bucket":"-1","time":1577432127127,"group":{"id":"actions","version":"2"},"event":{"count":1,"data":{},"id":"EditorPaste"}}
{"session":"8c49653e4497","build":"182.4129.34","bucket":"-1","time":1577432141236,"group":{"id":"ui.dialogs","version":"2"},"event":{"count":1,"data":{"code":1,"type":"close"},"id":"org.jetbrains.settingsRepository.IcsSettingsPanel"}}
{"session":"8c49653e4497","build":"182.4129.34","bucket":"-1","time":1577432163314,"group":{"id":"actions","version":"2"},"event":{"count":1,"data":{},"id":"EditorBackSpace"}}
{"session":"8c49653e4497","build":"182.4129.34","bucket":"-1","time":1577432166236,"group":{"id":"actions","version":"2"},"event":{"count":1,"data":{},"id":"EditorEnter"}}
{"session":"8c49653e4497","build":"182.4129.34","bucket":"-1","time":1577432170095,"group":{"id":"actions","version":"2"},"event":{"count":2,"data":{},"id":"EditorBackSpace"}}
{"session":"8c49653e4497","build":"182.4129.34","bucket":"-1","time":1577432174282,"group":{"id":"actions","version":"2"},"event":{"count":1,"data":{},"id":"EditorChooseLookupItem"}}
{"session":"8c49653e4497","build":"182.4129.34","bucket":"-1","time":1577432174298,"group":{"id":"completion","version":"2"},"event":{"count":1,"data":{},"id":"editing.completion.basic"}}
{"session":"8c49653e4497","build":"182.4129.34","bucket":"-1","time":1577432186298,"group":{"id":"actions","version":"2"},"event":{"count":1,"data":{},"id":"Vcs.UpdateProject"}}
{"session":"8c49653e4497","build":"182.4129.34","bucket":"-1","time":1577432189126,"group":{"id":"actions","version":"2"},"event":{"count":1,"data":{},"id":"EditorChooseLookupItem"}}
{"session":"8c49653e4497","build":"182.4129.34","bucket":"-1","time":1577432189141,"group":{"id":"completion","version":"2"},"event":{"count":1,"data":{},"id":"editing.completion.basic"}}
{"session":"8c49653e4497","build":"182.4129.34","bucket":"-1","time":1577432199032,"group":{"id":"actions","version":"2"},"event":{"count":1,"data":{},"id":"EditorEnter"}}
{"session":"8c49653e4497","build":"182.4129.34","bucket":"-1","time":1577432228750,"group":{"id":"actions","version":"2"},"event":{"count":1,"data":{},"id":"EditorRight"}}
{"session":"8c49653e4497","build":"182.4129.34","bucket":"-1","time":1577432229391,"group":{"id":"actions","version":"2"},"event":{"count":1,"data":{},"id":"EditorEnter"}}
{"session":"8c49653e4497","build":"182.4129.34","bucket":"-1","time":1577432281577,"group":{"id":"actions","version":"2"},"event":{"count":4,"data":{},"id":"EditorEnter"}}
{"session":"8c49653e4497","build":"182.4129.34","bucket":"-1","time":1577432298217,"group":{"id":"actions","version":"2"},"event":{"count":1,"data":{},"id":"EditorEnter"}}
{"session":"8c49653e4497","build":"182.4129.34","bucket":"-1","time":1577432312217,"group":{"id":"actions","version":"2"},"event":{"count":1,"data":{},"id":"EditorEnter"}}
{"session":"8c49653e4497","build":"182.4129.34","bucket":"-1","time":1577432334935,"group":{"id":"actions","version":"2"},"event":{"count":1,"data":{},"id":"EditorRight"}}
{"session":"8c49653e4497","build":"182.4129.34","bucket":"-1","time":1577432335498,"group":{"id":"actions","version":"2"},"event":{"count":1,"data":{},"id":"EditorEnter"}}
{"session":"8c49653e4497","build":"182.4129.34","bucket":"-1","time":1577432338888,"group":{"id":"actions","version":"2"},"event":{"count":2,"data":{},"id":"EditorBackSpace"}}
{"session":"8c49653e4497","build":"182.4129.34","bucket":"-1","time":1577432343841,"group":{"id":"actions","version":"2"},"event":{"count":1,"data":{},"id":"EditorEnter"}}
{"session":"8c49653e4497","build":"182.4129.34","bucket":"-1","time":1577432354107,"group":{"id":"actions","version":"2"},"event":{"count":1,"data":{},"id":"EditorChooseLookupItem"}}
{"session":"8c49653e4497","build":"182.4129.34","bucket":"-1","time":1577432354122,"group":{"id":"completion","version":"2"},"event":{"count":1,"data":{},"id":"editing.completion.basic"}}
{"session":"8c49653e4497","build":"182.4129.34","bucket":"-1","time":1577432364935,"group":{"id":"actions","version":"2"},"event":{"count":1,"data":{},"id":"EditorRight"}}
{"session":"8c49653e4497","build":"182.4129.34","bucket":"-1","time":1577432370075,"group":{"id":"actions","version":"2"},"event":{"count":1,"data":{},"id":"$Undo"}}
{"session":"8c49653e4497","build":"182.4129.34","bucket":"-1","time":1577432372247,"group":{"id":"actions","version":"2"},"event":{"count":1,"data":{},"id":"EditorEnter"}}
{"session":"8c49653e4497","build":"182.4129.34","bucket":"-1","time":1577432416902,"group":{"id":"actions","version":"2"},"event":{"count":1,"data":{},"id":"EditorChooseLookupItem"}}
{"session":"8c49653e4497","build":"182.4129.34","bucket":"-1","time":1577432416918,"group":{"id":"completion","version":"2"},"event":{"count":1,"data":{},"id":"editing.completion.basic"}}
{"session":"8c49653e4497","build":"182.4129.34","bucket":"-1","time":1577432418871,"group":{"id":"actions","version":"2"},"event":{"count":1,"data":{},"id":"EditorEnter"}}
{"session":"8c49653e4497","build":"182.4129.34","bucket":"-1","time":1577432443496,"group":{"id":"actions","version":"2"},"event":{"count":1,"data":{},"id":"EditorChooseLookupItem"}}
{"session":"8c49653e4497","build":"182.4129.34","bucket":"-1","time":1577432443496,"group":{"id":"completion","version":"2"},"event":{"count":1,"data":{},"id":"editing.completion.basic"}}
{"session":"8c49653e4497","build":"182.4129.34","bucket":"-1","time":1577432514541,"group":{"id":"actions","version":"2"},"event":{"count":1,"data":{},"id":"GotoSuperMethod"}}
{"session":"8c49653e4497","build":"182.4129.34","bucket":"-1","time":1577432520119,"group":{"id":"actions","version":"2"},"event":{"count":1,"data":{},"id":"RunClass"}}
{"session":"8c49653e4497","build":"182.4129.34","bucket":"-1","time":1577432520197,"group":{"id":"trigger","version":"2"},"event":{"count":1,"data":{},"id":"execute.PythonConfigurationType.Run"}}
{"session":"8c49653e4497","build":"182.4129.34","bucket":"-1","time":1577432520947,"group":{"id":"trigger","version":"2"},"event":{"count":1,"data":{},"id":"python.console.local"}}
{"session":"8c49653e4497","build":"182.4129.34","bucket":"-1","time":1577432529947,"group":{"id":"toolwindow","version":"2"},"event":{"count":1,"data":{},"id":"Terminal_by_Activation"}}
{"session":"8c49653e4497","build":"182.4129.34","bucket":"-1","time":1577432532103,"group":{"id":"toolwindow","version":"2"},"event":{"count":1,"data":{},"id":"Run_by_Activation"}}
{"session":"8c49653e4497","build":"182.4129.34","bucket":"-1","time":1577432546790,"group":{"id":"actions","version":"2"},"event":{"count":1,"data":{},"id":"RunClass"}}
{"session":"8c49653e4497","build":"182.4129.34","bucket":"-1","time":1577432546853,"group":{"id":"trigger","version":"2"},"event":{"count":1,"data":{},"id":"execute.PythonConfigurationType.Run"}}
{"session":"8c49653e4497","build":"182.4129.34","bucket":"-1","time":1577432546884,"group":{"id":"trigger","version":"2"},"event":{"count":1,"data":{},"id":"python.console.local"}}
{"session":"8c49653e4497","build":"182.4129.34","bucket":"-1","time":1577432551524,"group":{"id":"toolwindow","version":"2"},"event":{"count":1,"data":{},"id":"Run_by_Activation"}}
{"session":"8c49653e4497","build":"182.4129.34","bucket":"-1","time":1577432560071,"group":{"id":"actions","version":"2"},"event":{"count":1,"data":{},"id":"Rerun"}}
{"session":"8c49653e4497","build":"182.4129.34","bucket":"-1","time":1577432560368,"group":{"id":"trigger","version":"2"},"event":{"count":1,"data":{},"id":"execute.PythonConfigurationType.Run"}}
{"session":"8c49653e4497","build":"182.4129.34","bucket":"-1","time":1577432560493,"group":{"id":"toolwindow","version":"2"},"event":{"count":1,"data":{},"id":"Run_by_Activation"}}
{"session":"8c49653e4497","build":"182.4129.34","bucket":"-1","time":1577432578883,"group":{"id":"actions","version":"2"},"event":{"count":1,"data":{},"id":"RunClass"}}
{"session":"8c49653e4497","build":"182.4129.34","bucket":"-1","time":1577432578946,"group":{"id":"trigger","version":"2"},"event":{"count":1,"data":{},"id":"execute.PythonConfigurationType.Run"}}
{"session":"8c49653e4497","build":"182.4129.34","bucket":"-1","time":1577432578977,"group":{"id":"trigger","version":"2"},"event":{"count":1,"data":{},"id":"python.console.local"}}
{"session":"8c49653e4497","build":"182.4129.34","bucket":"-1","time":1577432594477,"group":{"id":"toolwindow","version":"2"},"event":{"count":1,"data":{},"id":"Python_Console_by_Activation"}}
{"session":"8c49653e4497","build":"182.4129.34","bucket":"-1","time":1577432601477,"group":{"id":"toolwindow","version":"2"},"event":{"count":1,"data":{},"id":"Terminal_by_Activation"}}
{"session":"8c49653e4497","build":"182.4129.34","bucket":"-1","time":1577432603867,"group":{"id":"toolwindow","version":"2"},"event":{"count":1,"data":{},"id":"TODO_by_Activation"}}
{"session":"8c49653e4497","build":"182.4129.34","bucket":"-1","time":1577432629538,"group":{"id":"ui.dialogs","version":"2"},"event":{"count":1,"data":{"type":"show"},"id":"com.intellij.openapi.options.newEditor.SettingsDialog"}}
{"session":"8c49653e4497","build":"182.4129.34","bucket":"-1","time":1577432633054,"group":{"id":"ui.dialogs","version":"2"},"event":{"count":1,"data":{"code":1,"type":"close"},"id":"com.intellij.openapi.options.newEditor.SettingsDialog"}}
{"session":"8c49653e4497","build":"182.4129.34","bucket":"-1","time":1577432666835,"group":{"id":"actions","version":"2"},"event":{"count":1,"data":{},"id":"ExpressionTypeInfo"}}
{"session":"8c49653e4497","build":"182.4129.34","bucket":"-1","time":1577432702974,"group":{"id":"actions","version":"2"},"event":{"count":2,"data":{},"id":"EditorBackSpace"}}
{"session":"8c49653e4497","build":"182.4129.34","bucket":"-1","time":1577432711052,"group":{"id":"editing","version":"2"},"event":{"count":1,"data":{},"id":"editing.select.word"}}
{"session":"8c49653e4497","build":"182.4129.34","bucket":"-1","time":1577432713490,"group":{"id":"actions","version":"2"},"event":{"count":1,"data":{},"id":"EditorBackSpace"}}
{"session":"8c49653e4497","build":"182.4129.34","bucket":"-1","time":1577432715287,"group":{"id":"actions","version":"2"},"event":{"count":1,"data":{},"id":"EditorEnter"}}
{"session":"8c49653e4497","build":"182.4129.34","bucket":"-1","time":1577432724411,"group":{"id":"actions","version":"2"},"event":{"count":1,"data":{},"id":"EditorBackSpace"}}
{"session":"8c49653e4497","build":"182.4129.34","bucket":"-1","time":1577432727849,"group":{"id":"actions","version":"2"},"event":{"count":1,"data":{},"id":"EditorRight"}}
{"session":"8c49653e4497","build":"182.4129.34","bucket":"-1","time":1577432744958,"group":{"id":"actions","version":"2"},"event":{"count":4,"data":{},"id":"EditorBackSpace"}}
{"session":"8c49653e4497","build":"182.4129.34","bucket":"-1","time":1577432783441,"group":{"id":"ui.dialogs","version":"2"},"event":{"count":1,"data":{"type":"show"},"id":"com.intellij.openapi.vfs.encoding.IncompatibleEncodingDialog"}}
{"session":"8c49653e4497","build":"182.4129.34","bucket":"-1","time":1577432790176,"group":{"id":"ui.dialogs","version":"2"},"event":{"count":1,"data":{"code":1,"type":"close"},"id":"com.intellij.openapi.vfs.encoding.IncompatibleEncodingDialog"}}
{"session":"8c49653e4497","build":"182.4129.34","bucket":"-1","time":1577432847362,"group":{"id":"actions","version":"2"},"event":{"count":1,"data":{},"id":"EditorEnter"}}
{"session":"8c49653e4497","build":"182.4129.34","bucket":"-1","time":1577432853674,"group":{"id":"actions","version":"2"},"event":{"count":1,"data":{},"id":"EditorChooseLookupItem"}}
{"session":"8c49653e4497","build":"182.4129.34","bucket":"-1","time":1577432853690,"group":{"id":"completion","version":"2"},"event":{"count":1,"data":{},"id":"editing.completion.basic"}}
{"session":"8c49653e4497","build":"182.4129.34","bucket":"-1","time":1577432858456,"group":{"id":"actions","version":"2"},"event":{"count":2,"data":{},"id":"EditorEnter"}}
{"session":"8c49653e4497","build":"182.4129.34","bucket":"-1","time":1577432870080,"group":{"id":"actions","version":"2"},"event":{"count":1,"data":{},"id":"EditorBackSpace"}}
{"session":"8c49653e4497","build":"182.4129.34","bucket":"-1","time":1577432883971,"group":{"id":"actions","version":"2"},"event":{"count":2,"data":{},"id":"EditorBackSpace"}}
{"session":"8c49653e4497","build":"182.4129.34","bucket":"-1","time":1577432893127,"group":{"id":"actions","version":"2"},"event":{"count":44,"data":{},"id":"EditorDown"}}
{"session":"8c49653e4497","build":"182.4129.34","bucket":"-1","time":1577432899205,"group":{"id":"actions","version":"2"},"event":{"count":1,"data":{},"id":"EditorEnter"}}
{"session":"8c49653e4497","build":"182.4129.34","bucket":"-1","time":1577432911798,"group":{"id":"actions","version":"2"},"event":{"count":3,"data":{},"id":"EditorEnter"}}
{"session":"8c49653e4497","build":"182.4129.34","bucket":"-1","time":1577432928563,"group":{"id":"actions","version":"2"},"event":{"count":1,"data":{},"id":"EditorChooseLookupItem"}}
{"session":"8c49653e4497","build":"182.4129.34","bucket":"-1","time":1577432928579,"group":{"id":"completion","version":"2"},"event":{"count":1,"data":{},"id":"editing.completion.basic"}}
{"session":"8c49653e4497","build":"182.4129.34","bucket":"-1","time":1577432932907,"group":{"id":"actions","version":"2"},"event":{"count":1,"data":{},"id":"EditorChooseLookupItem"}}
{"session":"8c49653e4497","build":"182.4129.34","bucket":"-1","time":1577432932923,"group":{"id":"completion","version":"2"},"event":{"count":1,"data":{},"id":"editing.completion.basic"}}
{"session":"8c49653e4497","build":"182.4129.34","bucket":"-1","time":1577432942344,"group":{"id":"actions","version":"2"},"event":{"count":1,"data":{},"id":"EditorChooseLookupItem"}}
{"session":"8c49653e4497","build":"182.4129.34","bucket":"-1","time":1577432942360,"group":{"id":"completion","version":"2"},"event":{"count":1,"data":{},"id":"editing.completion.basic"}}
{"session":"8c49653e4497","build":"182.4129.34","bucket":"-1","time":1577432943719,"group":{"id":"actions","version":"2"},"event":{"count":1,"data":{},"id":"EditorRight"}}
{"session":"8c49653e4497","build":"182.4129.34","bucket":"-1","time":1577432993875,"group":{"id":"actions","version":"2"},"event":{"count":1,"data":{},"id":"EditorCopy"}}
{"session":"8c49653e4497","build":"182.4129.34","bucket":"-1","time":1577432997249,"group":{"id":"actions","version":"2"},"event":{"count":1,"data":{},"id":"EditorEnter"}}
{"session":"8c49653e4497","build":"182.4129.34","bucket":"-1","time":1577433001921,"group":{"id":"actions","version":"2"},"event":{"count":3,"data":{},"id":"EditorPaste"}}
{"session":"8c49653e4497","build":"182.4129.34","bucket":"-1","time":1577433015187,"group":{"id":"actions","version":"2"},"event":{"count":1,"data":{},"id":"EditorEnter"}}
{"session":"8c49653e4497","build":"182.4129.34","bucket":"-1","time":1577433035155,"group":{"id":"actions","version":"2"},"event":{"count":1,"data":{},"id":"EditorEnter"}}
{"session":"8c49653e4497","build":"182.4129.34","bucket":"-1","time":1577433040420,"group":{"id":"editing","version":"2"},"event":{"count":1,"data":{},"id":"editing.select.word"}}
{"session":"8c49653e4497","build":"182.4129.34","bucket":"-1","time":1577433044483,"group":{"id":"actions","version":"2"},"event":{"count":1,"data":{},"id":"EditorBackSpace"}}
{"session":"8c49653e4497","build":"182.4129.34","bucket":"-1","time":1577433050670,"group":{"id":"editing","version":"2"},"event":{"count":1,"data":{},"id":"editing.select.word"}}
{"session":"8c49653e4497","build":"182.4129.34","bucket":"-1","time":1577433063217,"group":{"id":"actions","version":"2"},"event":{"count":1,"data":{},"id":"EditorBackSpace"}}
{"session":"8c49653e4497","build":"182.4129.34","bucket":"-1","time":1577433069607,"group":{"id":"actions","version":"2"},"event":{"count":1,"data":{},"id":"EditorLeft"}}
{"session":"8c49653e4497","build":"182.4129.34","bucket":"-1","time":1577433070295,"group":{"id":"actions","version":"2"},"event":{"count":2,"data":{},"id":"EditorBackSpace"}}
{"session":"8c49653e4497","build":"182.4129.34","bucket":"-1","time":1577433078170,"group":{"id":"actions","version":"2"},"event":{"count":1,"data":{},"id":"EditorEnter"}}
{"session":"8c49653e4497","build":"182.4129.34","bucket":"-1","time":1577433080357,"group":{"id":"actions","version":"2"},"event":{"count":5,"data":{},"id":"EditorBackSpace"}}
{"session":"8c49653e4497","build":"182.4129.34","bucket":"-1","time":1577433086279,"group":{"id":"editing","version":"2"},"event":{"count":1,"data":{},"id":"editing.select.word"}}
{"session":"8c49653e4497","build":"182.4129.34","bucket":"-1","time":1577433092654,"group":{"id":"actions","version":"2"},"event":{"count":1,"data":{},"id":"EditorBackSpace"}}
{"session":"8c49653e4497","build":"182.4129.34","bucket":"-1","time":1577433095404,"group":{"id":"actions","version":"2"},"event":{"count":1,"data":{},"id":"EditorChooseLookupItem"}}
{"session":"8c49653e4497","build":"182.4129.34","bucket":"-1","time":1577433095419,"group":{"id":"completion","version":"2"},"event":{"count":1,"data":{},"id":"editing.completion.basic"}}
{"session":"8c49653e4497","build":"182.4129.34","bucket":"-1","time":1577433105091,"group":{"id":"actions","version":"2"},"event":{"count":1,"data":{},"id":"EditorRight"}}
{"session":"8c49653e4497","build":"182.4129.34","bucket":"-1","time":1577433106466,"group":{"id":"actions","version":"2"},"event":{"count":1,"data":{},"id":"EditorBackSpace"}}
{"session":"8c49653e4497","build":"182.4129.34","bucket":"-1","time":1577433107982,"group":{"id":"actions","version":"2"},"event":{"count":1,"data":{},"id":"EditorChooseLookupItem"}}
{"session":"8c49653e4497","build":"182.4129.34","bucket":"-1","time":1577433107997,"group":{"id":"completion","version":"2"},"event":{"count":1,"data":{},"id":"editing.completion.basic"}}
{"session":"8c49653e4497","build":"182.4129.34","bucket":"-1","time":1577433133465,"group":{"id":"actions","version":"2"},"event":{"count":1,"data":{},"id":"EditorBackSpace"}}
{"session":"8c49653e4497","build":"182.4129.34","bucket":"-1","time":1577433137309,"group":{"id":"actions","version":"2"},"event":{"count":1,"data":{},"id":"EditorChooseLookupItem"}}
{"session":"8c49653e4497","build":"182.4129.34","bucket":"-1","time":1577433137325,"group":{"id":"completion","version":"2"},"event":{"count":1,"data":{},"id":"editing.completion.basic"}}
{"session":"8c49653e4497","build":"182.4129.34","bucket":"-1","time":1577433139387,"group":{"id":"actions","version":"2"},"event":{"count":1,"data":{},"id":"$Undo"}}
{"session":"8c49653e4497","build":"182.4129.34","bucket":"-1","time":1577433143293,"group":{"id":"actions","version":"2"},"event":{"count":1,"data":{},"id":"EditorBackSpace"}}
{"session":"8c49653e4497","build":"182.4129.34","bucket":"-1","time":1577433146856,"group":{"id":"toolwindow","version":"2"},"event":{"count":1,"data":{},"id":"Project_by_Activation"}}
{"session":"8c49653e4497","build":"182.4129.34","bucket":"-1","time":1577433155387,"group":{"id":"actions","version":"2"},"event":{"count":1,"data":{},"id":"EditorBackSpace"}}
{"session":"8c49653e4497","build":"182.4129.34","bucket":"-1","time":1577433157043,"group":{"id":"actions","version":"2"},"event":{"count":1,"data":{},"id":"EditorDown"}}
{"session":"8c49653e4497","build":"182.4129.34","bucket":"-1","time":1577433161683,"group":{"id":"actions","version":"2"},"event":{"count":1,"data":{},"id":"EditorBackSpace"}}
{"session":"8c49653e4497","build":"182.4129.34","bucket":"-1","time":1577433172777,"group":{"id":"actions","version":"2"},"event":{"count":3,"data":{},"id":"EditorDown"}}
{"session":"8c49653e4497","build":"182.4129.34","bucket":"-1","time":1577433192495,"group":{"id":"editing","version":"2"},"event":{"count":1,"data":{},"id":"editing.select.word"}}
{"session":"8c49653e4497","build":"182.4129.34","bucket":"-1","time":1577433239979,"group":{"id":"editing","version":"2"},"event":{"count":1,"data":{},"id":"editing.select.word"}}
{"session":"8c49653e4497","build":"182.4129.34","bucket":"-1","time":1577433261463,"group":{"id":"actions","version":"2"},"event":{"count":1,"data":{},"id":"EditorBackSpace"}}
{"session":"8c49653e4497","build":"182.4129.34","bucket":"-1","time":1577433294009,"group":{"id":"actions","version":"2"},"event":{"count":1,"data":{},"id":"EditorCopy"}}
{"session":"8c49653e4497","build":"182.4129.34","bucket":"-1","time":1577433298165,"group":{"id":"actions","version":"2"},"event":{"count":1,"data":{},"id":"EditorEnter"}}
{"session":"8c49653e4497","build":"182.4129.34","bucket":"-1","time":1577433299774,"group":{"id":"actions","version":"2"},"event":{"count":1,"data":{},"id":"EditorPaste"}}
{"session":"8c49653e4497","build":"182.4129.34","bucket":"-1","time":1577433301759,"group":{"id":"actions","version":"2"},"event":{"count":1,"data":{},"id":"EditorEnter"}}
{"session":"8c49653e4497","build":"182.4129.34","bucket":"-1","time":1577433308040,"group":{"id":"actions","version":"2"},"event":{"count":3,"data":{},"id":"EditorBackSpace"}}
{"session":"8c49653e4497","build":"182.4129.34","bucket":"-1","time":1577433312852,"group":{"id":"editing","version":"2"},"event":{"count":1,"data":{},"id":"editing.select.word"}}
{"session":"8c49653e4497","build":"182.4129.34","bucket":"-1","time":1577433319180,"group":{"id":"actions","version":"2"},"event":{"count":2,"data":{},"id":"EditorBackSpace"}}
{"session":"8c49653e4497","build":"182.4129.34","bucket":"-1","time":1577433337024,"group":{"id":"editing","version":"2"},"event":{"count":2,"data":{},"id":"editing.select.word"}}
{"session":"8c49653e4497","build":"182.4129.34","bucket":"-1","time":1577433357632,"group":{"id":"actions","version":"2"},"event":{"count":1,"data":{},"id":"EditorBackSpace"}}
{"session":"8c49653e4497","build":"182.4129.34","bucket":"-1","time":1577433623986,"group":{"id":"actions","version":"2"},"event":{"count":1,"data":{},"id":"EditorEnter"}}
{"session":"8c49653e4497","build":"182.4129.34","bucket":"-1","time":1577433651064,"group":{"id":"actions","version":"2"},"event":{"count":1,"data":{},"id":"EditorBackSpace"}}
{"session":"8c49653e4497","build":"182.4129.34","bucket":"-1","time":1577433651751,"group":{"id":"actions","version":"2"},"event":{"count":1,"data":{},"id":"EditorRight"}}
{"session":"8c49653e4497","build":"182.4129.34","bucket":"-1","time":1577433654611,"group":{"id":"actions","version":"2"},"event":{"count":1,"data":{},"id":"EditorEnter"}}
{"session":"8c49653e4497","build":"182.4129.34","bucket":"-1","time":1577433665392,"group":{"id":"actions","version":"2"},"event":{"count":1,"data":{},"id":"EditorChooseLookupItem"}}
{"session":"8c49653e4497","build":"182.4129.34","bucket":"-1","time":1577433665407,"group":{"id":"completion","version":"2"},"event":{"count":1,"data":{},"id":"editing.completion.basic"}}
{"session":"8c49653e4497","build":"182.4129.34","bucket":"-1","time":1577433673266,"group":{"id":"actions","version":"2"},"event":{"count":1,"data":{},"id":"EditorRight"}}
{"session":"8c49653e4497","build":"182.4129.34","bucket":"-1","time":1577433693703,"group":{"id":"actions","version":"2"},"event":{"count":1,"data":{},"id":"EditorEnter"}}
{"session":"8c49653e4497","build":"182.4129.34","bucket":"-1","time":1577433703235,"group":{"id":"actions","version":"2"},"event":{"count":1,"data":{},"id":"EditorCopy"}}
{"session":"8c49653e4497","build":"182.4129.34","bucket":"-1","time":1577433707156,"group":{"id":"actions","version":"2"},"event":{"count":1,"data":{},"id":"EditorEnter"}}
{"session":"8c49653e4497","build":"182.4129.34","bucket":"-1","time":1577433708485,"group":{"id":"actions","version":"2"},"event":{"count":3,"data":{},"id":"EditorPaste"}}
{"session":"8c49653e4497","build":"182.4129.34","bucket":"-1","time":1577433741968,"group":{"id":"actions","version":"2"},"event":{"count":3,"data":{},"id":"EditorBackSpace"}}
{"session":"8c49653e4497","build":"182.4129.34","bucket":"-1","time":1577433762905,"group":{"id":"actions","version":"2"},"event":{"count":1,"data":{},"id":"EditorEnter"}}
{"session":"8c49653e4497","build":"182.4129.34","bucket":"-1","time":1577433764296,"group":{"id":"actions","version":"2"},"event":{"count":2,"data":{},"id":"EditorBackSpace"}}
{"session":"8c49653e4497","build":"182.4129.34","bucket":"-1","time":1577433767139,"group":{"id":"editing","version":"2"},"event":{"count":1,"data":{},"id":"editing.select.word"}}
{"session":"8c49653e4497","build":"182.4129.34","bucket":"-1","time":1577433778592,"group":{"id":"editing","version":"2"},"event":{"count":1,"data":{},"id":"editing.select.word"}}
{"session":"8c49653e4497","build":"182.4129.34","bucket":"-1","time":1577433782030,"group":{"id":"actions","version":"2"},"event":{"count":1,"data":{},"id":"EditorRight"}}
{"session":"8c49653e4497","build":"182.4129.34","bucket":"-1","time":1577433783780,"group":{"id":"actions","version":"2"},"event":{"count":2,"data":{},"id":"EditorBackSpace"}}
{"session":"8c49653e4497","build":"182.4129.34","bucket":"-1","time":1577433790467,"group":{"id":"editing","version":"2"},"event":{"count":1,"data":{},"id":"editing.select.word"}}
{"session":"8c49653e4497","build":"182.4129.34","bucket":"-1","time":1577433795123,"group":{"id":"actions","version":"2"},"event":{"count":1,"data":{},"id":"EditorBackSpace"}}
{"session":"8c49653e4497","build":"182.4129.34","bucket":"-1","time":1577433808670,"group":{"id":"actions","version":"2"},"event":{"count":1,"data":{},"id":"EditorRight"}}
{"session":"8c49653e4497","build":"182.4129.34","bucket":"-1","time":1577433809357,"group":{"id":"actions","version":"2"},"event":{"count":2,"data":{},"id":"EditorBackSpace"}}
{"session":"8c49653e4497","build":"182.4129.34","bucket":"-1","time":1577433816404,"group":{"id":"editing","version":"2"},"event":{"count":1,"data":{},"id":"editing.select.word"}}
{"session":"8c49653e4497","build":"182.4129.34","bucket":"-1","time":1577433820701,"group":{"id":"actions","version":"2"},"event":{"count":1,"data":{},"id":"EditorBackSpace"}}
{"session":"8c49653e4497","build":"182.4129.34","bucket":"-1","time":1577433821935,"group":{"id":"actions","version":"2"},"event":{"count":2,"data":{},"id":"EditorDown"}}
{"session":"8c49653e4497","build":"182.4129.34","bucket":"-1","time":1577433823529,"group":{"id":"actions","version":"2"},"event":{"count":3,"data":{},"id":"EditorLeft"}}
{"session":"8c49653e4497","build":"182.4129.34","bucket":"-1","time":1577433825013,"group":{"id":"actions","version":"2"},"event":{"count":2,"data":{},"id":"EditorBackSpace"}}
{"session":"8c49653e4497","build":"182.4129.34","bucket":"-1","time":1577433829341,"group":{"id":"actions","version":"2"},"event":{"count":1,"data":{},"id":"EditorDown"}}
{"session":"8c49653e4497","build":"182.4129.34","bucket":"-1","time":1577433829685,"group":{"id":"actions","version":"2"},"event":{"count":12,"data":{},"id":"EditorRight"}}
{"session":"8c49653e4497","build":"182.4129.34","bucket":"-1","time":1577433837654,"group":{"id":"editing","version":"2"},"event":{"count":1,"data":{},"id":"editing.select.word"}}
{"session":"8c49653e4497","build":"182.4129.34","bucket":"-1","time":1577433914449,"group":{"id":"actions","version":"2"},"event":{"count":1,"data":{},"id":"EditorEnter"}}
{"session":"8c49653e4497","build":"182.4129.34","bucket":"-1","time":1577433936605,"group":{"id":"actions","version":"2"},"event":{"count":1,"data":{},"id":"EditorRight"}}
{"session":"8c49653e4497","build":"182.4129.34","bucket":"-1","time":1577433939011,"group":{"id":"actions","version":"2"},"event":{"count":1,"data":{},"id":"EditorEnter"}}
{"session":"8c49653e4497","build":"182.4129.34","bucket":"-1","time":1577433957760,"group":{"id":"actions","version":"2"},"event":{"count":1,"data":{},"id":"EditorBackSpace"}}
{"session":"8c49653e4497","build":"182.4129.34","bucket":"-1","time":1577433991838,"group":{"id":"actions","version":"2"},"event":{"count":1,"data":{},"id":"EditorChooseLookupItem"}}
{"session":"8c49653e4497","build":"182.4129.34","bucket":"-1","time":1577433991853,"group":{"id":"completion","version":"2"},"event":{"count":1,"data":{},"id":"editing.completion.basic"}}
{"session":"8c49653e4497","build":"182.4129.34","bucket":"-1","time":1577433994947,"group":{"id":"actions","version":"2"},"event":{"count":1,"data":{},"id":"EditorBackSpace"}}
{"session":"8c49653e4497","build":"182.4129.34","bucket":"-1","time":1577433997197,"group":{"id":"actions","version":"2"},"event":{"count":1,"data":{},"id":"EditorRight"}}
{"session":"8c49653e4497","build":"182.4129.34","bucket":"-1","time":1577433999400,"group":{"id":"actions","version":"2"},"event":{"count":1,"data":{},"id":"EditorLeft"}}
{"session":"8c49653e4497","build":"182.4129.34","bucket":"-1","time":1577433999994,"group":{"id":"actions","version":"2"},"event":{"count":1,"data":{},"id":"EditorBackSpace"}}
{"session":"8c49653e4497","build":"182.4129.34","bucket":"-1","time":1577434030243,"group":{"id":"editing","version":"2"},"event":{"count":1,"data":{},"id":"editing.select.word"}}
{"session":"8c49653e4497","build":"182.4129.34","bucket":"-1","time":1577434033118,"group":{"id":"actions","version":"2"},"event":{"count":1,"data":{},"id":"EditorCopy"}}
{"session":"8c49653e4497","build":"182.4129.34","bucket":"-1","time":1577434036837,"group":{"id":"actions","version":"2"},"event":{"count":1,"data":{},"id":"EditorEnter"}}
{"session":"8c49653e4497","build":"182.4129.34","bucket":"-1","time":1577434038384,"group":{"id":"actions","version":"2"},"event":{"count":3,"data":{},"id":"EditorPaste"}}
{"session":"8c49653e4497","build":"182.4129.34","bucket":"-1","time":1577434042946,"group":{"id":"editing","version":"2"},"event":{"count":2,"data":{},"id":"editing.select.word"}}
{"session":"8c49653e4497","build":"182.4129.34","bucket":"-1","time":1577434052837,"group":{"id":"actions","version":"2"},"event":{"count":2,"data":{},"id":"EditorBackSpace"}}
{"session":"8c49653e4497","build":"182.4129.34","bucket":"-1","time":1577434064805,"group":{"id":"actions","version":"2"},"event":{"count":1,"data":{},"id":"EditorBackSpace"}}
{"session":"8c49653e4497","build":"182.4129.34","bucket":"-1","time":1577434069961,"group":{"id":"actions","version":"2"},"event":{"count":1,"data":{},"id":"EditorRight"}}
{"session":"8c49653e4497","build":"182.4129.34","bucket":"-1","time":1577434070946,"group":{"id":"actions","version":"2"},"event":{"count":2,"data":{},"id":"EditorBackSpace"}}
{"session":"8c49653e4497","build":"182.4129.34","bucket":"-1","time":1577434076195,"group":{"id":"actions","version":"2"},"event":{"count":4,"data":{},"id":"EditorRight"}}
{"session":"8c49653e4497","build":"182.4129.34","bucket":"-1","time":1577434077742,"group":{"id":"actions","version":"2"},"event":{"count":1,"data":{},"id":"EditorBackSpace"}}
{"session":"8c49653e4497","build":"182.4129.34","bucket":"-1","time":1577434084898,"group":{"id":"actions","version":"2"},"event":{"count":1,"data":{},"id":"EditorRight"}}
{"session":"8c49653e4497","build":"182.4129.34","bucket":"-1","time":1577434086414,"group":{"id":"actions","version":"2"},"event":{"count":2,"data":{},"id":"EditorBackSpace"}}
{"session":"8c49653e4497","build":"182.4129.34","bucket":"-1","time":1577434092289,"group":{"id":"actions","version":"2"},"event":{"count":4,"data":{},"id":"EditorRight"}}
{"session":"8c49653e4497","build":"182.4129.34","bucket":"-1","time":1577434094773,"group":{"id":"actions","version":"2"},"event":{"count":2,"data":{},"id":"EditorBackSpace"}}
{"session":"8c49653e4497","build":"182.4129.34","bucket":"-1","time":1577434153350,"group":{"id":"actions","version":"2"},"event":{"count":1,"data":{},"id":"RunClass"}}
{"session":"8c49653e4497","build":"182.4129.34","bucket":"-1","time":1577434153413,"group":{"id":"trigger","version":"2"},"event":{"count":1,"data":{},"id":"execute.PythonConfigurationType.Run"}}
{"session":"8c49653e4497","build":"182.4129.34","bucket":"-1","time":1577434153553,"group":{"id":"trigger","version":"2"},"event":{"count":1,"data":{},"id":"python.console.local"}}
{"session":"8c49653e4497","build":"182.4129.34","bucket":"-1","time":1577434195849,"group":{"id":"toolwindow","version":"2"},"event":{"count":2,"data":{},"id":"Run_by_Activation"}}
{"session":"8c49653e4497","build":"182.4129.34","bucket":"-1","time":1577434203568,"group":{"id":"toolwindow","version":"2"},"event":{"count":1,"data":{},"id":"Project_by_Activation"}}
{"session":"8c49653e4497","build":"182.4129.34","bucket":"-1","time":1577434208005,"group":{"id":"actions","version":"2"},"event":{"count":1,"data":{},"id":"RunClass"}}
{"session":"8c49653e4497","build":"182.4129.34","bucket":"-1","time":1577434208068,"group":{"id":"trigger","version":"2"},"event":{"count":1,"data":{},"id":"execute.PythonConfigurationType.Run"}}
{"session":"8c49653e4497","build":"182.4129.34","bucket":"-1","time":1577434208099,"group":{"id":"trigger","version":"2"},"event":{"count":1,"data":{},"id":"python.console.local"}}
{"session":"8c49653e4497","build":"182.4129.34","bucket":"-1","time":1577434231255,"group":{"id":"toolwindow","version":"2"},"event":{"count":1,"data":{},"id":"Project_by_Activation"}}
{"session":"8c49653e4497","build":"182.4129.34","bucket":"-1","time":1577434325143,"group":{"id":"actions","version":"2"},"event":{"count":1,"data":{},"id":"Terminal.OpenInTerminal"}}
{"session":"8c49653e4497","build":"182.4129.34","bucket":"-1","time":1577434325143,"group":{"id":"toolwindow","version":"2"},"event":{"count":1,"data":{},"id":"Terminal_by_Activation"}}
{"session":"8c49653e4497","build":"182.4129.34","bucket":"-1","time":1577434325471,"group":{"id":"trigger","version":"2"},"event":{"count":1,"data":{},"id":"terminal.win"}}
{"session":"8c49653e4497","build":"182.4129.34","bucket":"-1","time":1577434357205,"group":{"id":"actions","version":"2"},"event":{"count":1,"data":{},"id":"RunClass"}}
{"session":"8c49653e4497","build":"182.4129.34","bucket":"-1","time":1577434357268,"group":{"id":"trigger","version":"2"},"event":{"count":1,"data":{},"id":"execute.PythonConfigurationType.Run"}}
{"session":"8c49653e4497","build":"182.4129.34","bucket":"-1","time":1577434357299,"group":{"id":"trigger","version":"2"},"event":{"count":1,"data":{},"id":"python.console.local"}}
{"session":"8c49653e4497","build":"182.4129.34","bucket":"-1","time":1577434446875,"group":{"id":"actions","version":"2"},"event":{"count":1,"data":{},"id":"CreateRunConfiguration"}}
{"session":"8c49653e4497","build":"182.4129.34","bucket":"-1","time":1577434456016,"group":{"id":"lifecycle","version":"2"},"event":{"count":1,"data":{"restart":false},"id":"app.closed"}}
{"session":"8c49653e4497","build":"182.4129.34","bucket":"-1","time":1577434456656,"group":{"id":"lifecycle","version":"2"},"event":{"count":1,"data":{},"id":"project.closed"}}
{"session":"8c49653e4497","build":"182.4129.34","bucket":"-1","time":1577434457187,"group":{"id":"lifecycle","version":"2"},"event":{"count":1,"data":{},"id":"ideaapp.closed"}}
