{"session":"fbb37bc02be1","build":"182.4129.34","bucket":"-1","time":1576039526977,"group":{"id":"ui.dialogs","version":"2"},"event":{"count":1,"data":{"type":"show"},"id":"com.intellij.openapi.progress.util.ProgressDialog$MyDialogWrapper"}}
{"session":"fbb37bc02be1","build":"182.4129.34","bucket":"-1","time":1576039528028,"group":{"id":"lifecycle","version":"2"},"event":{"count":1,"data":{"durationSeconds":17},"id":"ide.freeze"}}
{"session":"fbb37bc02be1","build":"182.4129.34","bucket":"-1","time":1576039540364,"group":{"id":"ui.dialogs","version":"2"},"event":{"count":1,"data":{"code":1,"type":"close"},"id":"com.intellij.openapi.progress.util.ProgressDialog$MyDialogWrapper"}}
{"session":"fbb37bc02be1","build":"182.4129.34","bucket":"-1","time":1576039540504,"group":{"id":"lifecycle","version":"2"},"event":{"count":1,"data":{},"id":"project.opened"}}
{"session":"fbb37bc02be1","build":"182.4129.34","bucket":"-1","time":1576039543504,"group":{"id":"ui.dialogs","version":"2"},"event":{"count":1,"data":{"type":"show"},"id":"com.intellij.openapi.progress.util.ProgressDialog$MyDialogWrapper"}}
{"session":"fbb37bc02be1","build":"182.4129.34","bucket":"-1","time":1576039550676,"group":{"id":"lifecycle","version":"2"},"event":{"count":1,"data":{},"id":"ideaapp.started"}}
{"session":"fbb37bc02be1","build":"182.4129.34","bucket":"-1","time":1576039550676,"group":{"id":"lifecycle","version":"2"},"event":{"count":1,"data":{},"id":"app.started"}}
{"session":"fbb37bc02be1","build":"182.4129.34","bucket":"-1","time":1576039551973,"group":{"id":"ui.dialogs","version":"2"},"event":{"count":1,"data":{"type":"show"},"id":"com.intellij.ide.util.TipDialog"}}
{"session":"fbb37bc02be1","build":"182.4129.34","bucket":"-1","time":1576039553285,"group":{"id":"ui.dialogs","version":"2"},"event":{"count":1,"data":{"code":1,"type":"close"},"id":"com.intellij.openapi.progress.util.ProgressDialog$MyDialogWrapper"}}
{"session":"fbb37bc02be1","build":"182.4129.34","bucket":"-1","time":1576039553739,"group":{"id":"lifecycle","version":"2"},"event":{"count":1,"data":{"time.ms":28289},"id":"project.opening.finished"}}
{"session":"fbb37bc02be1","build":"182.4129.34","bucket":"-1","time":1576039559254,"group":{"id":"system.os.name","version":"2"},"event":{"data":{},"id":"Windows"}}
{"session":"fbb37bc02be1","build":"182.4129.34","bucket":"-1","time":1576039559254,"group":{"id":"system.os.version","version":"2"},"event":{"data":{},"id":"10.0"}}
{"session":"fbb37bc02be1","build":"182.4129.34","bucket":"-1","time":1576039559348,"group":{"id":"system.jvm.vendor","version":"2"},"event":{"data":{},"id":"JetBrains_s.r.o"}}
{"session":"fbb37bc02be1","build":"182.4129.34","bucket":"-1","time":1576039559348,"group":{"id":"system.jvm.version","version":"2"},"event":{"data":{},"id":"1.8"}}
{"session":"fbb37bc02be1","build":"182.4129.34","bucket":"-1","time":1576039562520,"group":{"id":"trigger","version":"2"},"event":{"count":45,"data":{},"id":"tips.of.the.day.next"}}
{"session":"fbb37bc02be1","build":"182.4129.34","bucket":"-1","time":1576039581691,"group":{"id":"ui.dialogs","version":"2"},"event":{"count":1,"data":{"code":1,"type":"close"},"id":"com.intellij.ide.util.TipDialog"}}
{"session":"fbb37bc02be1","build":"182.4129.34","bucket":"-1","time":1576039651189,"group":{"id":"actions","version":"2"},"event":{"count":1,"data":{},"id":"NewDirectoryProject"}}
{"session":"fbb37bc02be1","build":"182.4129.34","bucket":"-1","time":1576039651268,"group":{"id":"ui.dialogs","version":"2"},"event":{"count":1,"data":{"type":"show"},"id":"com.jetbrains.python.newProject.PyCharmNewProjectDialog"}}
{"session":"fbb37bc02be1","build":"182.4129.34","bucket":"-1","time":1576039660205,"group":{"id":"ui.dialogs","version":"2"},"event":{"count":1,"data":{"code":0,"type":"close"},"id":"com.jetbrains.python.newProject.PyCharmNewProjectDialog"}}
{"session":"fbb37bc02be1","build":"182.4129.34","bucket":"-1","time":1576039660236,"group":{"id":"trigger","version":"2"},"event":{"count":1,"data":{},"id":"AbstractNewProjectStep.Pure_Python"}}
{"session":"fbb37bc02be1","build":"182.4129.34","bucket":"-1","time":1576039660252,"group":{"id":"ui.dialogs","version":"2"},"event":{"count":1,"data":{"type":"show"},"id":"com.intellij.platform.OpenOrAttachDialog"}}
{"session":"fbb37bc02be1","build":"182.4129.34","bucket":"-1","time":1576039665330,"group":{"id":"ui.dialogs","version":"2"},"event":{"count":1,"data":{"code":0,"type":"close"},"id":"com.intellij.platform.OpenOrAttachDialog"}}
{"session":"fbb37bc02be1","build":"182.4129.34","bucket":"-1","time":1576039666298,"group":{"id":"lifecycle","version":"2"},"event":{"count":1,"data":{},"id":"project.opened"}}
{"session":"fbb37bc02be1","build":"182.4129.34","bucket":"-1","time":1576039666923,"group":{"id":"ui.dialogs","version":"2"},"event":{"count":1,"data":{"type":"show"},"id":"com.intellij.openapi.progress.util.ProgressDialog$MyDialogWrapper"}}
{"session":"fbb37bc02be1","build":"182.4129.34","bucket":"-1","time":1576039690298,"group":{"id":"toolwindow","version":"2"},"event":{"count":1,"data":{},"id":"Project_by_Activation"}}
{"session":"fbb37bc02be1","build":"182.4129.34","bucket":"-1","time":1576039690376,"group":{"id":"ui.dialogs","version":"2"},"event":{"count":1,"data":{"code":1,"type":"close"},"id":"com.intellij.openapi.progress.util.ProgressDialog$MyDialogWrapper"}}
{"session":"fbb37bc02be1","build":"182.4129.34","bucket":"-1","time":1576039690720,"group":{"id":"ui.dialogs","version":"2"},"event":{"count":1,"data":{"type":"show"},"id":"com.intellij.openapi.progress.util.ProgressDialog$MyDialogWrapper"}}
{"session":"fbb37bc02be1","build":"182.4129.34","bucket":"-1","time":1576039691938,"group":{"id":"lifecycle","version":"2"},"event":{"count":1,"data":{"time.ms":26535},"id":"project.opening.finished"}}
{"session":"fbb37bc02be1","build":"182.4129.34","bucket":"-1","time":1576039691954,"group":{"id":"ui.dialogs","version":"2"},"event":{"count":1,"data":{"code":1,"type":"close"},"id":"com.intellij.openapi.progress.util.ProgressDialog$MyDialogWrapper"}}
{"session":"fbb37bc02be1","build":"182.4129.34","bucket":"-1","time":1576039697954,"group":{"id":"system.os.name","version":"2"},"event":{"data":{},"id":"Windows"}}
{"session":"fbb37bc02be1","build":"182.4129.34","bucket":"-1","time":1576039697954,"group":{"id":"system.os.version","version":"2"},"event":{"data":{},"id":"10.0"}}
{"session":"fbb37bc02be1","build":"182.4129.34","bucket":"-1","time":1576039697954,"group":{"id":"system.jvm.vendor","version":"2"},"event":{"data":{},"id":"JetBrains_s.r.o"}}
{"session":"fbb37bc02be1","build":"182.4129.34","bucket":"-1","time":1576039697954,"group":{"id":"system.jvm.version","version":"2"},"event":{"data":{},"id":"1.8"}}
{"session":"fbb37bc02be1","build":"182.4129.34","bucket":"-1","time":1576039717078,"group":{"id":"toolwindow","version":"2"},"event":{"count":1,"data":{},"id":"Project_by_Activation"}}
{"session":"fbb37bc02be1","build":"182.4129.34","bucket":"-1","time":1576039731125,"group":{"id":"actions","version":"2"},"event":{"count":1,"data":{},"id":"NewDirectoryProject"}}
{"session":"fbb37bc02be1","build":"182.4129.34","bucket":"-1","time":1576039731141,"group":{"id":"ui.dialogs","version":"2"},"event":{"count":1,"data":{"type":"show"},"id":"com.jetbrains.python.newProject.PyCharmNewProjectDialog"}}
{"session":"fbb37bc02be1","build":"182.4129.34","bucket":"-1","time":1576039744594,"group":{"id":"ui.dialogs","version":"2"},"event":{"count":1,"data":{"code":0,"type":"close"},"id":"com.jetbrains.python.newProject.PyCharmNewProjectDialog"}}
{"session":"fbb37bc02be1","build":"182.4129.34","bucket":"-1","time":1576039744640,"group":{"id":"trigger","version":"2"},"event":{"count":1,"data":{},"id":"AbstractNewProjectStep.Pure_Python"}}
{"session":"fbb37bc02be1","build":"182.4129.34","bucket":"-1","time":1576039744640,"group":{"id":"ui.dialogs","version":"2"},"event":{"count":1,"data":{"type":"show"},"id":"com.intellij.platform.OpenOrAttachDialog"}}
{"session":"fbb37bc02be1","build":"182.4129.34","bucket":"-1","time":1576039749312,"group":{"id":"ui.dialogs","version":"2"},"event":{"count":1,"data":{"code":0,"type":"close"},"id":"com.intellij.platform.OpenOrAttachDialog"}}
{"session":"fbb37bc02be1","build":"182.4129.34","bucket":"-1","time":1576039749687,"group":{"id":"lifecycle","version":"2"},"event":{"count":1,"data":{},"id":"project.opened"}}
{"session":"fbb37bc02be1","build":"182.4129.34","bucket":"-1","time":1576039750234,"group":{"id":"ui.dialogs","version":"2"},"event":{"count":1,"data":{"type":"show"},"id":"com.intellij.openapi.progress.util.ProgressDialog$MyDialogWrapper"}}
{"session":"fbb37bc02be1","build":"182.4129.34","bucket":"-1","time":1576039765030,"group":{"id":"toolwindow","version":"2"},"event":{"count":1,"data":{},"id":"Project_by_Activation"}}
{"session":"fbb37bc02be1","build":"182.4129.34","bucket":"-1","time":1576039765109,"group":{"id":"ui.dialogs","version":"2"},"event":{"count":1,"data":{"code":1,"type":"close"},"id":"com.intellij.openapi.progress.util.ProgressDialog$MyDialogWrapper"}}
{"session":"fbb37bc02be1","build":"182.4129.34","bucket":"-1","time":1576039765312,"group":{"id":"lifecycle","version":"2"},"event":{"count":1,"data":{"time.ms":15963},"id":"project.opening.finished"}}
{"session":"fbb37bc02be1","build":"182.4129.34","bucket":"-1","time":1576039770046,"group":{"id":"system.os.name","version":"2"},"event":{"data":{},"id":"Windows"}}
{"session":"fbb37bc02be1","build":"182.4129.34","bucket":"-1","time":1576039770046,"group":{"id":"system.os.version","version":"2"},"event":{"data":{},"id":"10.0"}}
{"session":"fbb37bc02be1","build":"182.4129.34","bucket":"-1","time":1576039770046,"group":{"id":"system.jvm.vendor","version":"2"},"event":{"data":{},"id":"JetBrains_s.r.o"}}
{"session":"fbb37bc02be1","build":"182.4129.34","bucket":"-1","time":1576039770046,"group":{"id":"system.jvm.version","version":"2"},"event":{"data":{},"id":"1.8"}}
{"session":"fbb37bc02be1","build":"182.4129.34","bucket":"-1","time":1576039772077,"group":{"id":"toolwindow","version":"2"},"event":{"count":1,"data":{},"id":"Project_by_Activation"}}
{"session":"fbb37bc02be1","build":"182.4129.34","bucket":"-1","time":1576039787483,"group":{"id":"actions","version":"2"},"event":{"count":1,"data":{},"id":"NewPythonFile"}}
{"session":"fbb37bc02be1","build":"182.4129.34","bucket":"-1","time":1576039787514,"group":{"id":"ui.dialogs","version":"2"},"event":{"count":1,"data":{"type":"show"},"id":"com.intellij.ide.actions.CreateFileFromTemplateDialog"}}
{"session":"fbb37bc02be1","build":"182.4129.34","bucket":"-1","time":1576039796389,"group":{"id":"ui.dialogs","version":"2"},"event":{"count":1,"data":{"code":0,"type":"close"},"id":"com.intellij.ide.actions.CreateFileFromTemplateDialog"}}
{"session":"fbb37bc02be1","build":"182.4129.34","bucket":"-1","time":1576039836107,"group":{"id":"actions","version":"2"},"event":{"count":1,"data":{},"id":"EditorEnter"}}
{"session":"fbb37bc02be1","build":"182.4129.34","bucket":"-1","time":1576039875887,"group":{"id":"actions","version":"2"},"event":{"count":1,"data":{},"id":"EditorEnter"}}
{"session":"fbb37bc02be1","build":"182.4129.34","bucket":"-1","time":1576039889606,"group":{"id":"actions","version":"2"},"event":{"count":2,"data":{},"id":"EditorEnter"}}
{"session":"fbb37bc02be1","build":"182.4129.34","bucket":"-1","time":1576039893512,"group":{"id":"actions","version":"2"},"event":{"count":22,"data":{},"id":"EditorBackSpace"}}
{"session":"fbb37bc02be1","build":"182.4129.34","bucket":"-1","time":1576039905121,"group":{"id":"actions","version":"2"},"event":{"count":1,"data":{},"id":"EditorEnter"}}
{"session":"fbb37bc02be1","build":"182.4129.34","bucket":"-1","time":1576039913183,"group":{"id":"actions","version":"2"},"event":{"count":1,"data":{},"id":"EditorBackSpace"}}
{"session":"fbb37bc02be1","build":"182.4129.34","bucket":"-1","time":1576039932495,"group":{"id":"actions","version":"2"},"event":{"count":2,"data":{},"id":"EditorRight"}}
{"session":"fbb37bc02be1","build":"182.4129.34","bucket":"-1","time":1576039936074,"group":{"id":"actions","version":"2"},"event":{"count":1,"data":{},"id":"EditorEnter"}}
{"session":"fbb37bc02be1","build":"182.4129.34","bucket":"-1","time":1576039953370,"group":{"id":"actions","version":"2"},"event":{"count":1,"data":{},"id":"EditorBackSpace"}}
{"session":"fbb37bc02be1","build":"182.4129.34","bucket":"-1","time":1576039966760,"group":{"id":"actions","version":"2"},"event":{"count":2,"data":{},"id":"EditorBackSpace"}}
{"session":"fbb37bc02be1","build":"182.4129.34","bucket":"-1","time":1576039984291,"group":{"id":"actions","version":"2"},"event":{"count":1,"data":{},"id":"EditorEnter"}}
{"session":"fbb37bc02be1","build":"182.4129.34","bucket":"-1","time":1576039994978,"group":{"id":"actions","version":"2"},"event":{"count":1,"data":{},"id":"EditorBackSpace"}}
{"session":"fbb37bc02be1","build":"182.4129.34","bucket":"-1","time":1576040000306,"group":{"id":"actions","version":"2"},"event":{"count":1,"data":{},"id":"EditorEnter"}}
{"session":"fbb37bc02be1","build":"182.4129.34","bucket":"-1","time":1576040004431,"group":{"id":"actions","version":"2"},"event":{"count":1,"data":{},"id":"EditorChooseLookupItem"}}
{"session":"fbb37bc02be1","build":"182.4129.34","bucket":"-1","time":1576040004525,"group":{"id":"completion","version":"2"},"event":{"count":1,"data":{},"id":"editing.completion.basic"}}
{"session":"fbb37bc02be1","build":"182.4129.34","bucket":"-1","time":1576040004619,"group":{"id":"actions","version":"2"},"event":{"count":1,"data":{},"id":"EditorEnter"}}
{"session":"fbb37bc02be1","build":"182.4129.34","bucket":"-1","time":1576040005900,"group":{"id":"actions","version":"2"},"event":{"count":12,"data":{},"id":"EditorBackSpace"}}
{"session":"fbb37bc02be1","build":"182.4129.34","bucket":"-1","time":1576040023728,"group":{"id":"actions","version":"2"},"event":{"count":1,"data":{},"id":"EditorEnter"}}
{"session":"fbb37bc02be1","build":"182.4129.34","bucket":"-1","time":1576040041743,"group":{"id":"actions","version":"2"},"event":{"count":1,"data":{},"id":"EditorRight"}}
{"session":"fbb37bc02be1","build":"182.4129.34","bucket":"-1","time":1576040044258,"group":{"id":"actions","version":"2"},"event":{"count":1,"data":{},"id":"EditorEnter"}}
{"session":"fbb37bc02be1","build":"182.4129.34","bucket":"-1","time":1576040167428,"group":{"id":"actions","version":"2"},"event":{"count":1,"data":{},"id":"EditorEnter"}}
{"session":"fbb37bc02be1","build":"182.4129.34","bucket":"-1","time":1576040216020,"group":{"id":"actions","version":"2"},"event":{"count":7,"data":{},"id":"EditorBackSpace"}}
{"session":"fbb37bc02be1","build":"182.4129.34","bucket":"-1","time":1576040223504,"group":{"id":"actions","version":"2"},"event":{"count":1,"data":{},"id":"EditorEnter"}}
{"session":"fbb37bc02be1","build":"182.4129.34","bucket":"-1","time":1576040276097,"group":{"id":"actions","version":"2"},"event":{"count":2,"data":{},"id":"EditorRight"}}
{"session":"fbb37bc02be1","build":"182.4129.34","bucket":"-1","time":1576040277862,"group":{"id":"actions","version":"2"},"event":{"count":1,"data":{},"id":"EditorEnter"}}
{"session":"fbb37bc02be1","build":"182.4129.34","bucket":"-1","time":1576040329096,"group":{"id":"actions","version":"2"},"event":{"count":1,"data":{},"id":"EditorBackSpace"}}
{"session":"fbb37bc02be1","build":"182.4129.34","bucket":"-1","time":1576040335970,"group":{"id":"actions","version":"2"},"event":{"count":3,"data":{},"id":"EditorEnter"}}
{"session":"fbb37bc02be1","build":"182.4129.34","bucket":"-1","time":1576040337595,"group":{"id":"actions","version":"2"},"event":{"count":15,"data":{},"id":"EditorBackSpace"}}
{"session":"fbb37bc02be1","build":"182.4129.34","bucket":"-1","time":1576040342439,"group":{"id":"actions","version":"2"},"event":{"count":4,"data":{},"id":"$Undo"}}
{"session":"fbb37bc02be1","build":"182.4129.34","bucket":"-1","time":1576040382719,"group":{"id":"actions","version":"2"},"event":{"count":3,"data":{},"id":"EditorEnter"}}
{"session":"fbb37bc02be1","build":"182.4129.34","bucket":"-1","time":1576040384876,"group":{"id":"actions","version":"2"},"event":{"count":1,"data":{},"id":"$Undo"}}
{"session":"fbb37bc02be1","build":"182.4129.34","bucket":"-1","time":1576040386438,"group":{"id":"actions","version":"2"},"event":{"count":10,"data":{},"id":"EditorBackSpace"}}
{"session":"fbb37bc02be1","build":"182.4129.34","bucket":"-1","time":1576040404969,"group":{"id":"actions","version":"2"},"event":{"count":3,"data":{},"id":"EditorBackSpace"}}
{"session":"fbb37bc02be1","build":"182.4129.34","bucket":"-1","time":1576040418969,"group":{"id":"actions","version":"2"},"event":{"count":2,"data":{},"id":"EditorRight"}}
{"session":"fbb37bc02be1","build":"182.4129.34","bucket":"-1","time":1576040420515,"group":{"id":"actions","version":"2"},"event":{"count":1,"data":{},"id":"EditorEnter"}}
{"session":"fbb37bc02be1","build":"182.4129.34","bucket":"-1","time":1576040471358,"group":{"id":"actions","version":"2"},"event":{"count":2,"data":{},"id":"EditorRight"}}
{"session":"fbb37bc02be1","build":"182.4129.34","bucket":"-1","time":1576040473045,"group":{"id":"actions","version":"2"},"event":{"count":1,"data":{},"id":"EditorEnter"}}
{"session":"fbb37bc02be1","build":"182.4129.34","bucket":"-1","time":1576040492279,"group":{"id":"actions","version":"2"},"event":{"count":4,"data":{},"id":"EditorBackSpace"}}
{"session":"fbb37bc02be1","build":"182.4129.34","bucket":"-1","time":1576040511013,"group":{"id":"actions","version":"2"},"event":{"count":1,"data":{},"id":"EditorEnter"}}
{"session":"fbb37bc02be1","build":"182.4129.34","bucket":"-1","time":1576040527810,"group":{"id":"actions","version":"2"},"event":{"count":4,"data":{},"id":"EditorBackSpace"}}
{"session":"fbb37bc02be1","build":"182.4129.34","bucket":"-1","time":1576040538810,"group":{"id":"actions","version":"2"},"event":{"count":1,"data":{},"id":"EditorRight"}}
{"session":"fbb37bc02be1","build":"182.4129.34","bucket":"-1","time":1576040543247,"group":{"id":"actions","version":"2"},"event":{"count":1,"data":{},"id":"EditorEnter"}}
{"session":"fbb37bc02be1","build":"182.4129.34","bucket":"-1","time":1576040558840,"group":{"id":"actions","version":"2"},"event":{"count":1,"data":{},"id":"EditorBackSpace"}}
{"session":"fbb37bc02be1","build":"182.4129.34","bucket":"-1","time":1576040564340,"group":{"id":"actions","version":"2"},"event":{"count":1,"data":{},"id":"EditorEnter"}}
{"session":"fbb37bc02be1","build":"182.4129.34","bucket":"-1","time":1576040583355,"group":{"id":"actions","version":"2"},"event":{"count":14,"data":{},"id":"EditorBackSpace"}}
{"session":"fbb37bc02be1","build":"182.4129.34","bucket":"-1","time":1576040600183,"group":{"id":"actions","version":"2"},"event":{"count":1,"data":{},"id":"EditorRight"}}
{"session":"fbb37bc02be1","build":"182.4129.34","bucket":"-1","time":1576040622745,"group":{"id":"actions","version":"2"},"event":{"count":2,"data":{},"id":"EditorBackSpace"}}
{"session":"fbb37bc02be1","build":"182.4129.34","bucket":"-1","time":1576040632261,"group":{"id":"actions","version":"2"},"event":{"count":2,"data":{},"id":"EditorRight"}}
{"session":"fbb37bc02be1","build":"182.4129.34","bucket":"-1","time":1576040634823,"group":{"id":"actions","version":"2"},"event":{"count":2,"data":{},"id":"EditorEnter"}}
{"session":"fbb37bc02be1","build":"182.4129.34","bucket":"-1","time":1576040658432,"group":{"id":"actions","version":"2"},"event":{"count":3,"data":{},"id":"EditorBackSpace"}}
{"session":"fbb37bc02be1","build":"182.4129.34","bucket":"-1","time":1576040676822,"group":{"id":"actions","version":"2"},"event":{"count":1,"data":{},"id":"EditorEnter"}}
{"session":"fbb37bc02be1","build":"182.4129.34","bucket":"-1","time":1576040679259,"group":{"id":"actions","version":"2"},"event":{"count":1,"data":{},"id":"$Undo"}}
{"session":"fbb37bc02be1","build":"182.4129.34","bucket":"-1","time":1576040680556,"group":{"id":"actions","version":"2"},"event":{"count":1,"data":{},"id":"EditorBackSpace"}}
{"session":"fbb37bc02be1","build":"182.4129.34","bucket":"-1","time":1576040699196,"group":{"id":"actions","version":"2"},"event":{"count":1,"data":{},"id":"EditorEnter"}}
{"session":"fbb37bc02be1","build":"182.4129.34","bucket":"-1","time":1576040712524,"group":{"id":"actions","version":"2"},"event":{"count":1,"data":{},"id":"EditorBackSpace"}}
{"session":"fbb37bc02be1","build":"182.4129.34","bucket":"-1","time":1576040715899,"group":{"id":"actions","version":"2"},"event":{"count":1,"data":{},"id":"EditorEnter"}}
{"session":"fbb37bc02be1","build":"182.4129.34","bucket":"-1","time":1576040732571,"group":{"id":"actions","version":"2"},"event":{"count":7,"data":{},"id":"EditorBackSpace"}}
{"session":"fbb37bc02be1","build":"182.4129.34","bucket":"-1","time":1576040741899,"group":{"id":"actions","version":"2"},"event":{"count":2,"data":{},"id":"EditorRight"}}
{"session":"fbb37bc02be1","build":"182.4129.34","bucket":"-1","time":1576040744367,"group":{"id":"actions","version":"2"},"event":{"count":1,"data":{},"id":"EditorUp"}}
{"session":"fbb37bc02be1","build":"182.4129.34","bucket":"-1","time":1576040745039,"group":{"id":"actions","version":"2"},"event":{"count":33,"data":{},"id":"EditorRight"}}
{"session":"fbb37bc02be1","build":"182.4129.34","bucket":"-1","time":1576040751680,"group":{"id":"actions","version":"2"},"event":{"count":1,"data":{},"id":"EditorEnter"}}
{"session":"fbb37bc02be1","build":"182.4129.34","bucket":"-1","time":1576040775601,"group":{"id":"actions","version":"2"},"event":{"count":1,"data":{},"id":"EditorEnter"}}
{"session":"fbb37bc02be1","build":"182.4129.34","bucket":"-1","time":1576040779851,"group":{"id":"actions","version":"2"},"event":{"count":5,"data":{},"id":"EditorBackSpace"}}
{"session":"fbb37bc02be1","build":"182.4129.34","bucket":"-1","time":1576040798804,"group":{"id":"actions","version":"2"},"event":{"count":1,"data":{},"id":"EditorCopy"}}
{"session":"fbb37bc02be1","build":"182.4129.34","bucket":"-1","time":1576040808147,"group":{"id":"actions","version":"2"},"event":{"count":1,"data":{},"id":"EditorEnter"}}
{"session":"fbb37bc02be1","build":"182.4129.34","bucket":"-1","time":1576040810366,"group":{"id":"actions","version":"2"},"event":{"count":1,"data":{},"id":"EditorPaste"}}
{"session":"fbb37bc02be1","build":"182.4129.34","bucket":"-1","time":1576040816366,"group":{"id":"actions","version":"2"},"event":{"count":1,"data":{},"id":"EditorEnter"}}
{"session":"fbb37bc02be1","build":"182.4129.34","bucket":"-1","time":1576040817709,"group":{"id":"actions","version":"2"},"event":{"count":2,"data":{},"id":"EditorBackSpace"}}
{"session":"fbb37bc02be1","build":"182.4129.34","bucket":"-1","time":1576040820803,"group":{"id":"actions","version":"2"},"event":{"count":1,"data":{},"id":"EditorEnter"}}
{"session":"fbb37bc02be1","build":"182.4129.34","bucket":"-1","time":1576040821866,"group":{"id":"actions","version":"2"},"event":{"count":9,"data":{},"id":"EditorBackSpace"}}
{"session":"fbb37bc02be1","build":"182.4129.34","bucket":"-1","time":1576040839021,"group":{"id":"actions","version":"2"},"event":{"count":6,"data":{},"id":"EditorBackSpace"}}
{"session":"fbb37bc02be1","build":"182.4129.34","bucket":"-1","time":1576040845131,"group":{"id":"actions","version":"2"},"event":{"count":2,"data":{},"id":"EditorEnter"}}
{"session":"fbb37bc02be1","build":"182.4129.34","bucket":"-1","time":1576040863599,"group":{"id":"actions","version":"2"},"event":{"count":1,"data":{},"id":"EditorEnter"}}
{"session":"fbb37bc02be1","build":"182.4129.34","bucket":"-1","time":1576040869099,"group":{"id":"actions","version":"2"},"event":{"count":1,"data":{},"id":"EditorBackSpace"}}
{"session":"fbb37bc02be1","build":"182.4129.34","bucket":"-1","time":1576040878458,"group":{"id":"actions","version":"2"},"event":{"count":1,"data":{},"id":"EditorCopy"}}
{"session":"fbb37bc02be1","build":"182.4129.34","bucket":"-1","time":1576040882833,"group":{"id":"actions","version":"2"},"event":{"count":1,"data":{},"id":"EditorEnter"}}
{"session":"fbb37bc02be1","build":"182.4129.34","bucket":"-1","time":1576040884583,"group":{"id":"actions","version":"2"},"event":{"count":1,"data":{},"id":"EditorPaste"}}
{"session":"fbb37bc02be1","build":"182.4129.34","bucket":"-1","time":1576040890286,"group":{"id":"actions","version":"2"},"event":{"count":1,"data":{},"id":"EditorEnter"}}
{"session":"fbb37bc02be1","build":"182.4129.34","bucket":"-1","time":1576040910848,"group":{"id":"actions","version":"2"},"event":{"count":1,"data":{},"id":"EditorEnter"}}
{"session":"fbb37bc02be1","build":"182.4129.34","bucket":"-1","time":1576040912192,"group":{"id":"actions","version":"2"},"event":{"count":2,"data":{},"id":"EditorBackSpace"}}
{"session":"fbb37bc02be1","build":"182.4129.34","bucket":"-1","time":1576040919879,"group":{"id":"actions","version":"2"},"event":{"count":1,"data":{},"id":"EditorEnter"}}
{"session":"fbb37bc02be1","build":"182.4129.34","bucket":"-1","time":1576040922426,"group":{"id":"actions","version":"2"},"event":{"count":4,"data":{},"id":"EditorBackSpace"}}
{"session":"fbb37bc02be1","build":"182.4129.34","bucket":"-1","time":1576040925879,"group":{"id":"actions","version":"2"},"event":{"count":1,"data":{},"id":"EditorEnter"}}
{"session":"fbb37bc02be1","build":"182.4129.34","bucket":"-1","time":1576040931472,"group":{"id":"actions","version":"2"},"event":{"count":21,"data":{},"id":"EditorBackSpace"}}
{"session":"fbb37bc02be1","build":"182.4129.34","bucket":"-1","time":1576040949206,"group":{"id":"actions","version":"2"},"event":{"count":1,"data":{},"id":"EditorEnter"}}
{"session":"fbb37bc02be1","build":"182.4129.34","bucket":"-1","time":1576040978159,"group":{"id":"actions","version":"2"},"event":{"count":3,"data":{},"id":"EditorBackSpace"}}
{"session":"fbb37bc02be1","build":"182.4129.34","bucket":"-1","time":1576040984971,"group":{"id":"actions","version":"2"},"event":{"count":1,"data":{},"id":"EditorEnter"}}
{"session":"fbb37bc02be1","build":"182.4129.34","bucket":"-1","time":1576041036376,"group":{"id":"actions","version":"2"},"event":{"count":1,"data":{},"id":"EditorEnter"}}
{"session":"fbb37bc02be1","build":"182.4129.34","bucket":"-1","time":1576041048298,"group":{"id":"actions","version":"2"},"event":{"count":1,"data":{},"id":"EditorBackSpace"}}
{"session":"fbb37bc02be1","build":"182.4129.34","bucket":"-1","time":1576041051079,"group":{"id":"actions","version":"2"},"event":{"count":1,"data":{},"id":"EditorEnter"}}
{"session":"fbb37bc02be1","build":"182.4129.34","bucket":"-1","time":1576041064516,"group":{"id":"actions","version":"2"},"event":{"count":6,"data":{},"id":"EditorBackSpace"}}
{"session":"fbb37bc02be1","build":"182.4129.34","bucket":"-1","time":1576041095078,"group":{"id":"actions","version":"2"},"event":{"count":1,"data":{},"id":"EditorEnter"}}
{"session":"fbb37bc02be1","build":"182.4129.34","bucket":"-1","time":1576041097625,"group":{"id":"actions","version":"2"},"event":{"count":1,"data":{},"id":"$Undo"}}
{"session":"fbb37bc02be1","build":"182.4129.34","bucket":"-1","time":1576041099187,"group":{"id":"actions","version":"2"},"event":{"count":2,"data":{},"id":"EditorBackSpace"}}
{"session":"fbb37bc02be1","build":"182.4129.34","bucket":"-1","time":1576041111671,"group":{"id":"actions","version":"2"},"event":{"count":2,"data":{},"id":"EditorBackSpace"}}
{"session":"fbb37bc02be1","build":"182.4129.34","bucket":"-1","time":1576041135389,"group":{"id":"actions","version":"2"},"event":{"count":1,"data":{},"id":"RunClass"}}
{"session":"fbb37bc02be1","build":"182.4129.34","bucket":"-1","time":1576041135515,"group":{"id":"trigger","version":"2"},"event":{"count":1,"data":{},"id":"execute.PythonConfigurationType.Run"}}
{"session":"fbb37bc02be1","build":"182.4129.34","bucket":"-1","time":1576041135577,"group":{"id":"toolwindow","version":"2"},"event":{"count":1,"data":{},"id":"Run_by_Activation"}}
{"session":"fbb37bc02be1","build":"182.4129.34","bucket":"-1","time":1576041136264,"group":{"id":"toolwindow","version":"2"},"event":{"count":1,"data":{},"id":"Project_by_Activation"}}
{"session":"fbb37bc02be1","build":"182.4129.34","bucket":"-1","time":1576041136389,"group":{"id":"toolwindow","version":"2"},"event":{"count":3,"data":{},"id":"Run_by_Activation"}}
{"session":"fbb37bc02be1","build":"182.4129.34","bucket":"-1","time":1576041201232,"group":{"id":"actions","version":"2"},"event":{"count":1,"data":{},"id":"Run"}}
{"session":"fbb37bc02be1","build":"182.4129.34","bucket":"-1","time":1576041201310,"group":{"id":"trigger","version":"2"},"event":{"count":1,"data":{},"id":"execute.PythonConfigurationType.Run"}}
{"session":"fbb37bc02be1","build":"182.4129.34","bucket":"-1","time":1576041201388,"group":{"id":"toolwindow","version":"2"},"event":{"count":1,"data":{},"id":"Run_by_Activation"}}
{"session":"fbb37bc02be1","build":"182.4129.34","bucket":"-1","time":1576041221966,"group":{"id":"actions","version":"2"},"event":{"count":1,"data":{},"id":"Run"}}
{"session":"fbb37bc02be1","build":"182.4129.34","bucket":"-1","time":1576041222028,"group":{"id":"trigger","version":"2"},"event":{"count":1,"data":{},"id":"execute.PythonConfigurationType.Run"}}
{"session":"fbb37bc02be1","build":"182.4129.34","bucket":"-1","time":1576041222091,"group":{"id":"toolwindow","version":"2"},"event":{"count":1,"data":{},"id":"Run_by_Activation"}}
{"session":"fbb37bc02be1","build":"182.4129.34","bucket":"-1","time":1576041256793,"group":{"id":"actions","version":"2"},"event":{"count":1,"data":{},"id":"Run"}}
{"session":"fbb37bc02be1","build":"182.4129.34","bucket":"-1","time":1576041256871,"group":{"id":"trigger","version":"2"},"event":{"count":1,"data":{},"id":"execute.PythonConfigurationType.Run"}}
{"session":"fbb37bc02be1","build":"182.4129.34","bucket":"-1","time":1576041257059,"group":{"id":"toolwindow","version":"2"},"event":{"count":1,"data":{},"id":"Run_by_Activation"}}
{"session":"fbb37bc02be1","build":"182.4129.34","bucket":"-1","time":1576041337588,"group":{"id":"actions","version":"2"},"event":{"count":1,"data":{},"id":"Run"}}
{"session":"fbb37bc02be1","build":"182.4129.34","bucket":"-1","time":1576041337650,"group":{"id":"trigger","version":"2"},"event":{"count":1,"data":{},"id":"execute.PythonConfigurationType.Run"}}
{"session":"fbb37bc02be1","build":"182.4129.34","bucket":"-1","time":1576041337713,"group":{"id":"toolwindow","version":"2"},"event":{"count":1,"data":{},"id":"Run_by_Activation"}}
{"session":"fbb37bc02be1","build":"182.4129.34","bucket":"-1","time":1576041389102,"group":{"id":"actions","version":"2"},"event":{"count":1,"data":{},"id":"$SelectAll"}}
{"session":"fbb37bc02be1","build":"182.4129.34","bucket":"-1","time":1576041391337,"group":{"id":"actions","version":"2"},"event":{"count":1,"data":{},"id":"EditorCopy"}}
{"session":"fbb37bc02be1","build":"182.4129.34","bucket":"-1","time":1576041395446,"group":{"id":"toolwindow","version":"2"},"event":{"count":1,"data":{},"id":"Project_by_Activation"}}
{"session":"fbb37bc02be1","build":"182.4129.34","bucket":"-1","time":1576041400352,"group":{"id":"actions","version":"2"},"event":{"count":1,"data":{},"id":"NewDirectoryProject"}}
{"session":"fbb37bc02be1","build":"182.4129.34","bucket":"-1","time":1576041400352,"group":{"id":"ui.dialogs","version":"2"},"event":{"count":1,"data":{"type":"show"},"id":"com.jetbrains.python.newProject.PyCharmNewProjectDialog"}}
{"session":"fbb37bc02be1","build":"182.4129.34","bucket":"-1","time":1576041403946,"group":{"id":"actions","version":"2"},"event":{"count":1,"data":{},"id":"EditorBackSpace"}}
{"session":"fbb37bc02be1","build":"182.4129.34","bucket":"-1","time":1576041408524,"group":{"id":"ui.dialogs","version":"2"},"event":{"count":1,"data":{"code":0,"type":"close"},"id":"com.jetbrains.python.newProject.PyCharmNewProjectDialog"}}
{"session":"fbb37bc02be1","build":"182.4129.34","bucket":"-1","time":1576041408555,"group":{"id":"trigger","version":"2"},"event":{"count":1,"data":{},"id":"AbstractNewProjectStep.Pure_Python"}}
{"session":"fbb37bc02be1","build":"182.4129.34","bucket":"-1","time":1576041408555,"group":{"id":"ui.dialogs","version":"2"},"event":{"count":1,"data":{"type":"show"},"id":"com.intellij.platform.OpenOrAttachDialog"}}
{"session":"fbb37bc02be1","build":"182.4129.34","bucket":"-1","time":1576041412555,"group":{"id":"ui.dialogs","version":"2"},"event":{"count":1,"data":{"code":0,"type":"close"},"id":"com.intellij.platform.OpenOrAttachDialog"}}
{"session":"fbb37bc02be1","build":"182.4129.34","bucket":"-1","time":1576041412914,"group":{"id":"lifecycle","version":"2"},"event":{"count":1,"data":{},"id":"project.opened"}}
{"session":"fbb37bc02be1","build":"182.4129.34","bucket":"-1","time":1576041413414,"group":{"id":"ui.dialogs","version":"2"},"event":{"count":1,"data":{"type":"show"},"id":"com.intellij.openapi.progress.util.ProgressDialog$MyDialogWrapper"}}
{"session":"fbb37bc02be1","build":"182.4129.34","bucket":"-1","time":1576041425961,"group":{"id":"toolwindow","version":"2"},"event":{"count":1,"data":{},"id":"Project_by_Activation"}}
{"session":"fbb37bc02be1","build":"182.4129.34","bucket":"-1","time":1576041425992,"group":{"id":"ui.dialogs","version":"2"},"event":{"count":1,"data":{"code":1,"type":"close"},"id":"com.intellij.openapi.progress.util.ProgressDialog$MyDialogWrapper"}}
{"session":"fbb37bc02be1","build":"182.4129.34","bucket":"-1","time":1576041426242,"group":{"id":"lifecycle","version":"2"},"event":{"count":1,"data":{"time.ms":13661},"id":"project.opening.finished"}}
{"session":"fbb37bc02be1","build":"182.4129.34","bucket":"-1","time":1576041429180,"group":{"id":"system.os.name","version":"2"},"event":{"data":{},"id":"Windows"}}
{"session":"fbb37bc02be1","build":"182.4129.34","bucket":"-1","time":1576041429180,"group":{"id":"system.os.version","version":"2"},"event":{"data":{},"id":"10.0"}}
{"session":"fbb37bc02be1","build":"182.4129.34","bucket":"-1","time":1576041429180,"group":{"id":"system.jvm.vendor","version":"2"},"event":{"data":{},"id":"JetBrains_s.r.o"}}
{"session":"fbb37bc02be1","build":"182.4129.34","bucket":"-1","time":1576041429180,"group":{"id":"system.jvm.version","version":"2"},"event":{"data":{},"id":"1.8"}}
{"session":"fbb37bc02be1","build":"182.4129.34","bucket":"-1","time":1576041474632,"group":{"id":"toolwindow","version":"2"},"event":{"count":1,"data":{},"id":"Project_by_Activation"}}
{"session":"fbb37bc02be1","build":"182.4129.34","bucket":"-1","time":1576041476897,"group":{"id":"trigger","version":"2"},"event":{"count":1,"data":{},"id":"project.view.pane.Scope.Scope__Project_Files___set_Project_Files__class_com.intellij.psi.search.scope.ProjectFilesScope"}}
{"session":"fbb37bc02be1","build":"182.4129.34","bucket":"-1","time":1576041482022,"group":{"id":"toolwindow","version":"2"},"event":{"count":2,"data":{},"id":"Project_by_Activation"}}
{"session":"fbb37bc02be1","build":"182.4129.34","bucket":"-1","time":1576041520506,"group":{"id":"actions","version":"2"},"event":{"count":1,"data":{},"id":"SaveAll"}}
{"session":"fbb37bc02be1","build":"182.4129.34","bucket":"-1","time":1576041535427,"group":{"id":"actions","version":"2"},"event":{"count":1,"data":{},"id":"OpenFile"}}
{"session":"fbb37bc02be1","build":"182.4129.34","bucket":"-1","time":1576041535536,"group":{"id":"ui.dialogs","version":"2"},"event":{"count":1,"data":{"type":"show"},"id":"com.intellij.openapi.fileChooser.ex.FileChooserDialogImpl"}}
{"session":"fbb37bc02be1","build":"182.4129.34","bucket":"-1","time":1576041549328,"group":{"id":"ui.dialogs","version":"2"},"event":{"count":1,"data":{"code":0,"type":"close"},"id":"com.intellij.openapi.fileChooser.ex.FileChooserDialogImpl"}}
{"session":"fbb37bc02be1","build":"182.4129.34","bucket":"-1","time":1576041549359,"group":{"id":"ui.dialogs","version":"2"},"event":{"count":1,"data":{"type":"show"},"id":"com.intellij.platform.OpenOrAttachDialog"}}
{"session":"fbb37bc02be1","build":"182.4129.34","bucket":"-1","time":1576041552294,"group":{"id":"ui.dialogs","version":"2"},"event":{"count":1,"data":{"code":0,"type":"close"},"id":"com.intellij.platform.OpenOrAttachDialog"}}
{"session":"fbb37bc02be1","build":"182.4129.34","bucket":"-1","time":1576041564259,"group":{"id":"actions","version":"2"},"event":{"count":1,"data":{},"id":"OpenFile"}}
{"session":"fbb37bc02be1","build":"182.4129.34","bucket":"-1","time":1576041564275,"group":{"id":"ui.dialogs","version":"2"},"event":{"count":1,"data":{"type":"show"},"id":"com.intellij.openapi.fileChooser.ex.FileChooserDialogImpl"}}
{"session":"fbb37bc02be1","build":"182.4129.34","bucket":"-1","time":1576041570489,"group":{"id":"ui.dialogs","version":"2"},"event":{"count":1,"data":{"code":0,"type":"close"},"id":"com.intellij.openapi.fileChooser.ex.FileChooserDialogImpl"}}
{"session":"fbb37bc02be1","build":"182.4129.34","bucket":"-1","time":1576041570520,"group":{"id":"ui.dialogs","version":"2"},"event":{"count":1,"data":{"type":"show"},"id":"com.intellij.platform.OpenOrAttachDialog"}}
{"session":"fbb37bc02be1","build":"182.4129.34","bucket":"-1","time":1576041580926,"group":{"id":"ui.dialogs","version":"2"},"event":{"count":1,"data":{"code":0,"type":"close"},"id":"com.intellij.platform.OpenOrAttachDialog"}}
{"session":"fbb37bc02be1","build":"182.4129.34","bucket":"-1","time":1576041581348,"group":{"id":"lifecycle","version":"2"},"event":{"count":1,"data":{},"id":"project.closed"}}
{"session":"fbb37bc02be1","build":"182.4129.34","bucket":"-1","time":1576041602020,"group":{"id":"actions","version":"2"},"event":{"count":1,"data":{},"id":"NewPythonFile"}}
{"session":"fbb37bc02be1","build":"182.4129.34","bucket":"-1","time":1576041602020,"group":{"id":"ui.dialogs","version":"2"},"event":{"count":1,"data":{"type":"show"},"id":"com.intellij.ide.actions.CreateFileFromTemplateDialog"}}
{"session":"fbb37bc02be1","build":"182.4129.34","bucket":"-1","time":1576041609441,"group":{"id":"actions","version":"2"},"event":{"count":1,"data":{},"id":"DialogOkAction_Enter"}}
{"session":"fbb37bc02be1","build":"182.4129.34","bucket":"-1","time":1576041609535,"group":{"id":"ui.dialogs","version":"2"},"event":{"count":1,"data":{"code":0,"type":"close"},"id":"com.intellij.ide.actions.CreateFileFromTemplateDialog"}}
{"session":"fbb37bc02be1","build":"182.4129.34","bucket":"-1","time":1576041612254,"group":{"id":"actions","version":"2"},"event":{"count":1,"data":{},"id":"EditorPaste"}}
{"session":"fbb37bc02be1","build":"182.4129.34","bucket":"-1","time":1576041619347,"group":{"id":"actions","version":"2"},"event":{"count":1,"data":{},"id":"RunClass"}}
{"session":"fbb37bc02be1","build":"182.4129.34","bucket":"-1","time":1576041619425,"group":{"id":"trigger","version":"2"},"event":{"count":1,"data":{},"id":"execute.PythonConfigurationType.Run"}}
{"session":"fbb37bc02be1","build":"182.4129.34","bucket":"-1","time":1576041619597,"group":{"id":"toolwindow","version":"2"},"event":{"count":1,"data":{},"id":"Run_by_Activation"}}
{"session":"fbb37bc02be1","build":"182.4129.34","bucket":"-1","time":1576041682549,"group":{"id":"actions","version":"2"},"event":{"count":3,"data":{},"id":"EditorBackSpace"}}
{"session":"fbb37bc02be1","build":"182.4129.34","bucket":"-1","time":1576041706173,"group":{"id":"actions","version":"2"},"event":{"count":1,"data":{},"id":"EditorBackSpace"}}
{"session":"fbb37bc02be1","build":"182.4129.34","bucket":"-1","time":1576041713673,"group":{"id":"actions","version":"2"},"event":{"count":1,"data":{},"id":"Run"}}
{"session":"fbb37bc02be1","build":"182.4129.34","bucket":"-1","time":1576041713751,"group":{"id":"trigger","version":"2"},"event":{"count":1,"data":{},"id":"execute.PythonConfigurationType.Run"}}
{"session":"fbb37bc02be1","build":"182.4129.34","bucket":"-1","time":1576041713954,"group":{"id":"toolwindow","version":"2"},"event":{"count":1,"data":{},"id":"Run_by_Activation"}}
{"session":"fbb37bc02be1","build":"182.4129.34","bucket":"-1","time":1576041798531,"group":{"id":"toolwindow","version":"2"},"event":{"count":1,"data":{},"id":"Project_by_Activation"}}
{"session":"fbb37bc02be1","build":"182.4129.34","bucket":"-1","time":1576041807046,"group":{"id":"actions","version":"2"},"event":{"count":1,"data":{},"id":"CreateRunConfiguration"}}
{"session":"fbb37bc02be1","build":"182.4129.34","bucket":"-1","time":1576041820843,"group":{"id":"editing","version":"2"},"event":{"count":1,"data":{},"id":"editing.select.word"}}
{"session":"fbb37bc02be1","build":"182.4129.34","bucket":"-1","time":1576041838874,"group":{"id":"actions","version":"2"},"event":{"count":1,"data":{},"id":"tooltip.actions.show.description.shortcut"}}
{"session":"fbb37bc02be1","build":"182.4129.34","bucket":"-1","time":1576041861154,"group":{"id":"actions","version":"2"},"event":{"count":1,"data":{},"id":"EditorBackSpace"}}
{"session":"fbb37bc02be1","build":"182.4129.34","bucket":"-1","time":1576041871654,"group":{"id":"actions","version":"2"},"event":{"count":1,"data":{},"id":"EditorRight"}}
{"session":"fbb37bc02be1","build":"182.4129.34","bucket":"-1","time":1576041872201,"group":{"id":"actions","version":"2"},"event":{"count":3,"data":{},"id":"EditorBackSpace"}}
{"session":"fbb37bc02be1","build":"182.4129.34","bucket":"-1","time":1576041896794,"group":{"id":"actions","version":"2"},"event":{"count":1,"data":{},"id":"tooltip.actions.show.description.shortcut"}}
{"session":"fbb37bc02be1","build":"182.4129.34","bucket":"-1","time":1576041906981,"group":{"id":"actions","version":"2"},"event":{"count":3,"data":{},"id":"EditorBackSpace"}}
{"session":"fbb37bc02be1","build":"182.4129.34","bucket":"-1","time":1576042000588,"group":{"id":"actions","version":"2"},"event":{"count":1,"data":{},"id":"EditorBackSpace"}}
{"session":"fbb37bc02be1","build":"182.4129.34","bucket":"-1","time":1576042010370,"group":{"id":"editing","version":"2"},"event":{"count":1,"data":{},"id":"editing.select.word"}}
{"session":"fbb37bc02be1","build":"182.4129.34","bucket":"-1","time":1576042013057,"group":{"id":"actions","version":"2"},"event":{"count":2,"data":{},"id":"EditorRight"}}
{"session":"fbb37bc02be1","build":"182.4129.34","bucket":"-1","time":1576042055634,"group":{"id":"actions","version":"2"},"event":{"count":1,"data":{},"id":"Run"}}
{"session":"fbb37bc02be1","build":"182.4129.34","bucket":"-1","time":1576042055697,"group":{"id":"trigger","version":"2"},"event":{"count":1,"data":{},"id":"execute.PythonConfigurationType.Run"}}
{"session":"fbb37bc02be1","build":"182.4129.34","bucket":"-1","time":1576042056322,"group":{"id":"toolwindow","version":"2"},"event":{"count":1,"data":{},"id":"Run_by_Activation"}}
{"session":"fbb37bc02be1","build":"182.4129.34","bucket":"-1","time":1576042462922,"group":{"id":"actions","version":"2"},"event":{"count":4,"data":{},"id":"ToggleBookmark"}}
{"session":"fbb37bc02be1","build":"182.4129.34","bucket":"-1","time":1576042466453,"group":{"id":"actions","version":"2"},"event":{"count":1,"data":{},"id":"ToggleBookmarkWithMnemonic"}}
{"session":"fbb37bc02be1","build":"182.4129.34","bucket":"-1","time":1576042477281,"group":{"id":"actions","version":"2"},"event":{"count":1,"data":{},"id":"ToggleLineBreakpoint"}}
{"session":"fbb37bc02be1","build":"182.4129.34","bucket":"-1","time":1576042480531,"group":{"id":"actions","version":"2"},"event":{"count":1,"data":{},"id":"ToggleBookmarkWithMnemonic"}}
{"session":"fbb37bc02be1","build":"182.4129.34","bucket":"-1","time":1576042485109,"group":{"id":"editing","version":"2"},"event":{"count":2,"data":{},"id":"editing.select.word"}}
{"session":"fbb37bc02be1","build":"182.4129.34","bucket":"-1","time":1576042488796,"group":{"id":"actions","version":"2"},"event":{"count":1,"data":{},"id":"ToggleLineBreakpoint"}}
{"session":"fbb37bc02be1","build":"182.4129.34","bucket":"-1","time":1576042491249,"group":{"id":"toolwindow","version":"2"},"event":{"count":1,"data":{},"id":"Project_by_Activation"}}
{"session":"fbb37bc02be1","build":"182.4129.34","bucket":"-1","time":1576042523748,"group":{"id":"lifecycle","version":"2"},"event":{"count":2,"data":{},"id":"project.closed"}}
{"session":"fbb37bc02be1","build":"182.4129.34","bucket":"-1","time":1576042536326,"group":{"id":"actions","version":"2"},"event":{"count":1,"data":{},"id":"ShowSettings"}}
{"session":"fbb37bc02be1","build":"182.4129.34","bucket":"-1","time":1576042538045,"group":{"id":"ui.dialogs","version":"2"},"event":{"count":1,"data":{"type":"show"},"id":"com.intellij.openapi.options.newEditor.SettingsDialog"}}
{"session":"fbb37bc02be1","build":"182.4129.34","bucket":"-1","time":1576042538654,"group":{"id":"ui.settings","version":"2"},"event":{"count":1,"data":{"type":"select"},"id":"ide.settings.Appearance"}}
{"session":"fbb37bc02be1","build":"182.4129.34","bucket":"-1","time":1576042549638,"group":{"id":"ui.settings","version":"2"},"event":{"count":1,"data":{"type":"apply"},"id":"ide.settings.Appearance"}}
{"session":"fbb37bc02be1","build":"182.4129.34","bucket":"-1","time":1576042549638,"group":{"id":"trigger","version":"2"},"event":{"count":1,"data":{},"id":"ide.settings.Appearance"}}
{"session":"fbb37bc02be1","build":"182.4129.34","bucket":"-1","time":1576042550388,"group":{"id":"ui.dialogs","version":"2"},"event":{"count":1,"data":{"code":0,"type":"close"},"id":"com.intellij.openapi.options.newEditor.SettingsDialog"}}
{"session":"fbb37bc02be1","build":"182.4129.34","bucket":"-1","time":1576042550795,"group":{"id":"lifecycle","version":"2"},"event":{"count":1,"data":{"mappingFailed":false,"oom":false},"id":"ide.error"}}
{"session":"fbb37bc02be1","build":"182.4129.34","bucket":"-1","time":1576042559763,"group":{"id":"editing","version":"2"},"event":{"count":1,"data":{},"id":"editing.select.word"}}
{"session":"fbb37bc02be1","build":"182.4129.34","bucket":"-1","time":1576042566310,"group":{"id":"actions","version":"2"},"event":{"count":1,"data":{},"id":"NewPythonFile"}}
{"session":"fbb37bc02be1","build":"182.4129.34","bucket":"-1","time":1576042566404,"group":{"id":"ui.dialogs","version":"2"},"event":{"count":1,"data":{"type":"show"},"id":"com.intellij.ide.actions.CreateFileFromTemplateDialog"}}
{"session":"fbb37bc02be1","build":"182.4129.34","bucket":"-1","time":1576042568825,"group":{"id":"actions","version":"2"},"event":{"count":1,"data":{},"id":"DialogOkAction_Enter"}}
{"session":"fbb37bc02be1","build":"182.4129.34","bucket":"-1","time":1576042568903,"group":{"id":"ui.dialogs","version":"2"},"event":{"count":1,"data":{"code":0,"type":"close"},"id":"com.intellij.ide.actions.CreateFileFromTemplateDialog"}}
{"session":"fbb37bc02be1","build":"182.4129.34","bucket":"-1","time":1576042577153,"group":{"id":"actions","version":"2"},"event":{"count":24,"data":{},"id":"EditorBackSpace"}}
{"session":"fbb37bc02be1","build":"182.4129.34","bucket":"-1","time":1576042596622,"group":{"id":"actions","version":"2"},"event":{"count":1,"data":{},"id":"NewElement"}}
{"session":"fbb37bc02be1","build":"182.4129.34","bucket":"-1","time":1576042599543,"group":{"id":"actions","version":"2"},"event":{"count":1,"data":{},"id":"NewPythonFile"}}
{"session":"fbb37bc02be1","build":"182.4129.34","bucket":"-1","time":1576042599559,"group":{"id":"ui.dialogs","version":"2"},"event":{"count":1,"data":{"type":"show"},"id":"com.intellij.ide.actions.CreateFileFromTemplateDialog"}}
{"session":"fbb37bc02be1","build":"182.4129.34","bucket":"-1","time":1576042601356,"group":{"id":"actions","version":"2"},"event":{"count":1,"data":{},"id":"DialogOkAction_Enter"}}
{"session":"fbb37bc02be1","build":"182.4129.34","bucket":"-1","time":1576042601403,"group":{"id":"ui.dialogs","version":"2"},"event":{"count":1,"data":{"code":0,"type":"close"},"id":"com.intellij.ide.actions.CreateFileFromTemplateDialog"}}
{"session":"fbb37bc02be1","build":"182.4129.34","bucket":"-1","time":1576042621340,"group":{"id":"actions","version":"2"},"event":{"count":1,"data":{},"id":"NewDirectoryProject"}}
{"session":"fbb37bc02be1","build":"182.4129.34","bucket":"-1","time":1576042621340,"group":{"id":"ui.dialogs","version":"2"},"event":{"count":1,"data":{"type":"show"},"id":"com.jetbrains.python.newProject.PyCharmNewProjectDialog"}}
{"session":"fbb37bc02be1","build":"182.4129.34","bucket":"-1","time":1576042623246,"group":{"id":"ui.dialogs","version":"2"},"event":{"count":1,"data":{"code":0,"type":"close"},"id":"com.jetbrains.python.newProject.PyCharmNewProjectDialog"}}
{"session":"fbb37bc02be1","build":"182.4129.34","bucket":"-1","time":1576042623293,"group":{"id":"trigger","version":"2"},"event":{"count":1,"data":{},"id":"AbstractNewProjectStep.Pure_Python"}}
{"session":"fbb37bc02be1","build":"182.4129.34","bucket":"-1","time":1576042623308,"group":{"id":"ui.dialogs","version":"2"},"event":{"count":1,"data":{"type":"show"},"id":"com.intellij.platform.OpenOrAttachDialog"}}
{"session":"fbb37bc02be1","build":"182.4129.34","bucket":"-1","time":1576042628277,"group":{"id":"ui.dialogs","version":"2"},"event":{"count":1,"data":{"code":0,"type":"close"},"id":"com.intellij.platform.OpenOrAttachDialog"}}
{"session":"fbb37bc02be1","build":"182.4129.34","bucket":"-1","time":1576042628746,"group":{"id":"lifecycle","version":"2"},"event":{"count":1,"data":{},"id":"project.opened"}}
{"session":"fbb37bc02be1","build":"182.4129.34","bucket":"-1","time":1576042629183,"group":{"id":"ui.dialogs","version":"2"},"event":{"count":1,"data":{"type":"show"},"id":"com.intellij.openapi.progress.util.ProgressDialog$MyDialogWrapper"}}
{"session":"fbb37bc02be1","build":"182.4129.34","bucket":"-1","time":1576042629246,"group":{"id":"ui.dialogs","version":"2"},"event":{"count":1,"data":{"code":1,"type":"close"},"id":"com.intellij.openapi.progress.util.ProgressDialog$MyDialogWrapper"}}
{"session":"fbb37bc02be1","build":"182.4129.34","bucket":"-1","time":1576042629558,"group":{"id":"ui.dialogs","version":"2"},"event":{"count":1,"data":{"type":"show"},"id":"com.intellij.openapi.progress.util.ProgressDialog$MyDialogWrapper"}}
{"session":"fbb37bc02be1","build":"182.4129.34","bucket":"-1","time":1576042641558,"group":{"id":"toolwindow","version":"2"},"event":{"count":1,"data":{},"id":"Project_by_Activation"}}
{"session":"fbb37bc02be1","build":"182.4129.34","bucket":"-1","time":1576042641636,"group":{"id":"ui.dialogs","version":"2"},"event":{"count":1,"data":{"code":1,"type":"close"},"id":"com.intellij.openapi.progress.util.ProgressDialog$MyDialogWrapper"}}
{"session":"fbb37bc02be1","build":"182.4129.34","bucket":"-1","time":1576042641761,"group":{"id":"lifecycle","version":"2"},"event":{"count":1,"data":{"time.ms":13390},"id":"project.opening.finished"}}
{"session":"fbb37bc02be1","build":"182.4129.34","bucket":"-1","time":1576042644761,"group":{"id":"system.os.name","version":"2"},"event":{"data":{},"id":"Windows"}}
{"session":"fbb37bc02be1","build":"182.4129.34","bucket":"-1","time":1576042644761,"group":{"id":"system.os.version","version":"2"},"event":{"data":{},"id":"10.0"}}
{"session":"fbb37bc02be1","build":"182.4129.34","bucket":"-1","time":1576042644761,"group":{"id":"system.jvm.vendor","version":"2"},"event":{"data":{},"id":"JetBrains_s.r.o"}}
{"session":"fbb37bc02be1","build":"182.4129.34","bucket":"-1","time":1576042644761,"group":{"id":"system.jvm.version","version":"2"},"event":{"data":{},"id":"1.8"}}
{"session":"fbb37bc02be1","build":"182.4129.34","bucket":"-1","time":1576042660573,"group":{"id":"actions","version":"2"},"event":{"count":1,"data":{},"id":"NewPythonFile"}}
{"session":"fbb37bc02be1","build":"182.4129.34","bucket":"-1","time":1576042660573,"group":{"id":"ui.dialogs","version":"2"},"event":{"count":1,"data":{"type":"show"},"id":"com.intellij.ide.actions.CreateFileFromTemplateDialog"}}
{"session":"fbb37bc02be1","build":"182.4129.34","bucket":"-1","time":1576042662511,"group":{"id":"actions","version":"2"},"event":{"count":1,"data":{},"id":"DialogOkAction_Enter"}}
{"session":"fbb37bc02be1","build":"182.4129.34","bucket":"-1","time":1576042662573,"group":{"id":"ui.dialogs","version":"2"},"event":{"count":1,"data":{"code":0,"type":"close"},"id":"com.intellij.ide.actions.CreateFileFromTemplateDialog"}}
{"session":"fbb37bc02be1","build":"182.4129.34","bucket":"-1","time":1576042669401,"group":{"id":"lifecycle","version":"2"},"event":{"count":1,"data":{},"id":"project.closed"}}
{"session":"fbb37bc02be1","build":"182.4129.34","bucket":"-1","time":1576042680510,"group":{"id":"editing","version":"2"},"event":{"count":1,"data":{},"id":"editing.select.word"}}
{"session":"fbb37bc02be1","build":"182.4129.34","bucket":"-1","time":1576042691541,"group":{"id":"actions","version":"2"},"event":{"count":1,"data":{},"id":"ShowSettings"}}
{"session":"fbb37bc02be1","build":"182.4129.34","bucket":"-1","time":1576042691698,"group":{"id":"ui.dialogs","version":"2"},"event":{"count":1,"data":{"type":"show"},"id":"com.intellij.openapi.options.newEditor.SettingsDialog"}}
{"session":"fbb37bc02be1","build":"182.4129.34","bucket":"-1","time":1576042692088,"group":{"id":"ui.settings","version":"2"},"event":{"count":1,"data":{"type":"select"},"id":"ide.settings.Appearance"}}
{"session":"fbb37bc02be1","build":"182.4129.34","bucket":"-1","time":1576042707135,"group":{"id":"lifecycle","version":"2"},"event":{"count":1,"data":{"mappingFailed":false,"oom":false},"id":"ide.error"}}
{"session":"fbb37bc02be1","build":"182.4129.34","bucket":"-1","time":1576042713775,"group":{"id":"ui.dialogs","version":"2"},"event":{"count":1,"data":{"code":0,"type":"close"},"id":"com.intellij.openapi.options.newEditor.SettingsDialog"}}
{"session":"fbb37bc02be1","build":"182.4129.34","bucket":"-1","time":1576042726384,"group":{"id":"actions","version":"2"},"event":{"count":1,"data":{},"id":"Run"}}
{"session":"fbb37bc02be1","build":"182.4129.34","bucket":"-1","time":1576042726447,"group":{"id":"trigger","version":"2"},"event":{"count":1,"data":{},"id":"execute.PythonConfigurationType.Run"}}
{"session":"fbb37bc02be1","build":"182.4129.34","bucket":"-1","time":1576042726540,"group":{"id":"toolwindow","version":"2"},"event":{"count":1,"data":{},"id":"Run_by_Activation"}}
{"session":"fbb37bc02be1","build":"182.4129.34","bucket":"-1","time":1576042737884,"group":{"id":"actions","version":"2"},"event":{"count":1,"data":{},"id":"ShowSettings"}}
{"session":"fbb37bc02be1","build":"182.4129.34","bucket":"-1","time":1576042737978,"group":{"id":"ui.dialogs","version":"2"},"event":{"count":1,"data":{"type":"show"},"id":"com.intellij.openapi.options.newEditor.SettingsDialog"}}
{"session":"fbb37bc02be1","build":"182.4129.34","bucket":"-1","time":1576042738337,"group":{"id":"ui.settings","version":"2"},"event":{"count":1,"data":{"type":"select"},"id":"ide.settings.Appearance"}}
{"session":"fbb37bc02be1","build":"182.4129.34","bucket":"-1","time":1576042747665,"group":{"id":"ui.settings","version":"2"},"event":{"count":1,"data":{"type":"apply"},"id":"ide.settings.Appearance"}}
{"session":"fbb37bc02be1","build":"182.4129.34","bucket":"-1","time":1576042747696,"group":{"id":"trigger","version":"2"},"event":{"count":1,"data":{},"id":"ide.settings.Appearance"}}
{"session":"fbb37bc02be1","build":"182.4129.34","bucket":"-1","time":1576042747962,"group":{"id":"ui.dialogs","version":"2"},"event":{"count":1,"data":{"code":0,"type":"close"},"id":"com.intellij.openapi.options.newEditor.SettingsDialog"}}
{"session":"fbb37bc02be1","build":"182.4129.34","bucket":"-1","time":1576042748181,"group":{"id":"lifecycle","version":"2"},"event":{"count":1,"data":{"mappingFailed":false,"oom":false},"id":"ide.error"}}
{"session":"fbb37bc02be1","build":"182.4129.34","bucket":"-1","time":1576042780492,"group":{"id":"actions","version":"2"},"event":{"count":1,"data":{},"id":"RunClass"}}
{"session":"fbb37bc02be1","build":"182.4129.34","bucket":"-1","time":1576042780555,"group":{"id":"trigger","version":"2"},"event":{"count":1,"data":{},"id":"execute.PythonConfigurationType.Run"}}
{"session":"fbb37bc02be1","build":"182.4129.34","bucket":"-1","time":1576042780633,"group":{"id":"toolwindow","version":"2"},"event":{"count":1,"data":{},"id":"Run_by_Activation"}}
{"session":"fbb37bc02be1","build":"182.4129.34","bucket":"-1","time":1576042798226,"group":{"id":"actions","version":"2"},"event":{"count":1,"data":{},"id":"ShowSettings"}}
{"session":"fbb37bc02be1","build":"182.4129.34","bucket":"-1","time":1576042798367,"group":{"id":"ui.dialogs","version":"2"},"event":{"count":1,"data":{"type":"show"},"id":"com.intellij.openapi.options.newEditor.SettingsDialog"}}
{"session":"fbb37bc02be1","build":"182.4129.34","bucket":"-1","time":1576042798711,"group":{"id":"ui.settings","version":"2"},"event":{"count":1,"data":{"type":"select"},"id":"ide.settings.Appearance"}}
{"session":"fbb37bc02be1","build":"182.4129.34","bucket":"-1","time":1576042843178,"group":{"id":"ui.dialogs","version":"2"},"event":{"count":1,"data":{"type":"show"},"id":"org.intellij.images.editor.actions.BackgroundImageDialog"}}
{"session":"fbb37bc02be1","build":"182.4129.34","bucket":"-1","time":1576042855350,"group":{"id":"ui.dialogs","version":"2"},"event":{"count":1,"data":{"code":1,"type":"close"},"id":"org.intellij.images.editor.actions.BackgroundImageDialog"}}
{"session":"fbb37bc02be1","build":"182.4129.34","bucket":"-1","time":1576042858662,"group":{"id":"lifecycle","version":"2"},"event":{"count":1,"data":{"mappingFailed":false,"oom":false},"id":"ide.error"}}
{"session":"fbb37bc02be1","build":"182.4129.34","bucket":"-1","time":1576042860865,"group":{"id":"ui.dialogs","version":"2"},"event":{"count":1,"data":{"code":0,"type":"close"},"id":"com.intellij.openapi.options.newEditor.SettingsDialog"}}
{"session":"fbb37bc02be1","build":"182.4129.34","bucket":"-1","time":1576042873350,"group":{"id":"actions","version":"2"},"event":{"count":1,"data":{},"id":"NewPythonFile"}}
{"session":"fbb37bc02be1","build":"182.4129.34","bucket":"-1","time":1576042873365,"group":{"id":"ui.dialogs","version":"2"},"event":{"count":1,"data":{"type":"show"},"id":"com.intellij.ide.actions.CreateFileFromTemplateDialog"}}
{"session":"fbb37bc02be1","build":"182.4129.34","bucket":"-1","time":1576042875671,"group":{"id":"actions","version":"2"},"event":{"count":1,"data":{},"id":"DialogOkAction_Enter"}}
{"session":"fbb37bc02be1","build":"182.4129.34","bucket":"-1","time":1576042875788,"group":{"id":"ui.dialogs","version":"2"},"event":{"count":1,"data":{"code":0,"type":"close"},"id":"com.intellij.ide.actions.CreateFileFromTemplateDialog"}}
{"session":"fbb37bc02be1","build":"182.4129.34","bucket":"-1","time":1576042878540,"group":{"id":"actions","version":"2"},"event":{"count":12,"data":{},"id":"EditorBackSpace"}}
{"session":"fbb37bc02be1","build":"182.4129.34","bucket":"-1","time":1576042887508,"group":{"id":"actions","version":"2"},"event":{"count":1,"data":{},"id":"ShowSettings"}}
{"session":"fbb37bc02be1","build":"182.4129.34","bucket":"-1","time":1576042887696,"group":{"id":"ui.dialogs","version":"2"},"event":{"count":1,"data":{"type":"show"},"id":"com.intellij.openapi.options.newEditor.SettingsDialog"}}
{"session":"fbb37bc02be1","build":"182.4129.34","bucket":"-1","time":1576042888211,"group":{"id":"ui.settings","version":"2"},"event":{"count":1,"data":{"type":"select"},"id":"ide.settings.Appearance"}}
{"session":"fbb37bc02be1","build":"182.4129.34","bucket":"-1","time":1576042901774,"group":{"id":"lifecycle","version":"2"},"event":{"count":1,"data":{"mappingFailed":false,"oom":false},"id":"ide.error"}}
{"session":"fbb37bc02be1","build":"182.4129.34","bucket":"-1","time":1576042903617,"group":{"id":"ui.dialogs","version":"2"},"event":{"count":1,"data":{"code":0,"type":"close"},"id":"com.intellij.openapi.options.newEditor.SettingsDialog"}}
{"session":"fbb37bc02be1","build":"182.4129.34","bucket":"-1","time":1576042908820,"group":{"id":"actions","version":"2"},"event":{"count":27,"data":{},"id":"EditorBackSpace"}}
{"session":"fbb37bc02be1","build":"182.4129.34","bucket":"-1","time":1576042930570,"group":{"id":"actions","version":"2"},"event":{"count":1,"data":{},"id":"ShowSettings"}}
{"session":"fbb37bc02be1","build":"182.4129.34","bucket":"-1","time":1576042930742,"group":{"id":"ui.dialogs","version":"2"},"event":{"count":1,"data":{"type":"show"},"id":"com.intellij.openapi.options.newEditor.SettingsDialog"}}
{"session":"fbb37bc02be1","build":"182.4129.34","bucket":"-1","time":1576042931117,"group":{"id":"ui.settings","version":"2"},"event":{"count":1,"data":{"type":"select"},"id":"ide.settings.Appearance"}}
{"session":"fbb37bc02be1","build":"182.4129.34","bucket":"-1","time":1576042965397,"group":{"id":"lifecycle","version":"2"},"event":{"count":1,"data":{"mappingFailed":false,"oom":false},"id":"ide.error"}}
{"session":"fbb37bc02be1","build":"182.4129.34","bucket":"-1","time":1576042969288,"group":{"id":"ui.dialogs","version":"2"},"event":{"count":1,"data":{"code":0,"type":"close"},"id":"com.intellij.openapi.options.newEditor.SettingsDialog"}}
{"session":"fbb37bc02be1","build":"182.4129.34","bucket":"-1","time":1576042972194,"group":{"id":"actions","version":"2"},"event":{"count":11,"data":{},"id":"EditorBackSpace"}}
{"session":"fbb37bc02be1","build":"182.4129.34","bucket":"-1","time":1576042982084,"group":{"id":"actions","version":"2"},"event":{"count":1,"data":{},"id":"ShowSettings"}}
{"session":"fbb37bc02be1","build":"182.4129.34","bucket":"-1","time":1576042982178,"group":{"id":"ui.dialogs","version":"2"},"event":{"count":1,"data":{"type":"show"},"id":"com.intellij.openapi.options.newEditor.SettingsDialog"}}
{"session":"fbb37bc02be1","build":"182.4129.34","bucket":"-1","time":1576042982475,"group":{"id":"ui.settings","version":"2"},"event":{"count":1,"data":{"type":"select"},"id":"ide.settings.Appearance"}}
{"session":"fbb37bc02be1","build":"182.4129.34","bucket":"-1","time":1576042985412,"group":{"id":"ui.settings","version":"2"},"event":{"count":1,"data":{"type":"select"},"id":"ide.settings.Menus_and_Toolbars"}}
{"session":"fbb37bc02be1","build":"182.4129.34","bucket":"-1","time":1576042988006,"group":{"id":"ui.settings","version":"2"},"event":{"count":1,"data":{"type":"select"},"id":"ide.settings.System_Settings"}}
{"session":"fbb37bc02be1","build":"182.4129.34","bucket":"-1","time":1576043006256,"group":{"id":"ui.settings","version":"2"},"event":{"count":1,"data":{"type":"select"},"id":"ide.settings.File_Colors"}}
{"session":"fbb37bc02be1","build":"182.4129.34","bucket":"-1","time":1576043014896,"group":{"id":"ui.dialogs","version":"2"},"event":{"count":1,"data":{"type":"show"},"id":"com.intellij.ui.tabs.FileColorConfigurationEditDialog"}}
{"session":"fbb37bc02be1","build":"182.4129.34","bucket":"-1","time":1576043031474,"group":{"id":"ui.dialogs","version":"2"},"event":{"count":1,"data":{"code":0,"type":"close"},"id":"com.intellij.ui.tabs.FileColorConfigurationEditDialog"}}
{"session":"fbb37bc02be1","build":"182.4129.34","bucket":"-1","time":1576043039536,"group":{"id":"ui.settings","version":"2"},"event":{"count":1,"data":{"type":"select"},"id":"ide.settings.Editor"}}
{"session":"fbb37bc02be1","build":"182.4129.34","bucket":"-1","time":1576043041708,"group":{"id":"ui.settings","version":"2"},"event":{"count":1,"data":{"type":"select"},"id":"ide.settings.Plugins"}}
{"session":"fbb37bc02be1","build":"182.4129.34","bucket":"-1","time":1576043042473,"group":{"id":"ui.settings","version":"2"},"event":{"count":1,"data":{"type":"select"},"id":"ide.settings.Version_Control"}}
{"session":"fbb37bc02be1","build":"182.4129.34","bucket":"-1","time":1576043045270,"group":{"id":"ui.settings","version":"2"},"event":{"count":1,"data":{"type":"select"},"id":"ide.settings.Languages_&_Frameworks"}}
{"session":"fbb37bc02be1","build":"182.4129.34","bucket":"-1","time":1576043049426,"group":{"id":"ui.settings","version":"2"},"event":{"count":1,"data":{"type":"apply"},"id":"ide.settings.File_Colors"}}
{"session":"fbb37bc02be1","build":"182.4129.34","bucket":"-1","time":1576043049426,"group":{"id":"trigger","version":"2"},"event":{"count":1,"data":{},"id":"ide.settings.File_Colors"}}
{"session":"fbb37bc02be1","build":"182.4129.34","bucket":"-1","time":1576043049754,"group":{"id":"ui.dialogs","version":"2"},"event":{"count":1,"data":{"code":0,"type":"close"},"id":"com.intellij.openapi.options.newEditor.SettingsDialog"}}
{"session":"fbb37bc02be1","build":"182.4129.34","bucket":"-1","time":1576043051754,"group":{"id":"actions","version":"2"},"event":{"count":1,"data":{},"id":"EditorTab"}}
{"session":"fbb37bc02be1","build":"182.4129.34","bucket":"-1","time":1576043054239,"group":{"id":"actions","version":"2"},"event":{"count":31,"data":{},"id":"EditorBackSpace"}}
{"session":"fbb37bc02be1","build":"182.4129.34","bucket":"-1","time":1576043064379,"group":{"id":"toolwindow","version":"2"},"event":{"count":1,"data":{},"id":"Project_by_Activation"}}
{"session":"fbb37bc02be1","build":"182.4129.34","bucket":"-1","time":1576043077145,"group":{"id":"actions","version":"2"},"event":{"count":1,"data":{},"id":"NewPythonFile"}}
{"session":"fbb37bc02be1","build":"182.4129.34","bucket":"-1","time":1576043077160,"group":{"id":"ui.dialogs","version":"2"},"event":{"count":1,"data":{"type":"show"},"id":"com.intellij.ide.actions.CreateFileFromTemplateDialog"}}
{"session":"fbb37bc02be1","build":"182.4129.34","bucket":"-1","time":1576043084535,"group":{"id":"actions","version":"2"},"event":{"count":2,"data":{},"id":"EditorBackSpace"}}
{"session":"fbb37bc02be1","build":"182.4129.34","bucket":"-1","time":1576043090722,"group":{"id":"actions","version":"2"},"event":{"count":1,"data":{},"id":"DialogOkAction_Enter"}}
{"session":"fbb37bc02be1","build":"182.4129.34","bucket":"-1","time":1576043090754,"group":{"id":"ui.dialogs","version":"2"},"event":{"count":1,"data":{"code":0,"type":"close"},"id":"com.intellij.ide.actions.CreateFileFromTemplateDialog"}}
{"session":"fbb37bc02be1","build":"182.4129.34","bucket":"-1","time":1576043099300,"group":{"id":"actions","version":"2"},"event":{"count":1,"data":{},"id":"EditorPaste"}}
{"session":"fbb37bc02be1","build":"182.4129.34","bucket":"-1","time":1576043103331,"group":{"id":"actions","version":"2"},"event":{"count":1,"data":{},"id":"Run"}}
{"session":"fbb37bc02be1","build":"182.4129.34","bucket":"-1","time":1576043103410,"group":{"id":"trigger","version":"2"},"event":{"count":1,"data":{},"id":"execute.PythonConfigurationType.Run"}}
{"session":"fbb37bc02be1","build":"182.4129.34","bucket":"-1","time":1576043103519,"group":{"id":"toolwindow","version":"2"},"event":{"count":1,"data":{},"id":"Run_by_Activation"}}
{"session":"fbb37bc02be1","build":"182.4129.34","bucket":"-1","time":1576043107534,"group":{"id":"editing","version":"2"},"event":{"count":1,"data":{},"id":"editing.select.word"}}
{"session":"fbb37bc02be1","build":"182.4129.34","bucket":"-1","time":1576043114253,"group":{"id":"ui.dialogs","version":"2"},"event":{"count":2,"data":{"type":"show"},"id":"com.intellij.openapi.ui.messages.MessageDialog"}}
{"session":"fbb37bc02be1","build":"182.4129.34","bucket":"-1","time":1576043131612,"group":{"id":"ui.dialogs","version":"2"},"event":{"count":1,"data":{"type":"show"},"id":"com.intellij.openapi.ui.messages.MessageDialog"}}
{"session":"fbb37bc02be1","build":"182.4129.34","bucket":"-1","time":1576043133190,"group":{"id":"lifecycle","version":"2"},"event":{"count":1,"data":{"restart":false},"id":"app.closed"}}
{"session":"fbb37bc02be1","build":"182.4129.34","bucket":"-1","time":1576043133471,"group":{"id":"lifecycle","version":"2"},"event":{"count":1,"data":{},"id":"project.closed"}}
{"session":"fbb37bc02be1","build":"182.4129.34","bucket":"-1","time":1576043133862,"group":{"id":"lifecycle","version":"2"},"event":{"count":1,"data":{},"id":"ideaapp.closed"}}
