{"session":"80c475a300d2","build":"182.4129.34","bucket":"-1","time":1576760531810,"group":{"id":"ui.dialogs","version":"2"},"event":{"count":1,"data":{"type":"show"},"id":"com.intellij.openapi.progress.util.ProgressDialog$MyDialogWrapper"}}
{"session":"80c475a300d2","build":"182.4129.34","bucket":"-1","time":1576760532546,"group":{"id":"lifecycle","version":"2"},"event":{"count":1,"data":{"durationSeconds":24},"id":"ide.freeze"}}
{"session":"80c475a300d2","build":"182.4129.34","bucket":"-1","time":1576760547728,"group":{"id":"ui.dialogs","version":"2"},"event":{"count":1,"data":{"code":1,"type":"close"},"id":"com.intellij.openapi.progress.util.ProgressDialog$MyDialogWrapper"}}
{"session":"80c475a300d2","build":"182.4129.34","bucket":"-1","time":1576760548010,"group":{"id":"lifecycle","version":"2"},"event":{"count":1,"data":{},"id":"project.opened"}}
{"session":"80c475a300d2","build":"182.4129.34","bucket":"-1","time":1576760551150,"group":{"id":"ui.dialogs","version":"2"},"event":{"count":1,"data":{"type":"show"},"id":"com.intellij.openapi.progress.util.ProgressDialog$MyDialogWrapper"}}
{"session":"80c475a300d2","build":"182.4129.34","bucket":"-1","time":1576760558197,"group":{"id":"lifecycle","version":"2"},"event":{"count":1,"data":{},"id":"ideaapp.started"}}
{"session":"80c475a300d2","build":"182.4129.34","bucket":"-1","time":1576760558197,"group":{"id":"lifecycle","version":"2"},"event":{"count":1,"data":{},"id":"app.started"}}
{"session":"80c475a300d2","build":"182.4129.34","bucket":"-1","time":1576760561020,"group":{"id":"ui.dialogs","version":"2"},"event":{"count":1,"data":{"code":1,"type":"close"},"id":"com.intellij.openapi.progress.util.ProgressDialog$MyDialogWrapper"}}
{"session":"80c475a300d2","build":"182.4129.34","bucket":"-1","time":1576760561364,"group":{"id":"lifecycle","version":"2"},"event":{"count":1,"data":{"time.ms":31439},"id":"project.opening.finished"}}
{"session":"80c475a300d2","build":"182.4129.34","bucket":"-1","time":1576760568739,"group":{"id":"system.os.name","version":"2"},"event":{"data":{},"id":"Windows"}}
{"session":"80c475a300d2","build":"182.4129.34","bucket":"-1","time":1576760568739,"group":{"id":"system.os.version","version":"2"},"event":{"data":{},"id":"10.0"}}
{"session":"80c475a300d2","build":"182.4129.34","bucket":"-1","time":1576760568785,"group":{"id":"system.jvm.vendor","version":"2"},"event":{"data":{},"id":"JetBrains_s.r.o"}}
{"session":"80c475a300d2","build":"182.4129.34","bucket":"-1","time":1576760568785,"group":{"id":"system.jvm.version","version":"2"},"event":{"data":{},"id":"1.8"}}
{"session":"80c475a300d2","build":"182.4129.34","bucket":"-1","time":1576760683242,"group":{"id":"actions","version":"2"},"event":{"count":1,"data":{},"id":"OpenFile"}}
{"session":"80c475a300d2","build":"182.4129.34","bucket":"-1","time":1576760683414,"group":{"id":"ui.dialogs","version":"2"},"event":{"count":1,"data":{"type":"show"},"id":"com.intellij.openapi.fileChooser.ex.FileChooserDialogImpl"}}
{"session":"80c475a300d2","build":"182.4129.34","bucket":"-1","time":1576760694351,"group":{"id":"ui.dialogs","version":"2"},"event":{"count":1,"data":{"code":0,"type":"close"},"id":"com.intellij.openapi.fileChooser.ex.FileChooserDialogImpl"}}
{"session":"80c475a300d2","build":"182.4129.34","bucket":"-1","time":1576760694476,"group":{"id":"ui.dialogs","version":"2"},"event":{"count":1,"data":{"type":"show"},"id":"com.intellij.platform.OpenOrAttachDialog"}}
{"session":"80c475a300d2","build":"182.4129.34","bucket":"-1","time":1576760697601,"group":{"id":"ui.dialogs","version":"2"},"event":{"count":1,"data":{"code":0,"type":"close"},"id":"com.intellij.platform.OpenOrAttachDialog"}}
{"session":"80c475a300d2","build":"182.4129.34","bucket":"-1","time":1576760697992,"group":{"id":"lifecycle","version":"2"},"event":{"count":1,"data":{},"id":"project.opened"}}
{"session":"80c475a300d2","build":"182.4129.34","bucket":"-1","time":1576760698304,"group":{"id":"ui.dialogs","version":"2"},"event":{"count":1,"data":{"type":"show"},"id":"com.intellij.openapi.progress.util.ProgressDialog$MyDialogWrapper"}}
{"session":"80c475a300d2","build":"182.4129.34","bucket":"-1","time":1576760698914,"group":{"id":"system.os.name","version":"2"},"event":{"data":{},"id":"Windows"}}
{"session":"80c475a300d2","build":"182.4129.34","bucket":"-1","time":1576760698914,"group":{"id":"system.os.version","version":"2"},"event":{"data":{},"id":"10.0"}}
{"session":"80c475a300d2","build":"182.4129.34","bucket":"-1","time":1576760698914,"group":{"id":"system.jvm.vendor","version":"2"},"event":{"data":{},"id":"JetBrains_s.r.o"}}
{"session":"80c475a300d2","build":"182.4129.34","bucket":"-1","time":1576760698929,"group":{"id":"system.jvm.version","version":"2"},"event":{"data":{},"id":"1.8"}}
{"session":"80c475a300d2","build":"182.4129.34","bucket":"-1","time":1576760699148,"group":{"id":"toolwindow","version":"2"},"event":{"count":1,"data":{},"id":"Project_by_Activation"}}
{"session":"80c475a300d2","build":"182.4129.34","bucket":"-1","time":1576760699711,"group":{"id":"ui.dialogs","version":"2"},"event":{"count":1,"data":{"code":1,"type":"close"},"id":"com.intellij.openapi.progress.util.ProgressDialog$MyDialogWrapper"}}
{"session":"80c475a300d2","build":"182.4129.34","bucket":"-1","time":1576760699929,"group":{"id":"lifecycle","version":"2"},"event":{"count":1,"data":{"time.ms":2085},"id":"project.opening.finished"}}
{"session":"80c475a300d2","build":"182.4129.34","bucket":"-1","time":1576760708226,"group":{"id":"actions","version":"2"},"event":{"count":1,"data":{},"id":"$SelectAll"}}
{"session":"80c475a300d2","build":"182.4129.34","bucket":"-1","time":1576760709429,"group":{"id":"actions","version":"2"},"event":{"count":1,"data":{},"id":"EditorCopy"}}
{"session":"80c475a300d2","build":"182.4129.34","bucket":"-1","time":1576760715023,"group":{"id":"actions","version":"2"},"event":{"count":1,"data":{},"id":"EditorCut"}}
{"session":"80c475a300d2","build":"182.4129.34","bucket":"-1","time":1576760717304,"group":{"id":"actions","version":"2"},"event":{"count":1,"data":{},"id":"EditorBackSpace"}}
{"session":"80c475a300d2","build":"182.4129.34","bucket":"-1","time":1576760728210,"group":{"id":"actions","version":"2"},"event":{"count":2,"data":{},"id":"EditorBackSpace"}}
{"session":"80c475a300d2","build":"182.4129.34","bucket":"-1","time":1576760751413,"group":{"id":"actions","version":"2"},"event":{"count":45,"data":{},"id":"EditorBackSpace"}}
{"session":"80c475a300d2","build":"182.4129.34","bucket":"-1","time":1576760762100,"group":{"id":"actions","version":"2"},"event":{"count":1,"data":{},"id":"ShowSettings"}}
{"session":"80c475a300d2","build":"182.4129.34","bucket":"-1","time":1576760763787,"group":{"id":"ui.dialogs","version":"2"},"event":{"count":1,"data":{"type":"show"},"id":"com.intellij.openapi.options.newEditor.SettingsDialog"}}
{"session":"80c475a300d2","build":"182.4129.34","bucket":"-1","time":1576760764131,"group":{"id":"ui.settings","version":"2"},"event":{"count":1,"data":{"type":"select"},"id":"ide.settings.Languages_&_Frameworks"}}
{"session":"80c475a300d2","build":"182.4129.34","bucket":"-1","time":1576760766194,"group":{"id":"ui.settings","version":"2"},"event":{"count":1,"data":{"type":"select"},"id":"ide.settings.Appearance_&_Behavior"}}
{"session":"80c475a300d2","build":"182.4129.34","bucket":"-1","time":1576760768412,"group":{"id":"ui.settings","version":"2"},"event":{"count":1,"data":{"type":"select"},"id":"ide.settings.Keymap"}}
{"session":"80c475a300d2","build":"182.4129.34","bucket":"-1","time":1576760771787,"group":{"id":"ui.settings","version":"2"},"event":{"count":1,"data":{"type":"select"},"id":"ide.settings.Editor"}}
{"session":"80c475a300d2","build":"182.4129.34","bucket":"-1","time":1576760775146,"group":{"id":"ui.settings","version":"2"},"event":{"count":1,"data":{"type":"select"},"id":"ide.settings.Plugins"}}
{"session":"80c475a300d2","build":"182.4129.34","bucket":"-1","time":1576760776834,"group":{"id":"ui.settings","version":"2"},"event":{"count":1,"data":{"type":"select"},"id":"ide.settings.Version_Control"}}
{"session":"80c475a300d2","build":"182.4129.34","bucket":"-1","time":1576760778428,"group":{"id":"ui.settings","version":"2"},"event":{"count":1,"data":{"type":"select"},"id":"ide.settings.Project__Ascad"}}
{"session":"80c475a300d2","build":"182.4129.34","bucket":"-1","time":1576760780334,"group":{"id":"ui.settings","version":"2"},"event":{"count":1,"data":{"type":"select"},"id":"ide.settings.Build__Execution__Deployment"}}
{"session":"80c475a300d2","build":"182.4129.34","bucket":"-1","time":1576760781959,"group":{"id":"ui.settings","version":"2"},"event":{"count":1,"data":{"type":"select"},"id":"ide.settings.Languages_&_Frameworks"}}
{"session":"80c475a300d2","build":"182.4129.34","bucket":"-1","time":1576760785943,"group":{"id":"ui.dialogs","version":"2"},"event":{"count":1,"data":{"code":1,"type":"close"},"id":"com.intellij.openapi.options.newEditor.SettingsDialog"}}
{"session":"80c475a300d2","build":"182.4129.34","bucket":"-1","time":1576760796896,"group":{"id":"actions","version":"2"},"event":{"count":1,"data":{},"id":"ShowSettings"}}
{"session":"80c475a300d2","build":"182.4129.34","bucket":"-1","time":1576760797037,"group":{"id":"ui.dialogs","version":"2"},"event":{"count":1,"data":{"type":"show"},"id":"com.intellij.openapi.options.newEditor.SettingsDialog"}}
{"session":"80c475a300d2","build":"182.4129.34","bucket":"-1","time":1576760797255,"group":{"id":"ui.settings","version":"2"},"event":{"count":1,"data":{"type":"select"},"id":"ide.settings.Languages_&_Frameworks"}}
{"session":"80c475a300d2","build":"182.4129.34","bucket":"-1","time":1576760801365,"group":{"id":"ui.settings","version":"2"},"event":{"count":1,"data":{"type":"select"},"id":"ide.settings.Tools"}}
{"session":"80c475a300d2","build":"182.4129.34","bucket":"-1","time":1576760803255,"group":{"id":"ui.settings","version":"2"},"event":{"count":1,"data":{"type":"select"},"id":"ide.settings.Languages_&_Frameworks"}}
{"session":"80c475a300d2","build":"182.4129.34","bucket":"-1","time":1576760804349,"group":{"id":"ui.settings","version":"2"},"event":{"count":1,"data":{"type":"select"},"id":"ide.settings.Build__Execution__Deployment"}}
{"session":"80c475a300d2","build":"182.4129.34","bucket":"-1","time":1576760805380,"group":{"id":"ui.settings","version":"2"},"event":{"count":1,"data":{"type":"select"},"id":"ide.settings.Project__Ascad"}}
{"session":"80c475a300d2","build":"182.4129.34","bucket":"-1","time":1576760806505,"group":{"id":"ui.settings","version":"2"},"event":{"count":1,"data":{"type":"select"},"id":"ide.settings.Version_Control"}}
{"session":"80c475a300d2","build":"182.4129.34","bucket":"-1","time":1576760819927,"group":{"id":"ui.settings","version":"2"},"event":{"count":1,"data":{"type":"select"},"id":"ide.settings.Appearance_&_Behavior"}}
{"session":"80c475a300d2","build":"182.4129.34","bucket":"-1","time":1576760821255,"group":{"id":"ui.settings","version":"2"},"event":{"count":1,"data":{"type":"select"},"id":"ide.settings.Keymap"}}
{"session":"80c475a300d2","build":"182.4129.34","bucket":"-1","time":1576760822755,"group":{"id":"ui.settings","version":"2"},"event":{"count":1,"data":{"type":"select"},"id":"ide.settings.Editor"}}
{"session":"80c475a300d2","build":"182.4129.34","bucket":"-1","time":1576760823973,"group":{"id":"ui.settings","version":"2"},"event":{"count":1,"data":{"type":"select"},"id":"ide.settings.Plugins"}}
{"session":"80c475a300d2","build":"182.4129.34","bucket":"-1","time":1576760825208,"group":{"id":"ui.settings","version":"2"},"event":{"count":1,"data":{"type":"select"},"id":"ide.settings.Version_Control"}}
{"session":"80c475a300d2","build":"182.4129.34","bucket":"-1","time":1576760839692,"group":{"id":"ui.dialogs","version":"2"},"event":{"count":1,"data":{"code":1,"type":"close"},"id":"com.intellij.openapi.options.newEditor.SettingsDialog"}}
{"session":"80c475a300d2","build":"182.4129.34","bucket":"-1","time":1576760859207,"group":{"id":"actions","version":"2"},"event":{"count":1,"data":{},"id":"ImportSettings"}}
{"session":"80c475a300d2","build":"182.4129.34","bucket":"-1","time":1576760859207,"group":{"id":"ui.dialogs","version":"2"},"event":{"count":1,"data":{"type":"show"},"id":"com.intellij.openapi.fileChooser.ex.FileChooserDialogImpl"}}
{"session":"80c475a300d2","build":"182.4129.34","bucket":"-1","time":1576760863107,"group":{"id":"ui.dialogs","version":"2"},"event":{"count":1,"data":{"code":1,"type":"close"},"id":"com.intellij.openapi.fileChooser.ex.FileChooserDialogImpl"}}
{"session":"80c475a300d2","build":"182.4129.34","bucket":"-1","time":1576760869919,"group":{"id":"actions","version":"2"},"event":{"count":1,"data":{},"id":"TemplateProjectProperties"}}
{"session":"80c475a300d2","build":"182.4129.34","bucket":"-1","time":1576760870028,"group":{"id":"ui.dialogs","version":"2"},"event":{"count":1,"data":{"type":"show"},"id":"com.intellij.openapi.options.newEditor.SettingsDialog"}}
{"session":"80c475a300d2","build":"182.4129.34","bucket":"-1","time":1576760870247,"group":{"id":"ui.settings","version":"2"},"event":{"count":1,"data":{"type":"select"},"id":"ide.settings.Appearance_&_Behavior"}}
{"session":"80c475a300d2","build":"182.4129.34","bucket":"-1","time":1576760872263,"group":{"id":"ui.settings","version":"2"},"event":{"count":1,"data":{"type":"select"},"id":"ide.settings.Editor"}}
{"session":"80c475a300d2","build":"182.4129.34","bucket":"-1","time":1576760875325,"group":{"id":"ui.settings","version":"2"},"event":{"count":1,"data":{"type":"select"},"id":"ide.settings.Code_Style"}}
{"session":"80c475a300d2","build":"182.4129.34","bucket":"-1","time":1576760891669,"group":{"id":"ui.settings","version":"2"},"event":{"count":1,"data":{"type":"select"},"id":"ide.settings.Appearance_&_Behavior"}}
{"session":"80c475a300d2","build":"182.4129.34","bucket":"-1","time":1576760894215,"group":{"id":"ui.settings","version":"2"},"event":{"count":1,"data":{"type":"select"},"id":"ide.settings.File_Colors"}}
{"session":"80c475a300d2","build":"182.4129.34","bucket":"-1","time":1576760900153,"group":{"id":"ui.settings","version":"2"},"event":{"count":1,"data":{"type":"select"},"id":"ide.settings.Scopes"}}
{"session":"80c475a300d2","build":"182.4129.34","bucket":"-1","time":1576760901997,"group":{"id":"ui.settings","version":"2"},"event":{"count":1,"data":{"type":"select"},"id":"ide.settings.File_Colors"}}
{"session":"80c475a300d2","build":"182.4129.34","bucket":"-1","time":1576760903278,"group":{"id":"ui.settings","version":"2"},"event":{"count":1,"data":{"type":"select"},"id":"ide.settings.Appearance_&_Behavior"}}
{"session":"80c475a300d2","build":"182.4129.34","bucket":"-1","time":1576760905262,"group":{"id":"ui.settings","version":"2"},"event":{"count":1,"data":{"type":"select"},"id":"ide.settings.Scopes"}}
{"session":"80c475a300d2","build":"182.4129.34","bucket":"-1","time":1576760910684,"group":{"id":"ui.settings","version":"2"},"event":{"count":1,"data":{"type":"select"},"id":"ide.settings.Code_Style"}}
{"session":"80c475a300d2","build":"182.4129.34","bucket":"-1","time":1576760924527,"group":{"id":"ui.settings","version":"2"},"event":{"count":1,"data":{"type":"select"},"id":"ide.settings.Spelling"}}
{"session":"80c475a300d2","build":"182.4129.34","bucket":"-1","time":1576760936543,"group":{"id":"ui.settings","version":"2"},"event":{"count":1,"data":{"type":"select"},"id":"ide.settings.File_Encodings"}}
{"session":"80c475a300d2","build":"182.4129.34","bucket":"-1","time":1576760944664,"group":{"id":"ui.settings","version":"2"},"event":{"count":1,"data":{"type":"select"},"id":"ide.settings.File_and_Code_Templates"}}
{"session":"80c475a300d2","build":"182.4129.34","bucket":"-1","time":1576760950633,"group":{"id":"ui.settings","version":"2"},"event":{"count":1,"data":{"type":"select"},"id":"ide.settings.Inspections"}}
{"session":"80c475a300d2","build":"182.4129.34","bucket":"-1","time":1576760965836,"group":{"id":"ui.dialogs","version":"2"},"event":{"count":1,"data":{"code":1,"type":"close"},"id":"com.intellij.openapi.options.newEditor.SettingsDialog"}}
{"session":"80c475a300d2","build":"182.4129.34","bucket":"-1","time":1576760972273,"group":{"id":"actions","version":"2"},"event":{"count":1,"data":{},"id":"ShowSettings"}}
{"session":"80c475a300d2","build":"182.4129.34","bucket":"-1","time":1576760972398,"group":{"id":"ui.dialogs","version":"2"},"event":{"count":1,"data":{"type":"show"},"id":"com.intellij.openapi.options.newEditor.SettingsDialog"}}
{"session":"80c475a300d2","build":"182.4129.34","bucket":"-1","time":1576760972648,"group":{"id":"ui.settings","version":"2"},"event":{"count":1,"data":{"type":"select"},"id":"ide.settings.Version_Control"}}
{"session":"80c475a300d2","build":"182.4129.34","bucket":"-1","time":1576760974664,"group":{"id":"ui.settings","version":"2"},"event":{"count":1,"data":{"type":"select"},"id":"ide.settings.Appearance_&_Behavior"}}
{"session":"80c475a300d2","build":"182.4129.34","bucket":"-1","time":1576760977101,"group":{"id":"ui.settings","version":"2"},"event":{"count":1,"data":{"type":"select"},"id":"ide.settings.Appearance"}}
{"session":"80c475a300d2","build":"182.4129.34","bucket":"-1","time":1576760998570,"group":{"id":"trigger","version":"2"},"event":{"count":1,"data":{},"id":"ide.help.Colorblind_Settings"}}
{"session":"80c475a300d2","build":"182.4129.34","bucket":"-1","time":1576761037028,"group":{"id":"ui.settings","version":"2"},"event":{"count":1,"data":{"type":"apply"},"id":"ide.settings.Appearance"}}
{"session":"80c475a300d2","build":"182.4129.34","bucket":"-1","time":1576761037028,"group":{"id":"trigger","version":"2"},"event":{"count":1,"data":{},"id":"ide.settings.Appearance"}}
{"session":"80c475a300d2","build":"182.4129.34","bucket":"-1","time":1576761037762,"group":{"id":"lifecycle","version":"2"},"event":{"count":1,"data":{"mappingFailed":false,"oom":false},"id":"ide.error"}}
{"session":"80c475a300d2","build":"182.4129.34","bucket":"-1","time":1576761047559,"group":{"id":"ui.settings","version":"2"},"event":{"count":1,"data":{"type":"apply"},"id":"ide.settings.Appearance"}}
{"session":"80c475a300d2","build":"182.4129.34","bucket":"-1","time":1576761047574,"group":{"id":"trigger","version":"2"},"event":{"count":1,"data":{},"id":"ide.settings.Appearance"}}
{"session":"80c475a300d2","build":"182.4129.34","bucket":"-1","time":1576761059996,"group":{"id":"lifecycle","version":"2"},"event":{"count":1,"data":{"mappingFailed":false,"oom":false},"id":"ide.error"}}
{"session":"80c475a300d2","build":"182.4129.34","bucket":"-1","time":1576761074527,"group":{"id":"lifecycle","version":"2"},"event":{"count":1,"data":{"mappingFailed":false,"oom":false},"id":"ide.error"}}
{"session":"80c475a300d2","build":"182.4129.34","bucket":"-1","time":1576761081698,"group":{"id":"ui.settings","version":"2"},"event":{"count":1,"data":{"type":"apply"},"id":"ide.settings.Appearance"}}
{"session":"80c475a300d2","build":"182.4129.34","bucket":"-1","time":1576761081698,"group":{"id":"trigger","version":"2"},"event":{"count":1,"data":{},"id":"ide.settings.Appearance"}}
{"session":"80c475a300d2","build":"182.4129.34","bucket":"-1","time":1576761101557,"group":{"id":"ui.settings","version":"2"},"event":{"count":1,"data":{"type":"apply"},"id":"ide.settings.Appearance"}}
{"session":"80c475a300d2","build":"182.4129.34","bucket":"-1","time":1576761101557,"group":{"id":"trigger","version":"2"},"event":{"count":1,"data":{},"id":"ide.settings.Appearance"}}
{"session":"80c475a300d2","build":"182.4129.34","bucket":"-1","time":1576761108588,"group":{"id":"ui.dialogs","version":"2"},"event":{"count":1,"data":{"code":0,"type":"close"},"id":"com.intellij.openapi.options.newEditor.SettingsDialog"}}
{"session":"80c475a300d2","build":"182.4129.34","bucket":"-1","time":1576761130854,"group":{"id":"actions","version":"2"},"event":{"count":1,"data":{},"id":"ShowSettings"}}
{"session":"80c475a300d2","build":"182.4129.34","bucket":"-1","time":1576761131057,"group":{"id":"ui.dialogs","version":"2"},"event":{"count":1,"data":{"type":"show"},"id":"com.intellij.openapi.options.newEditor.SettingsDialog"}}
{"session":"80c475a300d2","build":"182.4129.34","bucket":"-1","time":1576761131416,"group":{"id":"ui.settings","version":"2"},"event":{"count":1,"data":{"type":"select"},"id":"ide.settings.Appearance"}}
{"session":"80c475a300d2","build":"182.4129.34","bucket":"-1","time":1576761155040,"group":{"id":"ui.settings","version":"2"},"event":{"count":1,"data":{"type":"apply"},"id":"ide.settings.Appearance"}}
{"session":"80c475a300d2","build":"182.4129.34","bucket":"-1","time":1576761155040,"group":{"id":"trigger","version":"2"},"event":{"count":1,"data":{},"id":"ide.settings.Appearance"}}
{"session":"80c475a300d2","build":"182.4129.34","bucket":"-1","time":1576761171759,"group":{"id":"ui.settings","version":"2"},"event":{"count":1,"data":{"type":"apply"},"id":"ide.settings.Appearance"}}
{"session":"80c475a300d2","build":"182.4129.34","bucket":"-1","time":1576761171759,"group":{"id":"trigger","version":"2"},"event":{"count":1,"data":{},"id":"ide.settings.Appearance"}}
{"session":"80c475a300d2","build":"182.4129.34","bucket":"-1","time":1576761180509,"group":{"id":"ui.settings","version":"2"},"event":{"count":1,"data":{"type":"apply"},"id":"ide.settings.Appearance"}}
{"session":"80c475a300d2","build":"182.4129.34","bucket":"-1","time":1576761180509,"group":{"id":"trigger","version":"2"},"event":{"count":1,"data":{},"id":"ide.settings.Appearance"}}
{"session":"80c475a300d2","build":"182.4129.34","bucket":"-1","time":1576761192399,"group":{"id":"ui.settings","version":"2"},"event":{"count":1,"data":{"type":"apply"},"id":"ide.settings.Appearance"}}
{"session":"80c475a300d2","build":"182.4129.34","bucket":"-1","time":1576761192399,"group":{"id":"trigger","version":"2"},"event":{"count":1,"data":{},"id":"ide.settings.Appearance"}}
{"session":"80c475a300d2","build":"182.4129.34","bucket":"-1","time":1576761201118,"group":{"id":"ui.settings","version":"2"},"event":{"count":1,"data":{"type":"select"},"id":"ide.settings.Menus_and_Toolbars"}}
{"session":"80c475a300d2","build":"182.4129.34","bucket":"-1","time":1576761202914,"group":{"id":"ui.settings","version":"2"},"event":{"count":1,"data":{"type":"select"},"id":"ide.settings.Appearance"}}
{"session":"80c475a300d2","build":"182.4129.34","bucket":"-1","time":1576761206242,"group":{"id":"ui.dialogs","version":"2"},"event":{"count":1,"data":{"type":"show"},"id":"org.intellij.images.editor.actions.BackgroundImageDialog"}}
{"session":"80c475a300d2","build":"182.4129.34","bucket":"-1","time":1576761207696,"group":{"id":"ui.dialogs","version":"2"},"event":{"count":1,"data":{"code":1,"type":"close"},"id":"org.intellij.images.editor.actions.BackgroundImageDialog"}}
{"session":"80c475a300d2","build":"182.4129.34","bucket":"-1","time":1576761210445,"group":{"id":"ui.dialogs","version":"2"},"event":{"count":1,"data":{"type":"show"},"id":"org.intellij.images.editor.actions.BackgroundImageDialog"}}
{"session":"80c475a300d2","build":"182.4129.34","bucket":"-1","time":1576761236539,"group":{"id":"ui.dialogs","version":"2"},"event":{"count":1,"data":{"code":0,"type":"close"},"id":"org.intellij.images.editor.actions.BackgroundImageDialog"}}
{"session":"80c475a300d2","build":"182.4129.34","bucket":"-1","time":1576761242804,"group":{"id":"ui.settings","version":"2"},"event":{"count":1,"data":{"type":"select"},"id":"ide.settings.Menus_and_Toolbars"}}
{"session":"80c475a300d2","build":"182.4129.34","bucket":"-1","time":1576761245851,"group":{"id":"ui.dialogs","version":"2"},"event":{"count":1,"data":{"code":1,"type":"close"},"id":"com.intellij.openapi.options.newEditor.SettingsDialog"}}
{"session":"80c475a300d2","build":"182.4129.34","bucket":"-1","time":1576761251007,"group":{"id":"actions","version":"2"},"event":{"count":2,"data":{},"id":"EditorBackSpace"}}
{"session":"80c475a300d2","build":"182.4129.34","bucket":"-1","time":1576761261569,"group":{"id":"actions","version":"2"},"event":{"count":3,"data":{},"id":"EditorRight"}}
{"session":"80c475a300d2","build":"182.4129.34","bucket":"-1","time":1576761262788,"group":{"id":"actions","version":"2"},"event":{"count":15,"data":{},"id":"EditorBackSpace"}}
{"session":"80c475a300d2","build":"182.4129.34","bucket":"-1","time":1576761272631,"group":{"id":"actions","version":"2"},"event":{"count":1,"data":{},"id":"HideAllWindows"}}
{"session":"80c475a300d2","build":"182.4129.34","bucket":"-1","time":1576761275303,"group":{"id":"toolwindow","version":"2"},"event":{"count":1,"data":{},"id":"Project_by_Activation"}}
{"session":"80c475a300d2","build":"182.4129.34","bucket":"-1","time":1576761301818,"group":{"id":"editing","version":"2"},"event":{"count":1,"data":{},"id":"editing.select.word"}}
{"session":"80c475a300d2","build":"182.4129.34","bucket":"-1","time":1576761349098,"group":{"id":"toolwindow","version":"2"},"event":{"count":1,"data":{},"id":"Project_by_Activation"}}
{"session":"80c475a300d2","build":"182.4129.34","bucket":"-1","time":1576761358348,"group":{"id":"ui.dialogs","version":"2"},"event":{"count":1,"data":{"type":"show"},"id":"com.intellij.platform.OpenOrAttachDialog"}}
{"session":"80c475a300d2","build":"182.4129.34","bucket":"-1","time":1576761360519,"group":{"id":"ui.dialogs","version":"2"},"event":{"count":1,"data":{"code":0,"type":"close"},"id":"com.intellij.platform.OpenOrAttachDialog"}}
{"session":"80c475a300d2","build":"182.4129.34","bucket":"-1","time":1576761373644,"group":{"id":"ui.dialogs","version":"2"},"event":{"count":1,"data":{"type":"show"},"id":"com.intellij.platform.OpenOrAttachDialog"}}
{"session":"80c475a300d2","build":"182.4129.34","bucket":"-1","time":1576761375441,"group":{"id":"ui.dialogs","version":"2"},"event":{"count":1,"data":{"code":0,"type":"close"},"id":"com.intellij.platform.OpenOrAttachDialog"}}
{"session":"80c475a300d2","build":"182.4129.34","bucket":"-1","time":1576761382081,"group":{"id":"actions","version":"2"},"event":{"count":1,"data":{},"id":"OpenFile"}}
{"session":"80c475a300d2","build":"182.4129.34","bucket":"-1","time":1576761382097,"group":{"id":"ui.dialogs","version":"2"},"event":{"count":1,"data":{"type":"show"},"id":"com.intellij.openapi.fileChooser.ex.FileChooserDialogImpl"}}
{"session":"80c475a300d2","build":"182.4129.34","bucket":"-1","time":1576761384417,"group":{"id":"ui.dialogs","version":"2"},"event":{"count":1,"data":{"code":0,"type":"close"},"id":"com.intellij.openapi.fileChooser.ex.FileChooserDialogImpl"}}
{"session":"80c475a300d2","build":"182.4129.34","bucket":"-1","time":1576761384433,"group":{"id":"ui.dialogs","version":"2"},"event":{"count":1,"data":{"type":"show"},"id":"com.intellij.platform.OpenOrAttachDialog"}}
{"session":"80c475a300d2","build":"182.4129.34","bucket":"-1","time":1576761385808,"group":{"id":"ui.dialogs","version":"2"},"event":{"count":1,"data":{"code":0,"type":"close"},"id":"com.intellij.platform.OpenOrAttachDialog"}}
{"session":"80c475a300d2","build":"182.4129.34","bucket":"-1","time":1576761460368,"group":{"id":"actions","version":"2"},"event":{"count":1,"data":{},"id":"EditorBackSpace"}}
{"session":"80c475a300d2","build":"182.4129.34","bucket":"-1","time":1576761476899,"group":{"id":"actions","version":"2"},"event":{"count":1,"data":{},"id":"EditorEnter"}}
{"session":"80c475a300d2","build":"182.4129.34","bucket":"-1","time":1576761562055,"group":{"id":"lifecycle","version":"2"},"event":{"count":1,"data":{},"id":"project.closed"}}
{"session":"80c475a300d2","build":"182.4129.34","bucket":"-1","time":1576761563367,"group":{"id":"ui.dialogs","version":"2"},"event":{"count":1,"data":{"type":"show"},"id":"com.intellij.openapi.ui.messages.MessageDialog"}}
{"session":"80c475a300d2","build":"182.4129.34","bucket":"-1","time":1576761567117,"group":{"id":"lifecycle","version":"2"},"event":{"count":1,"data":{"restart":false},"id":"app.closed"}}
{"session":"80c475a300d2","build":"182.4129.34","bucket":"-1","time":1576761567414,"group":{"id":"lifecycle","version":"2"},"event":{"count":1,"data":{},"id":"project.closed"}}
{"session":"80c475a300d2","build":"182.4129.34","bucket":"-1","time":1576761567758,"group":{"id":"lifecycle","version":"2"},"event":{"count":1,"data":{},"id":"ideaapp.closed"}}
