{"session":"e9078bf52984","build":"182.4129.34","bucket":"-1","time":1577452303162,"group":{"id":"ui.dialogs","version":"2"},"event":{"count":1,"data":{"type":"show"},"id":"com.intellij.openapi.progress.util.ProgressDialog$MyDialogWrapper"}}
{"session":"e9078bf52984","build":"182.4129.34","bucket":"-1","time":1577452303193,"group":{"id":"lifecycle","version":"2"},"event":{"count":1,"data":{"durationSeconds":15},"id":"ide.freeze"}}
{"session":"e9078bf52984","build":"182.4129.34","bucket":"-1","time":1577452315473,"group":{"id":"ui.dialogs","version":"2"},"event":{"count":1,"data":{"code":1,"type":"close"},"id":"com.intellij.openapi.progress.util.ProgressDialog$MyDialogWrapper"}}
{"session":"e9078bf52984","build":"182.4129.34","bucket":"-1","time":1577452315645,"group":{"id":"lifecycle","version":"2"},"event":{"count":1,"data":{},"id":"project.opened"}}
{"session":"e9078bf52984","build":"182.4129.34","bucket":"-1","time":1577452318708,"group":{"id":"ui.dialogs","version":"2"},"event":{"count":1,"data":{"type":"show"},"id":"com.intellij.openapi.progress.util.ProgressDialog$MyDialogWrapper"}}
{"session":"e9078bf52984","build":"182.4129.34","bucket":"-1","time":1577452325692,"group":{"id":"toolwindow","version":"2"},"event":{"count":1,"data":{},"id":"Project_by_Activation"}}
{"session":"e9078bf52984","build":"182.4129.34","bucket":"-1","time":1577452326848,"group":{"id":"lifecycle","version":"2"},"event":{"count":1,"data":{},"id":"ideaapp.started"}}
{"session":"e9078bf52984","build":"182.4129.34","bucket":"-1","time":1577452326848,"group":{"id":"lifecycle","version":"2"},"event":{"count":1,"data":{},"id":"app.started"}}
{"session":"e9078bf52984","build":"182.4129.34","bucket":"-1","time":1577452329161,"group":{"id":"ui.dialogs","version":"2"},"event":{"count":1,"data":{"code":1,"type":"close"},"id":"com.intellij.openapi.progress.util.ProgressDialog$MyDialogWrapper"}}
{"session":"e9078bf52984","build":"182.4129.34","bucket":"-1","time":1577452329348,"group":{"id":"system.os.name","version":"2"},"event":{"data":{},"id":"Windows"}}
{"session":"e9078bf52984","build":"182.4129.34","bucket":"-1","time":1577452329348,"group":{"id":"system.os.version","version":"2"},"event":{"data":{},"id":"10.0"}}
{"session":"e9078bf52984","build":"182.4129.34","bucket":"-1","time":1577452329348,"group":{"id":"system.jvm.vendor","version":"2"},"event":{"data":{},"id":"JetBrains_s.r.o"}}
{"session":"e9078bf52984","build":"182.4129.34","bucket":"-1","time":1577452329364,"group":{"id":"system.jvm.version","version":"2"},"event":{"data":{},"id":"1.8"}}
{"session":"e9078bf52984","build":"182.4129.34","bucket":"-1","time":1577452331957,"group":{"id":"lifecycle","version":"2"},"event":{"count":1,"data":{"time.ms":30594},"id":"project.opening.finished"}}
{"session":"e9078bf52984","build":"182.4129.34","bucket":"-1","time":1577452396237,"group":{"id":"actions","version":"2"},"event":{"count":1,"data":{},"id":"RunClass"}}
{"session":"e9078bf52984","build":"182.4129.34","bucket":"-1","time":1577452396378,"group":{"id":"trigger","version":"2"},"event":{"count":1,"data":{},"id":"execute.PythonConfigurationType.Run"}}
{"session":"e9078bf52984","build":"182.4129.34","bucket":"-1","time":1577452396940,"group":{"id":"toolwindow","version":"2"},"event":{"count":1,"data":{},"id":"Run_by_Activation"}}
{"session":"e9078bf52984","build":"182.4129.34","bucket":"-1","time":1577452452558,"group":{"id":"actions","version":"2"},"event":{"count":1,"data":{},"id":"Run"}}
{"session":"e9078bf52984","build":"182.4129.34","bucket":"-1","time":1577452452620,"group":{"id":"trigger","version":"2"},"event":{"count":1,"data":{},"id":"execute.PythonConfigurationType.Run"}}
{"session":"e9078bf52984","build":"182.4129.34","bucket":"-1","time":1577452453089,"group":{"id":"toolwindow","version":"2"},"event":{"count":1,"data":{},"id":"Run_by_Activation"}}
{"session":"e9078bf52984","build":"182.4129.34","bucket":"-1","time":1577452474729,"group":{"id":"toolwindow","version":"2"},"event":{"count":1,"data":{},"id":"Project_by_Activation"}}
{"session":"e9078bf52984","build":"182.4129.34","bucket":"-1","time":1577452507104,"group":{"id":"actions","version":"2"},"event":{"count":1,"data":{},"id":"OpenFile"}}
{"session":"e9078bf52984","build":"182.4129.34","bucket":"-1","time":1577452507307,"group":{"id":"ui.dialogs","version":"2"},"event":{"count":1,"data":{"type":"show"},"id":"com.intellij.openapi.fileChooser.ex.FileChooserDialogImpl"}}
{"session":"e9078bf52984","build":"182.4129.34","bucket":"-1","time":1577452516802,"group":{"id":"actions","version":"2"},"event":{"count":1,"data":{},"id":"EditorBackSpace"}}
{"session":"e9078bf52984","build":"182.4129.34","bucket":"-1","time":1577452528552,"group":{"id":"actions","version":"2"},"event":{"count":1,"data":{},"id":"DialogOkAction_Enter"}}
{"session":"e9078bf52984","build":"182.4129.34","bucket":"-1","time":1577452528552,"group":{"id":"ui.dialogs","version":"2"},"event":{"count":1,"data":{"code":0,"type":"close"},"id":"com.intellij.openapi.fileChooser.ex.FileChooserDialogImpl"}}
{"session":"e9078bf52984","build":"182.4129.34","bucket":"-1","time":1577452528630,"group":{"id":"ui.dialogs","version":"2"},"event":{"count":1,"data":{"type":"show"},"id":"com.intellij.platform.OpenOrAttachDialog"}}
{"session":"e9078bf52984","build":"182.4129.34","bucket":"-1","time":1577452530896,"group":{"id":"ui.dialogs","version":"2"},"event":{"count":1,"data":{"code":0,"type":"close"},"id":"com.intellij.platform.OpenOrAttachDialog"}}
{"session":"e9078bf52984","build":"182.4129.34","bucket":"-1","time":1577452531224,"group":{"id":"lifecycle","version":"2"},"event":{"count":1,"data":{},"id":"project.opened"}}
{"session":"e9078bf52984","build":"182.4129.34","bucket":"-1","time":1577452531536,"group":{"id":"ui.dialogs","version":"2"},"event":{"count":1,"data":{"type":"show"},"id":"com.intellij.openapi.progress.util.ProgressDialog$MyDialogWrapper"}}
{"session":"e9078bf52984","build":"182.4129.34","bucket":"-1","time":1577452532130,"group":{"id":"ui.dialogs","version":"2"},"event":{"count":1,"data":{"code":1,"type":"close"},"id":"com.intellij.openapi.progress.util.ProgressDialog$MyDialogWrapper"}}
{"session":"e9078bf52984","build":"182.4129.34","bucket":"-1","time":1577452532145,"group":{"id":"lifecycle","version":"2"},"event":{"count":1,"data":{"time.ms":1028},"id":"project.opening.finished"}}
{"session":"e9078bf52984","build":"182.4129.34","bucket":"-1","time":1577452532224,"group":{"id":"system.os.name","version":"2"},"event":{"data":{},"id":"Windows"}}
{"session":"e9078bf52984","build":"182.4129.34","bucket":"-1","time":1577452532224,"group":{"id":"system.os.version","version":"2"},"event":{"data":{},"id":"10.0"}}
{"session":"e9078bf52984","build":"182.4129.34","bucket":"-1","time":1577452532224,"group":{"id":"system.jvm.vendor","version":"2"},"event":{"data":{},"id":"JetBrains_s.r.o"}}
{"session":"e9078bf52984","build":"182.4129.34","bucket":"-1","time":1577452532224,"group":{"id":"system.jvm.version","version":"2"},"event":{"data":{},"id":"1.8"}}
{"session":"e9078bf52984","build":"182.4129.34","bucket":"-1","time":1577452554895,"group":{"id":"actions","version":"2"},"event":{"count":1,"data":{},"id":"$SelectAll"}}
{"session":"e9078bf52984","build":"182.4129.34","bucket":"-1","time":1577452557270,"group":{"id":"actions","version":"2"},"event":{"count":1,"data":{},"id":"EditorCopy"}}
{"session":"e9078bf52984","build":"182.4129.34","bucket":"-1","time":1577452564004,"group":{"id":"actions","version":"2"},"event":{"count":18,"data":{},"id":"EditorEnter"}}
{"session":"e9078bf52984","build":"182.4129.34","bucket":"-1","time":1577452569223,"group":{"id":"actions","version":"2"},"event":{"count":11,"data":{},"id":"EditorLeft"}}
{"session":"e9078bf52984","build":"182.4129.34","bucket":"-1","time":1577452574676,"group":{"id":"actions","version":"2"},"event":{"count":1,"data":{},"id":"EditorPaste"}}
{"session":"e9078bf52984","build":"182.4129.34","bucket":"-1","time":1577452579863,"group":{"id":"actions","version":"2"},"event":{"count":35,"data":{},"id":"EditorBackSpace"}}
{"session":"e9078bf52984","build":"182.4129.34","bucket":"-1","time":1577452587879,"group":{"id":"actions","version":"2"},"event":{"count":1,"data":{},"id":"SearchEverywhere"}}
{"session":"e9078bf52984","build":"182.4129.34","bucket":"-1","time":1577452588082,"group":{"id":"navigation","version":"2"},"event":{"count":1,"data":{},"id":"SearchEverywhere"}}
{"session":"e9078bf52984","build":"182.4129.34","bucket":"-1","time":1577452594066,"group":{"id":"actions","version":"2"},"event":{"count":1,"data":{},"id":"EditorEnter"}}
{"session":"e9078bf52984","build":"182.4129.34","bucket":"-1","time":1577452596113,"group":{"id":"actions","version":"2"},"event":{"count":1,"data":{},"id":"EditorBackSpace"}}
{"session":"e9078bf52984","build":"182.4129.34","bucket":"-1","time":1577452616503,"group":{"id":"actions","version":"2"},"event":{"count":2,"data":{},"id":"EditorRight"}}
{"session":"e9078bf52984","build":"182.4129.34","bucket":"-1","time":1577452619862,"group":{"id":"actions","version":"2"},"event":{"count":3,"data":{},"id":"EditorLeft"}}
{"session":"e9078bf52984","build":"182.4129.34","bucket":"-1","time":1577452622425,"group":{"id":"actions","version":"2"},"event":{"count":3,"data":{},"id":"EditorRight"}}
{"session":"e9078bf52984","build":"182.4129.34","bucket":"-1","time":1577452623925,"group":{"id":"actions","version":"2"},"event":{"count":1,"data":{},"id":"EditorEnter"}}
{"session":"e9078bf52984","build":"182.4129.34","bucket":"-1","time":1577452638143,"group":{"id":"actions","version":"2"},"event":{"count":1,"data":{},"id":"EditorChooseLookupItem"}}
{"session":"e9078bf52984","build":"182.4129.34","bucket":"-1","time":1577452638221,"group":{"id":"completion","version":"2"},"event":{"count":1,"data":{},"id":"editing.completion.basic"}}
{"session":"e9078bf52984","build":"182.4129.34","bucket":"-1","time":1577452643221,"group":{"id":"actions","version":"2"},"event":{"count":1,"data":{},"id":"EditorChooseLookupItem"}}
{"session":"e9078bf52984","build":"182.4129.34","bucket":"-1","time":1577452643252,"group":{"id":"completion","version":"2"},"event":{"count":1,"data":{},"id":"editing.completion.basic"}}
{"session":"e9078bf52984","build":"182.4129.34","bucket":"-1","time":1577452645346,"group":{"id":"actions","version":"2"},"event":{"count":1,"data":{},"id":"EditorEnter"}}
{"session":"e9078bf52984","build":"182.4129.34","bucket":"-1","time":1577452659830,"group":{"id":"actions","version":"2"},"event":{"count":7,"data":{},"id":"EditorBackSpace"}}
{"session":"e9078bf52984","build":"182.4129.34","bucket":"-1","time":1577452686767,"group":{"id":"actions","version":"2"},"event":{"count":21,"data":{},"id":"EditorLeft"}}
{"session":"e9078bf52984","build":"182.4129.34","bucket":"-1","time":1577452693876,"group":{"id":"actions","version":"2"},"event":{"count":1,"data":{},"id":"EditorBackSpace"}}
{"session":"e9078bf52984","build":"182.4129.34","bucket":"-1","time":1577452696236,"group":{"id":"actions","version":"2"},"event":{"count":1,"data":{},"id":"EditorUp"}}
{"session":"e9078bf52984","build":"182.4129.34","bucket":"-1","time":1577452696767,"group":{"id":"actions","version":"2"},"event":{"count":6,"data":{},"id":"EditorLeft"}}
{"session":"e9078bf52984","build":"182.4129.34","bucket":"-1","time":1577452700470,"group":{"id":"actions","version":"2"},"event":{"count":1,"data":{},"id":"EditorDown"}}
{"session":"e9078bf52984","build":"182.4129.34","bucket":"-1","time":1577452700767,"group":{"id":"actions","version":"2"},"event":{"count":16,"data":{},"id":"EditorRight"}}
{"session":"e9078bf52984","build":"182.4129.34","bucket":"-1","time":1577452711595,"group":{"id":"actions","version":"2"},"event":{"count":1,"data":{},"id":"EditorBackSpace"}}
{"session":"e9078bf52984","build":"182.4129.34","bucket":"-1","time":1577452725095,"group":{"id":"actions","version":"2"},"event":{"count":5,"data":{},"id":"EditorRight"}}
{"session":"e9078bf52984","build":"182.4129.34","bucket":"-1","time":1577452729235,"group":{"id":"actions","version":"2"},"event":{"count":14,"data":{},"id":"EditorBackSpace"}}
{"session":"e9078bf52984","build":"182.4129.34","bucket":"-1","time":1577452740594,"group":{"id":"actions","version":"2"},"event":{"count":2,"data":{},"id":"EditorRight"}}
{"session":"e9078bf52984","build":"182.4129.34","bucket":"-1","time":1577452741922,"group":{"id":"actions","version":"2"},"event":{"count":1,"data":{},"id":"EditorLeft"}}
{"session":"e9078bf52984","build":"182.4129.34","bucket":"-1","time":1577452743079,"group":{"id":"actions","version":"2"},"event":{"count":1,"data":{},"id":"EditorBackSpace"}}
{"session":"e9078bf52984","build":"182.4129.34","bucket":"-1","time":1577452744500,"group":{"id":"actions","version":"2"},"event":{"count":3,"data":{},"id":"EditorRight"}}
{"session":"e9078bf52984","build":"182.4129.34","bucket":"-1","time":1577452746891,"group":{"id":"actions","version":"2"},"event":{"count":5,"data":{},"id":"EditorLeft"}}
{"session":"e9078bf52984","build":"182.4129.34","bucket":"-1","time":1577452750828,"group":{"id":"actions","version":"2"},"event":{"count":6,"data":{},"id":"EditorRight"}}
{"session":"e9078bf52984","build":"182.4129.34","bucket":"-1","time":1577452752516,"group":{"id":"actions","version":"2"},"event":{"count":6,"data":{},"id":"EditorBackSpace"}}
{"session":"e9078bf52984","build":"182.4129.34","bucket":"-1","time":1577452769266,"group":{"id":"actions","version":"2"},"event":{"count":1,"data":{},"id":"EditorChooseLookupItem"}}
{"session":"e9078bf52984","build":"182.4129.34","bucket":"-1","time":1577452769281,"group":{"id":"completion","version":"2"},"event":{"count":1,"data":{},"id":"editing.completion.basic"}}
{"session":"e9078bf52984","build":"182.4129.34","bucket":"-1","time":1577452771984,"group":{"id":"actions","version":"2"},"event":{"count":18,"data":{},"id":"EditorBackSpace"}}
{"session":"e9078bf52984","build":"182.4129.34","bucket":"-1","time":1577452785796,"group":{"id":"actions","version":"2"},"event":{"count":1,"data":{},"id":"EditorChooseLookupItem"}}
{"session":"e9078bf52984","build":"182.4129.34","bucket":"-1","time":1577452785812,"group":{"id":"completion","version":"2"},"event":{"count":1,"data":{},"id":"editing.completion.basic"}}
{"session":"e9078bf52984","build":"182.4129.34","bucket":"-1","time":1577452790390,"group":{"id":"actions","version":"2"},"event":{"count":1,"data":{},"id":"EditorEnter"}}
{"session":"e9078bf52984","build":"182.4129.34","bucket":"-1","time":1577452797421,"group":{"id":"actions","version":"2"},"event":{"count":3,"data":{},"id":"EditorBackSpace"}}
{"session":"e9078bf52984","build":"182.4129.34","bucket":"-1","time":1577452820296,"group":{"id":"actions","version":"2"},"event":{"count":1,"data":{},"id":"EditorDown"}}
{"session":"e9078bf52984","build":"182.4129.34","bucket":"-1","time":1577452820686,"group":{"id":"actions","version":"2"},"event":{"count":1,"data":{},"id":"EditorChooseLookupItem"}}
{"session":"e9078bf52984","build":"182.4129.34","bucket":"-1","time":1577452820702,"group":{"id":"completion","version":"2"},"event":{"count":1,"data":{},"id":"editing.completion.basic"}}
{"session":"e9078bf52984","build":"182.4129.34","bucket":"-1","time":1577452829420,"group":{"id":"actions","version":"2"},"event":{"count":1,"data":{},"id":"EditorEnter"}}
{"session":"e9078bf52984","build":"182.4129.34","bucket":"-1","time":1577452844373,"group":{"id":"actions","version":"2"},"event":{"count":1,"data":{},"id":"EditorBackSpace"}}
{"session":"e9078bf52984","build":"182.4129.34","bucket":"-1","time":1577452845701,"group":{"id":"actions","version":"2"},"event":{"count":2,"data":{},"id":"EditorRight"}}
{"session":"e9078bf52984","build":"182.4129.34","bucket":"-1","time":1577452848983,"group":{"id":"actions","version":"2"},"event":{"count":1,"data":{},"id":"EditorEnter"}}
{"session":"e9078bf52984","build":"182.4129.34","bucket":"-1","time":1577452858810,"group":{"id":"actions","version":"2"},"event":{"count":5,"data":{},"id":"EditorLeft"}}
{"session":"e9078bf52984","build":"182.4129.34","bucket":"-1","time":1577452861514,"group":{"id":"actions","version":"2"},"event":{"count":1,"data":{},"id":"EditorDown"}}
{"session":"e9078bf52984","build":"182.4129.34","bucket":"-1","time":1577452863107,"group":{"id":"actions","version":"2"},"event":{"count":1,"data":{},"id":"EditorLeft"}}
{"session":"e9078bf52984","build":"182.4129.34","bucket":"-1","time":1577452867763,"group":{"id":"actions","version":"2"},"event":{"count":1,"data":{},"id":"EditorBackSpace"}}
{"session":"e9078bf52984","build":"182.4129.34","bucket":"-1","time":1577452872857,"group":{"id":"actions","version":"2"},"event":{"count":1,"data":{},"id":"EditorDown"}}
{"session":"e9078bf52984","build":"182.4129.34","bucket":"-1","time":1577452873201,"group":{"id":"actions","version":"2"},"event":{"count":1,"data":{},"id":"EditorChooseLookupItem"}}
{"session":"e9078bf52984","build":"182.4129.34","bucket":"-1","time":1577452873201,"group":{"id":"completion","version":"2"},"event":{"count":1,"data":{},"id":"editing.completion.basic"}}
{"session":"e9078bf52984","build":"182.4129.34","bucket":"-1","time":1577452879763,"group":{"id":"actions","version":"2"},"event":{"count":1,"data":{},"id":"EditorEnter"}}
{"session":"e9078bf52984","build":"182.4129.34","bucket":"-1","time":1577452881201,"group":{"id":"actions","version":"2"},"event":{"count":2,"data":{},"id":"EditorBackSpace"}}
{"session":"e9078bf52984","build":"182.4129.34","bucket":"-1","time":1577452922653,"group":{"id":"actions","version":"2"},"event":{"count":1,"data":{},"id":"RunClass"}}
{"session":"e9078bf52984","build":"182.4129.34","bucket":"-1","time":1577452922715,"group":{"id":"trigger","version":"2"},"event":{"count":1,"data":{},"id":"execute.PythonConfigurationType.Run"}}
{"session":"e9078bf52984","build":"182.4129.34","bucket":"-1","time":1577452922715,"group":{"id":"toolwindow","version":"2"},"event":{"count":2,"data":{},"id":"Run_by_Activation"}}
{"session":"e9078bf52984","build":"182.4129.34","bucket":"-1","time":1577452955433,"group":{"id":"actions","version":"2"},"event":{"count":2,"data":{},"id":"EditorRight"}}
{"session":"e9078bf52984","build":"182.4129.34","bucket":"-1","time":1577452957230,"group":{"id":"actions","version":"2"},"event":{"count":1,"data":{},"id":"EditorEnter"}}
{"session":"e9078bf52984","build":"182.4129.34","bucket":"-1","time":1577452960855,"group":{"id":"actions","version":"2"},"event":{"count":1,"data":{},"id":"EditorChooseLookupItem"}}
{"session":"e9078bf52984","build":"182.4129.34","bucket":"-1","time":1577452960871,"group":{"id":"completion","version":"2"},"event":{"count":1,"data":{},"id":"editing.completion.basic"}}
{"session":"e9078bf52984","build":"182.4129.34","bucket":"-1","time":1577452968683,"group":{"id":"actions","version":"2"},"event":{"count":1,"data":{},"id":"EditorChooseLookupItem"}}
{"session":"e9078bf52984","build":"182.4129.34","bucket":"-1","time":1577452968699,"group":{"id":"completion","version":"2"},"event":{"count":1,"data":{},"id":"editing.completion.basic"}}
{"session":"e9078bf52984","build":"182.4129.34","bucket":"-1","time":1577452974605,"group":{"id":"actions","version":"2"},"event":{"count":1,"data":{},"id":"EditorUp"}}
{"session":"e9078bf52984","build":"182.4129.34","bucket":"-1","time":1577452978730,"group":{"id":"actions","version":"2"},"event":{"count":1,"data":{},"id":"Run"}}
{"session":"e9078bf52984","build":"182.4129.34","bucket":"-1","time":1577452978808,"group":{"id":"trigger","version":"2"},"event":{"count":1,"data":{},"id":"execute.PythonConfigurationType.Run"}}
{"session":"e9078bf52984","build":"182.4129.34","bucket":"-1","time":1577452979042,"group":{"id":"toolwindow","version":"2"},"event":{"count":1,"data":{},"id":"Run_by_Activation"}}
{"session":"e9078bf52984","build":"182.4129.34","bucket":"-1","time":1577452984152,"group":{"id":"actions","version":"2"},"event":{"count":1,"data":{},"id":"Run"}}
{"session":"e9078bf52984","build":"182.4129.34","bucket":"-1","time":1577452984214,"group":{"id":"trigger","version":"2"},"event":{"count":1,"data":{},"id":"execute.PythonConfigurationType.Run"}}
{"session":"e9078bf52984","build":"182.4129.34","bucket":"-1","time":1577452984292,"group":{"id":"toolwindow","version":"2"},"event":{"count":1,"data":{},"id":"Run_by_Activation"}}
{"session":"e9078bf52984","build":"182.4129.34","bucket":"-1","time":1577452990339,"group":{"id":"actions","version":"2"},"event":{"count":3,"data":{},"id":"EditorDown"}}
{"session":"e9078bf52984","build":"182.4129.34","bucket":"-1","time":1577452992667,"group":{"id":"actions","version":"2"},"event":{"count":6,"data":{},"id":"EditorLeft"}}
{"session":"e9078bf52984","build":"182.4129.34","bucket":"-1","time":1577452995401,"group":{"id":"actions","version":"2"},"event":{"count":2,"data":{},"id":"EditorBackSpace"}}
{"session":"e9078bf52984","build":"182.4129.34","bucket":"-1","time":1577453000370,"group":{"id":"actions","version":"2"},"event":{"count":6,"data":{},"id":"EditorLeft"}}
{"session":"e9078bf52984","build":"182.4129.34","bucket":"-1","time":1577453003151,"group":{"id":"actions","version":"2"},"event":{"count":5,"data":{},"id":"EditorBackSpace"}}
{"session":"e9078bf52984","build":"182.4129.34","bucket":"-1","time":1577453009245,"group":{"id":"actions","version":"2"},"event":{"count":59,"data":{},"id":"EditorUp"}}
{"session":"e9078bf52984","build":"182.4129.34","bucket":"-1","time":1577453025885,"group":{"id":"actions","version":"2"},"event":{"count":1,"data":{},"id":"Run"}}
{"session":"e9078bf52984","build":"182.4129.34","bucket":"-1","time":1577453025948,"group":{"id":"trigger","version":"2"},"event":{"count":1,"data":{},"id":"execute.PythonConfigurationType.Run"}}
{"session":"e9078bf52984","build":"182.4129.34","bucket":"-1","time":1577453026166,"group":{"id":"toolwindow","version":"2"},"event":{"count":1,"data":{},"id":"Run_by_Activation"}}
{"session":"e9078bf52984","build":"182.4129.34","bucket":"-1","time":1577453027697,"group":{"id":"actions","version":"2"},"event":{"count":1,"data":{},"id":"Run"}}
{"session":"e9078bf52984","build":"182.4129.34","bucket":"-1","time":1577453027760,"group":{"id":"trigger","version":"2"},"event":{"count":1,"data":{},"id":"execute.PythonConfigurationType.Run"}}
{"session":"e9078bf52984","build":"182.4129.34","bucket":"-1","time":1577453038307,"group":{"id":"toolwindow","version":"2"},"event":{"count":1,"data":{},"id":"Run_by_Activation"}}
{"session":"e9078bf52984","build":"182.4129.34","bucket":"-1","time":1577453045213,"group":{"id":"actions","version":"2"},"event":{"count":1,"data":{},"id":"RunClass"}}
{"session":"e9078bf52984","build":"182.4129.34","bucket":"-1","time":1577453045275,"group":{"id":"trigger","version":"2"},"event":{"count":1,"data":{},"id":"execute.PythonConfigurationType.Run"}}
{"session":"e9078bf52984","build":"182.4129.34","bucket":"-1","time":1577453050228,"group":{"id":"toolwindow","version":"2"},"event":{"count":1,"data":{},"id":"Run_by_Activation"}}
{"session":"e9078bf52984","build":"182.4129.34","bucket":"-1","time":1577453079993,"group":{"id":"actions","version":"2"},"event":{"count":5,"data":{},"id":"EditorDown"}}
{"session":"e9078bf52984","build":"182.4129.34","bucket":"-1","time":1577453085853,"group":{"id":"actions","version":"2"},"event":{"count":2,"data":{},"id":"EditorRight"}}
{"session":"e9078bf52984","build":"182.4129.34","bucket":"-1","time":1577453085978,"group":{"id":"editing","version":"2"},"event":{"count":1,"data":{},"id":"editing.select.word"}}
{"session":"e9078bf52984","build":"182.4129.34","bucket":"-1","time":1577453096524,"group":{"id":"actions","version":"2"},"event":{"count":35,"data":{},"id":"EditorDown"}}
{"session":"e9078bf52984","build":"182.4129.34","bucket":"-1","time":1577453121383,"group":{"id":"editing","version":"2"},"event":{"count":3,"data":{},"id":"editing.select.word"}}
{"session":"e9078bf52984","build":"182.4129.34","bucket":"-1","time":1577453129383,"group":{"id":"actions","version":"2"},"event":{"count":1,"data":{},"id":"EditorCopy"}}
{"session":"e9078bf52984","build":"182.4129.34","bucket":"-1","time":1577453132773,"group":{"id":"actions","version":"2"},"event":{"count":1,"data":{},"id":"EditorDown"}}
{"session":"e9078bf52984","build":"182.4129.34","bucket":"-1","time":1577453135148,"group":{"id":"actions","version":"2"},"event":{"count":1,"data":{},"id":"EditorUp"}}
{"session":"e9078bf52984","build":"182.4129.34","bucket":"-1","time":1577453136992,"group":{"id":"actions","version":"2"},"event":{"count":1,"data":{},"id":"EditorEnter"}}
{"session":"e9078bf52984","build":"182.4129.34","bucket":"-1","time":1577453148836,"group":{"id":"actions","version":"2"},"event":{"count":2,"data":{},"id":"EditorEnter"}}
{"session":"e9078bf52984","build":"182.4129.34","bucket":"-1","time":1577453154773,"group":{"id":"actions","version":"2"},"event":{"count":1,"data":{},"id":"EditorPaste"}}
{"session":"e9078bf52984","build":"182.4129.34","bucket":"-1","time":1577453173929,"group":{"id":"actions","version":"2"},"event":{"count":3,"data":{},"id":"EditorBackSpace"}}
