{"session":"a43b435725ea","build":"182.4129.34","bucket":"-1","time":1578558011013,"group":{"id":"ui.dialogs","version":"2"},"event":{"count":1,"data":{"type":"show"},"id":"com.intellij.openapi.progress.util.ProgressDialog$MyDialogWrapper"}}
{"session":"a43b435725ea","build":"182.4129.34","bucket":"-1","time":1578558011145,"group":{"id":"lifecycle","version":"2"},"event":{"count":1,"data":{"durationSeconds":19},"id":"ide.freeze"}}
{"session":"a43b435725ea","build":"182.4129.34","bucket":"-1","time":1578558030804,"group":{"id":"ui.dialogs","version":"2"},"event":{"count":1,"data":{"code":1,"type":"close"},"id":"com.intellij.openapi.progress.util.ProgressDialog$MyDialogWrapper"}}
{"session":"a43b435725ea","build":"182.4129.34","bucket":"-1","time":1578558030982,"group":{"id":"lifecycle","version":"2"},"event":{"count":1,"data":{},"id":"project.opened"}}
{"session":"a43b435725ea","build":"182.4129.34","bucket":"-1","time":1578558033499,"group":{"id":"ui.dialogs","version":"2"},"event":{"count":1,"data":{"type":"show"},"id":"com.intellij.openapi.progress.util.ProgressDialog$MyDialogWrapper"}}
{"session":"a43b435725ea","build":"182.4129.34","bucket":"-1","time":1578558039762,"group":{"id":"lifecycle","version":"2"},"event":{"count":1,"data":{},"id":"ideaapp.started"}}
{"session":"a43b435725ea","build":"182.4129.34","bucket":"-1","time":1578558039775,"group":{"id":"lifecycle","version":"2"},"event":{"count":1,"data":{},"id":"app.started"}}
{"session":"a43b435725ea","build":"182.4129.34","bucket":"-1","time":1578558045332,"group":{"id":"ui.dialogs","version":"2"},"event":{"count":1,"data":{"code":1,"type":"close"},"id":"com.intellij.openapi.progress.util.ProgressDialog$MyDialogWrapper"}}
{"session":"a43b435725ea","build":"182.4129.34","bucket":"-1","time":1578558045909,"group":{"id":"system.os.name","version":"2"},"event":{"data":{},"id":"Windows"}}
{"session":"a43b435725ea","build":"182.4129.34","bucket":"-1","time":1578558045910,"group":{"id":"system.os.version","version":"2"},"event":{"data":{},"id":"10.0"}}
{"session":"a43b435725ea","build":"182.4129.34","bucket":"-1","time":1578558045932,"group":{"id":"system.jvm.vendor","version":"2"},"event":{"data":{},"id":"JetBrains_s.r.o"}}
{"session":"a43b435725ea","build":"182.4129.34","bucket":"-1","time":1578558045933,"group":{"id":"system.jvm.version","version":"2"},"event":{"data":{},"id":"1.8"}}
{"session":"a43b435725ea","build":"182.4129.34","bucket":"-1","time":1578558047792,"group":{"id":"lifecycle","version":"2"},"event":{"count":1,"data":{"time.ms":40770},"id":"project.opening.finished"}}
{"session":"a43b435725ea","build":"182.4129.34","bucket":"-1","time":1578558061232,"group":{"id":"ui.dialogs","version":"2"},"event":{"count":1,"data":{"type":"show"},"id":"com.intellij.platform.OpenOrAttachDialog"}}
{"session":"a43b435725ea","build":"182.4129.34","bucket":"-1","time":1578558063790,"group":{"id":"ui.dialogs","version":"2"},"event":{"count":1,"data":{"code":0,"type":"close"},"id":"com.intellij.platform.OpenOrAttachDialog"}}
{"session":"a43b435725ea","build":"182.4129.34","bucket":"-1","time":1578558064214,"group":{"id":"lifecycle","version":"2"},"event":{"count":1,"data":{},"id":"project.opened"}}
{"session":"a43b435725ea","build":"182.4129.34","bucket":"-1","time":1578558064562,"group":{"id":"ui.dialogs","version":"2"},"event":{"count":1,"data":{"type":"show"},"id":"com.intellij.openapi.progress.util.ProgressDialog$MyDialogWrapper"}}
{"session":"a43b435725ea","build":"182.4129.34","bucket":"-1","time":1578558065731,"group":{"id":"ui.dialogs","version":"2"},"event":{"count":1,"data":{"code":1,"type":"close"},"id":"com.intellij.openapi.progress.util.ProgressDialog$MyDialogWrapper"}}
{"session":"a43b435725ea","build":"182.4129.34","bucket":"-1","time":1578558065949,"group":{"id":"lifecycle","version":"2"},"event":{"count":1,"data":{"time.ms":1899},"id":"project.opening.finished"}}
{"session":"a43b435725ea","build":"182.4129.34","bucket":"-1","time":1578558069068,"group":{"id":"system.os.name","version":"2"},"event":{"data":{},"id":"Windows"}}
{"session":"a43b435725ea","build":"182.4129.34","bucket":"-1","time":1578558069073,"group":{"id":"system.os.version","version":"2"},"event":{"data":{},"id":"10.0"}}
{"session":"a43b435725ea","build":"182.4129.34","bucket":"-1","time":1578558069074,"group":{"id":"system.jvm.vendor","version":"2"},"event":{"data":{},"id":"JetBrains_s.r.o"}}
{"session":"a43b435725ea","build":"182.4129.34","bucket":"-1","time":1578558069075,"group":{"id":"system.jvm.version","version":"2"},"event":{"data":{},"id":"1.8"}}
{"session":"a43b435725ea","build":"182.4129.34","bucket":"-1","time":1578558079745,"group":{"id":"toolwindow","version":"2"},"event":{"count":1,"data":{},"id":"Python_Console_by_Activation"}}
{"session":"a43b435725ea","build":"182.4129.34","bucket":"-1","time":1578558079843,"group":{"id":"trigger","version":"2"},"event":{"count":1,"data":{},"id":"python.console.local"}}
{"session":"a43b435725ea","build":"182.4129.34","bucket":"-1","time":1578558082286,"group":{"id":"toolwindow","version":"2"},"event":{"count":1,"data":{},"id":"Python_Console_by_Activation"}}
{"session":"a43b435725ea","build":"182.4129.34","bucket":"-1","time":1578558097818,"group":{"id":"actions","version":"2"},"event":{"count":1,"data":{},"id":"EditorEnter"}}
{"session":"a43b435725ea","build":"182.4129.34","bucket":"-1","time":1578558116893,"group":{"id":"actions","version":"2"},"event":{"count":1,"data":{},"id":"EditorChooseLookupItem"}}
{"session":"a43b435725ea","build":"182.4129.34","bucket":"-1","time":1578558116976,"group":{"id":"completion","version":"2"},"event":{"count":1,"data":{},"id":"editing.completion.basic"}}
{"session":"a43b435725ea","build":"182.4129.34","bucket":"-1","time":1578558120802,"group":{"id":"actions","version":"2"},"event":{"count":1,"data":{},"id":"EditorRight"}}
{"session":"a43b435725ea","build":"182.4129.34","bucket":"-1","time":1578558122450,"group":{"id":"actions","version":"2"},"event":{"count":1,"data":{},"id":"EditorEnter"}}
{"session":"a43b435725ea","build":"182.4129.34","bucket":"-1","time":1578558157008,"group":{"id":"actions","version":"2"},"event":{"count":1,"data":{},"id":"EditorChooseLookupItem"}}
{"session":"a43b435725ea","build":"182.4129.34","bucket":"-1","time":1578558157038,"group":{"id":"completion","version":"2"},"event":{"count":1,"data":{},"id":"editing.completion.basic"}}
{"session":"a43b435725ea","build":"182.4129.34","bucket":"-1","time":1578558191258,"group":{"id":"actions","version":"2"},"event":{"count":1,"data":{},"id":"EditorRight"}}
{"session":"a43b435725ea","build":"182.4129.34","bucket":"-1","time":1578558192313,"group":{"id":"actions","version":"2"},"event":{"count":7,"data":{},"id":"EditorBackSpace"}}
{"session":"a43b435725ea","build":"182.4129.34","bucket":"-1","time":1578558212161,"group":{"id":"actions","version":"2"},"event":{"count":1,"data":{},"id":"EditorBackSpace"}}
{"session":"a43b435725ea","build":"182.4129.34","bucket":"-1","time":1578558217126,"group":{"id":"actions","version":"2"},"event":{"count":1,"data":{},"id":"EditorChooseLookupItem"}}
{"session":"a43b435725ea","build":"182.4129.34","bucket":"-1","time":1578558217152,"group":{"id":"completion","version":"2"},"event":{"count":1,"data":{},"id":"editing.completion.basic"}}
{"session":"a43b435725ea","build":"182.4129.34","bucket":"-1","time":1578558222179,"group":{"id":"actions","version":"2"},"event":{"count":1,"data":{},"id":"EditorEnter"}}
{"session":"a43b435725ea","build":"182.4129.34","bucket":"-1","time":1578558224735,"group":{"id":"actions","version":"2"},"event":{"count":1,"data":{},"id":"EditorChooseLookupItem"}}
{"session":"a43b435725ea","build":"182.4129.34","bucket":"-1","time":1578558224760,"group":{"id":"completion","version":"2"},"event":{"count":1,"data":{},"id":"editing.completion.basic"}}
{"session":"a43b435725ea","build":"182.4129.34","bucket":"-1","time":1578558239453,"group":{"id":"actions","version":"2"},"event":{"count":1,"data":{},"id":"EditorChooseLookupItem"}}
{"session":"a43b435725ea","build":"182.4129.34","bucket":"-1","time":1578558239476,"group":{"id":"completion","version":"2"},"event":{"count":1,"data":{},"id":"editing.completion.basic"}}
{"session":"a43b435725ea","build":"182.4129.34","bucket":"-1","time":1578558245861,"group":{"id":"actions","version":"2"},"event":{"count":1,"data":{},"id":"EditorRight"}}
{"session":"a43b435725ea","build":"182.4129.34","bucket":"-1","time":1578558263829,"group":{"id":"actions","version":"2"},"event":{"count":1,"data":{},"id":"EditorChooseLookupItem"}}
{"session":"a43b435725ea","build":"182.4129.34","bucket":"-1","time":1578558263853,"group":{"id":"completion","version":"2"},"event":{"count":1,"data":{},"id":"editing.completion.basic"}}
{"session":"a43b435725ea","build":"182.4129.34","bucket":"-1","time":1578558266935,"group":{"id":"actions","version":"2"},"event":{"count":1,"data":{},"id":"Run"}}
{"session":"a43b435725ea","build":"182.4129.34","bucket":"-1","time":1578558267107,"group":{"id":"trigger","version":"2"},"event":{"count":1,"data":{},"id":"execute.PythonConfigurationType.Run"}}
{"session":"a43b435725ea","build":"182.4129.34","bucket":"-1","time":1578558267961,"group":{"id":"toolwindow","version":"2"},"event":{"count":1,"data":{},"id":"Run_by_Activation"}}
{"session":"a43b435725ea","build":"182.4129.34","bucket":"-1","time":1578558340531,"group":{"id":"toolwindow","version":"2"},"event":{"count":1,"data":{},"id":"Project_by_Activation"}}
{"session":"a43b435725ea","build":"182.4129.34","bucket":"-1","time":1578558356674,"group":{"id":"actions","version":"2"},"event":{"count":34,"data":{},"id":"EditorBackSpace"}}
{"session":"a43b435725ea","build":"182.4129.34","bucket":"-1","time":1578558400487,"group":{"id":"actions","version":"2"},"event":{"count":1,"data":{},"id":"EditorLeft"}}
{"session":"a43b435725ea","build":"182.4129.34","bucket":"-1","time":1578558407378,"group":{"id":"actions","version":"2"},"event":{"count":1,"data":{},"id":"EditorBackSpace"}}
{"session":"a43b435725ea","build":"182.4129.34","bucket":"-1","time":1578558411527,"group":{"id":"completion","version":"2"},"event":{"count":1,"data":{},"id":"editing.completion.basic"}}
{"session":"a43b435725ea","build":"182.4129.34","bucket":"-1","time":1578558413152,"group":{"id":"actions","version":"2"},"event":{"count":3,"data":{},"id":"EditorRight"}}
{"session":"a43b435725ea","build":"182.4129.34","bucket":"-1","time":1578558415172,"group":{"id":"actions","version":"2"},"event":{"count":4,"data":{},"id":"EditorBackSpace"}}
{"session":"a43b435725ea","build":"182.4129.34","bucket":"-1","time":1578558418990,"group":{"id":"actions","version":"2"},"event":{"count":1,"data":{},"id":"Run"}}
{"session":"a43b435725ea","build":"182.4129.34","bucket":"-1","time":1578558419043,"group":{"id":"trigger","version":"2"},"event":{"count":1,"data":{},"id":"execute.PythonConfigurationType.Run"}}
{"session":"a43b435725ea","build":"182.4129.34","bucket":"-1","time":1578558419270,"group":{"id":"toolwindow","version":"2"},"event":{"count":1,"data":{},"id":"Run_by_Activation"}}
{"session":"a43b435725ea","build":"182.4129.34","bucket":"-1","time":1578558498946,"group":{"id":"actions","version":"2"},"event":{"count":1,"data":{},"id":"RunClass"}}
{"session":"a43b435725ea","build":"182.4129.34","bucket":"-1","time":1578558498998,"group":{"id":"trigger","version":"2"},"event":{"count":1,"data":{},"id":"execute.PythonConfigurationType.Run"}}
{"session":"a43b435725ea","build":"182.4129.34","bucket":"-1","time":1578558499204,"group":{"id":"toolwindow","version":"2"},"event":{"count":1,"data":{},"id":"Run_by_Activation"}}
{"session":"a43b435725ea","build":"182.4129.34","bucket":"-1","time":1578559080168,"group":{"id":"editing","version":"2"},"event":{"count":1,"data":{},"id":"editing.select.word"}}
{"session":"a43b435725ea","build":"182.4129.34","bucket":"-1","time":1578559085683,"group":{"id":"actions","version":"2"},"event":{"count":1,"data":{},"id":"EditorCopy"}}
{"session":"a43b435725ea","build":"182.4129.34","bucket":"-1","time":1578559096005,"group":{"id":"actions","version":"2"},"event":{"count":1,"data":{},"id":"CheckinProject"}}
{"session":"a43b435725ea","build":"182.4129.34","bucket":"-1","time":1578559096979,"group":{"id":"ui.dialogs","version":"2"},"event":{"count":1,"data":{"type":"show"},"id":"com.intellij.openapi.vcs.changes.ui.CommitChangeListDialog"}}
{"session":"a43b435725ea","build":"182.4129.34","bucket":"-1","time":1578559102076,"group":{"id":"ui.dialogs","version":"2"},"event":{"count":1,"data":{"code":1,"type":"close"},"id":"com.intellij.openapi.vcs.changes.ui.CommitChangeListDialog"}}
{"session":"a43b435725ea","build":"182.4129.34","bucket":"-1","time":1578559165863,"group":{"id":"lifecycle","version":"2"},"event":{"count":1,"data":{},"id":"project.closed"}}
{"session":"a43b435725ea","build":"182.4129.34","bucket":"-1","time":1578559166331,"group":{"id":"lifecycle","version":"2"},"event":{"count":1,"data":{"restart":false},"id":"app.closed"}}
{"session":"a43b435725ea","build":"182.4129.34","bucket":"-1","time":1578559166597,"group":{"id":"lifecycle","version":"2"},"event":{"count":1,"data":{},"id":"project.closed"}}
{"session":"a43b435725ea","build":"182.4129.34","bucket":"-1","time":1578559166941,"group":{"id":"lifecycle","version":"2"},"event":{"count":1,"data":{},"id":"ideaapp.closed"}}
