{"session":"d2b62e5de562","build":"182.4129.34","bucket":"-1","time":1576217696156,"group":{"id":"ui.dialogs","version":"2"},"event":{"count":1,"data":{"type":"show"},"id":"com.intellij.openapi.progress.util.ProgressDialog$MyDialogWrapper"}}
{"session":"d2b62e5de562","build":"182.4129.34","bucket":"-1","time":1576217696836,"group":{"id":"lifecycle","version":"2"},"event":{"count":1,"data":{"durationSeconds":18},"id":"ide.freeze"}}
{"session":"d2b62e5de562","build":"182.4129.34","bucket":"-1","time":1576217710252,"group":{"id":"ui.dialogs","version":"2"},"event":{"count":1,"data":{"code":1,"type":"close"},"id":"com.intellij.openapi.progress.util.ProgressDialog$MyDialogWrapper"}}
{"session":"d2b62e5de562","build":"182.4129.34","bucket":"-1","time":1576217710440,"group":{"id":"lifecycle","version":"2"},"event":{"count":1,"data":{},"id":"project.opened"}}
{"session":"d2b62e5de562","build":"182.4129.34","bucket":"-1","time":1576217713783,"group":{"id":"ui.dialogs","version":"2"},"event":{"count":1,"data":{"type":"show"},"id":"com.intellij.openapi.progress.util.ProgressDialog$MyDialogWrapper"}}
{"session":"d2b62e5de562","build":"182.4129.34","bucket":"-1","time":1576217719205,"group":{"id":"lifecycle","version":"2"},"event":{"count":1,"data":{},"id":"ideaapp.started"}}
{"session":"d2b62e5de562","build":"182.4129.34","bucket":"-1","time":1576217719205,"group":{"id":"lifecycle","version":"2"},"event":{"count":1,"data":{},"id":"app.started"}}
{"session":"d2b62e5de562","build":"182.4129.34","bucket":"-1","time":1576217721205,"group":{"id":"ui.dialogs","version":"2"},"event":{"count":1,"data":{"code":1,"type":"close"},"id":"com.intellij.openapi.progress.util.ProgressDialog$MyDialogWrapper"}}
{"session":"d2b62e5de562","build":"182.4129.34","bucket":"-1","time":1576217721611,"group":{"id":"lifecycle","version":"2"},"event":{"count":1,"data":{"time.ms":27271},"id":"project.opening.finished"}}
{"session":"d2b62e5de562","build":"182.4129.34","bucket":"-1","time":1576217727939,"group":{"id":"system.os.name","version":"2"},"event":{"data":{},"id":"Windows"}}
{"session":"d2b62e5de562","build":"182.4129.34","bucket":"-1","time":1576217727939,"group":{"id":"system.os.version","version":"2"},"event":{"data":{},"id":"10.0"}}
{"session":"d2b62e5de562","build":"182.4129.34","bucket":"-1","time":1576217727971,"group":{"id":"system.jvm.vendor","version":"2"},"event":{"data":{},"id":"JetBrains_s.r.o"}}
{"session":"d2b62e5de562","build":"182.4129.34","bucket":"-1","time":1576217727971,"group":{"id":"system.jvm.version","version":"2"},"event":{"data":{},"id":"1.8"}}
{"session":"d2b62e5de562","build":"182.4129.34","bucket":"-1","time":1576217730392,"group":{"id":"editing","version":"2"},"event":{"count":2,"data":{},"id":"editing.select.word"}}
{"session":"d2b62e5de562","build":"182.4129.34","bucket":"-1","time":1576217733424,"group":{"id":"actions","version":"2"},"event":{"count":1,"data":{},"id":"$SelectAll"}}
{"session":"d2b62e5de562","build":"182.4129.34","bucket":"-1","time":1576217737955,"group":{"id":"actions","version":"2"},"event":{"count":1,"data":{},"id":"EditorCopy"}}
{"session":"d2b62e5de562","build":"182.4129.34","bucket":"-1","time":1576217739673,"group":{"id":"toolwindow","version":"2"},"event":{"count":1,"data":{},"id":"Project_by_Activation"}}
{"session":"d2b62e5de562","build":"182.4129.34","bucket":"-1","time":1576217741970,"group":{"id":"editing","version":"2"},"event":{"count":1,"data":{},"id":"editing.select.word"}}
{"session":"d2b62e5de562","build":"182.4129.34","bucket":"-1","time":1576217756189,"group":{"id":"actions","version":"2"},"event":{"count":1,"data":{},"id":"NewPythonFile"}}
{"session":"d2b62e5de562","build":"182.4129.34","bucket":"-1","time":1576217756361,"group":{"id":"ui.dialogs","version":"2"},"event":{"count":1,"data":{"type":"show"},"id":"com.intellij.ide.actions.CreateFileFromTemplateDialog"}}
{"session":"d2b62e5de562","build":"182.4129.34","bucket":"-1","time":1576217768798,"group":{"id":"actions","version":"2"},"event":{"count":1,"data":{},"id":"DialogOkAction_Enter"}}
{"session":"d2b62e5de562","build":"182.4129.34","bucket":"-1","time":1576217769516,"group":{"id":"ui.dialogs","version":"2"},"event":{"count":1,"data":{"code":0,"type":"close"},"id":"com.intellij.ide.actions.CreateFileFromTemplateDialog"}}
{"session":"d2b62e5de562","build":"182.4129.34","bucket":"-1","time":1576217776360,"group":{"id":"actions","version":"2"},"event":{"count":1,"data":{},"id":"EditorPaste"}}
{"session":"d2b62e5de562","build":"182.4129.34","bucket":"-1","time":1576217785188,"group":{"id":"actions","version":"2"},"event":{"count":2,"data":{},"id":"EditorBackSpace"}}
{"session":"d2b62e5de562","build":"182.4129.34","bucket":"-1","time":1576217801750,"group":{"id":"actions","version":"2"},"event":{"count":1,"data":{},"id":"EditorEnter"}}
{"session":"d2b62e5de562","build":"182.4129.34","bucket":"-1","time":1576217804469,"group":{"id":"actions","version":"2"},"event":{"count":7,"data":{},"id":"EditorBackSpace"}}
{"session":"d2b62e5de562","build":"182.4129.34","bucket":"-1","time":1576217822093,"group":{"id":"actions","version":"2"},"event":{"count":3,"data":{},"id":"EditorEnter"}}
{"session":"d2b62e5de562","build":"182.4129.34","bucket":"-1","time":1576217828156,"group":{"id":"actions","version":"2"},"event":{"count":8,"data":{},"id":"EditorBackSpace"}}
{"session":"d2b62e5de562","build":"182.4129.34","bucket":"-1","time":1576217851233,"group":{"id":"actions","version":"2"},"event":{"count":1,"data":{},"id":"EditorEnter"}}
{"session":"d2b62e5de562","build":"182.4129.34","bucket":"-1","time":1576217852265,"group":{"id":"actions","version":"2"},"event":{"count":5,"data":{},"id":"EditorBackSpace"}}
{"session":"d2b62e5de562","build":"182.4129.34","bucket":"-1","time":1576217870530,"group":{"id":"editing","version":"2"},"event":{"count":1,"data":{},"id":"editing.select.word"}}
{"session":"d2b62e5de562","build":"182.4129.34","bucket":"-1","time":1576217871936,"group":{"id":"actions","version":"2"},"event":{"count":1,"data":{},"id":"EditorBackSpace"}}
{"session":"d2b62e5de562","build":"182.4129.34","bucket":"-1","time":1576217893139,"group":{"id":"actions","version":"2"},"event":{"count":2,"data":{},"id":"EditorBackSpace"}}
{"session":"d2b62e5de562","build":"182.4129.34","bucket":"-1","time":1576217911638,"group":{"id":"actions","version":"2"},"event":{"count":7,"data":{},"id":"EditorBackSpace"}}
{"session":"d2b62e5de562","build":"182.4129.34","bucket":"-1","time":1576217944684,"group":{"id":"actions","version":"2"},"event":{"count":6,"data":{},"id":"EditorBackSpace"}}
{"session":"d2b62e5de562","build":"182.4129.34","bucket":"-1","time":1576217973293,"group":{"id":"actions","version":"2"},"event":{"count":9,"data":{},"id":"EditorBackSpace"}}
{"session":"d2b62e5de562","build":"182.4129.34","bucket":"-1","time":1576218009370,"group":{"id":"actions","version":"2"},"event":{"count":3,"data":{},"id":"$Undo"}}
{"session":"d2b62e5de562","build":"182.4129.34","bucket":"-1","time":1576218027182,"group":{"id":"actions","version":"2"},"event":{"count":1,"data":{},"id":"RunClass"}}
{"session":"d2b62e5de562","build":"182.4129.34","bucket":"-1","time":1576218027292,"group":{"id":"trigger","version":"2"},"event":{"count":1,"data":{},"id":"execute.PythonConfigurationType.Run"}}
{"session":"d2b62e5de562","build":"182.4129.34","bucket":"-1","time":1576218028260,"group":{"id":"toolwindow","version":"2"},"event":{"count":1,"data":{},"id":"Run_by_Activation"}}
{"session":"d2b62e5de562","build":"182.4129.34","bucket":"-1","time":1576218057697,"group":{"id":"actions","version":"2"},"event":{"count":4,"data":{},"id":"EditorBackSpace"}}
{"session":"d2b62e5de562","build":"182.4129.34","bucket":"-1","time":1576218081681,"group":{"id":"actions","version":"2"},"event":{"count":1,"data":{},"id":"RunClass"}}
{"session":"d2b62e5de562","build":"182.4129.34","bucket":"-1","time":1576218081759,"group":{"id":"trigger","version":"2"},"event":{"count":1,"data":{},"id":"execute.PythonConfigurationType.Run"}}
{"session":"d2b62e5de562","build":"182.4129.34","bucket":"-1","time":1576218082134,"group":{"id":"toolwindow","version":"2"},"event":{"count":1,"data":{},"id":"Run_by_Activation"}}
{"session":"d2b62e5de562","build":"182.4129.34","bucket":"-1","time":1576218100024,"group":{"id":"actions","version":"2"},"event":{"count":7,"data":{},"id":"EditorBackSpace"}}
{"session":"d2b62e5de562","build":"182.4129.34","bucket":"-1","time":1576218107962,"group":{"id":"actions","version":"2"},"event":{"count":1,"data":{},"id":"EditorEnter"}}
{"session":"d2b62e5de562","build":"182.4129.34","bucket":"-1","time":1576218123055,"group":{"id":"actions","version":"2"},"event":{"count":4,"data":{},"id":"EditorBackSpace"}}
{"session":"d2b62e5de562","build":"182.4129.34","bucket":"-1","time":1576218132274,"group":{"id":"actions","version":"2"},"event":{"count":1,"data":{},"id":"EditorEnter"}}
{"session":"d2b62e5de562","build":"182.4129.34","bucket":"-1","time":1576218139820,"group":{"id":"actions","version":"2"},"event":{"count":16,"data":{},"id":"EditorBackSpace"}}
{"session":"d2b62e5de562","build":"182.4129.34","bucket":"-1","time":1576218164195,"group":{"id":"actions","version":"2"},"event":{"count":1,"data":{},"id":"EditorEnter"}}
{"session":"d2b62e5de562","build":"182.4129.34","bucket":"-1","time":1576218167913,"group":{"id":"actions","version":"2"},"event":{"count":10,"data":{},"id":"EditorBackSpace"}}
{"session":"d2b62e5de562","build":"182.4129.34","bucket":"-1","time":1576218180054,"group":{"id":"actions","version":"2"},"event":{"count":1,"data":{},"id":"EditorEnter"}}
{"session":"d2b62e5de562","build":"182.4129.34","bucket":"-1","time":1576218187991,"group":{"id":"actions","version":"2"},"event":{"count":4,"data":{},"id":"EditorBackSpace"}}
{"session":"d2b62e5de562","build":"182.4129.34","bucket":"-1","time":1576218195397,"group":{"id":"actions","version":"2"},"event":{"count":1,"data":{},"id":"EditorEnter"}}
{"session":"d2b62e5de562","build":"182.4129.34","bucket":"-1","time":1576218198116,"group":{"id":"actions","version":"2"},"event":{"count":1,"data":{},"id":"EditorBackSpace"}}
{"session":"d2b62e5de562","build":"182.4129.34","bucket":"-1","time":1576218200288,"group":{"id":"actions","version":"2"},"event":{"count":1,"data":{},"id":"EditorEnter"}}
{"session":"d2b62e5de562","build":"182.4129.34","bucket":"-1","time":1576218214568,"group":{"id":"actions","version":"2"},"event":{"count":1,"data":{},"id":"RunClass"}}
{"session":"d2b62e5de562","build":"182.4129.34","bucket":"-1","time":1576218214631,"group":{"id":"trigger","version":"2"},"event":{"count":1,"data":{},"id":"execute.PythonConfigurationType.Run"}}
{"session":"d2b62e5de562","build":"182.4129.34","bucket":"-1","time":1576218214850,"group":{"id":"toolwindow","version":"2"},"event":{"count":1,"data":{},"id":"Run_by_Activation"}}
{"session":"d2b62e5de562","build":"182.4129.34","bucket":"-1","time":1576218226349,"group":{"id":"toolwindow","version":"2"},"event":{"count":1,"data":{},"id":"Run_by_Activation"}}
{"session":"d2b62e5de562","build":"182.4129.34","bucket":"-1","time":1576218274458,"group":{"id":"editing","version":"2"},"event":{"count":1,"data":{},"id":"editing.select.word"}}
{"session":"d2b62e5de562","build":"182.4129.34","bucket":"-1","time":1576218313394,"group":{"id":"actions","version":"2"},"event":{"count":1,"data":{},"id":"EditorBackSpace"}}
{"session":"d2b62e5de562","build":"182.4129.34","bucket":"-1","time":1576218317644,"group":{"id":"actions","version":"2"},"event":{"count":1,"data":{},"id":"$Undo"}}
{"session":"d2b62e5de562","build":"182.4129.34","bucket":"-1","time":1576218323988,"group":{"id":"actions","version":"2"},"event":{"count":1,"data":{},"id":"GotoBookmark3"}}
{"session":"d2b62e5de562","build":"182.4129.34","bucket":"-1","time":1576218328706,"group":{"id":"actions","version":"2"},"event":{"count":1,"data":{},"id":"EditorBackSpace"}}
{"session":"d2b62e5de562","build":"182.4129.34","bucket":"-1","time":1576218332128,"group":{"id":"actions","version":"2"},"event":{"count":1,"data":{},"id":"RunClass"}}
{"session":"d2b62e5de562","build":"182.4129.34","bucket":"-1","time":1576218332191,"group":{"id":"trigger","version":"2"},"event":{"count":1,"data":{},"id":"execute.PythonConfigurationType.Run"}}
{"session":"d2b62e5de562","build":"182.4129.34","bucket":"-1","time":1576218332456,"group":{"id":"toolwindow","version":"2"},"event":{"count":1,"data":{},"id":"Run_by_Activation"}}
{"session":"d2b62e5de562","build":"182.4129.34","bucket":"-1","time":1576218369127,"group":{"id":"toolwindow","version":"2"},"event":{"count":1,"data":{},"id":"Project_by_Activation"}}
{"session":"d2b62e5de562","build":"182.4129.34","bucket":"-1","time":1576218374877,"group":{"id":"actions","version":"2"},"event":{"count":1,"data":{},"id":"NewPythonFile"}}
{"session":"d2b62e5de562","build":"182.4129.34","bucket":"-1","time":1576218374877,"group":{"id":"ui.dialogs","version":"2"},"event":{"count":1,"data":{"type":"show"},"id":"com.intellij.ide.actions.CreateFileFromTemplateDialog"}}
{"session":"d2b62e5de562","build":"182.4129.34","bucket":"-1","time":1576218382861,"group":{"id":"actions","version":"2"},"event":{"count":1,"data":{},"id":"DialogOkAction_Enter"}}
{"session":"d2b62e5de562","build":"182.4129.34","bucket":"-1","time":1576218382924,"group":{"id":"ui.dialogs","version":"2"},"event":{"count":1,"data":{"code":0,"type":"close"},"id":"com.intellij.ide.actions.CreateFileFromTemplateDialog"}}
{"session":"d2b62e5de562","build":"182.4129.34","bucket":"-1","time":1576218411251,"group":{"id":"actions","version":"2"},"event":{"count":1,"data":{},"id":"EditorBackSpace"}}
{"session":"d2b62e5de562","build":"182.4129.34","bucket":"-1","time":1576218510952,"group":{"id":"actions","version":"2"},"event":{"count":7,"data":{},"id":"EditorBackSpace"}}
{"session":"d2b62e5de562","build":"182.4129.34","bucket":"-1","time":1576218524108,"group":{"id":"actions","version":"2"},"event":{"count":1,"data":{},"id":"RunClass"}}
{"session":"d2b62e5de562","build":"182.4129.34","bucket":"-1","time":1576218524186,"group":{"id":"trigger","version":"2"},"event":{"count":1,"data":{},"id":"execute.PythonConfigurationType.Run"}}
{"session":"d2b62e5de562","build":"182.4129.34","bucket":"-1","time":1576218524436,"group":{"id":"toolwindow","version":"2"},"event":{"count":1,"data":{},"id":"Run_by_Activation"}}
{"session":"d2b62e5de562","build":"182.4129.34","bucket":"-1","time":1576218536952,"group":{"id":"actions","version":"2"},"event":{"count":2,"data":{},"id":"EditorEnter"}}
{"session":"d2b62e5de562","build":"182.4129.34","bucket":"-1","time":1576218539967,"group":{"id":"actions","version":"2"},"event":{"count":22,"data":{},"id":"EditorBackSpace"}}
{"session":"d2b62e5de562","build":"182.4129.34","bucket":"-1","time":1576218565138,"group":{"id":"actions","version":"2"},"event":{"count":1,"data":{},"id":"EditorChooseLookupItem"}}
{"session":"d2b62e5de562","build":"182.4129.34","bucket":"-1","time":1576218565201,"group":{"id":"completion","version":"2"},"event":{"count":1,"data":{},"id":"editing.completion.basic"}}
{"session":"d2b62e5de562","build":"182.4129.34","bucket":"-1","time":1576218566888,"group":{"id":"actions","version":"2"},"event":{"count":1,"data":{},"id":"EditorEnter"}}
{"session":"d2b62e5de562","build":"182.4129.34","bucket":"-1","time":1576218596388,"group":{"id":"actions","version":"2"},"event":{"count":1,"data":{},"id":"EditorEnter"}}
{"session":"d2b62e5de562","build":"182.4129.34","bucket":"-1","time":1576218630730,"group":{"id":"actions","version":"2"},"event":{"count":2,"data":{},"id":"EditorBackSpace"}}
{"session":"d2b62e5de562","build":"182.4129.34","bucket":"-1","time":1576218635590,"group":{"id":"actions","version":"2"},"event":{"count":1,"data":{},"id":"RunClass"}}
{"session":"d2b62e5de562","build":"182.4129.34","bucket":"-1","time":1576218635652,"group":{"id":"trigger","version":"2"},"event":{"count":1,"data":{},"id":"execute.PythonConfigurationType.Run"}}
{"session":"d2b62e5de562","build":"182.4129.34","bucket":"-1","time":1576218635871,"group":{"id":"toolwindow","version":"2"},"event":{"count":1,"data":{},"id":"Run_by_Activation"}}
{"session":"d2b62e5de562","build":"182.4129.34","bucket":"-1","time":1576218643402,"group":{"id":"actions","version":"2"},"event":{"count":1,"data":{},"id":"Run"}}
{"session":"d2b62e5de562","build":"182.4129.34","bucket":"-1","time":1576218643480,"group":{"id":"trigger","version":"2"},"event":{"count":1,"data":{},"id":"execute.PythonConfigurationType.Run"}}
{"session":"d2b62e5de562","build":"182.4129.34","bucket":"-1","time":1576218643636,"group":{"id":"toolwindow","version":"2"},"event":{"count":1,"data":{},"id":"Run_by_Activation"}}
{"session":"d2b62e5de562","build":"182.4129.34","bucket":"-1","time":1576218648246,"group":{"id":"actions","version":"2"},"event":{"count":1,"data":{},"id":"EditorEnter"}}
{"session":"d2b62e5de562","build":"182.4129.34","bucket":"-1","time":1576218661199,"group":{"id":"actions","version":"2"},"event":{"count":1,"data":{},"id":"Run"}}
{"session":"d2b62e5de562","build":"182.4129.34","bucket":"-1","time":1576218661261,"group":{"id":"trigger","version":"2"},"event":{"count":1,"data":{},"id":"execute.PythonConfigurationType.Run"}}
{"session":"d2b62e5de562","build":"182.4129.34","bucket":"-1","time":1576218661527,"group":{"id":"toolwindow","version":"2"},"event":{"count":1,"data":{},"id":"Run_by_Activation"}}
{"session":"d2b62e5de562","build":"182.4129.34","bucket":"-1","time":1576218685401,"group":{"id":"actions","version":"2"},"event":{"count":1,"data":{},"id":"EditorBackSpace"}}
{"session":"d2b62e5de562","build":"182.4129.34","bucket":"-1","time":1576218690198,"group":{"id":"actions","version":"2"},"event":{"count":2,"data":{},"id":"$Undo"}}
{"session":"d2b62e5de562","build":"182.4129.34","bucket":"-1","time":1576218693729,"group":{"id":"actions","version":"2"},"event":{"count":1,"data":{},"id":"EditorEnter"}}
{"session":"d2b62e5de562","build":"182.4129.34","bucket":"-1","time":1576218711244,"group":{"id":"actions","version":"2"},"event":{"count":1,"data":{},"id":"EditorBackSpace"}}
{"session":"d2b62e5de562","build":"182.4129.34","bucket":"-1","time":1576218729213,"group":{"id":"actions","version":"2"},"event":{"count":1,"data":{},"id":"Run"}}
{"session":"d2b62e5de562","build":"182.4129.34","bucket":"-1","time":1576218729275,"group":{"id":"trigger","version":"2"},"event":{"count":1,"data":{},"id":"execute.PythonConfigurationType.Run"}}
{"session":"d2b62e5de562","build":"182.4129.34","bucket":"-1","time":1576218729525,"group":{"id":"toolwindow","version":"2"},"event":{"count":1,"data":{},"id":"Run_by_Activation"}}
{"session":"d2b62e5de562","build":"182.4129.34","bucket":"-1","time":1576218755524,"group":{"id":"actions","version":"2"},"event":{"count":1,"data":{},"id":"$Undo"}}
{"session":"d2b62e5de562","build":"182.4129.34","bucket":"-1","time":1576218755540,"group":{"id":"ui.dialogs","version":"2"},"event":{"count":1,"data":{"type":"show"},"id":"com.intellij.openapi.command.impl.CannotUndoReportDialog"}}
{"session":"d2b62e5de562","build":"182.4129.34","bucket":"-1","time":1576218762023,"group":{"id":"ui.dialogs","version":"2"},"event":{"count":1,"data":{"code":0,"type":"close"},"id":"com.intellij.openapi.command.impl.CannotUndoReportDialog"}}
{"session":"d2b62e5de562","build":"182.4129.34","bucket":"-1","time":1576218765605,"group":{"id":"actions","version":"2"},"event":{"count":22,"data":{},"id":"EditorBackSpace"}}
{"session":"d2b62e5de562","build":"182.4129.34","bucket":"-1","time":1576218772152,"group":{"id":"toolwindow","version":"2"},"event":{"count":1,"data":{},"id":"Project_by_Activation"}}
{"session":"d2b62e5de562","build":"182.4129.34","bucket":"-1","time":1576218774745,"group":{"id":"actions","version":"2"},"event":{"count":2,"data":{},"id":"$Cut"}}
{"session":"d2b62e5de562","build":"182.4129.34","bucket":"-1","time":1576218787167,"group":{"id":"actions","version":"2"},"event":{"count":1,"data":{},"id":"$Delete"}}
{"session":"d2b62e5de562","build":"182.4129.34","bucket":"-1","time":1576218787276,"group":{"id":"ui.dialogs","version":"2"},"event":{"count":1,"data":{"type":"show"},"id":"com.intellij.ide.util.DeleteHandler$2"}}
{"session":"d2b62e5de562","build":"182.4129.34","bucket":"-1","time":1576218790323,"group":{"id":"ui.dialogs","version":"2"},"event":{"count":2,"data":{"code":0,"type":"close"},"id":"com.intellij.ide.util.DeleteHandler$2"}}
{"session":"d2b62e5de562","build":"182.4129.34","bucket":"-1","time":1576218811463,"group":{"id":"actions","version":"2"},"event":{"count":1,"data":{},"id":"NewPythonFile"}}
{"session":"d2b62e5de562","build":"182.4129.34","bucket":"-1","time":1576218811479,"group":{"id":"ui.dialogs","version":"2"},"event":{"count":1,"data":{"type":"show"},"id":"com.intellij.ide.actions.CreateFileFromTemplateDialog"}}
{"session":"d2b62e5de562","build":"182.4129.34","bucket":"-1","time":1576218814869,"group":{"id":"actions","version":"2"},"event":{"count":1,"data":{},"id":"DialogOkAction_Enter"}}
{"session":"d2b62e5de562","build":"182.4129.34","bucket":"-1","time":1576218814916,"group":{"id":"ui.dialogs","version":"2"},"event":{"count":1,"data":{"code":0,"type":"close"},"id":"com.intellij.ide.actions.CreateFileFromTemplateDialog"}}
{"session":"d2b62e5de562","build":"182.4129.34","bucket":"-1","time":1576218859900,"group":{"id":"actions","version":"2"},"event":{"count":2,"data":{},"id":"EditorBackSpace"}}
{"session":"d2b62e5de562","build":"182.4129.34","bucket":"-1","time":1576218879509,"group":{"id":"actions","version":"2"},"event":{"count":9,"data":{},"id":"EditorBackSpace"}}
{"session":"d2b62e5de562","build":"182.4129.34","bucket":"-1","time":1576218887305,"group":{"id":"actions","version":"2"},"event":{"count":2,"data":{},"id":"EditorEnter"}}
{"session":"d2b62e5de562","build":"182.4129.34","bucket":"-1","time":1576218888352,"group":{"id":"actions","version":"2"},"event":{"count":6,"data":{},"id":"EditorBackSpace"}}
{"session":"d2b62e5de562","build":"182.4129.34","bucket":"-1","time":1576218908445,"group":{"id":"actions","version":"2"},"event":{"count":1,"data":{},"id":"EditorEnter"}}
{"session":"d2b62e5de562","build":"182.4129.34","bucket":"-1","time":1576218937070,"group":{"id":"actions","version":"2"},"event":{"count":5,"data":{},"id":"EditorBackSpace"}}
{"session":"d2b62e5de562","build":"182.4129.34","bucket":"-1","time":1576218963663,"group":{"id":"actions","version":"2"},"event":{"count":2,"data":{},"id":"EditorRight"}}
{"session":"d2b62e5de562","build":"182.4129.34","bucket":"-1","time":1576218965475,"group":{"id":"actions","version":"2"},"event":{"count":1,"data":{},"id":"EditorEnter"}}
{"session":"d2b62e5de562","build":"182.4129.34","bucket":"-1","time":1576218971006,"group":{"id":"actions","version":"2"},"event":{"count":1,"data":{},"id":"EditorUp"}}
{"session":"d2b62e5de562","build":"182.4129.34","bucket":"-1","time":1576218972147,"group":{"id":"actions","version":"2"},"event":{"count":2,"data":{},"id":"EditorRight"}}
{"session":"d2b62e5de562","build":"182.4129.34","bucket":"-1","time":1576218973506,"group":{"id":"actions","version":"2"},"event":{"count":1,"data":{},"id":"EditorBackSpace"}}
{"session":"d2b62e5de562","build":"182.4129.34","bucket":"-1","time":1576218975475,"group":{"id":"actions","version":"2"},"event":{"count":1,"data":{},"id":"EditorDown"}}
{"session":"d2b62e5de562","build":"182.4129.34","bucket":"-1","time":1576218995521,"group":{"id":"actions","version":"2"},"event":{"count":3,"data":{},"id":"EditorBackSpace"}}
{"session":"d2b62e5de562","build":"182.4129.34","bucket":"-1","time":1576219009646,"group":{"id":"actions","version":"2"},"event":{"count":1,"data":{},"id":"EditorBackSpace"}}
{"session":"d2b62e5de562","build":"182.4129.34","bucket":"-1","time":1576219025568,"group":{"id":"actions","version":"2"},"event":{"count":1,"data":{},"id":"EditorEnter"}}
{"session":"d2b62e5de562","build":"182.4129.34","bucket":"-1","time":1576219086441,"group":{"id":"actions","version":"2"},"event":{"count":1,"data":{},"id":"EditorDelete"}}
{"session":"d2b62e5de562","build":"182.4129.34","bucket":"-1","time":1576219104722,"group":{"id":"actions","version":"2"},"event":{"count":13,"data":{},"id":"EditorBackSpace"}}
{"session":"d2b62e5de562","build":"182.4129.34","bucket":"-1","time":1576219147596,"group":{"id":"actions","version":"2"},"event":{"count":8,"data":{},"id":"$Undo"}}
{"session":"d2b62e5de562","build":"182.4129.34","bucket":"-1","time":1576219164580,"group":{"id":"actions","version":"2"},"event":{"count":1,"data":{},"id":"EditorEnter"}}
{"session":"d2b62e5de562","build":"182.4129.34","bucket":"-1","time":1576219176845,"group":{"id":"actions","version":"2"},"event":{"count":3,"data":{},"id":"EditorEnter"}}
{"session":"d2b62e5de562","build":"182.4129.34","bucket":"-1","time":1576219181564,"group":{"id":"actions","version":"2"},"event":{"count":8,"data":{},"id":"EditorBackSpace"}}
{"session":"d2b62e5de562","build":"182.4129.34","bucket":"-1","time":1576219208079,"group":{"id":"actions","version":"2"},"event":{"count":1,"data":{},"id":"EditorEnter"}}
{"session":"d2b62e5de562","build":"182.4129.34","bucket":"-1","time":1576219294171,"group":{"id":"actions","version":"2"},"event":{"count":1,"data":{},"id":"EditorEnter"}}
{"session":"d2b62e5de562","build":"182.4129.34","bucket":"-1","time":1576219324357,"group":{"id":"actions","version":"2"},"event":{"count":1,"data":{},"id":"EditorBackSpace"}}
{"session":"d2b62e5de562","build":"182.4129.34","bucket":"-1","time":1576219328014,"group":{"id":"actions","version":"2"},"event":{"count":2,"data":{},"id":"EditorEnter"}}
{"session":"d2b62e5de562","build":"182.4129.34","bucket":"-1","time":1576219337279,"group":{"id":"actions","version":"2"},"event":{"count":3,"data":{},"id":"EditorBackSpace"}}
{"session":"d2b62e5de562","build":"182.4129.34","bucket":"-1","time":1576219341013,"group":{"id":"actions","version":"2"},"event":{"count":1,"data":{},"id":"EditorChooseLookupItem"}}
{"session":"d2b62e5de562","build":"182.4129.34","bucket":"-1","time":1576219341029,"group":{"id":"completion","version":"2"},"event":{"count":1,"data":{},"id":"editing.completion.basic"}}
{"session":"d2b62e5de562","build":"182.4129.34","bucket":"-1","time":1576219348857,"group":{"id":"actions","version":"2"},"event":{"count":7,"data":{},"id":"EditorBackSpace"}}
{"session":"d2b62e5de562","build":"182.4129.34","bucket":"-1","time":1576219367169,"group":{"id":"actions","version":"2"},"event":{"count":1,"data":{},"id":"EditorEnter"}}
{"session":"d2b62e5de562","build":"182.4129.34","bucket":"-1","time":1576219389590,"group":{"id":"actions","version":"2"},"event":{"count":8,"data":{},"id":"EditorBackSpace"}}
{"session":"d2b62e5de562","build":"182.4129.34","bucket":"-1","time":1576219422683,"group":{"id":"actions","version":"2"},"event":{"count":7,"data":{},"id":"EditorBackSpace"}}
{"session":"d2b62e5de562","build":"182.4129.34","bucket":"-1","time":1576219474463,"group":{"id":"editing","version":"2"},"event":{"count":1,"data":{},"id":"editing.select.word"}}
{"session":"d2b62e5de562","build":"182.4129.34","bucket":"-1","time":1576219508994,"group":{"id":"actions","version":"2"},"event":{"count":1,"data":{},"id":"EditorEnter"}}
{"session":"d2b62e5de562","build":"182.4129.34","bucket":"-1","time":1576219539212,"group":{"id":"editing","version":"2"},"event":{"count":2,"data":{},"id":"editing.select.word"}}
{"session":"d2b62e5de562","build":"182.4129.34","bucket":"-1","time":1576219544196,"group":{"id":"actions","version":"2"},"event":{"count":1,"data":{},"id":"EditorEnter"}}
{"session":"d2b62e5de562","build":"182.4129.34","bucket":"-1","time":1576219551446,"group":{"id":"editing","version":"2"},"event":{"count":1,"data":{},"id":"editing.select.word"}}
{"session":"d2b62e5de562","build":"182.4129.34","bucket":"-1","time":1576219570383,"group":{"id":"actions","version":"2"},"event":{"count":1,"data":{},"id":"EditorCopy"}}
{"session":"d2b62e5de562","build":"182.4129.34","bucket":"-1","time":1576219574742,"group":{"id":"actions","version":"2"},"event":{"count":1,"data":{},"id":"EditorBackSpace"}}
{"session":"d2b62e5de562","build":"182.4129.34","bucket":"-1","time":1576219584570,"group":{"id":"actions","version":"2"},"event":{"count":1,"data":{},"id":"EditorEnter"}}
{"session":"d2b62e5de562","build":"182.4129.34","bucket":"-1","time":1576219588132,"group":{"id":"actions","version":"2"},"event":{"count":1,"data":{},"id":"EditorPaste"}}
{"session":"d2b62e5de562","build":"182.4129.34","bucket":"-1","time":1576219598226,"group":{"id":"actions","version":"2"},"event":{"count":1,"data":{},"id":"EditorCopy"}}
{"session":"d2b62e5de562","build":"182.4129.34","bucket":"-1","time":1576219600351,"group":{"id":"editing","version":"2"},"event":{"count":1,"data":{},"id":"editing.select.word"}}
{"session":"d2b62e5de562","build":"182.4129.34","bucket":"-1","time":1576219601835,"group":{"id":"actions","version":"2"},"event":{"count":1,"data":{},"id":"EditorCopy"}}
{"session":"d2b62e5de562","build":"182.4129.34","bucket":"-1","time":1576219607319,"group":{"id":"editing","version":"2"},"event":{"count":3,"data":{},"id":"editing.select.word"}}
{"session":"d2b62e5de562","build":"182.4129.34","bucket":"-1","time":1576219611882,"group":{"id":"actions","version":"2"},"event":{"count":1,"data":{},"id":"EditorPaste"}}
{"session":"d2b62e5de562","build":"182.4129.34","bucket":"-1","time":1576219617725,"group":{"id":"actions","version":"2"},"event":{"count":1,"data":{},"id":"EditorBackSpace"}}
{"session":"d2b62e5de562","build":"182.4129.34","bucket":"-1","time":1576219623272,"group":{"id":"actions","version":"2"},"event":{"count":1,"data":{},"id":"EditorEnter"}}
{"session":"d2b62e5de562","build":"182.4129.34","bucket":"-1","time":1576219625475,"group":{"id":"actions","version":"2"},"event":{"count":2,"data":{},"id":"$Undo"}}
{"session":"d2b62e5de562","build":"182.4129.34","bucket":"-1","time":1576219634225,"group":{"id":"actions","version":"2"},"event":{"count":2,"data":{},"id":"EditorEnter"}}
{"session":"d2b62e5de562","build":"182.4129.34","bucket":"-1","time":1576219651131,"group":{"id":"editing","version":"2"},"event":{"count":1,"data":{},"id":"editing.select.word"}}
{"session":"d2b62e5de562","build":"182.4129.34","bucket":"-1","time":1576219658459,"group":{"id":"actions","version":"2"},"event":{"count":1,"data":{},"id":"$Undo"}}
{"session":"d2b62e5de562","build":"182.4129.34","bucket":"-1","time":1576219660834,"group":{"id":"editing","version":"2"},"event":{"count":1,"data":{},"id":"editing.select.word"}}
{"session":"d2b62e5de562","build":"182.4129.34","bucket":"-1","time":1576219665302,"group":{"id":"actions","version":"2"},"event":{"count":1,"data":{},"id":"$Undo"}}
{"session":"d2b62e5de562","build":"182.4129.34","bucket":"-1","time":1576219675771,"group":{"id":"actions","version":"2"},"event":{"count":1,"data":{},"id":"EditorCopy"}}
{"session":"d2b62e5de562","build":"182.4129.34","bucket":"-1","time":1576219679005,"group":{"id":"actions","version":"2"},"event":{"count":1,"data":{},"id":"EditorEnter"}}
{"session":"d2b62e5de562","build":"182.4129.34","bucket":"-1","time":1576219681271,"group":{"id":"actions","version":"2"},"event":{"count":1,"data":{},"id":"EditorPaste"}}
{"session":"d2b62e5de562","build":"182.4129.34","bucket":"-1","time":1576219686240,"group":{"id":"actions","version":"2"},"event":{"count":15,"data":{},"id":"EditorBackSpace"}}
{"session":"d2b62e5de562","build":"182.4129.34","bucket":"-1","time":1576219699974,"group":{"id":"editing","version":"2"},"event":{"count":1,"data":{},"id":"editing.select.word"}}
{"session":"d2b62e5de562","build":"182.4129.34","bucket":"-1","time":1576219704380,"group":{"id":"actions","version":"2"},"event":{"count":1,"data":{},"id":"EditorBackSpace"}}
{"session":"d2b62e5de562","build":"182.4129.34","bucket":"-1","time":1576219707895,"group":{"id":"actions","version":"2"},"event":{"count":1,"data":{},"id":"EditorEnter"}}
{"session":"d2b62e5de562","build":"182.4129.34","bucket":"-1","time":1576219710567,"group":{"id":"actions","version":"2"},"event":{"count":2,"data":{},"id":"EditorBackSpace"}}
{"session":"d2b62e5de562","build":"182.4129.34","bucket":"-1","time":1576219713223,"group":{"id":"actions","version":"2"},"event":{"count":1,"data":{},"id":"EditorPaste"}}
{"session":"d2b62e5de562","build":"182.4129.34","bucket":"-1","time":1576219717442,"group":{"id":"actions","version":"2"},"event":{"count":14,"data":{},"id":"EditorBackSpace"}}
{"session":"d2b62e5de562","build":"182.4129.34","bucket":"-1","time":1576219727926,"group":{"id":"editing","version":"2"},"event":{"count":1,"data":{},"id":"editing.select.word"}}
{"session":"d2b62e5de562","build":"182.4129.34","bucket":"-1","time":1576219733051,"group":{"id":"actions","version":"2"},"event":{"count":1,"data":{},"id":"EditorBackSpace"}}
{"session":"d2b62e5de562","build":"182.4129.34","bucket":"-1","time":1576219779144,"group":{"id":"actions","version":"2"},"event":{"count":1,"data":{},"id":"EditorEnter"}}
{"session":"d2b62e5de562","build":"182.4129.34","bucket":"-1","time":1576219782284,"group":{"id":"actions","version":"2"},"event":{"count":1,"data":{},"id":"EditorPaste"}}
{"session":"d2b62e5de562","build":"182.4129.34","bucket":"-1","time":1576219786643,"group":{"id":"actions","version":"2"},"event":{"count":14,"data":{},"id":"EditorBackSpace"}}
{"session":"d2b62e5de562","build":"182.4129.34","bucket":"-1","time":1576219804205,"group":{"id":"actions","version":"2"},"event":{"count":11,"data":{},"id":"EditorBackSpace"}}
{"session":"d2b62e5de562","build":"182.4129.34","bucket":"-1","time":1576219811783,"group":{"id":"editing","version":"2"},"event":{"count":1,"data":{},"id":"editing.select.word"}}
{"session":"d2b62e5de562","build":"182.4129.34","bucket":"-1","time":1576219824705,"group":{"id":"actions","version":"2"},"event":{"count":10,"data":{},"id":"EditorBackSpace"}}
{"session":"d2b62e5de562","build":"182.4129.34","bucket":"-1","time":1576219843517,"group":{"id":"actions","version":"2"},"event":{"count":1,"data":{},"id":"EditorEnter"}}
{"session":"d2b62e5de562","build":"182.4129.34","bucket":"-1","time":1576219855392,"group":{"id":"actions","version":"2"},"event":{"count":1,"data":{},"id":"EditorBackSpace"}}
{"session":"d2b62e5de562","build":"182.4129.34","bucket":"-1","time":1576219869329,"group":{"id":"actions","version":"2"},"event":{"count":2,"data":{},"id":"EditorBackSpace"}}
{"session":"d2b62e5de562","build":"182.4129.34","bucket":"-1","time":1576219912515,"group":{"id":"actions","version":"2"},"event":{"count":2,"data":{},"id":"EditorBackSpace"}}
{"session":"d2b62e5de562","build":"182.4129.34","bucket":"-1","time":1576219923656,"group":{"id":"actions","version":"2"},"event":{"count":1,"data":{},"id":"EditorEnter"}}
{"session":"d2b62e5de562","build":"182.4129.34","bucket":"-1","time":1576219925374,"group":{"id":"actions","version":"2"},"event":{"count":4,"data":{},"id":"EditorBackSpace"}}
{"session":"d2b62e5de562","build":"182.4129.34","bucket":"-1","time":1576219940749,"group":{"id":"actions","version":"2"},"event":{"count":2,"data":{},"id":"EditorBackSpace"}}
{"session":"d2b62e5de562","build":"182.4129.34","bucket":"-1","time":1576219949921,"group":{"id":"actions","version":"2"},"event":{"count":20,"data":{},"id":"$Undo"}}
{"session":"d2b62e5de562","build":"182.4129.34","bucket":"-1","time":1576219964717,"group":{"id":"actions","version":"2"},"event":{"count":9,"data":{},"id":"EditorBackSpace"}}
{"session":"d2b62e5de562","build":"182.4129.34","bucket":"-1","time":1576219975389,"group":{"id":"actions","version":"2"},"event":{"count":1,"data":{},"id":"RunClass"}}
{"session":"d2b62e5de562","build":"182.4129.34","bucket":"-1","time":1576219975451,"group":{"id":"trigger","version":"2"},"event":{"count":1,"data":{},"id":"execute.PythonConfigurationType.Run"}}
{"session":"d2b62e5de562","build":"182.4129.34","bucket":"-1","time":1576219975655,"group":{"id":"toolwindow","version":"2"},"event":{"count":1,"data":{},"id":"Run_by_Activation"}}
{"session":"d2b62e5de562","build":"182.4129.34","bucket":"-1","time":1576220013091,"group":{"id":"actions","version":"2"},"event":{"count":1,"data":{},"id":"RunClass"}}
{"session":"d2b62e5de562","build":"182.4129.34","bucket":"-1","time":1576220013169,"group":{"id":"trigger","version":"2"},"event":{"count":1,"data":{},"id":"execute.PythonConfigurationType.Run"}}
{"session":"d2b62e5de562","build":"182.4129.34","bucket":"-1","time":1576220013357,"group":{"id":"toolwindow","version":"2"},"event":{"count":1,"data":{},"id":"Run_by_Activation"}}
{"session":"d2b62e5de562","build":"182.4129.34","bucket":"-1","time":1576220038325,"group":{"id":"actions","version":"2"},"event":{"count":1,"data":{},"id":"RunClass"}}
{"session":"d2b62e5de562","build":"182.4129.34","bucket":"-1","time":1576220038403,"group":{"id":"trigger","version":"2"},"event":{"count":1,"data":{},"id":"execute.PythonConfigurationType.Run"}}
{"session":"d2b62e5de562","build":"182.4129.34","bucket":"-1","time":1576220038606,"group":{"id":"toolwindow","version":"2"},"event":{"count":1,"data":{},"id":"Run_by_Activation"}}
{"session":"d2b62e5de562","build":"182.4129.34","bucket":"-1","time":1576220112901,"group":{"id":"actions","version":"2"},"event":{"count":1,"data":{},"id":"RunClass"}}
{"session":"d2b62e5de562","build":"182.4129.34","bucket":"-1","time":1576220112964,"group":{"id":"trigger","version":"2"},"event":{"count":1,"data":{},"id":"execute.PythonConfigurationType.Run"}}
{"session":"d2b62e5de562","build":"182.4129.34","bucket":"-1","time":1576220113167,"group":{"id":"toolwindow","version":"2"},"event":{"count":1,"data":{},"id":"Run_by_Activation"}}
{"session":"d2b62e5de562","build":"182.4129.34","bucket":"-1","time":1576220174306,"group":{"id":"actions","version":"2"},"event":{"count":5,"data":{},"id":"EditorBackSpace"}}
{"session":"d2b62e5de562","build":"182.4129.34","bucket":"-1","time":1576220184493,"group":{"id":"actions","version":"2"},"event":{"count":1,"data":{},"id":"RunClass"}}
{"session":"d2b62e5de562","build":"182.4129.34","bucket":"-1","time":1576220184556,"group":{"id":"trigger","version":"2"},"event":{"count":1,"data":{},"id":"execute.PythonConfigurationType.Run"}}
{"session":"d2b62e5de562","build":"182.4129.34","bucket":"-1","time":1576220184743,"group":{"id":"toolwindow","version":"2"},"event":{"count":1,"data":{},"id":"Run_by_Activation"}}
{"session":"d2b62e5de562","build":"182.4129.34","bucket":"-1","time":1576220237555,"group":{"id":"editing","version":"2"},"event":{"count":1,"data":{},"id":"editing.select.word"}}
{"session":"d2b62e5de562","build":"182.4129.34","bucket":"-1","time":1576220247289,"group":{"id":"actions","version":"2"},"event":{"count":1,"data":{},"id":"RunClass"}}
{"session":"d2b62e5de562","build":"182.4129.34","bucket":"-1","time":1576220247367,"group":{"id":"trigger","version":"2"},"event":{"count":1,"data":{},"id":"execute.PythonConfigurationType.Run"}}
{"session":"d2b62e5de562","build":"182.4129.34","bucket":"-1","time":1576220247570,"group":{"id":"toolwindow","version":"2"},"event":{"count":1,"data":{},"id":"Run_by_Activation"}}
{"session":"d2b62e5de562","build":"182.4129.34","bucket":"-1","time":1576220283304,"group":{"id":"editing","version":"2"},"event":{"count":1,"data":{},"id":"editing.select.word"}}
{"session":"d2b62e5de562","build":"182.4129.34","bucket":"-1","time":1576220294053,"group":{"id":"editing","version":"2"},"event":{"count":2,"data":{},"id":"editing.select.word"}}
{"session":"d2b62e5de562","build":"182.4129.34","bucket":"-1","time":1576220304881,"group":{"id":"actions","version":"2"},"event":{"count":1,"data":{},"id":"EditorEnter"}}
{"session":"d2b62e5de562","build":"182.4129.34","bucket":"-1","time":1576220307709,"group":{"id":"editing","version":"2"},"event":{"count":1,"data":{},"id":"editing.select.word"}}
{"session":"d2b62e5de562","build":"182.4129.34","bucket":"-1","time":1576220316443,"group":{"id":"actions","version":"2"},"event":{"count":1,"data":{},"id":"RunClass"}}
{"session":"d2b62e5de562","build":"182.4129.34","bucket":"-1","time":1576220316522,"group":{"id":"trigger","version":"2"},"event":{"count":1,"data":{},"id":"execute.PythonConfigurationType.Run"}}
{"session":"d2b62e5de562","build":"182.4129.34","bucket":"-1","time":1576220316740,"group":{"id":"toolwindow","version":"2"},"event":{"count":1,"data":{},"id":"Run_by_Activation"}}
{"session":"d2b62e5de562","build":"182.4129.34","bucket":"-1","time":1576220350755,"group":{"id":"actions","version":"2"},"event":{"count":1,"data":{},"id":"EditorBackSpace"}}
{"session":"d2b62e5de562","build":"182.4129.34","bucket":"-1","time":1576220353380,"group":{"id":"actions","version":"2"},"event":{"count":1,"data":{},"id":"EditorEnter"}}
{"session":"d2b62e5de562","build":"182.4129.34","bucket":"-1","time":1576220356208,"group":{"id":"actions","version":"2"},"event":{"count":3,"data":{},"id":"$Undo"}}
{"session":"d2b62e5de562","build":"182.4129.34","bucket":"-1","time":1576220397941,"group":{"id":"toolwindow","version":"2"},"event":{"count":1,"data":{},"id":"Project_by_Activation"}}
{"session":"d2b62e5de562","build":"182.4129.34","bucket":"-1","time":1576220410785,"group":{"id":"actions","version":"2"},"event":{"count":1,"data":{},"id":"NewPythonFile"}}
{"session":"d2b62e5de562","build":"182.4129.34","bucket":"-1","time":1576220410785,"group":{"id":"ui.dialogs","version":"2"},"event":{"count":1,"data":{"type":"show"},"id":"com.intellij.ide.actions.CreateFileFromTemplateDialog"}}
{"session":"d2b62e5de562","build":"182.4129.34","bucket":"-1","time":1576220417816,"group":{"id":"actions","version":"2"},"event":{"count":1,"data":{},"id":"DialogOkAction_Enter"}}
{"session":"d2b62e5de562","build":"182.4129.34","bucket":"-1","time":1576220417894,"group":{"id":"ui.dialogs","version":"2"},"event":{"count":1,"data":{"code":0,"type":"close"},"id":"com.intellij.ide.actions.CreateFileFromTemplateDialog"}}
{"session":"d2b62e5de562","build":"182.4129.34","bucket":"-1","time":1576220424878,"group":{"id":"actions","version":"2"},"event":{"count":2,"data":{},"id":"EditorBackSpace"}}
{"session":"d2b62e5de562","build":"182.4129.34","bucket":"-1","time":1576220439831,"group":{"id":"actions","version":"2"},"event":{"count":1,"data":{},"id":"EditorEnter"}}
{"session":"d2b62e5de562","build":"182.4129.34","bucket":"-1","time":1576220441659,"group":{"id":"actions","version":"2"},"event":{"count":2,"data":{},"id":"EditorBackSpace"}}
{"session":"d2b62e5de562","build":"182.4129.34","bucket":"-1","time":1576220446675,"group":{"id":"actions","version":"2"},"event":{"count":1,"data":{},"id":"EditorEnter"}}
{"session":"d2b62e5de562","build":"182.4129.34","bucket":"-1","time":1576220452331,"group":{"id":"actions","version":"2"},"event":{"count":1,"data":{},"id":"RunClass"}}
{"session":"d2b62e5de562","build":"182.4129.34","bucket":"-1","time":1576220452393,"group":{"id":"trigger","version":"2"},"event":{"count":1,"data":{},"id":"execute.PythonConfigurationType.Run"}}
{"session":"d2b62e5de562","build":"182.4129.34","bucket":"-1","time":1576220452643,"group":{"id":"toolwindow","version":"2"},"event":{"count":1,"data":{},"id":"Run_by_Activation"}}
{"session":"d2b62e5de562","build":"182.4129.34","bucket":"-1","time":1576220460862,"group":{"id":"actions","version":"2"},"event":{"count":26,"data":{},"id":"EditorBackSpace"}}
{"session":"d2b62e5de562","build":"182.4129.34","bucket":"-1","time":1576220526845,"group":{"id":"actions","version":"2"},"event":{"count":1,"data":{},"id":"EditorBackSpace"}}
{"session":"d2b62e5de562","build":"182.4129.34","bucket":"-1","time":1576220537079,"group":{"id":"actions","version":"2"},"event":{"count":1,"data":{},"id":"RunClass"}}
{"session":"d2b62e5de562","build":"182.4129.34","bucket":"-1","time":1576220537141,"group":{"id":"trigger","version":"2"},"event":{"count":1,"data":{},"id":"execute.PythonConfigurationType.Run"}}
{"session":"d2b62e5de562","build":"182.4129.34","bucket":"-1","time":1576220537407,"group":{"id":"toolwindow","version":"2"},"event":{"count":1,"data":{},"id":"Run_by_Activation"}}
{"session":"d2b62e5de562","build":"182.4129.34","bucket":"-1","time":1576220547829,"group":{"id":"actions","version":"2"},"event":{"count":4,"data":{},"id":"$Undo"}}
{"session":"d2b62e5de562","build":"182.4129.34","bucket":"-1","time":1576220562234,"group":{"id":"actions","version":"2"},"event":{"count":1,"data":{},"id":"EditorBackSpace"}}
{"session":"d2b62e5de562","build":"182.4129.34","bucket":"-1","time":1576220601609,"group":{"id":"actions","version":"2"},"event":{"count":2,"data":{},"id":"EditorBackSpace"}}
{"session":"d2b62e5de562","build":"182.4129.34","bucket":"-1","time":1576220612561,"group":{"id":"actions","version":"2"},"event":{"count":1,"data":{},"id":"RunClass"}}
{"session":"d2b62e5de562","build":"182.4129.34","bucket":"-1","time":1576220612640,"group":{"id":"trigger","version":"2"},"event":{"count":1,"data":{},"id":"execute.PythonConfigurationType.Run"}}
{"session":"d2b62e5de562","build":"182.4129.34","bucket":"-1","time":1576220612858,"group":{"id":"toolwindow","version":"2"},"event":{"count":1,"data":{},"id":"Run_by_Activation"}}
{"session":"d2b62e5de562","build":"182.4129.34","bucket":"-1","time":1576220633764,"group":{"id":"actions","version":"2"},"event":{"count":1,"data":{},"id":"EditorEnter"}}
{"session":"d2b62e5de562","build":"182.4129.34","bucket":"-1","time":1576220635530,"group":{"id":"actions","version":"2"},"event":{"count":7,"data":{},"id":"EditorBackSpace"}}
{"session":"d2b62e5de562","build":"182.4129.34","bucket":"-1","time":1576220641092,"group":{"id":"actions","version":"2"},"event":{"count":1,"data":{},"id":"EditorEnter"}}
{"session":"d2b62e5de562","build":"182.4129.34","bucket":"-1","time":1576220646404,"group":{"id":"actions","version":"2"},"event":{"count":1,"data":{},"id":"RunClass"}}
{"session":"d2b62e5de562","build":"182.4129.34","bucket":"-1","time":1576220646467,"group":{"id":"trigger","version":"2"},"event":{"count":1,"data":{},"id":"execute.PythonConfigurationType.Run"}}
{"session":"d2b62e5de562","build":"182.4129.34","bucket":"-1","time":1576220646686,"group":{"id":"toolwindow","version":"2"},"event":{"count":1,"data":{},"id":"Run_by_Activation"}}
{"session":"d2b62e5de562","build":"182.4129.34","bucket":"-1","time":1576220665170,"group":{"id":"actions","version":"2"},"event":{"count":1,"data":{},"id":"RunClass"}}
{"session":"d2b62e5de562","build":"182.4129.34","bucket":"-1","time":1576220665232,"group":{"id":"trigger","version":"2"},"event":{"count":1,"data":{},"id":"execute.PythonConfigurationType.Run"}}
{"session":"d2b62e5de562","build":"182.4129.34","bucket":"-1","time":1576220665326,"group":{"id":"toolwindow","version":"2"},"event":{"count":1,"data":{},"id":"Run_by_Activation"}}
{"session":"d2b62e5de562","build":"182.4129.34","bucket":"-1","time":1576220684278,"group":{"id":"actions","version":"2"},"event":{"count":1,"data":{},"id":"EditorEnter"}}
{"session":"d2b62e5de562","build":"182.4129.34","bucket":"-1","time":1576220685372,"group":{"id":"actions","version":"2"},"event":{"count":12,"data":{},"id":"EditorBackSpace"}}
{"session":"d2b62e5de562","build":"182.4129.34","bucket":"-1","time":1576220701216,"group":{"id":"actions","version":"2"},"event":{"count":1,"data":{},"id":"EditorPaste"}}
{"session":"d2b62e5de562","build":"182.4129.34","bucket":"-1","time":1576220703544,"group":{"id":"actions","version":"2"},"event":{"count":1,"data":{},"id":"$Undo"}}
{"session":"d2b62e5de562","build":"182.4129.34","bucket":"-1","time":1576220705747,"group":{"id":"actions","version":"2"},"event":{"count":1,"data":{},"id":"EditorCut"}}
{"session":"d2b62e5de562","build":"182.4129.34","bucket":"-1","time":1576220708778,"group":{"id":"actions","version":"2"},"event":{"count":2,"data":{},"id":"EditorBackSpace"}}
{"session":"d2b62e5de562","build":"182.4129.34","bucket":"-1","time":1576220721856,"group":{"id":"actions","version":"2"},"event":{"count":1,"data":{},"id":"EditorDown"}}
{"session":"d2b62e5de562","build":"182.4129.34","bucket":"-1","time":1576220723621,"group":{"id":"actions","version":"2"},"event":{"count":1,"data":{},"id":"EditorEnter"}}
{"session":"d2b62e5de562","build":"182.4129.34","bucket":"-1","time":1576220734043,"group":{"id":"actions","version":"2"},"event":{"count":3,"data":{},"id":"EditorBackSpace"}}
{"session":"d2b62e5de562","build":"182.4129.34","bucket":"-1","time":1576220766198,"group":{"id":"actions","version":"2"},"event":{"count":1,"data":{},"id":"$Undo"}}
{"session":"d2b62e5de562","build":"182.4129.34","bucket":"-1","time":1576220778073,"group":{"id":"actions","version":"2"},"event":{"count":1,"data":{},"id":"EditorEnter"}}
{"session":"d2b62e5de562","build":"182.4129.34","bucket":"-1","time":1576220821525,"group":{"id":"actions","version":"2"},"event":{"count":1,"data":{},"id":"EditorEnter"}}
{"session":"d2b62e5de562","build":"182.4129.34","bucket":"-1","time":1576220828463,"group":{"id":"actions","version":"2"},"event":{"count":7,"data":{},"id":"EditorBackSpace"}}
{"session":"d2b62e5de562","build":"182.4129.34","bucket":"-1","time":1576220961881,"group":{"id":"actions","version":"2"},"event":{"count":7,"data":{},"id":"EditorBackSpace"}}
{"session":"d2b62e5de562","build":"182.4129.34","bucket":"-1","time":1576221025520,"group":{"id":"actions","version":"2"},"event":{"count":1,"data":{},"id":"RunClass"}}
{"session":"d2b62e5de562","build":"182.4129.34","bucket":"-1","time":1576221025583,"group":{"id":"trigger","version":"2"},"event":{"count":1,"data":{},"id":"execute.PythonConfigurationType.Run"}}
{"session":"d2b62e5de562","build":"182.4129.34","bucket":"-1","time":1576221025849,"group":{"id":"toolwindow","version":"2"},"event":{"count":1,"data":{},"id":"Run_by_Activation"}}
{"session":"d2b62e5de562","build":"182.4129.34","bucket":"-1","time":1576221032270,"group":{"id":"actions","version":"2"},"event":{"count":1,"data":{},"id":"Print"}}
{"session":"d2b62e5de562","build":"182.4129.34","bucket":"-1","time":1576221032536,"group":{"id":"ui.dialogs","version":"2"},"event":{"count":1,"data":{"type":"show"},"id":"com.intellij.codeEditor.printing.PrintDialog"}}
{"session":"d2b62e5de562","build":"182.4129.34","bucket":"-1","time":1576221045145,"group":{"id":"ui.dialogs","version":"2"},"event":{"count":1,"data":{"code":0,"type":"close"},"id":"com.intellij.codeEditor.printing.PrintDialog"}}
{"session":"d2b62e5de562","build":"182.4129.34","bucket":"-1","time":1576221060598,"group":{"id":"actions","version":"2"},"event":{"count":1,"data":{},"id":"EditorDuplicate"}}
{"session":"d2b62e5de562","build":"182.4129.34","bucket":"-1","time":1576221071238,"group":{"id":"toolwindow","version":"2"},"event":{"count":1,"data":{},"id":"Project_by_Activation"}}
{"session":"d2b62e5de562","build":"182.4129.34","bucket":"-1","time":1576221100394,"group":{"id":"actions","version":"2"},"event":{"count":1,"data":{},"id":"EditorBackSpace"}}
{"session":"d2b62e5de562","build":"182.4129.34","bucket":"-1","time":1576221115831,"group":{"id":"actions","version":"2"},"event":{"count":6,"data":{},"id":"EditorBackSpace"}}
{"session":"d2b62e5de562","build":"182.4129.34","bucket":"-1","time":1576221131393,"group":{"id":"actions","version":"2"},"event":{"count":1,"data":{},"id":"EditorEnter"}}
{"session":"d2b62e5de562","build":"182.4129.34","bucket":"-1","time":1576221146158,"group":{"id":"actions","version":"2"},"event":{"count":1,"data":{},"id":"EditorEnter"}}
{"session":"d2b62e5de562","build":"182.4129.34","bucket":"-1","time":1576221146908,"group":{"id":"actions","version":"2"},"event":{"count":3,"data":{},"id":"EditorBackSpace"}}
{"session":"d2b62e5de562","build":"182.4129.34","bucket":"-1","time":1576221180001,"group":{"id":"actions","version":"2"},"event":{"count":1,"data":{},"id":"EditorEnter"}}
{"session":"d2b62e5de562","build":"182.4129.34","bucket":"-1","time":1576221202923,"group":{"id":"actions","version":"2"},"event":{"count":2,"data":{},"id":"EditorBackSpace"}}
{"session":"d2b62e5de562","build":"182.4129.34","bucket":"-1","time":1576221226859,"group":{"id":"actions","version":"2"},"event":{"count":4,"data":{},"id":"EditorBackSpace"}}
{"session":"d2b62e5de562","build":"182.4129.34","bucket":"-1","time":1576221248062,"group":{"id":"actions","version":"2"},"event":{"count":1,"data":{},"id":"EditorEnter"}}
{"session":"d2b62e5de562","build":"182.4129.34","bucket":"-1","time":1576221256031,"group":{"id":"actions","version":"2"},"event":{"count":4,"data":{},"id":"EditorBackSpace"}}
{"session":"d2b62e5de562","build":"182.4129.34","bucket":"-1","time":1576221278858,"group":{"id":"actions","version":"2"},"event":{"count":2,"data":{},"id":"$Undo"}}
{"session":"d2b62e5de562","build":"182.4129.34","bucket":"-1","time":1576221280155,"group":{"id":"actions","version":"2"},"event":{"count":2,"data":{},"id":"EditorBackSpace"}}
{"session":"d2b62e5de562","build":"182.4129.34","bucket":"-1","time":1576221312264,"group":{"id":"actions","version":"2"},"event":{"count":2,"data":{},"id":"EditorEnter"}}
{"session":"d2b62e5de562","build":"182.4129.34","bucket":"-1","time":1576221314061,"group":{"id":"actions","version":"2"},"event":{"count":1,"data":{},"id":"$Undo"}}
{"session":"d2b62e5de562","build":"182.4129.34","bucket":"-1","time":1576221315514,"group":{"id":"actions","version":"2"},"event":{"count":3,"data":{},"id":"EditorBackSpace"}}
{"session":"d2b62e5de562","build":"182.4129.34","bucket":"-1","time":1576221331779,"group":{"id":"actions","version":"2"},"event":{"count":1,"data":{},"id":"EditorBackSpace"}}
{"session":"d2b62e5de562","build":"182.4129.34","bucket":"-1","time":1576221390059,"group":{"id":"actions","version":"2"},"event":{"count":32,"data":{},"id":"EditorBackSpace"}}
{"session":"d2b62e5de562","build":"182.4129.34","bucket":"-1","time":1576221418855,"group":{"id":"actions","version":"2"},"event":{"count":1,"data":{},"id":"EditorEnter"}}
{"session":"d2b62e5de562","build":"182.4129.34","bucket":"-1","time":1576221422120,"group":{"id":"actions","version":"2"},"event":{"count":2,"data":{},"id":"$Undo"}}
{"session":"d2b62e5de562","build":"182.4129.34","bucket":"-1","time":1576221424636,"group":{"id":"actions","version":"2"},"event":{"count":1,"data":{},"id":"EditorBackSpace"}}
{"session":"d2b62e5de562","build":"182.4129.34","bucket":"-1","time":1576221441167,"group":{"id":"actions","version":"2"},"event":{"count":1,"data":{},"id":"EditorEnter"}}
{"session":"d2b62e5de562","build":"182.4129.34","bucket":"-1","time":1576221456760,"group":{"id":"actions","version":"2"},"event":{"count":1,"data":{},"id":"RunClass"}}
{"session":"d2b62e5de562","build":"182.4129.34","bucket":"-1","time":1576221456838,"group":{"id":"trigger","version":"2"},"event":{"count":1,"data":{},"id":"execute.PythonConfigurationType.Run"}}
{"session":"d2b62e5de562","build":"182.4129.34","bucket":"-1","time":1576221457026,"group":{"id":"toolwindow","version":"2"},"event":{"count":1,"data":{},"id":"Run_by_Activation"}}
{"session":"d2b62e5de562","build":"182.4129.34","bucket":"-1","time":1576221485572,"group":{"id":"actions","version":"2"},"event":{"count":3,"data":{},"id":"EditorBackSpace"}}
{"session":"d2b62e5de562","build":"182.4129.34","bucket":"-1","time":1576221537946,"group":{"id":"actions","version":"2"},"event":{"count":1,"data":{},"id":"EditorEnter"}}
{"session":"d2b62e5de562","build":"182.4129.34","bucket":"-1","time":1576221540446,"group":{"id":"actions","version":"2"},"event":{"count":2,"data":{},"id":"$Undo"}}
{"session":"d2b62e5de562","build":"182.4129.34","bucket":"-1","time":1576221541946,"group":{"id":"actions","version":"2"},"event":{"count":1,"data":{},"id":"EditorBackSpace"}}
{"session":"d2b62e5de562","build":"182.4129.34","bucket":"-1","time":1576221556227,"group":{"id":"actions","version":"2"},"event":{"count":1,"data":{},"id":"EditorBackSpace"}}
{"session":"d2b62e5de562","build":"182.4129.34","bucket":"-1","time":1576221573836,"group":{"id":"actions","version":"2"},"event":{"count":1,"data":{},"id":"EditorBackSpace"}}
{"session":"d2b62e5de562","build":"182.4129.34","bucket":"-1","time":1576221587976,"group":{"id":"actions","version":"2"},"event":{"count":1,"data":{},"id":"EditorEnter"}}
{"session":"d2b62e5de562","build":"182.4129.34","bucket":"-1","time":1576221596944,"group":{"id":"actions","version":"2"},"event":{"count":2,"data":{},"id":"EditorCopy"}}
{"session":"d2b62e5de562","build":"182.4129.34","bucket":"-1","time":1576221604069,"group":{"id":"actions","version":"2"},"event":{"count":1,"data":{},"id":"EditorPaste"}}
{"session":"d2b62e5de562","build":"182.4129.34","bucket":"-1","time":1576221609179,"group":{"id":"actions","version":"2"},"event":{"count":1,"data":{},"id":"$Undo"}}
{"session":"d2b62e5de562","build":"182.4129.34","bucket":"-1","time":1576221610929,"group":{"id":"editing","version":"2"},"event":{"count":2,"data":{},"id":"editing.select.word"}}
{"session":"d2b62e5de562","build":"182.4129.34","bucket":"-1","time":1576221614897,"group":{"id":"actions","version":"2"},"event":{"count":2,"data":{},"id":"EditorCopy"}}
{"session":"d2b62e5de562","build":"182.4129.34","bucket":"-1","time":1576221623006,"group":{"id":"editing","version":"2"},"event":{"count":3,"data":{},"id":"editing.select.word"}}
{"session":"d2b62e5de562","build":"182.4129.34","bucket":"-1","time":1576221647084,"group":{"id":"actions","version":"2"},"event":{"count":1,"data":{},"id":"EditorEnter"}}
{"session":"d2b62e5de562","build":"182.4129.34","bucket":"-1","time":1576221682458,"group":{"id":"actions","version":"2"},"event":{"count":6,"data":{},"id":"EditorBackSpace"}}
{"session":"d2b62e5de562","build":"182.4129.34","bucket":"-1","time":1576221714910,"group":{"id":"actions","version":"2"},"event":{"count":3,"data":{},"id":"EditorBackSpace"}}
{"session":"d2b62e5de562","build":"182.4129.34","bucket":"-1","time":1576221737816,"group":{"id":"actions","version":"2"},"event":{"count":3,"data":{},"id":"EditorBackSpace"}}
{"session":"d2b62e5de562","build":"182.4129.34","bucket":"-1","time":1576221817596,"group":{"id":"actions","version":"2"},"event":{"count":10,"data":{},"id":"EditorBackSpace"}}
{"session":"d2b62e5de562","build":"182.4129.34","bucket":"-1","time":1576221838033,"group":{"id":"actions","version":"2"},"event":{"count":1,"data":{},"id":"EditorEnter"}}
{"session":"d2b62e5de562","build":"182.4129.34","bucket":"-1","time":1576221850376,"group":{"id":"actions","version":"2"},"event":{"count":2,"data":{},"id":"EditorBackSpace"}}
{"session":"d2b62e5de562","build":"182.4129.34","bucket":"-1","time":1576221861907,"group":{"id":"actions","version":"2"},"event":{"count":1,"data":{},"id":"RunClass"}}
{"session":"d2b62e5de562","build":"182.4129.34","bucket":"-1","time":1576221861969,"group":{"id":"trigger","version":"2"},"event":{"count":1,"data":{},"id":"execute.PythonConfigurationType.Run"}}
{"session":"d2b62e5de562","build":"182.4129.34","bucket":"-1","time":1576221862204,"group":{"id":"toolwindow","version":"2"},"event":{"count":1,"data":{},"id":"Run_by_Activation"}}
{"session":"d2b62e5de562","build":"182.4129.34","bucket":"-1","time":1576221907296,"group":{"id":"actions","version":"2"},"event":{"count":1,"data":{},"id":"RunClass"}}
{"session":"d2b62e5de562","build":"182.4129.34","bucket":"-1","time":1576221907359,"group":{"id":"trigger","version":"2"},"event":{"count":1,"data":{},"id":"execute.PythonConfigurationType.Run"}}
{"session":"d2b62e5de562","build":"182.4129.34","bucket":"-1","time":1576221907593,"group":{"id":"toolwindow","version":"2"},"event":{"count":1,"data":{},"id":"Run_by_Activation"}}
{"session":"d2b62e5de562","build":"182.4129.34","bucket":"-1","time":1576221942405,"group":{"id":"actions","version":"2"},"event":{"count":2,"data":{},"id":"EditorEnter"}}
{"session":"d2b62e5de562","build":"182.4129.34","bucket":"-1","time":1576221947421,"group":{"id":"actions","version":"2"},"event":{"count":3,"data":{},"id":"$Undo"}}
{"session":"d2b62e5de562","build":"182.4129.34","bucket":"-1","time":1576221953561,"group":{"id":"actions","version":"2"},"event":{"count":1,"data":{},"id":"EditorBackSpace"}}
{"session":"d2b62e5de562","build":"182.4129.34","bucket":"-1","time":1576221955655,"group":{"id":"editing","version":"2"},"event":{"count":1,"data":{},"id":"editing.select.word"}}
{"session":"d2b62e5de562","build":"182.4129.34","bucket":"-1","time":1576221958905,"group":{"id":"actions","version":"2"},"event":{"count":1,"data":{},"id":"EditorBackSpace"}}
{"session":"d2b62e5de562","build":"182.4129.34","bucket":"-1","time":1576221962045,"group":{"id":"actions","version":"2"},"event":{"count":1,"data":{},"id":"RunClass"}}
{"session":"d2b62e5de562","build":"182.4129.34","bucket":"-1","time":1576221962108,"group":{"id":"trigger","version":"2"},"event":{"count":1,"data":{},"id":"execute.PythonConfigurationType.Run"}}
{"session":"d2b62e5de562","build":"182.4129.34","bucket":"-1","time":1576221962326,"group":{"id":"toolwindow","version":"2"},"event":{"count":1,"data":{},"id":"Run_by_Activation"}}
{"session":"d2b62e5de562","build":"182.4129.34","bucket":"-1","time":1576221973701,"group":{"id":"actions","version":"2"},"event":{"count":2,"data":{},"id":"EditorBackSpace"}}
{"session":"d2b62e5de562","build":"182.4129.34","bucket":"-1","time":1576222009982,"group":{"id":"actions","version":"2"},"event":{"count":1,"data":{},"id":"RunClass"}}
{"session":"d2b62e5de562","build":"182.4129.34","bucket":"-1","time":1576222010044,"group":{"id":"trigger","version":"2"},"event":{"count":1,"data":{},"id":"execute.PythonConfigurationType.Run"}}
{"session":"d2b62e5de562","build":"182.4129.34","bucket":"-1","time":1576222010294,"group":{"id":"toolwindow","version":"2"},"event":{"count":1,"data":{},"id":"Run_by_Activation"}}
{"session":"d2b62e5de562","build":"182.4129.34","bucket":"-1","time":1576222053559,"group":{"id":"actions","version":"2"},"event":{"count":1,"data":{},"id":"EditorEnter"}}
{"session":"d2b62e5de562","build":"182.4129.34","bucket":"-1","time":1576222058574,"group":{"id":"actions","version":"2"},"event":{"count":1,"data":{},"id":"$Undo"}}
{"session":"d2b62e5de562","build":"182.4129.34","bucket":"-1","time":1576222061262,"group":{"id":"actions","version":"2"},"event":{"count":8,"data":{},"id":"EditorBackSpace"}}
{"session":"d2b62e5de562","build":"182.4129.34","bucket":"-1","time":1576222066402,"group":{"id":"actions","version":"2"},"event":{"count":1,"data":{},"id":"EditorEnter"}}
{"session":"d2b62e5de562","build":"182.4129.34","bucket":"-1","time":1576222083730,"group":{"id":"actions","version":"2"},"event":{"count":1,"data":{},"id":"EditorEnter"}}
{"session":"d2b62e5de562","build":"182.4129.34","bucket":"-1","time":1576222121932,"group":{"id":"actions","version":"2"},"event":{"count":36,"data":{},"id":"EditorBackSpace"}}
{"session":"d2b62e5de562","build":"182.4129.34","bucket":"-1","time":1576222143447,"group":{"id":"actions","version":"2"},"event":{"count":1,"data":{},"id":"EditorBackSpace"}}
{"session":"d2b62e5de562","build":"182.4129.34","bucket":"-1","time":1576222148228,"group":{"id":"actions","version":"2"},"event":{"count":1,"data":{},"id":"EditorEnter"}}
{"session":"d2b62e5de562","build":"182.4129.34","bucket":"-1","time":1576222151494,"group":{"id":"actions","version":"2"},"event":{"count":1,"data":{},"id":"RunClass"}}
{"session":"d2b62e5de562","build":"182.4129.34","bucket":"-1","time":1576222151556,"group":{"id":"trigger","version":"2"},"event":{"count":1,"data":{},"id":"execute.PythonConfigurationType.Run"}}
{"session":"d2b62e5de562","build":"182.4129.34","bucket":"-1","time":1576222151775,"group":{"id":"toolwindow","version":"2"},"event":{"count":1,"data":{},"id":"Run_by_Activation"}}
{"session":"d2b62e5de562","build":"182.4129.34","bucket":"-1","time":1576222187696,"group":{"id":"actions","version":"2"},"event":{"count":1,"data":{},"id":"EditorEnter"}}
{"session":"d2b62e5de562","build":"182.4129.34","bucket":"-1","time":1576222202196,"group":{"id":"actions","version":"2"},"event":{"count":2,"data":{},"id":"EditorBackSpace"}}
{"session":"d2b62e5de562","build":"182.4129.34","bucket":"-1","time":1576222205789,"group":{"id":"actions","version":"2"},"event":{"count":2,"data":{},"id":"EditorEnter"}}
{"session":"d2b62e5de562","build":"182.4129.34","bucket":"-1","time":1576222217633,"group":{"id":"actions","version":"2"},"event":{"count":2,"data":{},"id":"EditorBackSpace"}}
{"session":"d2b62e5de562","build":"182.4129.34","bucket":"-1","time":1576222224695,"group":{"id":"actions","version":"2"},"event":{"count":1,"data":{},"id":"EditorEnter"}}
{"session":"d2b62e5de562","build":"182.4129.34","bucket":"-1","time":1576222233070,"group":{"id":"completion","version":"2"},"event":{"count":1,"data":{},"id":"editing.completion.basic"}}
{"session":"d2b62e5de562","build":"182.4129.34","bucket":"-1","time":1576222237679,"group":{"id":"actions","version":"2"},"event":{"count":1,"data":{},"id":"RunClass"}}
{"session":"d2b62e5de562","build":"182.4129.34","bucket":"-1","time":1576222237742,"group":{"id":"trigger","version":"2"},"event":{"count":1,"data":{},"id":"execute.PythonConfigurationType.Run"}}
{"session":"d2b62e5de562","build":"182.4129.34","bucket":"-1","time":1576222237945,"group":{"id":"toolwindow","version":"2"},"event":{"count":1,"data":{},"id":"Run_by_Activation"}}
{"session":"d2b62e5de562","build":"182.4129.34","bucket":"-1","time":1576222281350,"group":{"id":"completion","version":"2"},"event":{"count":1,"data":{},"id":"editing.completion.basic"}}
{"session":"d2b62e5de562","build":"182.4129.34","bucket":"-1","time":1576222285397,"group":{"id":"actions","version":"2"},"event":{"count":3,"data":{},"id":"EditorEnter"}}
{"session":"d2b62e5de562","build":"182.4129.34","bucket":"-1","time":1576222328615,"group":{"id":"actions","version":"2"},"event":{"count":1,"data":{},"id":"EditorBackSpace"}}
{"session":"d2b62e5de562","build":"182.4129.34","bucket":"-1","time":1576222345708,"group":{"id":"actions","version":"2"},"event":{"count":1,"data":{},"id":"EditorEnter"}}
{"session":"d2b62e5de562","build":"182.4129.34","bucket":"-1","time":1576222376348,"group":{"id":"actions","version":"2"},"event":{"count":1,"data":{},"id":"EditorBackSpace"}}
{"session":"d2b62e5de562","build":"182.4129.34","bucket":"-1","time":1576222420691,"group":{"id":"actions","version":"2"},"event":{"count":1,"data":{},"id":"EditorEnter"}}
{"session":"d2b62e5de562","build":"182.4129.34","bucket":"-1","time":1576222433519,"group":{"id":"actions","version":"2"},"event":{"count":4,"data":{},"id":"EditorBackSpace"}}
{"session":"d2b62e5de562","build":"182.4129.34","bucket":"-1","time":1576222453534,"group":{"id":"actions","version":"2"},"event":{"count":1,"data":{},"id":"EditorEnter"}}
{"session":"d2b62e5de562","build":"182.4129.34","bucket":"-1","time":1576222463893,"group":{"id":"actions","version":"2"},"event":{"count":2,"data":{},"id":"EditorBackSpace"}}
{"session":"d2b62e5de562","build":"182.4129.34","bucket":"-1","time":1576222510407,"group":{"id":"actions","version":"2"},"event":{"count":1,"data":{},"id":"EditorBackSpace"}}
{"session":"d2b62e5de562","build":"182.4129.34","bucket":"-1","time":1576222521891,"group":{"id":"actions","version":"2"},"event":{"count":1,"data":{},"id":"EditorBackSpace"}}
{"session":"d2b62e5de562","build":"182.4129.34","bucket":"-1","time":1576222574250,"group":{"id":"actions","version":"2"},"event":{"count":1,"data":{},"id":"EditorEnter"}}
{"session":"d2b62e5de562","build":"182.4129.34","bucket":"-1","time":1576222576875,"group":{"id":"actions","version":"2"},"event":{"count":2,"data":{},"id":"$Undo"}}
{"session":"d2b62e5de562","build":"182.4129.34","bucket":"-1","time":1576222578609,"group":{"id":"actions","version":"2"},"event":{"count":1,"data":{},"id":"EditorBackSpace"}}
{"session":"d2b62e5de562","build":"182.4129.34","bucket":"-1","time":1576222628576,"group":{"id":"actions","version":"2"},"event":{"count":6,"data":{},"id":"EditorBackSpace"}}
{"session":"d2b62e5de562","build":"182.4129.34","bucket":"-1","time":1576222641014,"group":{"id":"actions","version":"2"},"event":{"count":1,"data":{},"id":"EditorEnter"}}
{"session":"d2b62e5de562","build":"182.4129.34","bucket":"-1","time":1576222652342,"group":{"id":"actions","version":"2"},"event":{"count":1,"data":{},"id":"EditorEnter"}}
{"session":"d2b62e5de562","build":"182.4129.34","bucket":"-1","time":1576222656170,"group":{"id":"actions","version":"2"},"event":{"count":1,"data":{},"id":"EditorBackSpace"}}
{"session":"d2b62e5de562","build":"182.4129.34","bucket":"-1","time":1576222659044,"group":{"id":"editing","version":"2"},"event":{"count":2,"data":{},"id":"editing.select.word"}}
{"session":"d2b62e5de562","build":"182.4129.34","bucket":"-1","time":1576222662763,"group":{"id":"actions","version":"2"},"event":{"count":1,"data":{},"id":"EditorCopy"}}
{"session":"d2b62e5de562","build":"182.4129.34","bucket":"-1","time":1576222665747,"group":{"id":"actions","version":"2"},"event":{"count":1,"data":{},"id":"$Undo"}}
{"session":"d2b62e5de562","build":"182.4129.34","bucket":"-1","time":1576222668497,"group":{"id":"editing","version":"2"},"event":{"count":1,"data":{},"id":"editing.select.word"}}
{"session":"d2b62e5de562","build":"182.4129.34","bucket":"-1","time":1576222671622,"group":{"id":"actions","version":"2"},"event":{"count":1,"data":{},"id":"EditorCopy"}}
{"session":"d2b62e5de562","build":"182.4129.34","bucket":"-1","time":1576222674966,"group":{"id":"actions","version":"2"},"event":{"count":1,"data":{},"id":"EditorEnter"}}
{"session":"d2b62e5de562","build":"182.4129.34","bucket":"-1","time":1576222675888,"group":{"id":"actions","version":"2"},"event":{"count":1,"data":{},"id":"EditorPaste"}}
{"session":"d2b62e5de562","build":"182.4129.34","bucket":"-1","time":1576222682653,"group":{"id":"actions","version":"2"},"event":{"count":1,"data":{},"id":"EditorEnter"}}
{"session":"d2b62e5de562","build":"182.4129.34","bucket":"-1","time":1576222687403,"group":{"id":"actions","version":"2"},"event":{"count":3,"data":{},"id":"EditorBackSpace"}}
{"session":"d2b62e5de562","build":"182.4129.34","bucket":"-1","time":1576222697137,"group":{"id":"actions","version":"2"},"event":{"count":1,"data":{},"id":"EditorEnter"}}
{"session":"d2b62e5de562","build":"182.4129.34","bucket":"-1","time":1576222710512,"group":{"id":"actions","version":"2"},"event":{"count":1,"data":{},"id":"RunClass"}}
{"session":"d2b62e5de562","build":"182.4129.34","bucket":"-1","time":1576222710574,"group":{"id":"trigger","version":"2"},"event":{"count":1,"data":{},"id":"execute.PythonConfigurationType.Run"}}
{"session":"d2b62e5de562","build":"182.4129.34","bucket":"-1","time":1576222710778,"group":{"id":"toolwindow","version":"2"},"event":{"count":1,"data":{},"id":"Run_by_Activation"}}
{"session":"d2b62e5de562","build":"182.4129.34","bucket":"-1","time":1576222742042,"group":{"id":"toolwindow","version":"2"},"event":{"count":2,"data":{},"id":"Run_by_Activation"}}
{"session":"d2b62e5de562","build":"182.4129.34","bucket":"-1","time":1576222775495,"group":{"id":"actions","version":"2"},"event":{"count":5,"data":{},"id":"EditorBackSpace"}}
{"session":"d2b62e5de562","build":"182.4129.34","bucket":"-1","time":1576222790573,"group":{"id":"editing","version":"2"},"event":{"count":1,"data":{},"id":"editing.select.word"}}
{"session":"d2b62e5de562","build":"182.4129.34","bucket":"-1","time":1576222820775,"group":{"id":"actions","version":"2"},"event":{"count":1,"data":{},"id":"RunClass"}}
{"session":"d2b62e5de562","build":"182.4129.34","bucket":"-1","time":1576222820837,"group":{"id":"trigger","version":"2"},"event":{"count":1,"data":{},"id":"execute.PythonConfigurationType.Run"}}
{"session":"d2b62e5de562","build":"182.4129.34","bucket":"-1","time":1576222821056,"group":{"id":"toolwindow","version":"2"},"event":{"count":1,"data":{},"id":"Run_by_Activation"}}
{"session":"d2b62e5de562","build":"182.4129.34","bucket":"-1","time":1576222871446,"group":{"id":"actions","version":"2"},"event":{"count":3,"data":{},"id":"EditorBackSpace"}}
{"session":"d2b62e5de562","build":"182.4129.34","bucket":"-1","time":1576222873774,"group":{"id":"actions","version":"2"},"event":{"count":1,"data":{},"id":"$Undo"}}
{"session":"d2b62e5de562","build":"182.4129.34","bucket":"-1","time":1576222877789,"group":{"id":"actions","version":"2"},"event":{"count":16,"data":{},"id":"EditorBackSpace"}}
{"session":"d2b62e5de562","build":"182.4129.34","bucket":"-1","time":1576222887758,"group":{"id":"actions","version":"2"},"event":{"count":1,"data":{},"id":"RunClass"}}
{"session":"d2b62e5de562","build":"182.4129.34","bucket":"-1","time":1576222887836,"group":{"id":"trigger","version":"2"},"event":{"count":1,"data":{},"id":"execute.PythonConfigurationType.Run"}}
{"session":"d2b62e5de562","build":"182.4129.34","bucket":"-1","time":1576222888039,"group":{"id":"toolwindow","version":"2"},"event":{"count":1,"data":{},"id":"Run_by_Activation"}}
{"session":"d2b62e5de562","build":"182.4129.34","bucket":"-1","time":1576222919288,"group":{"id":"actions","version":"2"},"event":{"count":13,"data":{},"id":"EditorBackSpace"}}
{"session":"d2b62e5de562","build":"182.4129.34","bucket":"-1","time":1576222934335,"group":{"id":"actions","version":"2"},"event":{"count":1,"data":{},"id":"RunClass"}}
{"session":"d2b62e5de562","build":"182.4129.34","bucket":"-1","time":1576222934413,"group":{"id":"trigger","version":"2"},"event":{"count":1,"data":{},"id":"execute.PythonConfigurationType.Run"}}
{"session":"d2b62e5de562","build":"182.4129.34","bucket":"-1","time":1576222934600,"group":{"id":"toolwindow","version":"2"},"event":{"count":1,"data":{},"id":"Run_by_Activation"}}
{"session":"d2b62e5de562","build":"182.4129.34","bucket":"-1","time":1576222990599,"group":{"id":"toolwindow","version":"2"},"event":{"count":1,"data":{},"id":"Project_by_Activation"}}
{"session":"d2b62e5de562","build":"182.4129.34","bucket":"-1","time":1576222995802,"group":{"id":"actions","version":"2"},"event":{"count":1,"data":{},"id":"$Delete"}}
{"session":"d2b62e5de562","build":"182.4129.34","bucket":"-1","time":1576222995818,"group":{"id":"ui.dialogs","version":"2"},"event":{"count":1,"data":{"type":"show"},"id":"com.intellij.ide.util.DeleteHandler$2"}}
{"session":"d2b62e5de562","build":"182.4129.34","bucket":"-1","time":1576222998583,"group":{"id":"ui.dialogs","version":"2"},"event":{"count":2,"data":{"code":0,"type":"close"},"id":"com.intellij.ide.util.DeleteHandler$2"}}
{"session":"d2b62e5de562","build":"182.4129.34","bucket":"-1","time":1576223026192,"group":{"id":"actions","version":"2"},"event":{"count":1,"data":{},"id":"$Delete"}}
{"session":"d2b62e5de562","build":"182.4129.34","bucket":"-1","time":1576223026192,"group":{"id":"ui.dialogs","version":"2"},"event":{"count":1,"data":{"type":"show"},"id":"com.intellij.ide.util.DeleteHandler$2"}}
{"session":"d2b62e5de562","build":"182.4129.34","bucket":"-1","time":1576223029187,"group":{"id":"ui.dialogs","version":"2"},"event":{"count":2,"data":{"code":0,"type":"close"},"id":"com.intellij.ide.util.DeleteHandler$2"}}
{"session":"d2b62e5de562","build":"182.4129.34","bucket":"-1","time":1576223037656,"group":{"id":"actions","version":"2"},"event":{"count":1,"data":{},"id":"$Delete"}}
{"session":"d2b62e5de562","build":"182.4129.34","bucket":"-1","time":1576223037671,"group":{"id":"ui.dialogs","version":"2"},"event":{"count":1,"data":{"type":"show"},"id":"com.intellij.ide.util.DeleteHandler$2"}}
{"session":"d2b62e5de562","build":"182.4129.34","bucket":"-1","time":1576223040830,"group":{"id":"ui.dialogs","version":"2"},"event":{"count":2,"data":{"code":0,"type":"close"},"id":"com.intellij.ide.util.DeleteHandler$2"}}
{"session":"d2b62e5de562","build":"182.4129.34","bucket":"-1","time":1576223047205,"group":{"id":"actions","version":"2"},"event":{"count":1,"data":{},"id":"$Delete"}}
{"session":"d2b62e5de562","build":"182.4129.34","bucket":"-1","time":1576223047205,"group":{"id":"ui.dialogs","version":"2"},"event":{"count":1,"data":{"type":"show"},"id":"com.intellij.ide.util.DeleteHandler$2"}}
{"session":"d2b62e5de562","build":"182.4129.34","bucket":"-1","time":1576223049924,"group":{"id":"ui.dialogs","version":"2"},"event":{"count":2,"data":{"code":0,"type":"close"},"id":"com.intellij.ide.util.DeleteHandler$2"}}
{"session":"d2b62e5de562","build":"182.4129.34","bucket":"-1","time":1576223106641,"group":{"id":"actions","version":"2"},"event":{"count":1,"data":{},"id":"NewPythonFile"}}
{"session":"d2b62e5de562","build":"182.4129.34","bucket":"-1","time":1576223106657,"group":{"id":"ui.dialogs","version":"2"},"event":{"count":1,"data":{"type":"show"},"id":"com.intellij.ide.actions.CreateFileFromTemplateDialog"}}
{"session":"d2b62e5de562","build":"182.4129.34","bucket":"-1","time":1576223125016,"group":{"id":"actions","version":"2"},"event":{"count":1,"data":{},"id":"DialogOkAction_Enter"}}
{"session":"d2b62e5de562","build":"182.4129.34","bucket":"-1","time":1576223125078,"group":{"id":"ui.dialogs","version":"2"},"event":{"count":1,"data":{"code":0,"type":"close"},"id":"com.intellij.ide.actions.CreateFileFromTemplateDialog"}}
{"session":"d2b62e5de562","build":"182.4129.34","bucket":"-1","time":1576223219107,"group":{"id":"editing","version":"2"},"event":{"count":1,"data":{},"id":"editing.select.word"}}
{"session":"d2b62e5de562","build":"182.4129.34","bucket":"-1","time":1576223223482,"group":{"id":"actions","version":"2"},"event":{"count":1,"data":{},"id":"$Undo"}}
{"session":"d2b62e5de562","build":"182.4129.34","bucket":"-1","time":1576223276715,"group":{"id":"ui.dialogs","version":"2"},"event":{"count":2,"data":{"type":"show"},"id":"com.intellij.openapi.ui.messages.MessageDialog"}}
{"session":"d2b62e5de562","build":"182.4129.34","bucket":"-1","time":1576223283043,"group":{"id":"ui.dialogs","version":"2"},"event":{"count":1,"data":{"type":"show"},"id":"com.intellij.openapi.progress.util.ProgressDialog$MyDialogWrapper"}}
{"session":"d2b62e5de562","build":"182.4129.34","bucket":"-1","time":1576223283153,"group":{"id":"lifecycle","version":"2"},"event":{"count":1,"data":{"restart":false},"id":"app.closed"}}
{"session":"d2b62e5de562","build":"182.4129.34","bucket":"-1","time":1576223283590,"group":{"id":"lifecycle","version":"2"},"event":{"count":1,"data":{},"id":"project.closed"}}
{"session":"d2b62e5de562","build":"182.4129.34","bucket":"-1","time":1576223284028,"group":{"id":"lifecycle","version":"2"},"event":{"count":1,"data":{},"id":"ideaapp.closed"}}
