{"session":"19b317712eb6","build":"182.4129.34","bucket":"-1","time":1576331920150,"group":{"id":"ui.dialogs","version":"2"},"event":{"count":1,"data":{"type":"show"},"id":"com.intellij.openapi.progress.util.ProgressDialog$MyDialogWrapper"}}
{"session":"19b317712eb6","build":"182.4129.34","bucket":"-1","time":1576331920681,"group":{"id":"lifecycle","version":"2"},"event":{"count":1,"data":{"durationSeconds":19},"id":"ide.freeze"}}
{"session":"19b317712eb6","build":"182.4129.34","bucket":"-1","time":1576331934702,"group":{"id":"ui.dialogs","version":"2"},"event":{"count":1,"data":{"code":1,"type":"close"},"id":"com.intellij.openapi.progress.util.ProgressDialog$MyDialogWrapper"}}
{"session":"19b317712eb6","build":"182.4129.34","bucket":"-1","time":1576331934874,"group":{"id":"lifecycle","version":"2"},"event":{"count":1,"data":{},"id":"project.opened"}}
{"session":"19b317712eb6","build":"182.4129.34","bucket":"-1","time":1576331938093,"group":{"id":"ui.dialogs","version":"2"},"event":{"count":1,"data":{"type":"show"},"id":"com.intellij.openapi.progress.util.ProgressDialog$MyDialogWrapper"}}
{"session":"19b317712eb6","build":"182.4129.34","bucket":"-1","time":1576331944561,"group":{"id":"system.os.name","version":"2"},"event":{"data":{},"id":"Windows"}}
{"session":"19b317712eb6","build":"182.4129.34","bucket":"-1","time":1576331944561,"group":{"id":"system.os.version","version":"2"},"event":{"data":{},"id":"10.0"}}
{"session":"19b317712eb6","build":"182.4129.34","bucket":"-1","time":1576331944608,"group":{"id":"system.jvm.vendor","version":"2"},"event":{"data":{},"id":"JetBrains_s.r.o"}}
{"session":"19b317712eb6","build":"182.4129.34","bucket":"-1","time":1576331944608,"group":{"id":"system.jvm.version","version":"2"},"event":{"data":{},"id":"1.8"}}
{"session":"19b317712eb6","build":"182.4129.34","bucket":"-1","time":1576331946311,"group":{"id":"lifecycle","version":"2"},"event":{"count":1,"data":{},"id":"ideaapp.started"}}
{"session":"19b317712eb6","build":"182.4129.34","bucket":"-1","time":1576331946311,"group":{"id":"lifecycle","version":"2"},"event":{"count":1,"data":{},"id":"app.started"}}
{"session":"19b317712eb6","build":"182.4129.34","bucket":"-1","time":1576331951092,"group":{"id":"lifecycle","version":"2"},"event":{"count":1,"data":{"durationSeconds":7},"id":"ide.freeze"}}
{"session":"19b317712eb6","build":"182.4129.34","bucket":"-1","time":1576331952889,"group":{"id":"ui.dialogs","version":"2"},"event":{"count":1,"data":{"code":1,"type":"close"},"id":"com.intellij.openapi.progress.util.ProgressDialog$MyDialogWrapper"}}
{"session":"19b317712eb6","build":"182.4129.34","bucket":"-1","time":1576331952967,"group":{"id":"lifecycle","version":"2"},"event":{"count":1,"data":{"time.ms":35348},"id":"project.opening.finished"}}
{"session":"19b317712eb6","build":"182.4129.34","bucket":"-1","time":1576332077156,"group":{"id":"actions","version":"2"},"event":{"count":1,"data":{},"id":"RunClass"}}
{"session":"19b317712eb6","build":"182.4129.34","bucket":"-1","time":1576332077249,"group":{"id":"trigger","version":"2"},"event":{"count":1,"data":{},"id":"execute.PythonConfigurationType.Run"}}
{"session":"19b317712eb6","build":"182.4129.34","bucket":"-1","time":1576332077921,"group":{"id":"toolwindow","version":"2"},"event":{"count":1,"data":{},"id":"Run_by_Activation"}}
{"session":"19b317712eb6","build":"182.4129.34","bucket":"-1","time":1576332447351,"group":{"id":"actions","version":"2"},"event":{"count":1,"data":{},"id":"RunClass"}}
{"session":"19b317712eb6","build":"182.4129.34","bucket":"-1","time":1576332447414,"group":{"id":"trigger","version":"2"},"event":{"count":1,"data":{},"id":"execute.PythonConfigurationType.Run"}}
{"session":"19b317712eb6","build":"182.4129.34","bucket":"-1","time":1576332447586,"group":{"id":"toolwindow","version":"2"},"event":{"count":1,"data":{},"id":"Run_by_Activation"}}
{"session":"19b317712eb6","build":"182.4129.34","bucket":"-1","time":1576332501569,"group":{"id":"actions","version":"2"},"event":{"count":29,"data":{},"id":"EditorUp"}}
{"session":"19b317712eb6","build":"182.4129.34","bucket":"-1","time":1576332510522,"group":{"id":"actions","version":"2"},"event":{"count":1,"data":{},"id":"NewElement"}}
{"session":"19b317712eb6","build":"182.4129.34","bucket":"-1","time":1576332513866,"group":{"id":"actions","version":"2"},"event":{"count":1,"data":{},"id":"NewPythonFile"}}
{"session":"19b317712eb6","build":"182.4129.34","bucket":"-1","time":1576332514006,"group":{"id":"ui.dialogs","version":"2"},"event":{"count":1,"data":{"type":"show"},"id":"com.intellij.ide.actions.CreateFileFromTemplateDialog"}}
{"session":"19b317712eb6","build":"182.4129.34","bucket":"-1","time":1576332520944,"group":{"id":"actions","version":"2"},"event":{"count":1,"data":{},"id":"DialogOkAction_Enter"}}
{"session":"19b317712eb6","build":"182.4129.34","bucket":"-1","time":1576332521678,"group":{"id":"ui.dialogs","version":"2"},"event":{"count":1,"data":{"code":0,"type":"close"},"id":"com.intellij.ide.actions.CreateFileFromTemplateDialog"}}
{"session":"19b317712eb6","build":"182.4129.34","bucket":"-1","time":1576332536350,"group":{"id":"actions","version":"2"},"event":{"count":4,"data":{},"id":"EditorBackSpace"}}
{"session":"19b317712eb6","build":"182.4129.34","bucket":"-1","time":1576332543256,"group":{"id":"actions","version":"2"},"event":{"count":56,"data":{},"id":"EditorDown"}}
{"session":"19b317712eb6","build":"182.4129.34","bucket":"-1","time":1576332583224,"group":{"id":"actions","version":"2"},"event":{"count":1,"data":{},"id":"EditorBackSpace"}}
{"session":"19b317712eb6","build":"182.4129.34","bucket":"-1","time":1576332601301,"group":{"id":"actions","version":"2"},"event":{"count":1,"data":{},"id":"EditorBackSpace"}}
{"session":"19b317712eb6","build":"182.4129.34","bucket":"-1","time":1576332613145,"group":{"id":"actions","version":"2"},"event":{"count":1,"data":{},"id":"EditorEnter"}}
{"session":"19b317712eb6","build":"182.4129.34","bucket":"-1","time":1576332639941,"group":{"id":"actions","version":"2"},"event":{"count":1,"data":{},"id":"$SelectAll"}}
{"session":"19b317712eb6","build":"182.4129.34","bucket":"-1","time":1576332642894,"group":{"id":"actions","version":"2"},"event":{"count":1,"data":{},"id":"EditorCopy"}}
{"session":"19b317712eb6","build":"182.4129.34","bucket":"-1","time":1576332684534,"group":{"id":"actions","version":"2"},"event":{"count":1,"data":{},"id":"$SelectAll"}}
{"session":"19b317712eb6","build":"182.4129.34","bucket":"-1","time":1576332686784,"group":{"id":"actions","version":"2"},"event":{"count":1,"data":{},"id":"EditorBackSpace"}}
{"session":"19b317712eb6","build":"182.4129.34","bucket":"-1","time":1576332693393,"group":{"id":"actions","version":"2"},"event":{"count":2,"data":{},"id":"CloseContent"}}
{"session":"19b317712eb6","build":"182.4129.34","bucket":"-1","time":1576332705877,"group":{"id":"actions","version":"2"},"event":{"count":1,"data":{},"id":"NewDirectoryProject"}}
{"session":"19b317712eb6","build":"182.4129.34","bucket":"-1","time":1576332705955,"group":{"id":"ui.dialogs","version":"2"},"event":{"count":1,"data":{"type":"show"},"id":"com.jetbrains.python.newProject.PyCharmNewProjectDialog"}}
{"session":"19b317712eb6","build":"182.4129.34","bucket":"-1","time":1576332717393,"group":{"id":"ui.dialogs","version":"2"},"event":{"count":1,"data":{"code":0,"type":"close"},"id":"com.jetbrains.python.newProject.PyCharmNewProjectDialog"}}
{"session":"19b317712eb6","build":"182.4129.34","bucket":"-1","time":1576332717424,"group":{"id":"trigger","version":"2"},"event":{"count":1,"data":{},"id":"AbstractNewProjectStep.Pure_Python"}}
{"session":"19b317712eb6","build":"182.4129.34","bucket":"-1","time":1576332717471,"group":{"id":"ui.dialogs","version":"2"},"event":{"count":1,"data":{"type":"show"},"id":"com.intellij.platform.OpenOrAttachDialog"}}
{"session":"19b317712eb6","build":"182.4129.34","bucket":"-1","time":1576332721799,"group":{"id":"ui.dialogs","version":"2"},"event":{"count":1,"data":{"code":0,"type":"close"},"id":"com.intellij.platform.OpenOrAttachDialog"}}
{"session":"19b317712eb6","build":"182.4129.34","bucket":"-1","time":1576332722393,"group":{"id":"lifecycle","version":"2"},"event":{"count":1,"data":{},"id":"project.opened"}}
{"session":"19b317712eb6","build":"182.4129.34","bucket":"-1","time":1576332722939,"group":{"id":"ui.dialogs","version":"2"},"event":{"count":1,"data":{"type":"show"},"id":"com.intellij.openapi.progress.util.ProgressDialog$MyDialogWrapper"}}
{"session":"19b317712eb6","build":"182.4129.34","bucket":"-1","time":1576332771079,"group":{"id":"toolwindow","version":"2"},"event":{"count":1,"data":{},"id":"Project_by_Activation"}}
{"session":"19b317712eb6","build":"182.4129.34","bucket":"-1","time":1576332771157,"group":{"id":"ui.dialogs","version":"2"},"event":{"count":1,"data":{"code":1,"type":"close"},"id":"com.intellij.openapi.progress.util.ProgressDialog$MyDialogWrapper"}}
{"session":"19b317712eb6","build":"182.4129.34","bucket":"-1","time":1576332771470,"group":{"id":"ui.dialogs","version":"2"},"event":{"count":1,"data":{"type":"show"},"id":"com.intellij.openapi.progress.util.ProgressDialog$MyDialogWrapper"}}
{"session":"19b317712eb6","build":"182.4129.34","bucket":"-1","time":1576332772923,"group":{"id":"lifecycle","version":"2"},"event":{"count":1,"data":{"time.ms":51075},"id":"project.opening.finished"}}
{"session":"19b317712eb6","build":"182.4129.34","bucket":"-1","time":1576332772938,"group":{"id":"ui.dialogs","version":"2"},"event":{"count":1,"data":{"code":1,"type":"close"},"id":"com.intellij.openapi.progress.util.ProgressDialog$MyDialogWrapper"}}
{"session":"19b317712eb6","build":"182.4129.34","bucket":"-1","time":1576332779548,"group":{"id":"system.os.name","version":"2"},"event":{"data":{},"id":"Windows"}}
{"session":"19b317712eb6","build":"182.4129.34","bucket":"-1","time":1576332779548,"group":{"id":"system.os.version","version":"2"},"event":{"data":{},"id":"10.0"}}
{"session":"19b317712eb6","build":"182.4129.34","bucket":"-1","time":1576332779548,"group":{"id":"system.jvm.vendor","version":"2"},"event":{"data":{},"id":"JetBrains_s.r.o"}}
{"session":"19b317712eb6","build":"182.4129.34","bucket":"-1","time":1576332779548,"group":{"id":"system.jvm.version","version":"2"},"event":{"data":{},"id":"1.8"}}
{"session":"19b317712eb6","build":"182.4129.34","bucket":"-1","time":1576332801172,"group":{"id":"toolwindow","version":"2"},"event":{"count":1,"data":{},"id":"Project_by_Activation"}}
{"session":"19b317712eb6","build":"182.4129.34","bucket":"-1","time":1576332818906,"group":{"id":"actions","version":"2"},"event":{"count":1,"data":{},"id":"OpenFile"}}
{"session":"19b317712eb6","build":"182.4129.34","bucket":"-1","time":1576332819047,"group":{"id":"ui.dialogs","version":"2"},"event":{"count":1,"data":{"type":"show"},"id":"com.intellij.openapi.fileChooser.ex.FileChooserDialogImpl"}}
{"session":"19b317712eb6","build":"182.4129.34","bucket":"-1","time":1576332833460,"group":{"id":"actions","version":"2"},"event":{"count":1,"data":{},"id":"DialogOkAction_Enter"}}
{"session":"19b317712eb6","build":"182.4129.34","bucket":"-1","time":1576332833460,"group":{"id":"ui.dialogs","version":"2"},"event":{"count":1,"data":{"code":0,"type":"close"},"id":"com.intellij.openapi.fileChooser.ex.FileChooserDialogImpl"}}
{"session":"19b317712eb6","build":"182.4129.34","bucket":"-1","time":1576332833507,"group":{"id":"ui.dialogs","version":"2"},"event":{"count":1,"data":{"type":"show"},"id":"com.intellij.platform.OpenOrAttachDialog"}}
{"session":"19b317712eb6","build":"182.4129.34","bucket":"-1","time":1576332837210,"group":{"id":"ui.dialogs","version":"2"},"event":{"count":1,"data":{"code":0,"type":"close"},"id":"com.intellij.platform.OpenOrAttachDialog"}}
{"session":"19b317712eb6","build":"182.4129.34","bucket":"-1","time":1576332876553,"group":{"id":"actions","version":"2"},"event":{"count":1,"data":{},"id":"NewElement"}}
{"session":"19b317712eb6","build":"182.4129.34","bucket":"-1","time":1576332888428,"group":{"id":"actions","version":"2"},"event":{"count":1,"data":{},"id":"NewElement"}}
{"session":"19b317712eb6","build":"182.4129.34","bucket":"-1","time":1576332903412,"group":{"id":"actions","version":"2"},"event":{"count":2,"data":{},"id":"NewElement"}}
{"session":"19b317712eb6","build":"182.4129.34","bucket":"-1","time":1576332929536,"group":{"id":"actions","version":"2"},"event":{"count":1,"data":{},"id":"NewPythonFile"}}
{"session":"19b317712eb6","build":"182.4129.34","bucket":"-1","time":1576332929536,"group":{"id":"ui.dialogs","version":"2"},"event":{"count":1,"data":{"type":"show"},"id":"com.intellij.ide.actions.CreateFileFromTemplateDialog"}}
{"session":"19b317712eb6","build":"182.4129.34","bucket":"-1","time":1576332932599,"group":{"id":"actions","version":"2"},"event":{"count":2,"data":{},"id":"EditorBackSpace"}}
{"session":"19b317712eb6","build":"182.4129.34","bucket":"-1","time":1576332954176,"group":{"id":"actions","version":"2"},"event":{"count":1,"data":{},"id":"EditorBackSpace"}}
{"session":"19b317712eb6","build":"182.4129.34","bucket":"-1","time":1576332959535,"group":{"id":"ui.dialogs","version":"2"},"event":{"count":1,"data":{"code":0,"type":"close"},"id":"com.intellij.ide.actions.CreateFileFromTemplateDialog"}}
{"session":"19b317712eb6","build":"182.4129.34","bucket":"-1","time":1576332981801,"group":{"id":"actions","version":"2"},"event":{"count":1,"data":{},"id":"EditorPaste"}}
{"session":"19b317712eb6","build":"182.4129.34","bucket":"-1","time":1576332992894,"group":{"id":"actions","version":"2"},"event":{"count":1,"data":{},"id":"NewElement"}}
{"session":"19b317712eb6","build":"182.4129.34","bucket":"-1","time":1576332997910,"group":{"id":"actions","version":"2"},"event":{"count":1,"data":{},"id":"NewPythonFile"}}
{"session":"19b317712eb6","build":"182.4129.34","bucket":"-1","time":1576332997910,"group":{"id":"ui.dialogs","version":"2"},"event":{"count":1,"data":{"type":"show"},"id":"com.intellij.ide.actions.CreateFileFromTemplateDialog"}}
{"session":"19b317712eb6","build":"182.4129.34","bucket":"-1","time":1576333007878,"group":{"id":"ui.dialogs","version":"2"},"event":{"count":1,"data":{"code":0,"type":"close"},"id":"com.intellij.ide.actions.CreateFileFromTemplateDialog"}}
{"session":"19b317712eb6","build":"182.4129.34","bucket":"-1","time":1576333019597,"group":{"id":"actions","version":"2"},"event":{"count":1,"data":{},"id":"EditorChooseLookupItem"}}
{"session":"19b317712eb6","build":"182.4129.34","bucket":"-1","time":1576333019675,"group":{"id":"completion","version":"2"},"event":{"count":1,"data":{},"id":"editing.completion.basic"}}
{"session":"19b317712eb6","build":"182.4129.34","bucket":"-1","time":1576333026222,"group":{"id":"actions","version":"2"},"event":{"count":6,"data":{},"id":"EditorBackSpace"}}
{"session":"19b317712eb6","build":"182.4129.34","bucket":"-1","time":1576333031300,"group":{"id":"actions","version":"2"},"event":{"count":1,"data":{},"id":"EditorChooseLookupItem"}}
{"session":"19b317712eb6","build":"182.4129.34","bucket":"-1","time":1576333031315,"group":{"id":"completion","version":"2"},"event":{"count":1,"data":{},"id":"editing.completion.basic"}}
{"session":"19b317712eb6","build":"182.4129.34","bucket":"-1","time":1576333036987,"group":{"id":"actions","version":"2"},"event":{"count":1,"data":{},"id":"EditorChooseLookupItem"}}
{"session":"19b317712eb6","build":"182.4129.34","bucket":"-1","time":1576333037003,"group":{"id":"completion","version":"2"},"event":{"count":1,"data":{},"id":"editing.completion.basic"}}
{"session":"19b317712eb6","build":"182.4129.34","bucket":"-1","time":1576333045159,"group":{"id":"actions","version":"2"},"event":{"count":1,"data":{},"id":"EditorEnter"}}
{"session":"19b317712eb6","build":"182.4129.34","bucket":"-1","time":1576333073830,"group":{"id":"actions","version":"2"},"event":{"count":1,"data":{},"id":"EditorRight"}}
{"session":"19b317712eb6","build":"182.4129.34","bucket":"-1","time":1576333074205,"group":{"id":"actions","version":"2"},"event":{"count":10,"data":{},"id":"EditorBackSpace"}}
{"session":"19b317712eb6","build":"182.4129.34","bucket":"-1","time":1576333083330,"group":{"id":"actions","version":"2"},"event":{"count":1,"data":{},"id":"EditorRight"}}
{"session":"19b317712eb6","build":"182.4129.34","bucket":"-1","time":1576333085549,"group":{"id":"actions","version":"2"},"event":{"count":1,"data":{},"id":"EditorEnter"}}
{"session":"19b317712eb6","build":"182.4129.34","bucket":"-1","time":1576333111095,"group":{"id":"actions","version":"2"},"event":{"count":1,"data":{},"id":"EditorChooseLookupItem"}}
{"session":"19b317712eb6","build":"182.4129.34","bucket":"-1","time":1576333111111,"group":{"id":"completion","version":"2"},"event":{"count":1,"data":{},"id":"editing.completion.basic"}}
{"session":"19b317712eb6","build":"182.4129.34","bucket":"-1","time":1576333115689,"group":{"id":"actions","version":"2"},"event":{"count":1,"data":{},"id":"EditorRight"}}
{"session":"19b317712eb6","build":"182.4129.34","bucket":"-1","time":1576333116329,"group":{"id":"actions","version":"2"},"event":{"count":1,"data":{},"id":"EditorEnter"}}
{"session":"19b317712eb6","build":"182.4129.34","bucket":"-1","time":1576333124735,"group":{"id":"actions","version":"2"},"event":{"count":2,"data":{},"id":"EditorBackSpace"}}
{"session":"19b317712eb6","build":"182.4129.34","bucket":"-1","time":1576333129923,"group":{"id":"actions","version":"2"},"event":{"count":1,"data":{},"id":"EditorChooseLookupItem"}}
{"session":"19b317712eb6","build":"182.4129.34","bucket":"-1","time":1576333129938,"group":{"id":"completion","version":"2"},"event":{"count":1,"data":{},"id":"editing.completion.basic"}}
{"session":"19b317712eb6","build":"182.4129.34","bucket":"-1","time":1576333148657,"group":{"id":"actions","version":"2"},"event":{"count":1,"data":{},"id":"EditorRight"}}
{"session":"19b317712eb6","build":"182.4129.34","bucket":"-1","time":1576333153328,"group":{"id":"editing","version":"2"},"event":{"count":2,"data":{},"id":"editing.select.word"}}
{"session":"19b317712eb6","build":"182.4129.34","bucket":"-1","time":1576333165516,"group":{"id":"actions","version":"2"},"event":{"count":1,"data":{},"id":"EditorCopy"}}
{"session":"19b317712eb6","build":"182.4129.34","bucket":"-1","time":1576333169312,"group":{"id":"actions","version":"2"},"event":{"count":1,"data":{},"id":"EditorEnter"}}
{"session":"19b317712eb6","build":"182.4129.34","bucket":"-1","time":1576333171641,"group":{"id":"actions","version":"2"},"event":{"count":1,"data":{},"id":"EditorPaste"}}
{"session":"19b317712eb6","build":"182.4129.34","bucket":"-1","time":1576333173641,"group":{"id":"actions","version":"2"},"event":{"count":1,"data":{},"id":"EditorEnter"}}
{"session":"19b317712eb6","build":"182.4129.34","bucket":"-1","time":1576333175265,"group":{"id":"actions","version":"2"},"event":{"count":1,"data":{},"id":"EditorPaste"}}
{"session":"19b317712eb6","build":"182.4129.34","bucket":"-1","time":1576333177469,"group":{"id":"actions","version":"2"},"event":{"count":1,"data":{},"id":"EditorEnter"}}
{"session":"19b317712eb6","build":"182.4129.34","bucket":"-1","time":1576333180187,"group":{"id":"actions","version":"2"},"event":{"count":1,"data":{},"id":"EditorPaste"}}
{"session":"19b317712eb6","build":"182.4129.34","bucket":"-1","time":1576333185531,"group":{"id":"actions","version":"2"},"event":{"count":1,"data":{},"id":"EditorBackSpace"}}
{"session":"19b317712eb6","build":"182.4129.34","bucket":"-1","time":1576333187875,"group":{"id":"actions","version":"2"},"event":{"count":1,"data":{},"id":"EditorDown"}}
{"session":"19b317712eb6","build":"182.4129.34","bucket":"-1","time":1576333188718,"group":{"id":"actions","version":"2"},"event":{"count":1,"data":{},"id":"EditorBackSpace"}}
{"session":"19b317712eb6","build":"182.4129.34","bucket":"-1","time":1576333190812,"group":{"id":"actions","version":"2"},"event":{"count":1,"data":{},"id":"EditorDown"}}
{"session":"19b317712eb6","build":"182.4129.34","bucket":"-1","time":1576333191875,"group":{"id":"actions","version":"2"},"event":{"count":1,"data":{},"id":"EditorBackSpace"}}
{"session":"19b317712eb6","build":"182.4129.34","bucket":"-1","time":1576333198328,"group":{"id":"actions","version":"2"},"event":{"count":1,"data":{},"id":"EditorEnter"}}
{"session":"19b317712eb6","build":"182.4129.34","bucket":"-1","time":1576333205468,"group":{"id":"actions","version":"2"},"event":{"count":1,"data":{},"id":"EditorChooseLookupItem"}}
{"session":"19b317712eb6","build":"182.4129.34","bucket":"-1","time":1576333205484,"group":{"id":"completion","version":"2"},"event":{"count":1,"data":{},"id":"editing.completion.basic"}}
{"session":"19b317712eb6","build":"182.4129.34","bucket":"-1","time":1576333213515,"group":{"id":"actions","version":"2"},"event":{"count":1,"data":{},"id":"EditorBackSpace"}}
{"session":"19b317712eb6","build":"182.4129.34","bucket":"-1","time":1576333230421,"group":{"id":"actions","version":"2"},"event":{"count":1,"data":{},"id":"EditorRight"}}
{"session":"19b317712eb6","build":"182.4129.34","bucket":"-1","time":1576333233999,"group":{"id":"actions","version":"2"},"event":{"count":1,"data":{},"id":"EditorEnter"}}
{"session":"19b317712eb6","build":"182.4129.34","bucket":"-1","time":1576333235186,"group":{"id":"actions","version":"2"},"event":{"count":4,"data":{},"id":"EditorLeft"}}
{"session":"19b317712eb6","build":"182.4129.34","bucket":"-1","time":1576333254654,"group":{"id":"actions","version":"2"},"event":{"count":1,"data":{},"id":"RunClass"}}
{"session":"19b317712eb6","build":"182.4129.34","bucket":"-1","time":1576333254717,"group":{"id":"trigger","version":"2"},"event":{"count":1,"data":{},"id":"execute.PythonConfigurationType.Run"}}
{"session":"19b317712eb6","build":"182.4129.34","bucket":"-1","time":1576333255154,"group":{"id":"toolwindow","version":"2"},"event":{"count":1,"data":{},"id":"Run_by_Activation"}}
{"session":"19b317712eb6","build":"182.4129.34","bucket":"-1","time":1576333295685,"group":{"id":"actions","version":"2"},"event":{"count":10,"data":{},"id":"EditorBackSpace"}}
{"session":"19b317712eb6","build":"182.4129.34","bucket":"-1","time":1576333299294,"group":{"id":"actions","version":"2"},"event":{"count":1,"data":{},"id":"EditorEnter"}}
{"session":"19b317712eb6","build":"182.4129.34","bucket":"-1","time":1576333300232,"group":{"id":"actions","version":"2"},"event":{"count":5,"data":{},"id":"EditorLeft"}}
{"session":"19b317712eb6","build":"182.4129.34","bucket":"-1","time":1576333303857,"group":{"id":"actions","version":"2"},"event":{"count":2,"data":{},"id":"EditorDown"}}
{"session":"19b317712eb6","build":"182.4129.34","bucket":"-1","time":1576333304388,"group":{"id":"actions","version":"2"},"event":{"count":4,"data":{},"id":"EditorLeft"}}
{"session":"19b317712eb6","build":"182.4129.34","bucket":"-1","time":1576333315919,"group":{"id":"actions","version":"2"},"event":{"count":1,"data":{},"id":"RunClass"}}
{"session":"19b317712eb6","build":"182.4129.34","bucket":"-1","time":1576333315981,"group":{"id":"trigger","version":"2"},"event":{"count":1,"data":{},"id":"execute.PythonConfigurationType.Run"}}
{"session":"19b317712eb6","build":"182.4129.34","bucket":"-1","time":1576333316372,"group":{"id":"toolwindow","version":"2"},"event":{"count":1,"data":{},"id":"Run_by_Activation"}}
{"session":"19b317712eb6","build":"182.4129.34","bucket":"-1","time":1576333323091,"group":{"id":"actions","version":"2"},"event":{"count":1,"data":{},"id":"RunClass"}}
{"session":"19b317712eb6","build":"182.4129.34","bucket":"-1","time":1576333323153,"group":{"id":"trigger","version":"2"},"event":{"count":1,"data":{},"id":"execute.PythonConfigurationType.Run"}}
{"session":"19b317712eb6","build":"182.4129.34","bucket":"-1","time":1576333323356,"group":{"id":"toolwindow","version":"2"},"event":{"count":1,"data":{},"id":"Run_by_Activation"}}
{"session":"19b317712eb6","build":"182.4129.34","bucket":"-1","time":1576333367918,"group":{"id":"actions","version":"2"},"event":{"count":1,"data":{},"id":"RunClass"}}
{"session":"19b317712eb6","build":"182.4129.34","bucket":"-1","time":1576333367980,"group":{"id":"trigger","version":"2"},"event":{"count":1,"data":{},"id":"execute.PythonConfigurationType.Run"}}
{"session":"19b317712eb6","build":"182.4129.34","bucket":"-1","time":1576333368137,"group":{"id":"toolwindow","version":"2"},"event":{"count":1,"data":{},"id":"Run_by_Activation"}}
{"session":"19b317712eb6","build":"182.4129.34","bucket":"-1","time":1576333434838,"group":{"id":"actions","version":"2"},"event":{"count":6,"data":{},"id":"EditorLeft"}}
{"session":"19b317712eb6","build":"182.4129.34","bucket":"-1","time":1576333451244,"group":{"id":"actions","version":"2"},"event":{"count":1,"data":{},"id":"EditorBackSpace"}}
{"session":"19b317712eb6","build":"182.4129.34","bucket":"-1","time":1576333462150,"group":{"id":"actions","version":"2"},"event":{"count":1,"data":{},"id":"CreateRunConfiguration"}}
{"session":"19b317712eb6","build":"182.4129.34","bucket":"-1","time":1576333467572,"group":{"id":"actions","version":"2"},"event":{"count":1,"data":{},"id":"RunClass"}}
{"session":"19b317712eb6","build":"182.4129.34","bucket":"-1","time":1576333467635,"group":{"id":"trigger","version":"2"},"event":{"count":1,"data":{},"id":"execute.PythonConfigurationType.Run"}}
{"session":"19b317712eb6","build":"182.4129.34","bucket":"-1","time":1576333467822,"group":{"id":"toolwindow","version":"2"},"event":{"count":1,"data":{},"id":"Run_by_Activation"}}
{"session":"19b317712eb6","build":"182.4129.34","bucket":"-1","time":1576333537727,"group":{"id":"actions","version":"2"},"event":{"count":1,"data":{},"id":"RunClass"}}
{"session":"19b317712eb6","build":"182.4129.34","bucket":"-1","time":1576333537789,"group":{"id":"trigger","version":"2"},"event":{"count":1,"data":{},"id":"execute.PythonConfigurationType.Run"}}
{"session":"19b317712eb6","build":"182.4129.34","bucket":"-1","time":1576333537992,"group":{"id":"toolwindow","version":"2"},"event":{"count":1,"data":{},"id":"Run_by_Activation"}}
{"session":"19b317712eb6","build":"182.4129.34","bucket":"-1","time":1576333571086,"group":{"id":"actions","version":"2"},"event":{"count":1,"data":{},"id":"EditorBackSpace"}}
{"session":"19b317712eb6","build":"182.4129.34","bucket":"-1","time":1576333573304,"group":{"id":"actions","version":"2"},"event":{"count":1,"data":{},"id":"EditorLeft"}}
{"session":"19b317712eb6","build":"182.4129.34","bucket":"-1","time":1576333588445,"group":{"id":"actions","version":"2"},"event":{"count":2,"data":{},"id":"EditorBackSpace"}}
{"session":"19b317712eb6","build":"182.4129.34","bucket":"-1","time":1576333617147,"group":{"id":"actions","version":"2"},"event":{"count":1,"data":{},"id":"Run"}}
{"session":"19b317712eb6","build":"182.4129.34","bucket":"-1","time":1576333617210,"group":{"id":"trigger","version":"2"},"event":{"count":1,"data":{},"id":"execute.PythonConfigurationType.Run"}}
{"session":"19b317712eb6","build":"182.4129.34","bucket":"-1","time":1576333617350,"group":{"id":"toolwindow","version":"2"},"event":{"count":1,"data":{},"id":"Run_by_Activation"}}
{"session":"19b317712eb6","build":"182.4129.34","bucket":"-1","time":1576333633073,"group":{"id":"actions","version":"2"},"event":{"count":1,"data":{},"id":"Run"}}
{"session":"19b317712eb6","build":"182.4129.34","bucket":"-1","time":1576333633152,"group":{"id":"trigger","version":"2"},"event":{"count":1,"data":{},"id":"execute.PythonConfigurationType.Run"}}
{"session":"19b317712eb6","build":"182.4129.34","bucket":"-1","time":1576333633308,"group":{"id":"toolwindow","version":"2"},"event":{"count":1,"data":{},"id":"Run_by_Activation"}}
{"session":"19b317712eb6","build":"182.4129.34","bucket":"-1","time":1576333635589,"group":{"id":"actions","version":"2"},"event":{"count":1,"data":{},"id":"Run"}}
{"session":"19b317712eb6","build":"182.4129.34","bucket":"-1","time":1576333635651,"group":{"id":"trigger","version":"2"},"event":{"count":1,"data":{},"id":"execute.PythonConfigurationType.Run"}}
{"session":"19b317712eb6","build":"182.4129.34","bucket":"-1","time":1576333635761,"group":{"id":"actions","version":"2"},"event":{"count":1,"data":{},"id":"Run"}}
{"session":"19b317712eb6","build":"182.4129.34","bucket":"-1","time":1576333635792,"group":{"id":"toolwindow","version":"2"},"event":{"count":1,"data":{},"id":"Run_by_Activation"}}
{"session":"19b317712eb6","build":"182.4129.34","bucket":"-1","time":1576333635823,"group":{"id":"trigger","version":"2"},"event":{"count":1,"data":{},"id":"execute.PythonConfigurationType.Run"}}
{"session":"19b317712eb6","build":"182.4129.34","bucket":"-1","time":1576333635948,"group":{"id":"toolwindow","version":"2"},"event":{"count":1,"data":{},"id":"Run_by_Activation"}}
{"session":"19b317712eb6","build":"182.4129.34","bucket":"-1","time":1576333635964,"group":{"id":"actions","version":"2"},"event":{"count":1,"data":{},"id":"Run"}}
{"session":"19b317712eb6","build":"182.4129.34","bucket":"-1","time":1576333636026,"group":{"id":"trigger","version":"2"},"event":{"count":1,"data":{},"id":"execute.PythonConfigurationType.Run"}}
{"session":"19b317712eb6","build":"182.4129.34","bucket":"-1","time":1576333636183,"group":{"id":"toolwindow","version":"2"},"event":{"count":1,"data":{},"id":"Run_by_Activation"}}
{"session":"19b317712eb6","build":"182.4129.34","bucket":"-1","time":1576333844569,"group":{"id":"actions","version":"2"},"event":{"count":36,"data":{},"id":"EditorUp"}}
{"session":"19b317712eb6","build":"182.4129.34","bucket":"-1","time":1576333913693,"group":{"id":"actions","version":"2"},"event":{"count":6,"data":{},"id":"EditorBackSpace"}}
{"session":"19b317712eb6","build":"182.4129.34","bucket":"-1","time":1576333947067,"group":{"id":"actions","version":"2"},"event":{"count":13,"data":{},"id":"EditorDown"}}
{"session":"19b317712eb6","build":"182.4129.34","bucket":"-1","time":1576333952973,"group":{"id":"actions","version":"2"},"event":{"count":1,"data":{},"id":"EditorBackSpace"}}
{"session":"19b317712eb6","build":"182.4129.34","bucket":"-1","time":1576333955020,"group":{"id":"actions","version":"2"},"event":{"count":8,"data":{},"id":"EditorDown"}}
{"session":"19b317712eb6","build":"182.4129.34","bucket":"-1","time":1576333962207,"group":{"id":"actions","version":"2"},"event":{"count":1,"data":{},"id":"Run"}}
{"session":"19b317712eb6","build":"182.4129.34","bucket":"-1","time":1576333962286,"group":{"id":"trigger","version":"2"},"event":{"count":1,"data":{},"id":"execute.PythonConfigurationType.Run"}}
{"session":"19b317712eb6","build":"182.4129.34","bucket":"-1","time":1576333962457,"group":{"id":"toolwindow","version":"2"},"event":{"count":1,"data":{},"id":"Run_by_Activation"}}
{"session":"19b317712eb6","build":"182.4129.34","bucket":"-1","time":1576334014831,"group":{"id":"actions","version":"2"},"event":{"count":1,"data":{},"id":"Run"}}
{"session":"19b317712eb6","build":"182.4129.34","bucket":"-1","time":1576334014894,"group":{"id":"trigger","version":"2"},"event":{"count":1,"data":{},"id":"execute.PythonConfigurationType.Run"}}
{"session":"19b317712eb6","build":"182.4129.34","bucket":"-1","time":1576334015019,"group":{"id":"toolwindow","version":"2"},"event":{"count":1,"data":{},"id":"Run_by_Activation"}}
{"session":"19b317712eb6","build":"182.4129.34","bucket":"-1","time":1576334023300,"group":{"id":"actions","version":"2"},"event":{"count":1,"data":{},"id":"RunClass"}}
{"session":"19b317712eb6","build":"182.4129.34","bucket":"-1","time":1576334023362,"group":{"id":"trigger","version":"2"},"event":{"count":1,"data":{},"id":"execute.PythonConfigurationType.Run"}}
{"session":"19b317712eb6","build":"182.4129.34","bucket":"-1","time":1576334023566,"group":{"id":"toolwindow","version":"2"},"event":{"count":1,"data":{},"id":"Run_by_Activation"}}
{"session":"19b317712eb6","build":"182.4129.34","bucket":"-1","time":1576334032878,"group":{"id":"actions","version":"2"},"event":{"count":1,"data":{},"id":"EditorBackSpace"}}
{"session":"19b317712eb6","build":"182.4129.34","bucket":"-1","time":1576334034847,"group":{"id":"actions","version":"2"},"event":{"count":7,"data":{},"id":"EditorLeft"}}
{"session":"19b317712eb6","build":"182.4129.34","bucket":"-1","time":1576334039940,"group":{"id":"actions","version":"2"},"event":{"count":2,"data":{},"id":"EditorBackSpace"}}
{"session":"19b317712eb6","build":"182.4129.34","bucket":"-1","time":1576334049893,"group":{"id":"actions","version":"2"},"event":{"count":1,"data":{},"id":"Run"}}
{"session":"19b317712eb6","build":"182.4129.34","bucket":"-1","time":1576334049971,"group":{"id":"trigger","version":"2"},"event":{"count":1,"data":{},"id":"execute.PythonConfigurationType.Run"}}
{"session":"19b317712eb6","build":"182.4129.34","bucket":"-1","time":1576334050190,"group":{"id":"toolwindow","version":"2"},"event":{"count":1,"data":{},"id":"Run_by_Activation"}}
{"session":"19b317712eb6","build":"182.4129.34","bucket":"-1","time":1576334067440,"group":{"id":"actions","version":"2"},"event":{"count":1,"data":{},"id":"Run"}}
{"session":"19b317712eb6","build":"182.4129.34","bucket":"-1","time":1576334067502,"group":{"id":"trigger","version":"2"},"event":{"count":1,"data":{},"id":"execute.PythonConfigurationType.Run"}}
{"session":"19b317712eb6","build":"182.4129.34","bucket":"-1","time":1576334067736,"group":{"id":"toolwindow","version":"2"},"event":{"count":1,"data":{},"id":"Run_by_Activation"}}
{"session":"19b317712eb6","build":"182.4129.34","bucket":"-1","time":1576334075924,"group":{"id":"actions","version":"2"},"event":{"count":1,"data":{},"id":"EditorBackSpace"}}
{"session":"19b317712eb6","build":"182.4129.34","bucket":"-1","time":1576334078986,"group":{"id":"actions","version":"2"},"event":{"count":1,"data":{},"id":"Run"}}
{"session":"19b317712eb6","build":"182.4129.34","bucket":"-1","time":1576334079049,"group":{"id":"trigger","version":"2"},"event":{"count":1,"data":{},"id":"execute.PythonConfigurationType.Run"}}
{"session":"19b317712eb6","build":"182.4129.34","bucket":"-1","time":1576334079268,"group":{"id":"toolwindow","version":"2"},"event":{"count":1,"data":{},"id":"Run_by_Activation"}}
{"session":"19b317712eb6","build":"182.4129.34","bucket":"-1","time":1576334079752,"group":{"id":"actions","version":"2"},"event":{"count":1,"data":{},"id":"Run"}}
{"session":"19b317712eb6","build":"182.4129.34","bucket":"-1","time":1576334079814,"group":{"id":"trigger","version":"2"},"event":{"count":1,"data":{},"id":"execute.PythonConfigurationType.Run"}}
{"session":"19b317712eb6","build":"182.4129.34","bucket":"-1","time":1576334079986,"group":{"id":"toolwindow","version":"2"},"event":{"count":1,"data":{},"id":"Run_by_Activation"}}
{"session":"19b317712eb6","build":"182.4129.34","bucket":"-1","time":1576334153606,"group":{"id":"actions","version":"2"},"event":{"count":1,"data":{},"id":"RunClass"}}
{"session":"19b317712eb6","build":"182.4129.34","bucket":"-1","time":1576334153668,"group":{"id":"trigger","version":"2"},"event":{"count":1,"data":{},"id":"execute.PythonConfigurationType.Run"}}
{"session":"19b317712eb6","build":"182.4129.34","bucket":"-1","time":1576334153824,"group":{"id":"toolwindow","version":"2"},"event":{"count":1,"data":{},"id":"Run_by_Activation"}}
{"session":"19b317712eb6","build":"182.4129.34","bucket":"-1","time":1576334195370,"group":{"id":"actions","version":"2"},"event":{"count":1,"data":{},"id":"EditorBackSpace"}}
{"session":"19b317712eb6","build":"182.4129.34","bucket":"-1","time":1576334196949,"group":{"id":"actions","version":"2"},"event":{"count":1,"data":{},"id":"EditorEnter"}}
{"session":"19b317712eb6","build":"182.4129.34","bucket":"-1","time":1576334198761,"group":{"id":"actions","version":"2"},"event":{"count":4,"data":{},"id":"EditorBackSpace"}}
{"session":"19b317712eb6","build":"182.4129.34","bucket":"-1","time":1576334211964,"group":{"id":"actions","version":"2"},"event":{"count":1,"data":{},"id":"EditorRight"}}
{"session":"19b317712eb6","build":"182.4129.34","bucket":"-1","time":1576334219214,"group":{"id":"actions","version":"2"},"event":{"count":1,"data":{},"id":"EditorEnter"}}
{"session":"19b317712eb6","build":"182.4129.34","bucket":"-1","time":1576334221636,"group":{"id":"actions","version":"2"},"event":{"count":2,"data":{},"id":"EditorBackSpace"}}
{"session":"19b317712eb6","build":"182.4129.34","bucket":"-1","time":1576334285134,"group":{"id":"actions","version":"2"},"event":{"count":47,"data":{},"id":"EditorUp"}}
{"session":"19b317712eb6","build":"182.4129.34","bucket":"-1","time":1576334295478,"group":{"id":"actions","version":"2"},"event":{"count":2,"data":{},"id":"EditorBackSpace"}}
{"session":"19b317712eb6","build":"182.4129.34","bucket":"-1","time":1576334317852,"group":{"id":"actions","version":"2"},"event":{"count":1,"data":{},"id":"RunClass"}}
{"session":"19b317712eb6","build":"182.4129.34","bucket":"-1","time":1576334317915,"group":{"id":"trigger","version":"2"},"event":{"count":1,"data":{},"id":"execute.PythonConfigurationType.Run"}}
{"session":"19b317712eb6","build":"182.4129.34","bucket":"-1","time":1576334318118,"group":{"id":"toolwindow","version":"2"},"event":{"count":1,"data":{},"id":"Run_by_Activation"}}
{"session":"19b317712eb6","build":"182.4129.34","bucket":"-1","time":1576334335821,"group":{"id":"actions","version":"2"},"event":{"count":1,"data":{},"id":"RunClass"}}
{"session":"19b317712eb6","build":"182.4129.34","bucket":"-1","time":1576334335899,"group":{"id":"trigger","version":"2"},"event":{"count":1,"data":{},"id":"execute.PythonConfigurationType.Run"}}
{"session":"19b317712eb6","build":"182.4129.34","bucket":"-1","time":1576334336305,"group":{"id":"toolwindow","version":"2"},"event":{"count":1,"data":{},"id":"Run_by_Activation"}}
{"session":"19b317712eb6","build":"182.4129.34","bucket":"-1","time":1576334371633,"group":{"id":"actions","version":"2"},"event":{"count":31,"data":{},"id":"EditorDown"}}
{"session":"19b317712eb6","build":"182.4129.34","bucket":"-1","time":1576334439991,"group":{"id":"actions","version":"2"},"event":{"count":1,"data":{},"id":"RunClass"}}
{"session":"19b317712eb6","build":"182.4129.34","bucket":"-1","time":1576334440053,"group":{"id":"trigger","version":"2"},"event":{"count":1,"data":{},"id":"execute.PythonConfigurationType.Run"}}
{"session":"19b317712eb6","build":"182.4129.34","bucket":"-1","time":1576334440240,"group":{"id":"toolwindow","version":"2"},"event":{"count":1,"data":{},"id":"Run_by_Activation"}}
{"session":"19b317712eb6","build":"182.4129.34","bucket":"-1","time":1576334568410,"group":{"id":"actions","version":"2"},"event":{"count":1,"data":{},"id":"EditorBackSpace"}}
{"session":"19b317712eb6","build":"182.4129.34","bucket":"-1","time":1576334586894,"group":{"id":"actions","version":"2"},"event":{"count":3,"data":{},"id":"EditorDown"}}
{"session":"19b317712eb6","build":"182.4129.34","bucket":"-1","time":1576334596050,"group":{"id":"actions","version":"2"},"event":{"count":1,"data":{},"id":"RunClass"}}
{"session":"19b317712eb6","build":"182.4129.34","bucket":"-1","time":1576334596112,"group":{"id":"trigger","version":"2"},"event":{"count":1,"data":{},"id":"execute.PythonConfigurationType.Run"}}
{"session":"19b317712eb6","build":"182.4129.34","bucket":"-1","time":1576334596347,"group":{"id":"toolwindow","version":"2"},"event":{"count":1,"data":{},"id":"Run_by_Activation"}}
{"session":"19b317712eb6","build":"182.4129.34","bucket":"-1","time":1576334726797,"group":{"id":"actions","version":"2"},"event":{"count":1,"data":{},"id":"RunClass"}}
{"session":"19b317712eb6","build":"182.4129.34","bucket":"-1","time":1576334726860,"group":{"id":"trigger","version":"2"},"event":{"count":1,"data":{},"id":"execute.PythonConfigurationType.Run"}}
{"session":"19b317712eb6","build":"182.4129.34","bucket":"-1","time":1576334727141,"group":{"id":"toolwindow","version":"2"},"event":{"count":1,"data":{},"id":"Run_by_Activation"}}
{"session":"19b317712eb6","build":"182.4129.34","bucket":"-1","time":1576334734328,"group":{"id":"actions","version":"2"},"event":{"count":1,"data":{},"id":"EditorRight"}}
{"session":"19b317712eb6","build":"182.4129.34","bucket":"-1","time":1576334734797,"group":{"id":"actions","version":"2"},"event":{"count":1,"data":{},"id":"EditorBackSpace"}}
{"session":"19b317712eb6","build":"182.4129.34","bucket":"-1","time":1576334768250,"group":{"id":"actions","version":"2"},"event":{"count":17,"data":{},"id":"EditorBackSpace"}}
{"session":"19b317712eb6","build":"182.4129.34","bucket":"-1","time":1576334770671,"group":{"id":"actions","version":"2"},"event":{"count":2,"data":{},"id":"EditorDeleteToWordStart"}}
{"session":"19b317712eb6","build":"182.4129.34","bucket":"-1","time":1576334770953,"group":{"id":"actions","version":"2"},"event":{"count":1,"data":{},"id":"EditorBackSpace"}}
{"session":"19b317712eb6","build":"182.4129.34","bucket":"-1","time":1576334773187,"group":{"id":"actions","version":"2"},"event":{"count":2,"data":{},"id":"$Undo"}}
{"session":"19b317712eb6","build":"182.4129.34","bucket":"-1","time":1576334786577,"group":{"id":"actions","version":"2"},"event":{"count":2,"data":{},"id":"EditorBackSpace"}}
{"session":"19b317712eb6","build":"182.4129.34","bucket":"-1","time":1576334788749,"group":{"id":"actions","version":"2"},"event":{"count":1,"data":{},"id":"EditorEnter"}}
{"session":"19b317712eb6","build":"182.4129.34","bucket":"-1","time":1576334793218,"group":{"id":"editing","version":"2"},"event":{"count":2,"data":{},"id":"editing.select.word"}}
{"session":"19b317712eb6","build":"182.4129.34","bucket":"-1","time":1576334799546,"group":{"id":"actions","version":"2"},"event":{"count":1,"data":{},"id":"RunClass"}}
{"session":"19b317712eb6","build":"182.4129.34","bucket":"-1","time":1576334799608,"group":{"id":"trigger","version":"2"},"event":{"count":1,"data":{},"id":"execute.PythonConfigurationType.Run"}}
{"session":"19b317712eb6","build":"182.4129.34","bucket":"-1","time":1576334799889,"group":{"id":"toolwindow","version":"2"},"event":{"count":1,"data":{},"id":"Run_by_Activation"}}
{"session":"19b317712eb6","build":"182.4129.34","bucket":"-1","time":1576334816311,"group":{"id":"actions","version":"2"},"event":{"count":1,"data":{},"id":"EditorBackSpace"}}
{"session":"19b317712eb6","build":"182.4129.34","bucket":"-1","time":1576334819530,"group":{"id":"actions","version":"2"},"event":{"count":1,"data":{},"id":"RunClass"}}
{"session":"19b317712eb6","build":"182.4129.34","bucket":"-1","time":1576334819592,"group":{"id":"trigger","version":"2"},"event":{"count":1,"data":{},"id":"execute.PythonConfigurationType.Run"}}
{"session":"19b317712eb6","build":"182.4129.34","bucket":"-1","time":1576334819873,"group":{"id":"toolwindow","version":"2"},"event":{"count":1,"data":{},"id":"Run_by_Activation"}}
{"session":"19b317712eb6","build":"182.4129.34","bucket":"-1","time":1576334825389,"group":{"id":"actions","version":"2"},"event":{"count":1,"data":{},"id":"EditorBackSpace"}}
{"session":"19b317712eb6","build":"182.4129.34","bucket":"-1","time":1576334827842,"group":{"id":"actions","version":"2"},"event":{"count":1,"data":{},"id":"EditorEnter"}}
{"session":"19b317712eb6","build":"182.4129.34","bucket":"-1","time":1576334859076,"group":{"id":"actions","version":"2"},"event":{"count":3,"data":{},"id":"EditorBackSpace"}}
{"session":"19b317712eb6","build":"182.4129.34","bucket":"-1","time":1576334868544,"group":{"id":"actions","version":"2"},"event":{"count":1,"data":{},"id":"RunClass"}}
{"session":"19b317712eb6","build":"182.4129.34","bucket":"-1","time":1576334868607,"group":{"id":"trigger","version":"2"},"event":{"count":1,"data":{},"id":"execute.PythonConfigurationType.Run"}}
{"session":"19b317712eb6","build":"182.4129.34","bucket":"-1","time":1576334868826,"group":{"id":"toolwindow","version":"2"},"event":{"count":1,"data":{},"id":"Run_by_Activation"}}
{"session":"19b317712eb6","build":"182.4129.34","bucket":"-1","time":1576334874763,"group":{"id":"actions","version":"2"},"event":{"count":1,"data":{},"id":"EditorBackSpace"}}
{"session":"19b317712eb6","build":"182.4129.34","bucket":"-1","time":1576334876060,"group":{"id":"actions","version":"2"},"event":{"count":1,"data":{},"id":"EditorEnter"}}
{"session":"19b317712eb6","build":"182.4129.34","bucket":"-1","time":1576334880247,"group":{"id":"actions","version":"2"},"event":{"count":1,"data":{},"id":"$Undo"}}
{"session":"19b317712eb6","build":"182.4129.34","bucket":"-1","time":1576334886278,"group":{"id":"actions","version":"2"},"event":{"count":1,"data":{},"id":"RunClass"}}
{"session":"19b317712eb6","build":"182.4129.34","bucket":"-1","time":1576334886341,"group":{"id":"trigger","version":"2"},"event":{"count":1,"data":{},"id":"execute.PythonConfigurationType.Run"}}
{"session":"19b317712eb6","build":"182.4129.34","bucket":"-1","time":1576334886606,"group":{"id":"toolwindow","version":"2"},"event":{"count":1,"data":{},"id":"Run_by_Activation"}}
{"session":"19b317712eb6","build":"182.4129.34","bucket":"-1","time":1576334894356,"group":{"id":"actions","version":"2"},"event":{"count":1,"data":{},"id":"EditorBackSpace"}}
{"session":"19b317712eb6","build":"182.4129.34","bucket":"-1","time":1576334898108,"group":{"id":"actions","version":"2"},"event":{"count":1,"data":{},"id":"RunClass"}}
{"session":"19b317712eb6","build":"182.4129.34","bucket":"-1","time":1576334898193,"group":{"id":"trigger","version":"2"},"event":{"count":1,"data":{},"id":"execute.PythonConfigurationType.Run"}}
{"session":"19b317712eb6","build":"182.4129.34","bucket":"-1","time":1576334898456,"group":{"id":"toolwindow","version":"2"},"event":{"count":1,"data":{},"id":"Run_by_Activation"}}
{"session":"19b317712eb6","build":"182.4129.34","bucket":"-1","time":1576334929785,"group":{"id":"actions","version":"2"},"event":{"count":1,"data":{},"id":"EditorBackSpace"}}
{"session":"19b317712eb6","build":"182.4129.34","bucket":"-1","time":1576334948910,"group":{"id":"actions","version":"2"},"event":{"count":1,"data":{},"id":"RunClass"}}
{"session":"19b317712eb6","build":"182.4129.34","bucket":"-1","time":1576334948988,"group":{"id":"trigger","version":"2"},"event":{"count":1,"data":{},"id":"execute.PythonConfigurationType.Run"}}
{"session":"19b317712eb6","build":"182.4129.34","bucket":"-1","time":1576334949285,"group":{"id":"toolwindow","version":"2"},"event":{"count":1,"data":{},"id":"Run_by_Activation"}}
{"session":"19b317712eb6","build":"182.4129.34","bucket":"-1","time":1576334966394,"group":{"id":"actions","version":"2"},"event":{"count":1,"data":{},"id":"EditorBackSpace"}}
{"session":"19b317712eb6","build":"182.4129.34","bucket":"-1","time":1576334970597,"group":{"id":"editing","version":"2"},"event":{"count":3,"data":{},"id":"editing.select.word"}}
{"session":"19b317712eb6","build":"182.4129.34","bucket":"-1","time":1576334976175,"group":{"id":"actions","version":"2"},"event":{"count":1,"data":{},"id":"Run"}}
{"session":"19b317712eb6","build":"182.4129.34","bucket":"-1","time":1576334976253,"group":{"id":"trigger","version":"2"},"event":{"count":1,"data":{},"id":"execute.PythonConfigurationType.Run"}}
{"session":"19b317712eb6","build":"182.4129.34","bucket":"-1","time":1576334976362,"group":{"id":"toolwindow","version":"2"},"event":{"count":1,"data":{},"id":"Run_by_Activation"}}
{"session":"19b317712eb6","build":"182.4129.34","bucket":"-1","time":1576334984409,"group":{"id":"actions","version":"2"},"event":{"count":4,"data":{},"id":"EditorBackSpace"}}
{"session":"19b317712eb6","build":"182.4129.34","bucket":"-1","time":1576335016424,"group":{"id":"actions","version":"2"},"event":{"count":1,"data":{},"id":"RunClass"}}
{"session":"19b317712eb6","build":"182.4129.34","bucket":"-1","time":1576335016486,"group":{"id":"trigger","version":"2"},"event":{"count":1,"data":{},"id":"execute.PythonConfigurationType.Run"}}
{"session":"19b317712eb6","build":"182.4129.34","bucket":"-1","time":1576335016689,"group":{"id":"toolwindow","version":"2"},"event":{"count":1,"data":{},"id":"Run_by_Activation"}}
{"session":"19b317712eb6","build":"182.4129.34","bucket":"-1","time":1576335046158,"group":{"id":"editing","version":"2"},"event":{"count":1,"data":{},"id":"editing.select.word"}}
{"session":"19b317712eb6","build":"182.4129.34","bucket":"-1","time":1576335058204,"group":{"id":"actions","version":"2"},"event":{"count":1,"data":{},"id":"EditorBackSpace"}}
{"session":"19b317712eb6","build":"182.4129.34","bucket":"-1","time":1576335065048,"group":{"id":"actions","version":"2"},"event":{"count":2,"data":{},"id":"$Undo"}}
{"session":"19b317712eb6","build":"182.4129.34","bucket":"-1","time":1576335174893,"group":{"id":"ui.dialogs","version":"2"},"event":{"count":1,"data":{"type":"show"},"id":"com.intellij.openapi.ui.messages.MessageDialog"}}
{"session":"19b317712eb6","build":"182.4129.34","bucket":"-1","time":1576335177502,"group":{"id":"ui.dialogs","version":"2"},"event":{"count":1,"data":{"type":"show"},"id":"com.intellij.openapi.progress.util.ProgressDialog$MyDialogWrapper"}}
{"session":"19b317712eb6","build":"182.4129.34","bucket":"-1","time":1576335178346,"group":{"id":"lifecycle","version":"2"},"event":{"count":1,"data":{},"id":"project.closed"}}
{"session":"19b317712eb6","build":"182.4129.34","bucket":"-1","time":1576335178471,"group":{"id":"ui.dialogs","version":"2"},"event":{"count":1,"data":{"code":1,"type":"close"},"id":"com.intellij.openapi.progress.util.ProgressDialog$MyDialogWrapper"}}
{"session":"19b317712eb6","build":"182.4129.34","bucket":"-1","time":1576335182893,"group":{"id":"ui.dialogs","version":"2"},"event":{"count":1,"data":{"type":"show"},"id":"com.intellij.openapi.ui.messages.MessageDialog"}}
{"session":"19b317712eb6","build":"182.4129.34","bucket":"-1","time":1576335185502,"group":{"id":"lifecycle","version":"2"},"event":{"count":1,"data":{"restart":false},"id":"app.closed"}}
{"session":"19b317712eb6","build":"182.4129.34","bucket":"-1","time":1576335185971,"group":{"id":"lifecycle","version":"2"},"event":{"count":1,"data":{},"id":"project.closed"}}
{"session":"19b317712eb6","build":"182.4129.34","bucket":"-1","time":1576335186455,"group":{"id":"lifecycle","version":"2"},"event":{"count":1,"data":{},"id":"ideaapp.closed"}}
