{"session":"6049521f17f0","build":"182.4129.34","bucket":"-1","time":1578235035722,"group":{"id":"ui.dialogs","version":"2"},"event":{"count":1,"data":{"type":"show"},"id":"com.intellij.openapi.progress.util.ProgressDialog$MyDialogWrapper"}}
{"session":"6049521f17f0","build":"182.4129.34","bucket":"-1","time":1578235037277,"group":{"id":"lifecycle","version":"2"},"event":{"count":1,"data":{"durationSeconds":21},"id":"ide.freeze"}}
{"session":"6049521f17f0","build":"182.4129.34","bucket":"-1","time":1578235050323,"group":{"id":"ui.dialogs","version":"2"},"event":{"count":1,"data":{"code":1,"type":"close"},"id":"com.intellij.openapi.progress.util.ProgressDialog$MyDialogWrapper"}}
{"session":"6049521f17f0","build":"182.4129.34","bucket":"-1","time":1578235050430,"group":{"id":"lifecycle","version":"2"},"event":{"count":1,"data":{},"id":"project.opened"}}
{"session":"6049521f17f0","build":"182.4129.34","bucket":"-1","time":1578235052881,"group":{"id":"ui.dialogs","version":"2"},"event":{"count":1,"data":{"type":"show"},"id":"com.intellij.openapi.progress.util.ProgressDialog$MyDialogWrapper"}}
{"session":"6049521f17f0","build":"182.4129.34","bucket":"-1","time":1578235059594,"group":{"id":"ui.dialogs","version":"2"},"event":{"count":1,"data":{"code":1,"type":"close"},"id":"com.intellij.openapi.progress.util.ProgressDialog$MyDialogWrapper"}}
{"session":"6049521f17f0","build":"182.4129.34","bucket":"-1","time":1578235060077,"group":{"id":"lifecycle","version":"2"},"event":{"count":1,"data":{},"id":"project.opened"}}
{"session":"6049521f17f0","build":"182.4129.34","bucket":"-1","time":1578235061038,"group":{"id":"system.os.name","version":"2"},"event":{"data":{},"id":"Windows"}}
{"session":"6049521f17f0","build":"182.4129.34","bucket":"-1","time":1578235061038,"group":{"id":"system.os.version","version":"2"},"event":{"data":{},"id":"10.0"}}
{"session":"6049521f17f0","build":"182.4129.34","bucket":"-1","time":1578235061067,"group":{"id":"system.jvm.vendor","version":"2"},"event":{"data":{},"id":"JetBrains_s.r.o"}}
{"session":"6049521f17f0","build":"182.4129.34","bucket":"-1","time":1578235061067,"group":{"id":"system.jvm.version","version":"2"},"event":{"data":{},"id":"1.8"}}
{"session":"6049521f17f0","build":"182.4129.34","bucket":"-1","time":1578235063792,"group":{"id":"system.os.name","version":"2"},"event":{"data":{},"id":"Windows"}}
{"session":"6049521f17f0","build":"182.4129.34","bucket":"-1","time":1578235063794,"group":{"id":"system.os.version","version":"2"},"event":{"data":{},"id":"10.0"}}
{"session":"6049521f17f0","build":"182.4129.34","bucket":"-1","time":1578235063796,"group":{"id":"system.jvm.vendor","version":"2"},"event":{"data":{},"id":"JetBrains_s.r.o"}}
{"session":"6049521f17f0","build":"182.4129.34","bucket":"-1","time":1578235063797,"group":{"id":"system.jvm.version","version":"2"},"event":{"data":{},"id":"1.8"}}
{"session":"6049521f17f0","build":"182.4129.34","bucket":"-1","time":1578235064905,"group":{"id":"lifecycle","version":"2"},"event":{"count":1,"data":{},"id":"project.opened"}}
{"session":"6049521f17f0","build":"182.4129.34","bucket":"-1","time":1578235065812,"group":{"id":"lifecycle","version":"2"},"event":{"count":1,"data":{},"id":"ideaapp.started"}}
{"session":"6049521f17f0","build":"182.4129.34","bucket":"-1","time":1578235065844,"group":{"id":"lifecycle","version":"2"},"event":{"count":1,"data":{},"id":"app.started"}}
{"session":"6049521f17f0","build":"182.4129.34","bucket":"-1","time":1578235067857,"group":{"id":"system.os.name","version":"2"},"event":{"data":{},"id":"Windows"}}
{"session":"6049521f17f0","build":"182.4129.34","bucket":"-1","time":1578235067858,"group":{"id":"system.os.version","version":"2"},"event":{"data":{},"id":"10.0"}}
{"session":"6049521f17f0","build":"182.4129.34","bucket":"-1","time":1578235067859,"group":{"id":"system.jvm.vendor","version":"2"},"event":{"data":{},"id":"JetBrains_s.r.o"}}
{"session":"6049521f17f0","build":"182.4129.34","bucket":"-1","time":1578235067859,"group":{"id":"system.jvm.version","version":"2"},"event":{"data":{},"id":"1.8"}}
{"session":"6049521f17f0","build":"182.4129.34","bucket":"-1","time":1578235068021,"group":{"id":"lifecycle","version":"2"},"event":{"count":1,"data":{"time.ms":34058},"id":"project.opening.finished"}}
{"session":"6049521f17f0","build":"182.4129.34","bucket":"-1","time":1578235068119,"group":{"id":"lifecycle","version":"2"},"event":{"count":1,"data":{"time.ms":8718},"id":"project.opening.finished"}}
{"session":"6049521f17f0","build":"182.4129.34","bucket":"-1","time":1578235068157,"group":{"id":"lifecycle","version":"2"},"event":{"count":1,"data":{"time.ms":3397},"id":"project.opening.finished"}}
{"session":"6049521f17f0","build":"182.4129.34","bucket":"-1","time":1578235085216,"group":{"id":"actions","version":"2"},"event":{"count":2,"data":{},"id":"$SelectAll"}}
{"session":"6049521f17f0","build":"182.4129.34","bucket":"-1","time":1578235090471,"group":{"id":"actions","version":"2"},"event":{"count":1,"data":{},"id":"EditorCopy"}}
{"session":"6049521f17f0","build":"182.4129.34","bucket":"-1","time":1578235101041,"group":{"id":"lifecycle","version":"2"},"event":{"count":1,"data":{"durationSeconds":7},"id":"ide.freeze"}}
{"session":"6049521f17f0","build":"182.4129.34","bucket":"-1","time":1578235396680,"group":{"id":"lifecycle","version":"2"},"event":{"count":2,"data":{},"id":"project.closed"}}
{"session":"6049521f17f0","build":"182.4129.34","bucket":"-1","time":1578235397163,"group":{"id":"lifecycle","version":"2"},"event":{"count":1,"data":{"restart":false},"id":"app.closed"}}
{"session":"6049521f17f0","build":"182.4129.34","bucket":"-1","time":1578235397480,"group":{"id":"lifecycle","version":"2"},"event":{"count":1,"data":{},"id":"project.closed"}}
{"session":"6049521f17f0","build":"182.4129.34","bucket":"-1","time":1578235398320,"group":{"id":"lifecycle","version":"2"},"event":{"count":1,"data":{},"id":"ideaapp.closed"}}
