{"session":"fce2456ad7da","build":"182.4129.34","bucket":"-1","time":1578144220328,"group":{"id":"ui.dialogs","version":"2"},"event":{"count":1,"data":{"type":"show"},"id":"com.intellij.openapi.progress.util.ProgressDialog$MyDialogWrapper"}}
{"session":"fce2456ad7da","build":"182.4129.34","bucket":"-1","time":1578144220707,"group":{"id":"lifecycle","version":"2"},"event":{"count":1,"data":{"durationSeconds":15},"id":"ide.freeze"}}
{"session":"fce2456ad7da","build":"182.4129.34","bucket":"-1","time":1578144235596,"group":{"id":"ui.dialogs","version":"2"},"event":{"count":1,"data":{"code":1,"type":"close"},"id":"com.intellij.openapi.progress.util.ProgressDialog$MyDialogWrapper"}}
{"session":"fce2456ad7da","build":"182.4129.34","bucket":"-1","time":1578144235705,"group":{"id":"lifecycle","version":"2"},"event":{"count":1,"data":{},"id":"project.opened"}}
{"session":"fce2456ad7da","build":"182.4129.34","bucket":"-1","time":1578144238221,"group":{"id":"ui.dialogs","version":"2"},"event":{"count":1,"data":{"type":"show"},"id":"com.intellij.openapi.progress.util.ProgressDialog$MyDialogWrapper"}}
{"session":"fce2456ad7da","build":"182.4129.34","bucket":"-1","time":1578144244564,"group":{"id":"ui.dialogs","version":"2"},"event":{"count":1,"data":{"code":1,"type":"close"},"id":"com.intellij.openapi.progress.util.ProgressDialog$MyDialogWrapper"}}
{"session":"fce2456ad7da","build":"182.4129.34","bucket":"-1","time":1578144244689,"group":{"id":"system.os.name","version":"2"},"event":{"data":{},"id":"Windows"}}
{"session":"fce2456ad7da","build":"182.4129.34","bucket":"-1","time":1578144244689,"group":{"id":"system.os.version","version":"2"},"event":{"data":{},"id":"10.0"}}
{"session":"fce2456ad7da","build":"182.4129.34","bucket":"-1","time":1578144244705,"group":{"id":"system.jvm.vendor","version":"2"},"event":{"data":{},"id":"JetBrains_s.r.o"}}
{"session":"fce2456ad7da","build":"182.4129.34","bucket":"-1","time":1578144244705,"group":{"id":"system.jvm.version","version":"2"},"event":{"data":{},"id":"1.8"}}
{"session":"fce2456ad7da","build":"182.4129.34","bucket":"-1","time":1578144245252,"group":{"id":"lifecycle","version":"2"},"event":{"count":1,"data":{},"id":"project.opened"}}
{"session":"fce2456ad7da","build":"182.4129.34","bucket":"-1","time":1578144247251,"group":{"id":"lifecycle","version":"2"},"event":{"count":1,"data":{},"id":"ideaapp.started"}}
{"session":"fce2456ad7da","build":"182.4129.34","bucket":"-1","time":1578144247251,"group":{"id":"lifecycle","version":"2"},"event":{"count":1,"data":{},"id":"app.started"}}
{"session":"fce2456ad7da","build":"182.4129.34","bucket":"-1","time":1578144251986,"group":{"id":"lifecycle","version":"2"},"event":{"count":1,"data":{"time.ms":33441},"id":"project.opening.finished"}}
{"session":"fce2456ad7da","build":"182.4129.34","bucket":"-1","time":1578144252142,"group":{"id":"lifecycle","version":"2"},"event":{"count":1,"data":{"time.ms":7701},"id":"project.opening.finished"}}
{"session":"fce2456ad7da","build":"182.4129.34","bucket":"-1","time":1578144256501,"group":{"id":"system.os.name","version":"2"},"event":{"data":{},"id":"Windows"}}
{"session":"fce2456ad7da","build":"182.4129.34","bucket":"-1","time":1578144256501,"group":{"id":"system.os.version","version":"2"},"event":{"data":{},"id":"10.0"}}
{"session":"fce2456ad7da","build":"182.4129.34","bucket":"-1","time":1578144256501,"group":{"id":"system.jvm.vendor","version":"2"},"event":{"data":{},"id":"JetBrains_s.r.o"}}
{"session":"fce2456ad7da","build":"182.4129.34","bucket":"-1","time":1578144256501,"group":{"id":"system.jvm.version","version":"2"},"event":{"data":{},"id":"1.8"}}
{"session":"fce2456ad7da","build":"182.4129.34","bucket":"-1","time":1578144329984,"group":{"id":"actions","version":"2"},"event":{"count":1,"data":{},"id":"OpenFile"}}
{"session":"fce2456ad7da","build":"182.4129.34","bucket":"-1","time":1578144330124,"group":{"id":"ui.dialogs","version":"2"},"event":{"count":1,"data":{"type":"show"},"id":"com.intellij.openapi.fileChooser.ex.FileChooserDialogImpl"}}
{"session":"fce2456ad7da","build":"182.4129.34","bucket":"-1","time":1578144334692,"group":{"id":"ui.dialogs","version":"2"},"event":{"count":1,"data":{"code":0,"type":"close"},"id":"com.intellij.openapi.fileChooser.ex.FileChooserDialogImpl"}}
{"session":"fce2456ad7da","build":"182.4129.34","bucket":"-1","time":1578144334801,"group":{"id":"ui.dialogs","version":"2"},"event":{"count":1,"data":{"type":"show"},"id":"com.intellij.platform.OpenOrAttachDialog"}}
{"session":"fce2456ad7da","build":"182.4129.34","bucket":"-1","time":1578144336004,"group":{"id":"ui.dialogs","version":"2"},"event":{"count":1,"data":{"code":0,"type":"close"},"id":"com.intellij.platform.OpenOrAttachDialog"}}
{"session":"fce2456ad7da","build":"182.4129.34","bucket":"-1","time":1578144336348,"group":{"id":"lifecycle","version":"2"},"event":{"count":1,"data":{},"id":"project.opened"}}
{"session":"fce2456ad7da","build":"182.4129.34","bucket":"-1","time":1578144336739,"group":{"id":"ui.dialogs","version":"2"},"event":{"count":1,"data":{"type":"show"},"id":"com.intellij.openapi.progress.util.ProgressDialog$MyDialogWrapper"}}
{"session":"fce2456ad7da","build":"182.4129.34","bucket":"-1","time":1578144337160,"group":{"id":"ui.dialogs","version":"2"},"event":{"count":1,"data":{"code":1,"type":"close"},"id":"com.intellij.openapi.progress.util.ProgressDialog$MyDialogWrapper"}}
{"session":"fce2456ad7da","build":"182.4129.34","bucket":"-1","time":1578144337348,"group":{"id":"system.os.name","version":"2"},"event":{"data":{},"id":"Windows"}}
{"session":"fce2456ad7da","build":"182.4129.34","bucket":"-1","time":1578144337348,"group":{"id":"system.os.version","version":"2"},"event":{"data":{},"id":"10.0"}}
{"session":"fce2456ad7da","build":"182.4129.34","bucket":"-1","time":1578144337348,"group":{"id":"system.jvm.vendor","version":"2"},"event":{"data":{},"id":"JetBrains_s.r.o"}}
{"session":"fce2456ad7da","build":"182.4129.34","bucket":"-1","time":1578144337348,"group":{"id":"system.jvm.version","version":"2"},"event":{"data":{},"id":"1.8"}}
{"session":"fce2456ad7da","build":"182.4129.34","bucket":"-1","time":1578144337457,"group":{"id":"lifecycle","version":"2"},"event":{"count":1,"data":{"time.ms":1231},"id":"project.opening.finished"}}
{"session":"fce2456ad7da","build":"182.4129.34","bucket":"-1","time":1578144406440,"group":{"id":"actions","version":"2"},"event":{"count":1,"data":{},"id":"NewElement"}}
{"session":"fce2456ad7da","build":"182.4129.34","bucket":"-1","time":1578144421158,"group":{"id":"actions","version":"2"},"event":{"count":1,"data":{},"id":"NewScratchFile"}}
{"session":"fce2456ad7da","build":"182.4129.34","bucket":"-1","time":1578144438033,"group":{"id":"actions","version":"2"},"event":{"count":1,"data":{},"id":"RenameFile"}}
{"session":"fce2456ad7da","build":"182.4129.34","bucket":"-1","time":1578144438111,"group":{"id":"refactoring","version":"2"},"event":{"count":1,"data":{},"id":"refactoring.rename"}}
{"session":"fce2456ad7da","build":"182.4129.34","bucket":"-1","time":1578144438298,"group":{"id":"ui.dialogs","version":"2"},"event":{"count":1,"data":{"type":"show"},"id":"com.intellij.refactoring.rename.RenamePsiFileProcessor$PsiFileRenameDialog"}}
{"session":"fce2456ad7da","build":"182.4129.34","bucket":"-1","time":1578144443673,"group":{"id":"actions","version":"2"},"event":{"count":13,"data":{},"id":"EditorBackSpace"}}
{"session":"fce2456ad7da","build":"182.4129.34","bucket":"-1","time":1578144454267,"group":{"id":"ui.dialogs","version":"2"},"event":{"count":1,"data":{"code":0,"type":"close"},"id":"com.intellij.refactoring.rename.RenamePsiFileProcessor$PsiFileRenameDialog"}}
{"session":"fce2456ad7da","build":"182.4129.34","bucket":"-1","time":1578144794914,"group":{"id":"actions","version":"2"},"event":{"count":8,"data":{},"id":"EditorBackSpace"}}
{"session":"fce2456ad7da","build":"182.4129.34","bucket":"-1","time":1578144798289,"group":{"id":"actions","version":"2"},"event":{"count":6,"data":{},"id":"EditorDelete"}}
{"session":"fce2456ad7da","build":"182.4129.34","bucket":"-1","time":1578144940676,"group":{"id":"actions","version":"2"},"event":{"count":2,"data":{},"id":"EditorDelete"}}
{"session":"fce2456ad7da","build":"182.4129.34","bucket":"-1","time":1578145026299,"group":{"id":"actions","version":"2"},"event":{"count":1,"data":{},"id":"EditorBackSpace"}}
{"session":"fce2456ad7da","build":"182.4129.34","bucket":"-1","time":1578145437538,"group":{"id":"actions","version":"2"},"event":{"count":1,"data":{},"id":"RunClass"}}
{"session":"fce2456ad7da","build":"182.4129.34","bucket":"-1","time":1578145437648,"group":{"id":"trigger","version":"2"},"event":{"count":1,"data":{},"id":"execute.PythonConfigurationType.Run"}}
{"session":"fce2456ad7da","build":"182.4129.34","bucket":"-1","time":1578145437710,"group":{"id":"toolwindow","version":"2"},"event":{"count":2,"data":{},"id":"Run_by_Activation"}}
{"session":"fce2456ad7da","build":"182.4129.34","bucket":"-1","time":1578145444241,"group":{"id":"actions","version":"2"},"event":{"count":27,"data":{},"id":"EditorDown"}}
{"session":"fce2456ad7da","build":"182.4129.34","bucket":"-1","time":1578145493146,"group":{"id":"actions","version":"2"},"event":{"count":65,"data":{},"id":"EditorUp"}}
{"session":"fce2456ad7da","build":"182.4129.34","bucket":"-1","time":1578145497412,"group":{"id":"actions","version":"2"},"event":{"count":54,"data":{},"id":"EditorDown"}}
{"session":"fce2456ad7da","build":"182.4129.34","bucket":"-1","time":1578145599862,"group":{"id":"actions","version":"2"},"event":{"count":39,"data":{},"id":"EditorUp"}}
{"session":"fce2456ad7da","build":"182.4129.34","bucket":"-1","time":1578145602628,"group":{"id":"actions","version":"2"},"event":{"count":46,"data":{},"id":"EditorDown"}}
{"session":"fce2456ad7da","build":"182.4129.34","bucket":"-1","time":1578145606393,"group":{"id":"actions","version":"2"},"event":{"count":39,"data":{},"id":"EditorUp"}}
{"session":"fce2456ad7da","build":"182.4129.34","bucket":"-1","time":1578145687313,"group":{"id":"actions","version":"2"},"event":{"count":41,"data":{},"id":"EditorUp"}}
{"session":"fce2456ad7da","build":"182.4129.34","bucket":"-1","time":1578146254501,"group":{"id":"actions","version":"2"},"event":{"count":42,"data":{},"id":"EditorDown"}}
{"session":"fce2456ad7da","build":"182.4129.34","bucket":"-1","time":1578146257361,"group":{"id":"actions","version":"2"},"event":{"count":53,"data":{},"id":"EditorUp"}}
{"session":"fce2456ad7da","build":"182.4129.34","bucket":"-1","time":1578146268501,"group":{"id":"actions","version":"2"},"event":{"count":1,"data":{},"id":"EditorRight"}}
{"session":"fce2456ad7da","build":"182.4129.34","bucket":"-1","time":1578146270517,"group":{"id":"actions","version":"2"},"event":{"count":11,"data":{},"id":"EditorDown"}}
{"session":"fce2456ad7da","build":"182.4129.34","bucket":"-1","time":1578146273720,"group":{"id":"actions","version":"2"},"event":{"count":11,"data":{},"id":"EditorRight"}}
{"session":"fce2456ad7da","build":"182.4129.34","bucket":"-1","time":1578146329718,"group":{"id":"actions","version":"2"},"event":{"count":12,"data":{},"id":"EditorDown"}}
{"session":"fce2456ad7da","build":"182.4129.34","bucket":"-1","time":1578146334031,"group":{"id":"actions","version":"2"},"event":{"count":32,"data":{},"id":"EditorUp"}}
{"session":"fce2456ad7da","build":"182.4129.34","bucket":"-1","time":1578146338171,"group":{"id":"actions","version":"2"},"event":{"count":1,"data":{},"id":"EditorDown"}}
{"session":"fce2456ad7da","build":"182.4129.34","bucket":"-1","time":1578146339515,"group":{"id":"actions","version":"2"},"event":{"count":1,"data":{},"id":"EditorUp"}}
