{"session":"83630c131d07","build":"182.4129.34","bucket":"-1","time":1577453664105,"group":{"id":"lifecycle","version":"2"},"event":{"count":1,"data":{"durationSeconds":16},"id":"ide.freeze"}}
{"session":"83630c131d07","build":"182.4129.34","bucket":"-1","time":1577453664120,"group":{"id":"ui.dialogs","version":"2"},"event":{"count":1,"data":{"type":"show"},"id":"com.intellij.openapi.progress.util.ProgressDialog$MyDialogWrapper"}}
{"session":"83630c131d07","build":"182.4129.34","bucket":"-1","time":1577453679162,"group":{"id":"ui.dialogs","version":"2"},"event":{"count":1,"data":{"code":1,"type":"close"},"id":"com.intellij.openapi.progress.util.ProgressDialog$MyDialogWrapper"}}
{"session":"83630c131d07","build":"182.4129.34","bucket":"-1","time":1577453679349,"group":{"id":"lifecycle","version":"2"},"event":{"count":1,"data":{},"id":"project.opened"}}
{"session":"83630c131d07","build":"182.4129.34","bucket":"-1","time":1577453682459,"group":{"id":"ui.dialogs","version":"2"},"event":{"count":1,"data":{"type":"show"},"id":"com.intellij.openapi.progress.util.ProgressDialog$MyDialogWrapper"}}
{"session":"83630c131d07","build":"182.4129.34","bucket":"-1","time":1577453688849,"group":{"id":"toolwindow","version":"2"},"event":{"count":1,"data":{},"id":"Project_by_Activation"}}
{"session":"83630c131d07","build":"182.4129.34","bucket":"-1","time":1577453690724,"group":{"id":"ui.dialogs","version":"2"},"event":{"count":1,"data":{"code":1,"type":"close"},"id":"com.intellij.openapi.progress.util.ProgressDialog$MyDialogWrapper"}}
{"session":"83630c131d07","build":"182.4129.34","bucket":"-1","time":1577453691505,"group":{"id":"system.os.name","version":"2"},"event":{"data":{},"id":"Windows"}}
{"session":"83630c131d07","build":"182.4129.34","bucket":"-1","time":1577453691505,"group":{"id":"system.os.version","version":"2"},"event":{"data":{},"id":"10.0"}}
{"session":"83630c131d07","build":"182.4129.34","bucket":"-1","time":1577453691505,"group":{"id":"system.jvm.vendor","version":"2"},"event":{"data":{},"id":"JetBrains_s.r.o"}}
{"session":"83630c131d07","build":"182.4129.34","bucket":"-1","time":1577453691505,"group":{"id":"system.jvm.version","version":"2"},"event":{"data":{},"id":"1.8"}}
{"session":"83630c131d07","build":"182.4129.34","bucket":"-1","time":1577453692349,"group":{"id":"lifecycle","version":"2"},"event":{"count":1,"data":{},"id":"project.opened"}}
{"session":"83630c131d07","build":"182.4129.34","bucket":"-1","time":1577453693162,"group":{"id":"ui.dialogs","version":"2"},"event":{"count":1,"data":{"type":"show"},"id":"com.intellij.openapi.progress.util.ProgressDialog$MyDialogWrapper"}}
{"session":"83630c131d07","build":"182.4129.34","bucket":"-1","time":1577453693927,"group":{"id":"lifecycle","version":"2"},"event":{"count":1,"data":{},"id":"ideaapp.started"}}
{"session":"83630c131d07","build":"182.4129.34","bucket":"-1","time":1577453693927,"group":{"id":"lifecycle","version":"2"},"event":{"count":1,"data":{},"id":"app.started"}}
{"session":"83630c131d07","build":"182.4129.34","bucket":"-1","time":1577453698177,"group":{"id":"ui.dialogs","version":"2"},"event":{"count":1,"data":{"code":1,"type":"close"},"id":"com.intellij.openapi.progress.util.ProgressDialog$MyDialogWrapper"}}
{"session":"83630c131d07","build":"182.4129.34","bucket":"-1","time":1577453698193,"group":{"id":"system.os.name","version":"2"},"event":{"data":{},"id":"Windows"}}
{"session":"83630c131d07","build":"182.4129.34","bucket":"-1","time":1577453698193,"group":{"id":"system.os.version","version":"2"},"event":{"data":{},"id":"10.0"}}
{"session":"83630c131d07","build":"182.4129.34","bucket":"-1","time":1577453698193,"group":{"id":"system.jvm.vendor","version":"2"},"event":{"data":{},"id":"JetBrains_s.r.o"}}
{"session":"83630c131d07","build":"182.4129.34","bucket":"-1","time":1577453698193,"group":{"id":"system.jvm.version","version":"2"},"event":{"data":{},"id":"1.8"}}
{"session":"83630c131d07","build":"182.4129.34","bucket":"-1","time":1577453698583,"group":{"id":"lifecycle","version":"2"},"event":{"count":1,"data":{"time.ms":37014},"id":"project.opening.finished"}}
{"session":"83630c131d07","build":"182.4129.34","bucket":"-1","time":1577453698583,"group":{"id":"lifecycle","version":"2"},"event":{"count":1,"data":{"time.ms":7958},"id":"project.opening.finished"}}
{"session":"83630c131d07","build":"182.4129.34","bucket":"-1","time":1577453712817,"group":{"id":"actions","version":"2"},"event":{"count":13,"data":{},"id":"EditorBackSpace"}}
{"session":"83630c131d07","build":"182.4129.34","bucket":"-1","time":1577453726067,"group":{"id":"actions","version":"2"},"event":{"count":1,"data":{},"id":"EditorUp"}}
{"session":"83630c131d07","build":"182.4129.34","bucket":"-1","time":1577453727583,"group":{"id":"actions","version":"2"},"event":{"count":3,"data":{},"id":"EditorBackSpace"}}
{"session":"83630c131d07","build":"182.4129.34","bucket":"-1","time":1577453732254,"group":{"id":"actions","version":"2"},"event":{"count":1,"data":{},"id":"EditorEnter"}}
{"session":"83630c131d07","build":"182.4129.34","bucket":"-1","time":1577453734207,"group":{"id":"actions","version":"2"},"event":{"count":1,"data":{},"id":"EditorUp"}}
{"session":"83630c131d07","build":"182.4129.34","bucket":"-1","time":1577453735504,"group":{"id":"actions","version":"2"},"event":{"count":3,"data":{},"id":"EditorBackSpace"}}
{"session":"83630c131d07","build":"182.4129.34","bucket":"-1","time":1577453740254,"group":{"id":"actions","version":"2"},"event":{"count":1,"data":{},"id":"EditorEnter"}}
{"session":"83630c131d07","build":"182.4129.34","bucket":"-1","time":1577453748020,"group":{"id":"actions","version":"2"},"event":{"count":2,"data":{},"id":"EditorBackSpace"}}
{"session":"83630c131d07","build":"182.4129.34","bucket":"-1","time":1577453754879,"group":{"id":"actions","version":"2"},"event":{"count":1,"data":{},"id":"Run"}}
{"session":"83630c131d07","build":"182.4129.34","bucket":"-1","time":1577453755066,"group":{"id":"trigger","version":"2"},"event":{"count":1,"data":{},"id":"execute.PythonConfigurationType.Run"}}
{"session":"83630c131d07","build":"182.4129.34","bucket":"-1","time":1577453756941,"group":{"id":"toolwindow","version":"2"},"event":{"count":1,"data":{},"id":"Run_by_Activation"}}
{"session":"83630c131d07","build":"182.4129.34","bucket":"-1","time":1577453767613,"group":{"id":"actions","version":"2"},"event":{"count":21,"data":{},"id":"EditorUp"}}
{"session":"83630c131d07","build":"182.4129.34","bucket":"-1","time":1577453791393,"group":{"id":"actions","version":"2"},"event":{"count":38,"data":{},"id":"EditorUp"}}
{"session":"83630c131d07","build":"182.4129.34","bucket":"-1","time":1577453795440,"group":{"id":"actions","version":"2"},"event":{"count":14,"data":{},"id":"EditorDown"}}
{"session":"83630c131d07","build":"182.4129.34","bucket":"-1","time":1577453820690,"group":{"id":"actions","version":"2"},"event":{"count":38,"data":{},"id":"EditorDown"}}
{"session":"83630c131d07","build":"182.4129.34","bucket":"-1","time":1577453901797,"group":{"id":"actions","version":"2"},"event":{"count":52,"data":{},"id":"EditorUp"}}
{"session":"83630c131d07","build":"182.4129.34","bucket":"-1","time":1577453905141,"group":{"id":"actions","version":"2"},"event":{"count":22,"data":{},"id":"EditorDown"}}
{"session":"83630c131d07","build":"182.4129.34","bucket":"-1","time":1577453919640,"group":{"id":"actions","version":"2"},"event":{"count":4,"data":{},"id":"EditorUp"}}
{"session":"83630c131d07","build":"182.4129.34","bucket":"-1","time":1577453921578,"group":{"id":"actions","version":"2"},"event":{"count":1,"data":{},"id":"EditorRight"}}
{"session":"83630c131d07","build":"182.4129.34","bucket":"-1","time":1577453921937,"group":{"id":"actions","version":"2"},"event":{"count":4,"data":{},"id":"EditorUp"}}
{"session":"83630c131d07","build":"182.4129.34","bucket":"-1","time":1577453925000,"group":{"id":"actions","version":"2"},"event":{"count":21,"data":{},"id":"EditorRight"}}
{"session":"83630c131d07","build":"182.4129.34","bucket":"-1","time":1577453940749,"group":{"id":"actions","version":"2"},"event":{"count":1,"data":{},"id":"EditorDown"}}
{"session":"83630c131d07","build":"182.4129.34","bucket":"-1","time":1577453941046,"group":{"id":"actions","version":"2"},"event":{"count":8,"data":{},"id":"EditorRight"}}
{"session":"83630c131d07","build":"182.4129.34","bucket":"-1","time":1577453946843,"group":{"id":"actions","version":"2"},"event":{"count":1,"data":{},"id":"EditorChooseLookupItem"}}
{"session":"83630c131d07","build":"182.4129.34","bucket":"-1","time":1577453946999,"group":{"id":"completion","version":"2"},"event":{"count":1,"data":{},"id":"editing.completion.basic"}}
{"session":"83630c131d07","build":"182.4129.34","bucket":"-1","time":1577454046965,"group":{"id":"actions","version":"2"},"event":{"count":1,"data":{},"id":"EditorBackSpace"}}
{"session":"83630c131d07","build":"182.4129.34","bucket":"-1","time":1577454051356,"group":{"id":"actions","version":"2"},"event":{"count":1,"data":{},"id":"EditorChooseLookupItem"}}
{"session":"83630c131d07","build":"182.4129.34","bucket":"-1","time":1577454051403,"group":{"id":"completion","version":"2"},"event":{"count":1,"data":{},"id":"editing.completion.basic"}}
{"session":"83630c131d07","build":"182.4129.34","bucket":"-1","time":1577454052871,"group":{"id":"actions","version":"2"},"event":{"count":4,"data":{},"id":"EditorBackSpace"}}
{"session":"83630c131d07","build":"182.4129.34","bucket":"-1","time":1577454059121,"group":{"id":"actions","version":"2"},"event":{"count":1,"data":{},"id":"Run"}}
{"session":"83630c131d07","build":"182.4129.34","bucket":"-1","time":1577454059184,"group":{"id":"trigger","version":"2"},"event":{"count":1,"data":{},"id":"execute.PythonConfigurationType.Run"}}
{"session":"83630c131d07","build":"182.4129.34","bucket":"-1","time":1577454059621,"group":{"id":"toolwindow","version":"2"},"event":{"count":1,"data":{},"id":"Run_by_Activation"}}
{"session":"83630c131d07","build":"182.4129.34","bucket":"-1","time":1577454071183,"group":{"id":"actions","version":"2"},"event":{"count":1,"data":{},"id":"RunClass"}}
{"session":"83630c131d07","build":"182.4129.34","bucket":"-1","time":1577454071261,"group":{"id":"trigger","version":"2"},"event":{"count":1,"data":{},"id":"execute.PythonConfigurationType.Run"}}
{"session":"83630c131d07","build":"182.4129.34","bucket":"-1","time":1577454071418,"group":{"id":"toolwindow","version":"2"},"event":{"count":1,"data":{},"id":"Run_by_Activation"}}
{"session":"83630c131d07","build":"182.4129.34","bucket":"-1","time":1577454084449,"group":{"id":"actions","version":"2"},"event":{"count":13,"data":{},"id":"EditorDown"}}
{"session":"83630c131d07","build":"182.4129.34","bucket":"-1","time":1577454107323,"group":{"id":"actions","version":"2"},"event":{"count":5,"data":{},"id":"EditorBackSpace"}}
{"session":"83630c131d07","build":"182.4129.34","bucket":"-1","time":1577454127463,"group":{"id":"actions","version":"2"},"event":{"count":1,"data":{},"id":"Run"}}
{"session":"83630c131d07","build":"182.4129.34","bucket":"-1","time":1577454127541,"group":{"id":"trigger","version":"2"},"event":{"count":1,"data":{},"id":"execute.PythonConfigurationType.Run"}}
{"session":"83630c131d07","build":"182.4129.34","bucket":"-1","time":1577454127682,"group":{"id":"toolwindow","version":"2"},"event":{"count":1,"data":{},"id":"Run_by_Activation"}}
{"session":"83630c131d07","build":"182.4129.34","bucket":"-1","time":1577454146791,"group":{"id":"actions","version":"2"},"event":{"count":5,"data":{},"id":"EditorBackSpace"}}
{"session":"83630c131d07","build":"182.4129.34","bucket":"-1","time":1577454156337,"group":{"id":"actions","version":"2"},"event":{"count":1,"data":{},"id":"EditorChooseLookupItem"}}
{"session":"83630c131d07","build":"182.4129.34","bucket":"-1","time":1577454156369,"group":{"id":"completion","version":"2"},"event":{"count":1,"data":{},"id":"editing.completion.basic"}}
{"session":"83630c131d07","build":"182.4129.34","bucket":"-1","time":1577454159759,"group":{"id":"actions","version":"2"},"event":{"count":1,"data":{},"id":"Run"}}
{"session":"83630c131d07","build":"182.4129.34","bucket":"-1","time":1577454159822,"group":{"id":"trigger","version":"2"},"event":{"count":1,"data":{},"id":"execute.PythonConfigurationType.Run"}}
{"session":"83630c131d07","build":"182.4129.34","bucket":"-1","time":1577454160025,"group":{"id":"toolwindow","version":"2"},"event":{"count":1,"data":{},"id":"Run_by_Activation"}}
{"session":"83630c131d07","build":"182.4129.34","bucket":"-1","time":1577454172556,"group":{"id":"actions","version":"2"},"event":{"count":1,"data":{},"id":"RunClass"}}
{"session":"83630c131d07","build":"182.4129.34","bucket":"-1","time":1577454172618,"group":{"id":"trigger","version":"2"},"event":{"count":1,"data":{},"id":"execute.PythonConfigurationType.Run"}}
{"session":"83630c131d07","build":"182.4129.34","bucket":"-1","time":1577454183321,"group":{"id":"toolwindow","version":"2"},"event":{"count":1,"data":{},"id":"Run_by_Activation"}}
{"session":"83630c131d07","build":"182.4129.34","bucket":"-1","time":1577454183352,"group":{"id":"editing","version":"2"},"event":{"count":1,"data":{},"id":"editing.select.word"}}
{"session":"83630c131d07","build":"182.4129.34","bucket":"-1","time":1577454184212,"group":{"id":"lifecycle","version":"2"},"event":{"count":1,"data":{"durationSeconds":17},"id":"ide.freeze"}}
{"session":"83630c131d07","build":"182.4129.34","bucket":"-1","time":1577454210383,"group":{"id":"actions","version":"2"},"event":{"count":1,"data":{},"id":"RunClass"}}
{"session":"83630c131d07","build":"182.4129.34","bucket":"-1","time":1577454210445,"group":{"id":"trigger","version":"2"},"event":{"count":1,"data":{},"id":"execute.PythonConfigurationType.Run"}}
{"session":"83630c131d07","build":"182.4129.34","bucket":"-1","time":1577454215352,"group":{"id":"toolwindow","version":"2"},"event":{"count":1,"data":{},"id":"Run_by_Activation"}}
{"session":"83630c131d07","build":"182.4129.34","bucket":"-1","time":1577454242570,"group":{"id":"actions","version":"2"},"event":{"count":5,"data":{},"id":"EditorUp"}}
{"session":"83630c131d07","build":"182.4129.34","bucket":"-1","time":1577454253257,"group":{"id":"actions","version":"2"},"event":{"count":2,"data":{},"id":"EditorUp"}}
{"session":"83630c131d07","build":"182.4129.34","bucket":"-1","time":1577454314130,"group":{"id":"actions","version":"2"},"event":{"count":1,"data":{},"id":"Run"}}
{"session":"83630c131d07","build":"182.4129.34","bucket":"-1","time":1577454314193,"group":{"id":"trigger","version":"2"},"event":{"count":1,"data":{},"id":"execute.PythonConfigurationType.Run"}}
{"session":"83630c131d07","build":"182.4129.34","bucket":"-1","time":1577454324552,"group":{"id":"toolwindow","version":"2"},"event":{"count":1,"data":{},"id":"Run_by_Activation"}}
{"session":"83630c131d07","build":"182.4129.34","bucket":"-1","time":1577454393378,"group":{"id":"actions","version":"2"},"event":{"count":1,"data":{},"id":"EditorEnter"}}
{"session":"83630c131d07","build":"182.4129.34","bucket":"-1","time":1577454407628,"group":{"id":"actions","version":"2"},"event":{"count":1,"data":{},"id":"EditorBackSpace"}}
{"session":"83630c131d07","build":"182.4129.34","bucket":"-1","time":1577454546656,"group":{"id":"editing","version":"2"},"event":{"count":1,"data":{},"id":"editing.select.word"}}
{"session":"83630c131d07","build":"182.4129.34","bucket":"-1","time":1577454707308,"group":{"id":"actions","version":"2"},"event":{"count":1,"data":{},"id":"Run"}}
{"session":"83630c131d07","build":"182.4129.34","bucket":"-1","time":1577454707402,"group":{"id":"trigger","version":"2"},"event":{"count":1,"data":{},"id":"execute.PythonConfigurationType.Run"}}
{"session":"83630c131d07","build":"182.4129.34","bucket":"-1","time":1577454713011,"group":{"id":"toolwindow","version":"2"},"event":{"count":1,"data":{},"id":"Run_by_Activation"}}
{"session":"83630c131d07","build":"182.4129.34","bucket":"-1","time":1577454805899,"group":{"id":"toolwindow","version":"2"},"event":{"count":8,"data":{},"id":"Run_by_Activation"}}
{"session":"83630c131d07","build":"182.4129.34","bucket":"-1","time":1577454840242,"group":{"id":"actions","version":"2"},"event":{"count":1,"data":{},"id":"Run"}}
{"session":"83630c131d07","build":"182.4129.34","bucket":"-1","time":1577454840305,"group":{"id":"trigger","version":"2"},"event":{"count":1,"data":{},"id":"execute.PythonConfigurationType.Run"}}
{"session":"83630c131d07","build":"182.4129.34","bucket":"-1","time":1577454840352,"group":{"id":"toolwindow","version":"2"},"event":{"count":1,"data":{},"id":"Run_by_Activation"}}
{"session":"83630c131d07","build":"182.4129.34","bucket":"-1","time":1577454880523,"group":{"id":"actions","version":"2"},"event":{"count":1,"data":{},"id":"RunClass"}}
{"session":"83630c131d07","build":"182.4129.34","bucket":"-1","time":1577454880585,"group":{"id":"trigger","version":"2"},"event":{"count":1,"data":{},"id":"execute.PythonConfigurationType.Run"}}
{"session":"83630c131d07","build":"182.4129.34","bucket":"-1","time":1577454880679,"group":{"id":"toolwindow","version":"2"},"event":{"count":1,"data":{},"id":"Run_by_Activation"}}
{"session":"83630c131d07","build":"182.4129.34","bucket":"-1","time":1577454977630,"group":{"id":"actions","version":"2"},"event":{"count":56,"data":{},"id":"EditorUp"}}
