{"session":"1764af7fc7ae","build":"182.4129.34","bucket":"-1","time":1577883983893,"group":{"id":"ui.dialogs","version":"2"},"event":{"count":1,"data":{"type":"show"},"id":"com.intellij.openapi.progress.util.ProgressDialog$MyDialogWrapper"}}
{"session":"1764af7fc7ae","build":"182.4129.34","bucket":"-1","time":1577883984384,"group":{"id":"lifecycle","version":"2"},"event":{"count":1,"data":{"durationSeconds":15},"id":"ide.freeze"}}
{"session":"1764af7fc7ae","build":"182.4129.34","bucket":"-1","time":1577884001468,"group":{"id":"ui.dialogs","version":"2"},"event":{"count":1,"data":{"code":1,"type":"close"},"id":"com.intellij.openapi.progress.util.ProgressDialog$MyDialogWrapper"}}
{"session":"1764af7fc7ae","build":"182.4129.34","bucket":"-1","time":1577884001968,"group":{"id":"lifecycle","version":"2"},"event":{"count":1,"data":{},"id":"project.opened"}}
{"session":"1764af7fc7ae","build":"182.4129.34","bucket":"-1","time":1577884005827,"group":{"id":"ui.dialogs","version":"2"},"event":{"count":1,"data":{"type":"show"},"id":"com.intellij.openapi.progress.util.ProgressDialog$MyDialogWrapper"}}
{"session":"1764af7fc7ae","build":"182.4129.34","bucket":"-1","time":1577884013775,"group":{"id":"lifecycle","version":"2"},"event":{"count":1,"data":{},"id":"ideaapp.started"}}
{"session":"1764af7fc7ae","build":"182.4129.34","bucket":"-1","time":1577884013775,"group":{"id":"lifecycle","version":"2"},"event":{"count":1,"data":{},"id":"app.started"}}
{"session":"1764af7fc7ae","build":"182.4129.34","bucket":"-1","time":1577884016440,"group":{"id":"ui.dialogs","version":"2"},"event":{"count":1,"data":{"code":1,"type":"close"},"id":"com.intellij.openapi.progress.util.ProgressDialog$MyDialogWrapper"}}
{"session":"1764af7fc7ae","build":"182.4129.34","bucket":"-1","time":1577884017450,"group":{"id":"system.os.name","version":"2"},"event":{"data":{},"id":"Windows"}}
{"session":"1764af7fc7ae","build":"182.4129.34","bucket":"-1","time":1577884017452,"group":{"id":"system.os.version","version":"2"},"event":{"data":{},"id":"10.0"}}
{"session":"1764af7fc7ae","build":"182.4129.34","bucket":"-1","time":1577884017472,"group":{"id":"system.jvm.vendor","version":"2"},"event":{"data":{},"id":"JetBrains_s.r.o"}}
{"session":"1764af7fc7ae","build":"182.4129.34","bucket":"-1","time":1577884017472,"group":{"id":"system.jvm.version","version":"2"},"event":{"data":{},"id":"1.8"}}
{"session":"1764af7fc7ae","build":"182.4129.34","bucket":"-1","time":1577884019551,"group":{"id":"lifecycle","version":"2"},"event":{"count":1,"data":{"time.ms":37109},"id":"project.opening.finished"}}
{"session":"1764af7fc7ae","build":"182.4129.34","bucket":"-1","time":1577884045838,"group":{"id":"ui.dialogs","version":"2"},"event":{"count":1,"data":{"type":"show"},"id":"com.intellij.platform.OpenOrAttachDialog"}}
{"session":"1764af7fc7ae","build":"182.4129.34","bucket":"-1","time":1577884047322,"group":{"id":"ui.dialogs","version":"2"},"event":{"count":1,"data":{"code":0,"type":"close"},"id":"com.intellij.platform.OpenOrAttachDialog"}}
{"session":"1764af7fc7ae","build":"182.4129.34","bucket":"-1","time":1577884047979,"group":{"id":"ui.dialogs","version":"2"},"event":{"count":1,"data":{"type":"show"},"id":"com.intellij.openapi.progress.util.ProgressDialog$MyDialogWrapper"}}
{"session":"1764af7fc7ae","build":"182.4129.34","bucket":"-1","time":1577884048057,"group":{"id":"ui.dialogs","version":"2"},"event":{"count":1,"data":{"code":1,"type":"close"},"id":"com.intellij.openapi.progress.util.ProgressDialog$MyDialogWrapper"}}
{"session":"1764af7fc7ae","build":"182.4129.34","bucket":"-1","time":1577884048088,"group":{"id":"lifecycle","version":"2"},"event":{"count":1,"data":{},"id":"project.opened"}}
{"session":"1764af7fc7ae","build":"182.4129.34","bucket":"-1","time":1577884048416,"group":{"id":"ui.dialogs","version":"2"},"event":{"count":1,"data":{"type":"show"},"id":"com.intellij.openapi.progress.util.ProgressDialog$MyDialogWrapper"}}
{"session":"1764af7fc7ae","build":"182.4129.34","bucket":"-1","time":1577884049916,"group":{"id":"ui.dialogs","version":"2"},"event":{"count":1,"data":{"code":1,"type":"close"},"id":"com.intellij.openapi.progress.util.ProgressDialog$MyDialogWrapper"}}
{"session":"1764af7fc7ae","build":"182.4129.34","bucket":"-1","time":1577884049979,"group":{"id":"lifecycle","version":"2"},"event":{"count":1,"data":{"time.ms":2321},"id":"project.opening.finished"}}
{"session":"1764af7fc7ae","build":"182.4129.34","bucket":"-1","time":1577884052916,"group":{"id":"system.os.name","version":"2"},"event":{"data":{},"id":"Windows"}}
{"session":"1764af7fc7ae","build":"182.4129.34","bucket":"-1","time":1577884052916,"group":{"id":"system.os.version","version":"2"},"event":{"data":{},"id":"10.0"}}
{"session":"1764af7fc7ae","build":"182.4129.34","bucket":"-1","time":1577884052916,"group":{"id":"system.jvm.vendor","version":"2"},"event":{"data":{},"id":"JetBrains_s.r.o"}}
{"session":"1764af7fc7ae","build":"182.4129.34","bucket":"-1","time":1577884052916,"group":{"id":"system.jvm.version","version":"2"},"event":{"data":{},"id":"1.8"}}
{"session":"1764af7fc7ae","build":"182.4129.34","bucket":"-1","time":1577884074290,"group":{"id":"ui.dialogs","version":"2"},"event":{"count":1,"data":{"type":"show"},"id":"com.intellij.platform.OpenOrAttachDialog"}}
{"session":"1764af7fc7ae","build":"182.4129.34","bucket":"-1","time":1577884075845,"group":{"id":"ui.dialogs","version":"2"},"event":{"count":1,"data":{"code":0,"type":"close"},"id":"com.intellij.platform.OpenOrAttachDialog"}}
{"session":"1764af7fc7ae","build":"182.4129.34","bucket":"-1","time":1577884076142,"group":{"id":"lifecycle","version":"2"},"event":{"count":1,"data":{},"id":"project.opened"}}
{"session":"1764af7fc7ae","build":"182.4129.34","bucket":"-1","time":1577884076486,"group":{"id":"toolwindow","version":"2"},"event":{"count":1,"data":{},"id":"Project_by_Activation"}}
{"session":"1764af7fc7ae","build":"182.4129.34","bucket":"-1","time":1577884076580,"group":{"id":"lifecycle","version":"2"},"event":{"count":1,"data":{"time.ms":552},"id":"project.opening.finished"}}
{"session":"1764af7fc7ae","build":"182.4129.34","bucket":"-1","time":1577884077783,"group":{"id":"system.os.name","version":"2"},"event":{"data":{},"id":"Windows"}}
{"session":"1764af7fc7ae","build":"182.4129.34","bucket":"-1","time":1577884077783,"group":{"id":"system.os.version","version":"2"},"event":{"data":{},"id":"10.0"}}
{"session":"1764af7fc7ae","build":"182.4129.34","bucket":"-1","time":1577884077783,"group":{"id":"system.jvm.vendor","version":"2"},"event":{"data":{},"id":"JetBrains_s.r.o"}}
{"session":"1764af7fc7ae","build":"182.4129.34","bucket":"-1","time":1577884077783,"group":{"id":"system.jvm.version","version":"2"},"event":{"data":{},"id":"1.8"}}
{"session":"1764af7fc7ae","build":"182.4129.34","bucket":"-1","time":1577884095204,"group":{"id":"ui.dialogs","version":"2"},"event":{"count":1,"data":{"type":"show"},"id":"com.intellij.platform.OpenOrAttachDialog"}}
{"session":"1764af7fc7ae","build":"182.4129.34","bucket":"-1","time":1577884097892,"group":{"id":"ui.dialogs","version":"2"},"event":{"count":1,"data":{"code":0,"type":"close"},"id":"com.intellij.platform.OpenOrAttachDialog"}}
{"session":"1764af7fc7ae","build":"182.4129.34","bucket":"-1","time":1577884098110,"group":{"id":"lifecycle","version":"2"},"event":{"count":1,"data":{},"id":"project.opened"}}
{"session":"1764af7fc7ae","build":"182.4129.34","bucket":"-1","time":1577884098313,"group":{"id":"toolwindow","version":"2"},"event":{"count":1,"data":{},"id":"Project_by_Activation"}}
{"session":"1764af7fc7ae","build":"182.4129.34","bucket":"-1","time":1577884098391,"group":{"id":"lifecycle","version":"2"},"event":{"count":1,"data":{"time.ms":385},"id":"project.opening.finished"}}
{"session":"1764af7fc7ae","build":"182.4129.34","bucket":"-1","time":1577884099079,"group":{"id":"system.os.name","version":"2"},"event":{"data":{},"id":"Windows"}}
{"session":"1764af7fc7ae","build":"182.4129.34","bucket":"-1","time":1577884099079,"group":{"id":"system.os.version","version":"2"},"event":{"data":{},"id":"10.0"}}
{"session":"1764af7fc7ae","build":"182.4129.34","bucket":"-1","time":1577884099079,"group":{"id":"system.jvm.vendor","version":"2"},"event":{"data":{},"id":"JetBrains_s.r.o"}}
{"session":"1764af7fc7ae","build":"182.4129.34","bucket":"-1","time":1577884099079,"group":{"id":"system.jvm.version","version":"2"},"event":{"data":{},"id":"1.8"}}
{"session":"1764af7fc7ae","build":"182.4129.34","bucket":"-1","time":1577884120578,"group":{"id":"actions","version":"2"},"event":{"count":1,"data":{},"id":"NewPythonFile"}}
{"session":"1764af7fc7ae","build":"182.4129.34","bucket":"-1","time":1577884120672,"group":{"id":"ui.dialogs","version":"2"},"event":{"count":1,"data":{"type":"show"},"id":"com.intellij.ide.actions.CreateFileFromTemplateDialog"}}
{"session":"1764af7fc7ae","build":"182.4129.34","bucket":"-1","time":1577884192171,"group":{"id":"actions","version":"2"},"event":{"count":3,"data":{},"id":"EditorBackSpace"}}
{"session":"1764af7fc7ae","build":"182.4129.34","bucket":"-1","time":1577884224107,"group":{"id":"actions","version":"2"},"event":{"count":2,"data":{},"id":"EditorBackSpace"}}
{"session":"1764af7fc7ae","build":"182.4129.34","bucket":"-1","time":1577884282470,"group":{"id":"actions","version":"2"},"event":{"count":1,"data":{},"id":"DialogOkAction_Enter"}}
{"session":"1764af7fc7ae","build":"182.4129.34","bucket":"-1","time":1577884283204,"group":{"id":"ui.dialogs","version":"2"},"event":{"count":1,"data":{"code":0,"type":"close"},"id":"com.intellij.ide.actions.CreateFileFromTemplateDialog"}}
{"session":"1764af7fc7ae","build":"182.4129.34","bucket":"-1","time":1577884294782,"group":{"id":"actions","version":"2"},"event":{"count":1,"data":{},"id":"EditorBackSpace"}}
{"session":"1764af7fc7ae","build":"182.4129.34","bucket":"-1","time":1577884301110,"group":{"id":"actions","version":"2"},"event":{"count":1,"data":{},"id":"EditorEnter"}}
{"session":"1764af7fc7ae","build":"182.4129.34","bucket":"-1","time":1577884303563,"group":{"id":"actions","version":"2"},"event":{"count":3,"data":{},"id":"EditorBackSpace"}}
{"session":"1764af7fc7ae","build":"182.4129.34","bucket":"-1","time":1577884344609,"group":{"id":"actions","version":"2"},"event":{"count":1,"data":{},"id":"EditorBackSpace"}}
{"session":"1764af7fc7ae","build":"182.4129.34","bucket":"-1","time":1577884356640,"group":{"id":"actions","version":"2"},"event":{"count":6,"data":{},"id":"EditorBackSpace"}}
{"session":"1764af7fc7ae","build":"182.4129.34","bucket":"-1","time":1577884369296,"group":{"id":"actions","version":"2"},"event":{"count":3,"data":{},"id":"EditorRight"}}
{"session":"1764af7fc7ae","build":"182.4129.34","bucket":"-1","time":1577884370984,"group":{"id":"actions","version":"2"},"event":{"count":1,"data":{},"id":"EditorEnter"}}
{"session":"1764af7fc7ae","build":"182.4129.34","bucket":"-1","time":1577884452544,"group":{"id":"actions","version":"2"},"event":{"count":2,"data":{},"id":"EditorBackSpace"}}
{"session":"1764af7fc7ae","build":"182.4129.34","bucket":"-1","time":1577884460435,"group":{"id":"actions","version":"2"},"event":{"count":1,"data":{},"id":"EditorChooseLookupItem"}}
{"session":"1764af7fc7ae","build":"182.4129.34","bucket":"-1","time":1577884460528,"group":{"id":"completion","version":"2"},"event":{"count":1,"data":{},"id":"editing.completion.basic"}}
{"session":"1764af7fc7ae","build":"182.4129.34","bucket":"-1","time":1577884462310,"group":{"id":"actions","version":"2"},"event":{"count":1,"data":{},"id":"EditorRight"}}
{"session":"1764af7fc7ae","build":"182.4129.34","bucket":"-1","time":1577884473497,"group":{"id":"actions","version":"2"},"event":{"count":1,"data":{},"id":"EditorRight"}}
{"session":"1764af7fc7ae","build":"182.4129.34","bucket":"-1","time":1577884475934,"group":{"id":"editing","version":"2"},"event":{"count":1,"data":{},"id":"editing.select.word"}}
{"session":"1764af7fc7ae","build":"182.4129.34","bucket":"-1","time":1577884480622,"group":{"id":"actions","version":"2"},"event":{"count":1,"data":{},"id":"EditorEnter"}}
{"session":"1764af7fc7ae","build":"182.4129.34","bucket":"-1","time":1577884488262,"group":{"id":"actions","version":"2"},"event":{"count":1,"data":{},"id":"EditorBackSpace"}}
{"session":"1764af7fc7ae","build":"182.4129.34","bucket":"-1","time":1577884521511,"group":{"id":"actions","version":"2"},"event":{"count":2,"data":{},"id":"EditorBackSpace"}}
{"session":"1764af7fc7ae","build":"182.4129.34","bucket":"-1","time":1577884532308,"group":{"id":"actions","version":"2"},"event":{"count":1,"data":{},"id":"EditorBackSpace"}}
{"session":"1764af7fc7ae","build":"182.4129.34","bucket":"-1","time":1577884543370,"group":{"id":"actions","version":"2"},"event":{"count":7,"data":{},"id":"EditorBackSpace"}}
{"session":"1764af7fc7ae","build":"182.4129.34","bucket":"-1","time":1577884555385,"group":{"id":"actions","version":"2"},"event":{"count":1,"data":{},"id":"EditorEnter"}}
{"session":"1764af7fc7ae","build":"182.4129.34","bucket":"-1","time":1577884559963,"group":{"id":"actions","version":"2"},"event":{"count":1,"data":{},"id":"RunClass"}}
{"session":"1764af7fc7ae","build":"182.4129.34","bucket":"-1","time":1577884560073,"group":{"id":"trigger","version":"2"},"event":{"count":1,"data":{},"id":"execute.PythonConfigurationType.Run"}}
{"session":"1764af7fc7ae","build":"182.4129.34","bucket":"-1","time":1577884561120,"group":{"id":"toolwindow","version":"2"},"event":{"count":3,"data":{},"id":"Run_by_Activation"}}
{"session":"1764af7fc7ae","build":"182.4129.34","bucket":"-1","time":1577884610822,"group":{"id":"actions","version":"2"},"event":{"count":1,"data":{},"id":"EditorBackSpace"}}
{"session":"1764af7fc7ae","build":"182.4129.34","bucket":"-1","time":1577884611806,"group":{"id":"actions","version":"2"},"event":{"count":1,"data":{},"id":"EditorEnter"}}
{"session":"1764af7fc7ae","build":"182.4129.34","bucket":"-1","time":1577884769083,"group":{"id":"actions","version":"2"},"event":{"count":1,"data":{},"id":"EditorEnter"}}
{"session":"1764af7fc7ae","build":"182.4129.34","bucket":"-1","time":1577884791380,"group":{"id":"actions","version":"2"},"event":{"count":1,"data":{},"id":"EditorBackSpace"}}
{"session":"1764af7fc7ae","build":"182.4129.34","bucket":"-1","time":1577884796848,"group":{"id":"actions","version":"2"},"event":{"count":1,"data":{},"id":"EditorChooseLookupItem"}}
{"session":"1764af7fc7ae","build":"182.4129.34","bucket":"-1","time":1577884796864,"group":{"id":"completion","version":"2"},"event":{"count":1,"data":{},"id":"editing.completion.basic"}}
{"session":"1764af7fc7ae","build":"182.4129.34","bucket":"-1","time":1577884803614,"group":{"id":"actions","version":"2"},"event":{"count":1,"data":{},"id":"RunClass"}}
{"session":"1764af7fc7ae","build":"182.4129.34","bucket":"-1","time":1577884803676,"group":{"id":"trigger","version":"2"},"event":{"count":1,"data":{},"id":"execute.PythonConfigurationType.Run"}}
{"session":"1764af7fc7ae","build":"182.4129.34","bucket":"-1","time":1577884803958,"group":{"id":"toolwindow","version":"2"},"event":{"count":1,"data":{},"id":"Run_by_Activation"}}
{"session":"1764af7fc7ae","build":"182.4129.34","bucket":"-1","time":1577884885862,"group":{"id":"actions","version":"2"},"event":{"count":1,"data":{},"id":"EditorEnter"}}
{"session":"1764af7fc7ae","build":"182.4129.34","bucket":"-1","time":1577884899033,"group":{"id":"actions","version":"2"},"event":{"count":1,"data":{},"id":"EditorChooseLookupItem"}}
{"session":"1764af7fc7ae","build":"182.4129.34","bucket":"-1","time":1577884899049,"group":{"id":"completion","version":"2"},"event":{"count":1,"data":{},"id":"editing.completion.basic"}}
{"session":"1764af7fc7ae","build":"182.4129.34","bucket":"-1","time":1577884906830,"group":{"id":"actions","version":"2"},"event":{"count":1,"data":{},"id":"RunClass"}}
{"session":"1764af7fc7ae","build":"182.4129.34","bucket":"-1","time":1577884906893,"group":{"id":"trigger","version":"2"},"event":{"count":1,"data":{},"id":"execute.PythonConfigurationType.Run"}}
{"session":"1764af7fc7ae","build":"182.4129.34","bucket":"-1","time":1577884907064,"group":{"id":"toolwindow","version":"2"},"event":{"count":1,"data":{},"id":"Run_by_Activation"}}
{"session":"1764af7fc7ae","build":"182.4129.34","bucket":"-1","time":1577884955688,"group":{"id":"toolwindow","version":"2"},"event":{"count":1,"data":{},"id":"Project_by_Activation"}}
{"session":"1764af7fc7ae","build":"182.4129.34","bucket":"-1","time":1577884962016,"group":{"id":"actions","version":"2"},"event":{"count":1,"data":{},"id":"NewPythonFile"}}
{"session":"1764af7fc7ae","build":"182.4129.34","bucket":"-1","time":1577884962032,"group":{"id":"ui.dialogs","version":"2"},"event":{"count":1,"data":{"type":"show"},"id":"com.intellij.ide.actions.CreateFileFromTemplateDialog"}}
{"session":"1764af7fc7ae","build":"182.4129.34","bucket":"-1","time":1577884965032,"group":{"id":"actions","version":"2"},"event":{"count":2,"data":{},"id":"EditorBackSpace"}}
{"session":"1764af7fc7ae","build":"182.4129.34","bucket":"-1","time":1577884992766,"group":{"id":"actions","version":"2"},"event":{"count":1,"data":{},"id":"DialogOkAction_Enter"}}
{"session":"1764af7fc7ae","build":"182.4129.34","bucket":"-1","time":1577884992828,"group":{"id":"ui.dialogs","version":"2"},"event":{"count":1,"data":{"code":0,"type":"close"},"id":"com.intellij.ide.actions.CreateFileFromTemplateDialog"}}
{"session":"1764af7fc7ae","build":"182.4129.34","bucket":"-1","time":1577885077277,"group":{"id":"editing","version":"2"},"event":{"count":1,"data":{},"id":"editing.select.word"}}
{"session":"1764af7fc7ae","build":"182.4129.34","bucket":"-1","time":1577885218664,"group":{"id":"actions","version":"2"},"event":{"count":1,"data":{},"id":"EditorBackSpace"}}
{"session":"1764af7fc7ae","build":"182.4129.34","bucket":"-1","time":1577885236164,"group":{"id":"actions","version":"2"},"event":{"count":1,"data":{},"id":"EditorEnter"}}
{"session":"1764af7fc7ae","build":"182.4129.34","bucket":"-1","time":1577885248835,"group":{"id":"actions","version":"2"},"event":{"count":1,"data":{},"id":"EditorChooseLookupItem"}}
{"session":"1764af7fc7ae","build":"182.4129.34","bucket":"-1","time":1577885248851,"group":{"id":"completion","version":"2"},"event":{"count":1,"data":{},"id":"editing.completion.basic"}}
{"session":"1764af7fc7ae","build":"182.4129.34","bucket":"-1","time":1577885260772,"group":{"id":"actions","version":"2"},"event":{"count":1,"data":{},"id":"EditorEnter"}}
{"session":"1764af7fc7ae","build":"182.4129.34","bucket":"-1","time":1577885279022,"group":{"id":"actions","version":"2"},"event":{"count":4,"data":{},"id":"EditorBackSpace"}}
{"session":"1764af7fc7ae","build":"182.4129.34","bucket":"-1","time":1577885299615,"group":{"id":"actions","version":"2"},"event":{"count":2,"data":{},"id":"EditorBackSpace"}}
{"session":"1764af7fc7ae","build":"182.4129.34","bucket":"-1","time":1577885302506,"group":{"id":"actions","version":"2"},"event":{"count":1,"data":{},"id":"EditorRight"}}
{"session":"1764af7fc7ae","build":"182.4129.34","bucket":"-1","time":1577885304740,"group":{"id":"actions","version":"2"},"event":{"count":1,"data":{},"id":"EditorEnter"}}
{"session":"1764af7fc7ae","build":"182.4129.34","bucket":"-1","time":1577885309927,"group":{"id":"actions","version":"2"},"event":{"count":1,"data":{},"id":"EditorChooseLookupItem"}}
{"session":"1764af7fc7ae","build":"182.4129.34","bucket":"-1","time":1577885309943,"group":{"id":"completion","version":"2"},"event":{"count":1,"data":{},"id":"editing.completion.basic"}}
{"session":"1764af7fc7ae","build":"182.4129.34","bucket":"-1","time":1577885322021,"group":{"id":"actions","version":"2"},"event":{"count":1,"data":{},"id":"EditorBackSpace"}}
{"session":"1764af7fc7ae","build":"182.4129.34","bucket":"-1","time":1577885323318,"group":{"id":"actions","version":"2"},"event":{"count":1,"data":{},"id":"EditorRight"}}
{"session":"1764af7fc7ae","build":"182.4129.34","bucket":"-1","time":1577885324271,"group":{"id":"actions","version":"2"},"event":{"count":2,"data":{},"id":"EditorBackSpace"}}
{"session":"1764af7fc7ae","build":"182.4129.34","bucket":"-1","time":1577885332521,"group":{"id":"actions","version":"2"},"event":{"count":1,"data":{},"id":"EditorEnter"}}
{"session":"1764af7fc7ae","build":"182.4129.34","bucket":"-1","time":1577885359114,"group":{"id":"actions","version":"2"},"event":{"count":1,"data":{},"id":"EditorChooseLookupItem"}}
{"session":"1764af7fc7ae","build":"182.4129.34","bucket":"-1","time":1577885359129,"group":{"id":"completion","version":"2"},"event":{"count":1,"data":{},"id":"editing.completion.basic"}}
{"session":"1764af7fc7ae","build":"182.4129.34","bucket":"-1","time":1577885371395,"group":{"id":"actions","version":"2"},"event":{"count":1,"data":{},"id":"EditorRight"}}
{"session":"1764af7fc7ae","build":"182.4129.34","bucket":"-1","time":1577885385410,"group":{"id":"actions","version":"2"},"event":{"count":2,"data":{},"id":"EditorLeft"}}
{"session":"1764af7fc7ae","build":"182.4129.34","bucket":"-1","time":1577885389519,"group":{"id":"actions","version":"2"},"event":{"count":2,"data":{},"id":"EditorRight"}}
{"session":"1764af7fc7ae","build":"182.4129.34","bucket":"-1","time":1577885394535,"group":{"id":"actions","version":"2"},"event":{"count":1,"data":{},"id":"EditorChooseLookupItem"}}
{"session":"1764af7fc7ae","build":"182.4129.34","bucket":"-1","time":1577885394550,"group":{"id":"completion","version":"2"},"event":{"count":1,"data":{},"id":"editing.completion.basic"}}
{"session":"1764af7fc7ae","build":"182.4129.34","bucket":"-1","time":1577885398332,"group":{"id":"actions","version":"2"},"event":{"count":1,"data":{},"id":"EditorEnter"}}
{"session":"1764af7fc7ae","build":"182.4129.34","bucket":"-1","time":1577885402566,"group":{"id":"actions","version":"2"},"event":{"count":1,"data":{},"id":"RunClass"}}
{"session":"1764af7fc7ae","build":"182.4129.34","bucket":"-1","time":1577885402628,"group":{"id":"trigger","version":"2"},"event":{"count":1,"data":{},"id":"execute.PythonConfigurationType.Run"}}
{"session":"1764af7fc7ae","build":"182.4129.34","bucket":"-1","time":1577885402863,"group":{"id":"toolwindow","version":"2"},"event":{"count":3,"data":{},"id":"Run_by_Activation"}}
{"session":"1764af7fc7ae","build":"182.4129.34","bucket":"-1","time":1577885437846,"group":{"id":"editing","version":"2"},"event":{"count":1,"data":{},"id":"editing.select.word"}}
{"session":"1764af7fc7ae","build":"182.4129.34","bucket":"-1","time":1577885442081,"group":{"id":"actions","version":"2"},"event":{"count":1,"data":{},"id":"EditorBackSpace"}}
{"session":"1764af7fc7ae","build":"182.4129.34","bucket":"-1","time":1577885453158,"group":{"id":"actions","version":"2"},"event":{"count":1,"data":{},"id":"EditorBackSpace"}}
{"session":"1764af7fc7ae","build":"182.4129.34","bucket":"-1","time":1577885464799,"group":{"id":"actions","version":"2"},"event":{"count":1,"data":{},"id":"RunClass"}}
{"session":"1764af7fc7ae","build":"182.4129.34","bucket":"-1","time":1577885464861,"group":{"id":"trigger","version":"2"},"event":{"count":1,"data":{},"id":"execute.PythonConfigurationType.Run"}}
{"session":"1764af7fc7ae","build":"182.4129.34","bucket":"-1","time":1577885465033,"group":{"id":"toolwindow","version":"2"},"event":{"count":1,"data":{},"id":"Run_by_Activation"}}
{"session":"1764af7fc7ae","build":"182.4129.34","bucket":"-1","time":1577885479314,"group":{"id":"actions","version":"2"},"event":{"count":2,"data":{},"id":"EditorBackSpace"}}
{"session":"1764af7fc7ae","build":"182.4129.34","bucket":"-1","time":1577885488064,"group":{"id":"actions","version":"2"},"event":{"count":1,"data":{},"id":"RunClass"}}
{"session":"1764af7fc7ae","build":"182.4129.34","bucket":"-1","time":1577885488126,"group":{"id":"trigger","version":"2"},"event":{"count":1,"data":{},"id":"execute.PythonConfigurationType.Run"}}
{"session":"1764af7fc7ae","build":"182.4129.34","bucket":"-1","time":1577885488392,"group":{"id":"toolwindow","version":"2"},"event":{"count":1,"data":{},"id":"Run_by_Activation"}}
{"session":"1764af7fc7ae","build":"182.4129.34","bucket":"-1","time":1577887413612,"group":{"id":"lifecycle","version":"2"},"event":{"count":3,"data":{},"id":"project.closed"}}
{"session":"1764af7fc7ae","build":"182.4129.34","bucket":"-1","time":1577887421518,"group":{"id":"lifecycle","version":"2"},"event":{"count":1,"data":{"restart":false},"id":"app.closed"}}
{"session":"1764af7fc7ae","build":"182.4129.34","bucket":"-1","time":1577887421877,"group":{"id":"lifecycle","version":"2"},"event":{"count":1,"data":{},"id":"project.closed"}}
{"session":"1764af7fc7ae","build":"182.4129.34","bucket":"-1","time":1577887422205,"group":{"id":"lifecycle","version":"2"},"event":{"count":1,"data":{},"id":"ideaapp.closed"}}
