{"session":"b7cec3f75337","build":"182.4129.34","bucket":"-1","time":1577342577688,"group":{"id":"ui.dialogs","version":"2"},"event":{"count":1,"data":{"type":"show"},"id":"com.intellij.openapi.progress.util.ProgressDialog$MyDialogWrapper"}}
{"session":"b7cec3f75337","build":"182.4129.34","bucket":"-1","time":1577342577723,"group":{"id":"lifecycle","version":"2"},"event":{"count":1,"data":{"durationSeconds":18},"id":"ide.freeze"}}
{"session":"b7cec3f75337","build":"182.4129.34","bucket":"-1","time":1577342591210,"group":{"id":"ui.dialogs","version":"2"},"event":{"count":1,"data":{"code":1,"type":"close"},"id":"com.intellij.openapi.progress.util.ProgressDialog$MyDialogWrapper"}}
{"session":"b7cec3f75337","build":"182.4129.34","bucket":"-1","time":1577342591382,"group":{"id":"lifecycle","version":"2"},"event":{"count":1,"data":{},"id":"project.opened"}}
{"session":"b7cec3f75337","build":"182.4129.34","bucket":"-1","time":1577342594397,"group":{"id":"ui.dialogs","version":"2"},"event":{"count":1,"data":{"type":"show"},"id":"com.intellij.openapi.progress.util.ProgressDialog$MyDialogWrapper"}}
{"session":"b7cec3f75337","build":"182.4129.34","bucket":"-1","time":1577342599788,"group":{"id":"lifecycle","version":"2"},"event":{"count":1,"data":{},"id":"ideaapp.started"}}
{"session":"b7cec3f75337","build":"182.4129.34","bucket":"-1","time":1577342599803,"group":{"id":"lifecycle","version":"2"},"event":{"count":1,"data":{},"id":"app.started"}}
{"session":"b7cec3f75337","build":"182.4129.34","bucket":"-1","time":1577342603412,"group":{"id":"ui.dialogs","version":"2"},"event":{"count":1,"data":{"code":1,"type":"close"},"id":"com.intellij.openapi.progress.util.ProgressDialog$MyDialogWrapper"}}
{"session":"b7cec3f75337","build":"182.4129.34","bucket":"-1","time":1577342603678,"group":{"id":"system.os.name","version":"2"},"event":{"data":{},"id":"Windows"}}
{"session":"b7cec3f75337","build":"182.4129.34","bucket":"-1","time":1577342603678,"group":{"id":"system.os.version","version":"2"},"event":{"data":{},"id":"10.0"}}
{"session":"b7cec3f75337","build":"182.4129.34","bucket":"-1","time":1577342603709,"group":{"id":"system.jvm.vendor","version":"2"},"event":{"data":{},"id":"JetBrains_s.r.o"}}
{"session":"b7cec3f75337","build":"182.4129.34","bucket":"-1","time":1577342603709,"group":{"id":"system.jvm.version","version":"2"},"event":{"data":{},"id":"1.8"}}
{"session":"b7cec3f75337","build":"182.4129.34","bucket":"-1","time":1577342606569,"group":{"id":"lifecycle","version":"2"},"event":{"count":1,"data":{"time.ms":30746},"id":"project.opening.finished"}}
{"session":"b7cec3f75337","build":"182.4129.34","bucket":"-1","time":1577342787247,"group":{"id":"ui.dialogs","version":"2"},"event":{"count":1,"data":{"type":"show"},"id":"com.intellij.platform.OpenOrAttachDialog"}}
{"session":"b7cec3f75337","build":"182.4129.34","bucket":"-1","time":1577342789137,"group":{"id":"ui.dialogs","version":"2"},"event":{"count":1,"data":{"code":0,"type":"close"},"id":"com.intellij.platform.OpenOrAttachDialog"}}
{"session":"b7cec3f75337","build":"182.4129.34","bucket":"-1","time":1577342789590,"group":{"id":"lifecycle","version":"2"},"event":{"count":1,"data":{},"id":"project.opened"}}
{"session":"b7cec3f75337","build":"182.4129.34","bucket":"-1","time":1577342789903,"group":{"id":"ui.dialogs","version":"2"},"event":{"count":1,"data":{"type":"show"},"id":"com.intellij.openapi.progress.util.ProgressDialog$MyDialogWrapper"}}
{"session":"b7cec3f75337","build":"182.4129.34","bucket":"-1","time":1577342790465,"group":{"id":"system.os.name","version":"2"},"event":{"data":{},"id":"Windows"}}
{"session":"b7cec3f75337","build":"182.4129.34","bucket":"-1","time":1577342790465,"group":{"id":"system.os.version","version":"2"},"event":{"data":{},"id":"10.0"}}
{"session":"b7cec3f75337","build":"182.4129.34","bucket":"-1","time":1577342790465,"group":{"id":"system.jvm.vendor","version":"2"},"event":{"data":{},"id":"JetBrains_s.r.o"}}
{"session":"b7cec3f75337","build":"182.4129.34","bucket":"-1","time":1577342790465,"group":{"id":"system.jvm.version","version":"2"},"event":{"data":{},"id":"1.8"}}
{"session":"b7cec3f75337","build":"182.4129.34","bucket":"-1","time":1577342791372,"group":{"id":"ui.dialogs","version":"2"},"event":{"count":1,"data":{"code":1,"type":"close"},"id":"com.intellij.openapi.progress.util.ProgressDialog$MyDialogWrapper"}}
{"session":"b7cec3f75337","build":"182.4129.34","bucket":"-1","time":1577342791575,"group":{"id":"lifecycle","version":"2"},"event":{"count":1,"data":{"time.ms":2256},"id":"project.opening.finished"}}
{"session":"b7cec3f75337","build":"182.4129.34","bucket":"-1","time":1577342808559,"group":{"id":"lifecycle","version":"2"},"event":{"count":1,"data":{},"id":"project.closed"}}
{"session":"b7cec3f75337","build":"182.4129.34","bucket":"-1","time":1577342818777,"group":{"id":"actions","version":"2"},"event":{"count":1,"data":{},"id":"RunClass"}}
{"session":"b7cec3f75337","build":"182.4129.34","bucket":"-1","time":1577342818918,"group":{"id":"trigger","version":"2"},"event":{"count":1,"data":{},"id":"execute.PythonConfigurationType.Run"}}
{"session":"b7cec3f75337","build":"182.4129.34","bucket":"-1","time":1577342819605,"group":{"id":"toolwindow","version":"2"},"event":{"count":1,"data":{},"id":"Run_by_Activation"}}
{"session":"b7cec3f75337","build":"182.4129.34","bucket":"-1","time":1577342847324,"group":{"id":"actions","version":"2"},"event":{"count":3,"data":{},"id":"EditorBackSpace"}}
{"session":"b7cec3f75337","build":"182.4129.34","bucket":"-1","time":1577342850199,"group":{"id":"actions","version":"2"},"event":{"count":1,"data":{},"id":"EditorEnter"}}
{"session":"b7cec3f75337","build":"182.4129.34","bucket":"-1","time":1577342855636,"group":{"id":"actions","version":"2"},"event":{"count":1,"data":{},"id":"RunClass"}}
{"session":"b7cec3f75337","build":"182.4129.34","bucket":"-1","time":1577342855698,"group":{"id":"trigger","version":"2"},"event":{"count":1,"data":{},"id":"execute.PythonConfigurationType.Run"}}
{"session":"b7cec3f75337","build":"182.4129.34","bucket":"-1","time":1577342856448,"group":{"id":"toolwindow","version":"2"},"event":{"count":1,"data":{},"id":"Run_by_Activation"}}
{"session":"b7cec3f75337","build":"182.4129.34","bucket":"-1","time":1577342868261,"group":{"id":"actions","version":"2"},"event":{"count":1,"data":{},"id":"ShowSettings"}}
{"session":"b7cec3f75337","build":"182.4129.34","bucket":"-1","time":1577342870136,"group":{"id":"ui.dialogs","version":"2"},"event":{"count":1,"data":{"type":"show"},"id":"com.intellij.openapi.options.newEditor.SettingsDialog"}}
{"session":"b7cec3f75337","build":"182.4129.34","bucket":"-1","time":1577342870464,"group":{"id":"ui.settings","version":"2"},"event":{"count":1,"data":{"type":"select"},"id":"ide.settings.Menus_and_Toolbars"}}
{"session":"b7cec3f75337","build":"182.4129.34","bucket":"-1","time":1577342929041,"group":{"id":"ui.settings","version":"2"},"event":{"count":1,"data":{"type":"select"},"id":"ide.settings.Project__Ascad"}}
{"session":"b7cec3f75337","build":"182.4129.34","bucket":"-1","time":1577342933619,"group":{"id":"ui.settings","version":"2"},"event":{"count":1,"data":{"type":"select"},"id":"ide.settings.Project_Interpreter"}}
{"session":"b7cec3f75337","build":"182.4129.34","bucket":"-1","time":1577342954524,"group":{"id":"ui.dialogs","version":"2"},"event":{"count":1,"data":{"type":"show"},"id":"com.jetbrains.python.configuration.PythonSdkDetailsDialog"}}
{"session":"b7cec3f75337","build":"182.4129.34","bucket":"-1","time":1577343000523,"group":{"id":"ui.dialogs","version":"2"},"event":{"count":1,"data":{"code":0,"type":"close"},"id":"com.jetbrains.python.configuration.PythonSdkDetailsDialog"}}
{"session":"b7cec3f75337","build":"182.4129.34","bucket":"-1","time":1577343003570,"group":{"id":"ui.settings","version":"2"},"event":{"count":1,"data":{"type":"apply"},"id":"ide.settings.Project_Interpreter"}}
{"session":"b7cec3f75337","build":"182.4129.34","bucket":"-1","time":1577343003570,"group":{"id":"trigger","version":"2"},"event":{"count":1,"data":{},"id":"ide.settings.Project_Interpreter"}}
{"session":"b7cec3f75337","build":"182.4129.34","bucket":"-1","time":1577343027179,"group":{"id":"ui.dialogs","version":"2"},"event":{"count":1,"data":{"code":0,"type":"close"},"id":"com.intellij.openapi.options.newEditor.SettingsDialog"}}
{"session":"b7cec3f75337","build":"182.4129.34","bucket":"-1","time":1577343032585,"group":{"id":"actions","version":"2"},"event":{"count":1,"data":{},"id":"RunClass"}}
{"session":"b7cec3f75337","build":"182.4129.34","bucket":"-1","time":1577343032648,"group":{"id":"trigger","version":"2"},"event":{"count":1,"data":{},"id":"execute.PythonConfigurationType.Run"}}
{"session":"b7cec3f75337","build":"182.4129.34","bucket":"-1","time":1577343032726,"group":{"id":"toolwindow","version":"2"},"event":{"count":1,"data":{},"id":"Run_by_Activation"}}
{"session":"b7cec3f75337","build":"182.4129.34","bucket":"-1","time":1577343100850,"group":{"id":"actions","version":"2"},"event":{"count":1,"data":{},"id":"ShowSettings"}}
{"session":"b7cec3f75337","build":"182.4129.34","bucket":"-1","time":1577343100959,"group":{"id":"ui.dialogs","version":"2"},"event":{"count":1,"data":{"type":"show"},"id":"com.intellij.openapi.options.newEditor.SettingsDialog"}}
{"session":"b7cec3f75337","build":"182.4129.34","bucket":"-1","time":1577343101224,"group":{"id":"ui.settings","version":"2"},"event":{"count":1,"data":{"type":"select"},"id":"ide.settings.Project_Interpreter"}}
{"session":"b7cec3f75337","build":"182.4129.34","bucket":"-1","time":1577343127552,"group":{"id":"ui.settings","version":"2"},"event":{"count":1,"data":{"type":"select"},"id":"ide.settings.Project_Structure"}}
{"session":"b7cec3f75337","build":"182.4129.34","bucket":"-1","time":1577343140781,"group":{"id":"ui.dialogs","version":"2"},"event":{"count":1,"data":{"code":1,"type":"close"},"id":"com.intellij.openapi.options.newEditor.SettingsDialog"}}
{"session":"b7cec3f75337","build":"182.4129.34","bucket":"-1","time":1577343145390,"group":{"id":"actions","version":"2"},"event":{"count":1,"data":{},"id":"ImportSettings"}}
{"session":"b7cec3f75337","build":"182.4129.34","bucket":"-1","time":1577343145468,"group":{"id":"ui.dialogs","version":"2"},"event":{"count":1,"data":{"type":"show"},"id":"com.intellij.openapi.fileChooser.ex.FileChooserDialogImpl"}}
{"session":"b7cec3f75337","build":"182.4129.34","bucket":"-1","time":1577343218986,"group":{"id":"ui.dialogs","version":"2"},"event":{"count":1,"data":{"code":1,"type":"close"},"id":"com.intellij.openapi.fileChooser.ex.FileChooserDialogImpl"}}
{"session":"b7cec3f75337","build":"182.4129.34","bucket":"-1","time":1577343226986,"group":{"id":"actions","version":"2"},"event":{"count":1,"data":{},"id":"ConfigureIcs"}}
{"session":"b7cec3f75337","build":"182.4129.34","bucket":"-1","time":1577343227205,"group":{"id":"ui.dialogs","version":"2"},"event":{"count":1,"data":{"type":"show"},"id":"org.jetbrains.settingsRepository.IcsSettingsPanel"}}
{"session":"b7cec3f75337","build":"182.4129.34","bucket":"-1","time":1577343230595,"group":{"id":"ui.dialogs","version":"2"},"event":{"count":1,"data":{"code":1,"type":"close"},"id":"org.jetbrains.settingsRepository.IcsSettingsPanel"}}
{"session":"b7cec3f75337","build":"182.4129.34","bucket":"-1","time":1577343250673,"group":{"id":"actions","version":"2"},"event":{"count":3,"data":{},"id":"EditorDown"}}
{"session":"b7cec3f75337","build":"182.4129.34","bucket":"-1","time":1577343270391,"group":{"id":"actions","version":"2"},"event":{"count":1,"data":{},"id":"RunClass"}}
{"session":"b7cec3f75337","build":"182.4129.34","bucket":"-1","time":1577343270454,"group":{"id":"trigger","version":"2"},"event":{"count":1,"data":{},"id":"execute.PythonConfigurationType.Run"}}
{"session":"b7cec3f75337","build":"182.4129.34","bucket":"-1","time":1577343270579,"group":{"id":"toolwindow","version":"2"},"event":{"count":1,"data":{},"id":"Run_by_Activation"}}
{"session":"b7cec3f75337","build":"182.4129.34","bucket":"-1","time":1577343292406,"group":{"id":"actions","version":"2"},"event":{"count":1,"data":{},"id":"ShowSettings"}}
{"session":"b7cec3f75337","build":"182.4129.34","bucket":"-1","time":1577343292516,"group":{"id":"ui.dialogs","version":"2"},"event":{"count":1,"data":{"type":"show"},"id":"com.intellij.openapi.options.newEditor.SettingsDialog"}}
{"session":"b7cec3f75337","build":"182.4129.34","bucket":"-1","time":1577343292781,"group":{"id":"ui.settings","version":"2"},"event":{"count":1,"data":{"type":"select"},"id":"ide.settings.Project_Structure"}}
{"session":"b7cec3f75337","build":"182.4129.34","bucket":"-1","time":1577343296902,"group":{"id":"ui.settings","version":"2"},"event":{"count":1,"data":{"type":"select"},"id":"ide.settings.Project_Interpreter"}}
{"session":"b7cec3f75337","build":"182.4129.34","bucket":"-1","time":1577343327511,"group":{"id":"ui.dialogs","version":"2"},"event":{"count":1,"data":{"type":"show"},"id":"com.jetbrains.python.configuration.PythonSdkDetailsDialog"}}
{"session":"b7cec3f75337","build":"182.4129.34","bucket":"-1","time":1577343340870,"group":{"id":"ui.dialogs","version":"2"},"event":{"count":1,"data":{"type":"show"},"id":"com.jetbrains.python.sdk.add.PyAddSdkDialog"}}
{"session":"b7cec3f75337","build":"182.4129.34","bucket":"-1","time":1577343349745,"group":{"id":"ui.dialogs","version":"2"},"event":{"count":1,"data":{"type":"show"},"id":"com.intellij.openapi.fileChooser.ex.FileChooserDialogImpl"}}
{"session":"b7cec3f75337","build":"182.4129.34","bucket":"-1","time":1577343404801,"group":{"id":"actions","version":"2"},"event":{"count":14,"data":{},"id":"EditorBackSpace"}}
{"session":"b7cec3f75337","build":"182.4129.34","bucket":"-1","time":1577343424598,"group":{"id":"actions","version":"2"},"event":{"count":1,"data":{},"id":"DialogOkAction_Enter"}}
{"session":"b7cec3f75337","build":"182.4129.34","bucket":"-1","time":1577343438441,"group":{"id":"ui.dialogs","version":"2"},"event":{"count":1,"data":{"code":1,"type":"close"},"id":"com.intellij.openapi.fileChooser.ex.FileChooserDialogImpl"}}
{"session":"b7cec3f75337","build":"182.4129.34","bucket":"-1","time":1577343456410,"group":{"id":"ui.dialogs","version":"2"},"event":{"count":1,"data":{"type":"show"},"id":"com.intellij.openapi.fileChooser.ex.FileChooserDialogImpl"}}
{"session":"b7cec3f75337","build":"182.4129.34","bucket":"-1","time":1577343607139,"group":{"id":"actions","version":"2"},"event":{"count":13,"data":{},"id":"EditorBackSpace"}}
{"session":"b7cec3f75337","build":"182.4129.34","bucket":"-1","time":1577343646268,"group":{"id":"trigger","version":"2"},"event":{"count":2,"data":{},"id":"ide.help.select.path.dialog"}}
{"session":"b7cec3f75337","build":"182.4129.34","bucket":"-1","time":1577343764536,"group":{"id":"actions","version":"2"},"event":{"count":6,"data":{},"id":"EditorBackSpace"}}
{"session":"b7cec3f75337","build":"182.4129.34","bucket":"-1","time":1577343923190,"group":{"id":"ui.dialogs","version":"2"},"event":{"count":1,"data":{"code":1,"type":"close"},"id":"com.intellij.openapi.fileChooser.ex.FileChooserDialogImpl"}}
{"session":"b7cec3f75337","build":"182.4129.34","bucket":"-1","time":1577343929674,"group":{"id":"ui.dialogs","version":"2"},"event":{"count":1,"data":{"type":"show"},"id":"com.intellij.openapi.fileChooser.ex.FileChooserDialogImpl"}}
{"session":"b7cec3f75337","build":"182.4129.34","bucket":"-1","time":1577343933116,"group":{"id":"ui.dialogs","version":"2"},"event":{"count":1,"data":{"code":1,"type":"close"},"id":"com.intellij.openapi.fileChooser.ex.FileChooserDialogImpl"}}
{"session":"b7cec3f75337","build":"182.4129.34","bucket":"-1","time":1577343938694,"group":{"id":"ui.dialogs","version":"2"},"event":{"count":1,"data":{"type":"show"},"id":"com.intellij.openapi.fileChooser.ex.FileChooserDialogImpl"}}
{"session":"b7cec3f75337","build":"182.4129.34","bucket":"-1","time":1577343942130,"group":{"id":"ui.dialogs","version":"2"},"event":{"count":1,"data":{"code":1,"type":"close"},"id":"com.intellij.openapi.fileChooser.ex.FileChooserDialogImpl"}}
{"session":"b7cec3f75337","build":"182.4129.34","bucket":"-1","time":1577343956755,"group":{"id":"ui.dialogs","version":"2"},"event":{"count":1,"data":{"type":"show"},"id":"com.intellij.openapi.fileChooser.ex.FileChooserDialogImpl"}}
{"session":"b7cec3f75337","build":"182.4129.34","bucket":"-1","time":1577343967580,"group":{"id":"actions","version":"2"},"event":{"count":4,"data":{},"id":"EditorBackSpace"}}
{"session":"b7cec3f75337","build":"182.4129.34","bucket":"-1","time":1577343975564,"group":{"id":"actions","version":"2"},"event":{"count":1,"data":{},"id":"DialogOkAction_Enter"}}
{"session":"b7cec3f75337","build":"182.4129.34","bucket":"-1","time":1577343979845,"group":{"id":"ui.dialogs","version":"2"},"event":{"count":1,"data":{"code":1,"type":"close"},"id":"com.intellij.openapi.fileChooser.ex.FileChooserDialogImpl"}}
{"session":"b7cec3f75337","build":"182.4129.34","bucket":"-1","time":1577344015329,"group":{"id":"ui.dialogs","version":"2"},"event":{"count":1,"data":{"code":1,"type":"close"},"id":"com.jetbrains.python.sdk.add.PyAddSdkDialog"}}
{"session":"b7cec3f75337","build":"182.4129.34","bucket":"-1","time":1577344025078,"group":{"id":"ui.dialogs","version":"2"},"event":{"count":1,"data":{"type":"show"},"id":"com.jetbrains.python.sdk.add.PyAddSdkDialog"}}
{"session":"b7cec3f75337","build":"182.4129.34","bucket":"-1","time":1577344028297,"group":{"id":"ui.dialogs","version":"2"},"event":{"count":1,"data":{"code":1,"type":"close"},"id":"com.jetbrains.python.sdk.add.PyAddSdkDialog"}}
{"session":"b7cec3f75337","build":"182.4129.34","bucket":"-1","time":1577344036236,"group":{"id":"ui.dialogs","version":"2"},"event":{"count":1,"data":{"code":1,"type":"close"},"id":"com.jetbrains.python.configuration.PythonSdkDetailsDialog"}}
{"session":"b7cec3f75337","build":"182.4129.34","bucket":"-1","time":1577344040986,"group":{"id":"ui.settings","version":"2"},"event":{"count":1,"data":{"type":"apply"},"id":"ide.settings.Project_Interpreter"}}
{"session":"b7cec3f75337","build":"182.4129.34","bucket":"-1","time":1577344040986,"group":{"id":"trigger","version":"2"},"event":{"count":1,"data":{},"id":"ide.settings.Project_Interpreter"}}
{"session":"b7cec3f75337","build":"182.4129.34","bucket":"-1","time":1577344049579,"group":{"id":"ui.dialogs","version":"2"},"event":{"count":1,"data":{"type":"show"},"id":"com.intellij.webcore.packaging.ManagePackagesDialog"}}
{"session":"b7cec3f75337","build":"182.4129.34","bucket":"-1","time":1577344049829,"group":{"id":"ui.dialogs","version":"2"},"event":{"count":1,"data":{"type":"show"},"id":"com.intellij.openapi.ui.messages.MessageDialog"}}
{"session":"b7cec3f75337","build":"182.4129.34","bucket":"-1","time":1577344064719,"group":{"id":"ui.dialogs","version":"2"},"event":{"count":1,"data":{"type":"show"},"id":"com.intellij.openapi.ui.messages.MessageDialog"}}
{"session":"b7cec3f75337","build":"182.4129.34","bucket":"-1","time":1577344069860,"group":{"id":"ui.dialogs","version":"2"},"event":{"count":1,"data":{"code":1,"type":"close"},"id":"com.intellij.webcore.packaging.ManagePackagesDialog"}}
{"session":"b7cec3f75337","build":"182.4129.34","bucket":"-1","time":1577344073376,"group":{"id":"ui.dialogs","version":"2"},"event":{"count":1,"data":{"type":"show"},"id":"com.intellij.webcore.packaging.ManagePackagesDialog"}}
{"session":"b7cec3f75337","build":"182.4129.34","bucket":"-1","time":1577344073422,"group":{"id":"ui.dialogs","version":"2"},"event":{"count":1,"data":{"type":"show"},"id":"com.intellij.openapi.ui.messages.MessageDialog"}}
{"session":"b7cec3f75337","build":"182.4129.34","bucket":"-1","time":1577344079125,"group":{"id":"ui.dialogs","version":"2"},"event":{"count":1,"data":{"code":1,"type":"close"},"id":"com.intellij.webcore.packaging.ManagePackagesDialog"}}
{"session":"b7cec3f75337","build":"182.4129.34","bucket":"-1","time":1577344092281,"group":{"id":"ui.dialogs","version":"2"},"event":{"count":1,"data":{"type":"show"},"id":"com.intellij.webcore.packaging.ManagePackagesDialog"}}
{"session":"b7cec3f75337","build":"182.4129.34","bucket":"-1","time":1577344092344,"group":{"id":"ui.dialogs","version":"2"},"event":{"count":1,"data":{"type":"show"},"id":"com.intellij.openapi.ui.messages.MessageDialog"}}
{"session":"b7cec3f75337","build":"182.4129.34","bucket":"-1","time":1577344096500,"group":{"id":"ui.dialogs","version":"2"},"event":{"count":1,"data":{"code":1,"type":"close"},"id":"com.intellij.webcore.packaging.ManagePackagesDialog"}}
{"session":"b7cec3f75337","build":"182.4129.34","bucket":"-1","time":1577344105719,"group":{"id":"ui.dialogs","version":"2"},"event":{"count":1,"data":{"code":0,"type":"close"},"id":"com.intellij.openapi.options.newEditor.SettingsDialog"}}
{"session":"b7cec3f75337","build":"182.4129.34","bucket":"-1","time":1577344124281,"group":{"id":"actions","version":"2"},"event":{"count":1,"data":{},"id":"RunClass"}}
{"session":"b7cec3f75337","build":"182.4129.34","bucket":"-1","time":1577344124343,"group":{"id":"trigger","version":"2"},"event":{"count":1,"data":{},"id":"execute.PythonConfigurationType.Run"}}
{"session":"b7cec3f75337","build":"182.4129.34","bucket":"-1","time":1577344124453,"group":{"id":"toolwindow","version":"2"},"event":{"count":1,"data":{},"id":"Run_by_Activation"}}
{"session":"b7cec3f75337","build":"182.4129.34","bucket":"-1","time":1577344182686,"group":{"id":"actions","version":"2"},"event":{"count":1,"data":{},"id":"EditorCopy"}}
{"session":"b7cec3f75337","build":"182.4129.34","bucket":"-1","time":1577344206404,"group":{"id":"actions","version":"2"},"event":{"count":1,"data":{},"id":"ShowSettings"}}
{"session":"b7cec3f75337","build":"182.4129.34","bucket":"-1","time":1577344206513,"group":{"id":"ui.dialogs","version":"2"},"event":{"count":1,"data":{"type":"show"},"id":"com.intellij.openapi.options.newEditor.SettingsDialog"}}
{"session":"b7cec3f75337","build":"182.4129.34","bucket":"-1","time":1577344206779,"group":{"id":"ui.settings","version":"2"},"event":{"count":1,"data":{"type":"select"},"id":"ide.settings.Project_Interpreter"}}
{"session":"b7cec3f75337","build":"182.4129.34","bucket":"-1","time":1577344218529,"group":{"id":"ui.dialogs","version":"2"},"event":{"count":1,"data":{"type":"show"},"id":"com.jetbrains.python.configuration.PythonSdkDetailsDialog"}}
{"session":"b7cec3f75337","build":"182.4129.34","bucket":"-1","time":1577344223107,"group":{"id":"ui.dialogs","version":"2"},"event":{"count":1,"data":{"type":"show"},"id":"com.jetbrains.python.sdk.add.PyAddSdkDialog"}}
{"session":"b7cec3f75337","build":"182.4129.34","bucket":"-1","time":1577344227607,"group":{"id":"ui.dialogs","version":"2"},"event":{"count":1,"data":{"type":"show"},"id":"com.intellij.openapi.fileChooser.ex.FileChooserDialogImpl"}}
{"session":"b7cec3f75337","build":"182.4129.34","bucket":"-1","time":1577344230210,"group":{"id":"actions","version":"2"},"event":{"count":1,"data":{},"id":"EditorPaste"}}
{"session":"b7cec3f75337","build":"182.4129.34","bucket":"-1","time":1577344236159,"group":{"id":"actions","version":"2"},"event":{"count":1,"data":{},"id":"DialogOkAction_Enter"}}
{"session":"b7cec3f75337","build":"182.4129.34","bucket":"-1","time":1577344236159,"group":{"id":"ui.dialogs","version":"2"},"event":{"count":1,"data":{"code":0,"type":"close"},"id":"com.intellij.openapi.fileChooser.ex.FileChooserDialogImpl"}}
{"session":"b7cec3f75337","build":"182.4129.34","bucket":"-1","time":1577344242721,"group":{"id":"ui.dialogs","version":"2"},"event":{"count":1,"data":{"type":"show"},"id":"com.intellij.openapi.fileChooser.ex.FileChooserDialogImpl"}}
{"session":"b7cec3f75337","build":"182.4129.34","bucket":"-1","time":1577344250593,"group":{"id":"actions","version":"2"},"event":{"count":1,"data":{},"id":"EditorPaste"}}
{"session":"b7cec3f75337","build":"182.4129.34","bucket":"-1","time":1577344255379,"group":{"id":"actions","version":"2"},"event":{"count":1,"data":{},"id":"DialogOkAction_Enter"}}
{"session":"b7cec3f75337","build":"182.4129.34","bucket":"-1","time":1577344255379,"group":{"id":"ui.dialogs","version":"2"},"event":{"count":1,"data":{"code":0,"type":"close"},"id":"com.intellij.openapi.fileChooser.ex.FileChooserDialogImpl"}}
{"session":"b7cec3f75337","build":"182.4129.34","bucket":"-1","time":1577344258848,"group":{"id":"ui.dialogs","version":"2"},"event":{"count":1,"data":{"type":"show"},"id":"com.intellij.openapi.fileChooser.ex.FileChooserDialogImpl"}}
{"session":"b7cec3f75337","build":"182.4129.34","bucket":"-1","time":1577344278051,"group":{"id":"ui.dialogs","version":"2"},"event":{"count":1,"data":{"code":0,"type":"close"},"id":"com.intellij.openapi.fileChooser.ex.FileChooserDialogImpl"}}
{"session":"b7cec3f75337","build":"182.4129.34","bucket":"-1","time":1577344298660,"group":{"id":"ui.dialogs","version":"2"},"event":{"count":1,"data":{"type":"show"},"id":"com.intellij.openapi.fileChooser.ex.FileChooserDialogImpl"}}
{"session":"b7cec3f75337","build":"182.4129.34","bucket":"-1","time":1577344301632,"group":{"id":"actions","version":"2"},"event":{"count":1,"data":{},"id":"EditorPaste"}}
{"session":"b7cec3f75337","build":"182.4129.34","bucket":"-1","time":1577344314744,"group":{"id":"ui.dialogs","version":"2"},"event":{"count":1,"data":{"code":0,"type":"close"},"id":"com.intellij.openapi.fileChooser.ex.FileChooserDialogImpl"}}
{"session":"b7cec3f75337","build":"182.4129.34","bucket":"-1","time":1577344322072,"group":{"id":"ui.dialogs","version":"2"},"event":{"count":1,"data":{"code":0,"type":"close"},"id":"com.jetbrains.python.sdk.add.PyAddSdkDialog"}}
{"session":"b7cec3f75337","build":"182.4129.34","bucket":"-1","time":1577344328603,"group":{"id":"ui.dialogs","version":"2"},"event":{"count":1,"data":{"code":0,"type":"close"},"id":"com.jetbrains.python.configuration.PythonSdkDetailsDialog"}}
{"session":"b7cec3f75337","build":"182.4129.34","bucket":"-1","time":1577344338853,"group":{"id":"ui.settings","version":"2"},"event":{"count":1,"data":{"type":"apply"},"id":"ide.settings.Project_Interpreter"}}
{"session":"b7cec3f75337","build":"182.4129.34","bucket":"-1","time":1577344338853,"group":{"id":"trigger","version":"2"},"event":{"count":1,"data":{},"id":"ide.settings.Project_Interpreter"}}
{"session":"b7cec3f75337","build":"182.4129.34","bucket":"-1","time":1577344344650,"group":{"id":"ui.dialogs","version":"2"},"event":{"count":1,"data":{"code":0,"type":"close"},"id":"com.intellij.openapi.options.newEditor.SettingsDialog"}}
{"session":"b7cec3f75337","build":"182.4129.34","bucket":"-1","time":1577344365009,"group":{"id":"toolwindow","version":"2"},"event":{"count":1,"data":{},"id":"Project_by_Activation"}}
{"session":"b7cec3f75337","build":"182.4129.34","bucket":"-1","time":1577344373868,"group":{"id":"actions","version":"2"},"event":{"count":1,"data":{},"id":"RunClass"}}
{"session":"b7cec3f75337","build":"182.4129.34","bucket":"-1","time":1577344373930,"group":{"id":"trigger","version":"2"},"event":{"count":1,"data":{},"id":"execute.PythonConfigurationType.Run"}}
{"session":"b7cec3f75337","build":"182.4129.34","bucket":"-1","time":1577344374008,"group":{"id":"toolwindow","version":"2"},"event":{"count":1,"data":{},"id":"Run_by_Activation"}}
{"session":"b7cec3f75337","build":"182.4129.34","bucket":"-1","time":1577344388539,"group":{"id":"actions","version":"2"},"event":{"count":1,"data":{},"id":"ShowSettings"}}
{"session":"b7cec3f75337","build":"182.4129.34","bucket":"-1","time":1577344388617,"group":{"id":"ui.dialogs","version":"2"},"event":{"count":1,"data":{"type":"show"},"id":"com.intellij.openapi.options.newEditor.SettingsDialog"}}
{"session":"b7cec3f75337","build":"182.4129.34","bucket":"-1","time":1577344388899,"group":{"id":"ui.settings","version":"2"},"event":{"count":1,"data":{"type":"select"},"id":"ide.settings.Project_Interpreter"}}
{"session":"b7cec3f75337","build":"182.4129.34","bucket":"-1","time":1577344395086,"group":{"id":"ui.dialogs","version":"2"},"event":{"count":1,"data":{"type":"show"},"id":"com.intellij.webcore.packaging.ManagePackagesDialog"}}
{"session":"b7cec3f75337","build":"182.4129.34","bucket":"-1","time":1577344395133,"group":{"id":"ui.dialogs","version":"2"},"event":{"count":1,"data":{"type":"show"},"id":"com.intellij.openapi.ui.messages.MessageDialog"}}
{"session":"b7cec3f75337","build":"182.4129.34","bucket":"-1","time":1577344408711,"group":{"id":"ui.dialogs","version":"2"},"event":{"count":1,"data":{"type":"show"},"id":"com.intellij.webcore.packaging.ManageRepoDialog"}}
{"session":"b7cec3f75337","build":"182.4129.34","bucket":"-1","time":1577344416461,"group":{"id":"ui.dialogs","version":"2"},"event":{"count":1,"data":{"code":0,"type":"close"},"id":"com.intellij.webcore.packaging.ManageRepoDialog"}}
{"session":"b7cec3f75337","build":"182.4129.34","bucket":"-1","time":1577344427742,"group":{"id":"actions","version":"2"},"event":{"count":1,"data":{},"id":"EditorPaste"}}
{"session":"b7cec3f75337","build":"182.4129.34","bucket":"-1","time":1577344430960,"group":{"id":"actions","version":"2"},"event":{"count":1,"data":{},"id":"EditorBackSpace"}}
{"session":"b7cec3f75337","build":"182.4129.34","bucket":"-1","time":1577344439257,"group":{"id":"ui.dialogs","version":"2"},"event":{"count":1,"data":{"type":"show"},"id":"com.intellij.openapi.ui.messages.MessageDialog"}}
{"session":"b7cec3f75337","build":"182.4129.34","bucket":"-1","time":1577344451475,"group":{"id":"ui.dialogs","version":"2"},"event":{"count":1,"data":{"code":1,"type":"close"},"id":"com.intellij.webcore.packaging.ManagePackagesDialog"}}
{"session":"b7cec3f75337","build":"182.4129.34","bucket":"-1","time":1577344453522,"group":{"id":"ui.dialogs","version":"2"},"event":{"count":1,"data":{"type":"show"},"id":"com.intellij.webcore.packaging.ManagePackagesDialog"}}
{"session":"b7cec3f75337","build":"182.4129.34","bucket":"-1","time":1577344453554,"group":{"id":"ui.dialogs","version":"2"},"event":{"count":1,"data":{"type":"show"},"id":"com.intellij.openapi.ui.messages.MessageDialog"}}
{"session":"b7cec3f75337","build":"182.4129.34","bucket":"-1","time":1577344458335,"group":{"id":"ui.dialogs","version":"2"},"event":{"count":1,"data":{"code":1,"type":"close"},"id":"com.intellij.webcore.packaging.ManagePackagesDialog"}}
{"session":"b7cec3f75337","build":"182.4129.34","bucket":"-1","time":1577344484490,"group":{"id":"ui.dialogs","version":"2"},"event":{"count":1,"data":{"type":"show"},"id":"com.jetbrains.python.configuration.PythonSdkDetailsDialog"}}
{"session":"b7cec3f75337","build":"182.4129.34","bucket":"-1","time":1577344494490,"group":{"id":"ui.dialogs","version":"2"},"event":{"count":1,"data":{"type":"show"},"id":"com.jetbrains.python.sdk.add.PyAddSdkDialog"}}
{"session":"b7cec3f75337","build":"182.4129.34","bucket":"-1","time":1577344503443,"group":{"id":"ui.dialogs","version":"2"},"event":{"count":1,"data":{"type":"show"},"id":"com.intellij.openapi.fileChooser.ex.FileChooserDialogImpl"}}
{"session":"b7cec3f75337","build":"182.4129.34","bucket":"-1","time":1577344505675,"group":{"id":"actions","version":"2"},"event":{"count":1,"data":{},"id":"EditorPaste"}}
{"session":"b7cec3f75337","build":"182.4129.34","bucket":"-1","time":1577344508840,"group":{"id":"actions","version":"2"},"event":{"count":1,"data":{},"id":"DialogOkAction_Enter"}}
{"session":"b7cec3f75337","build":"182.4129.34","bucket":"-1","time":1577344508840,"group":{"id":"ui.dialogs","version":"2"},"event":{"count":1,"data":{"code":1,"type":"close"},"id":"com.intellij.openapi.fileChooser.ex.FileChooserDialogImpl"}}
{"session":"b7cec3f75337","build":"182.4129.34","bucket":"-1","time":1577344520168,"group":{"id":"ui.dialogs","version":"2"},"event":{"count":1,"data":{"type":"show"},"id":"com.intellij.openapi.fileChooser.ex.FileChooserDialogImpl"}}
{"session":"b7cec3f75337","build":"182.4129.34","bucket":"-1","time":1577344522989,"group":{"id":"actions","version":"2"},"event":{"count":1,"data":{},"id":"EditorPaste"}}
{"session":"b7cec3f75337","build":"182.4129.34","bucket":"-1","time":1577344530823,"group":{"id":"ui.dialogs","version":"2"},"event":{"count":1,"data":{"code":0,"type":"close"},"id":"com.intellij.openapi.fileChooser.ex.FileChooserDialogImpl"}}
{"session":"b7cec3f75337","build":"182.4129.34","bucket":"-1","time":1577344534776,"group":{"id":"ui.dialogs","version":"2"},"event":{"count":1,"data":{"code":0,"type":"close"},"id":"com.jetbrains.python.sdk.add.PyAddSdkDialog"}}
{"session":"b7cec3f75337","build":"182.4129.34","bucket":"-1","time":1577344546995,"group":{"id":"ui.dialogs","version":"2"},"event":{"count":1,"data":{"code":0,"type":"close"},"id":"com.jetbrains.python.configuration.PythonSdkDetailsDialog"}}
{"session":"b7cec3f75337","build":"182.4129.34","bucket":"-1","time":1577344580791,"group":{"id":"ui.settings","version":"2"},"event":{"count":1,"data":{"type":"apply"},"id":"ide.settings.Project_Interpreter"}}
{"session":"b7cec3f75337","build":"182.4129.34","bucket":"-1","time":1577344580791,"group":{"id":"trigger","version":"2"},"event":{"count":1,"data":{},"id":"ide.settings.Project_Interpreter"}}
{"session":"b7cec3f75337","build":"182.4129.34","bucket":"-1","time":1577344581604,"group":{"id":"ui.dialogs","version":"2"},"event":{"count":1,"data":{"code":0,"type":"close"},"id":"com.intellij.openapi.options.newEditor.SettingsDialog"}}
{"session":"b7cec3f75337","build":"182.4129.34","bucket":"-1","time":1577344588572,"group":{"id":"actions","version":"2"},"event":{"count":1,"data":{},"id":"TemplateProjectProperties"}}
{"session":"b7cec3f75337","build":"182.4129.34","bucket":"-1","time":1577344588744,"group":{"id":"ui.dialogs","version":"2"},"event":{"count":1,"data":{"type":"show"},"id":"com.intellij.openapi.options.newEditor.SettingsDialog"}}
{"session":"b7cec3f75337","build":"182.4129.34","bucket":"-1","time":1577344589416,"group":{"id":"ui.settings","version":"2"},"event":{"count":1,"data":{"type":"select"},"id":"ide.settings.Inspections"}}
{"session":"b7cec3f75337","build":"182.4129.34","bucket":"-1","time":1577344593681,"group":{"id":"ui.settings","version":"2"},"event":{"count":1,"data":{"type":"select"},"id":"ide.settings.Version_Control"}}
{"session":"b7cec3f75337","build":"182.4129.34","bucket":"-1","time":1577344594869,"group":{"id":"ui.settings","version":"2"},"event":{"count":1,"data":{"type":"select"},"id":"ide.settings.Project_Interpreter"}}
{"session":"b7cec3f75337","build":"182.4129.34","bucket":"-1","time":1577344605775,"group":{"id":"ui.dialogs","version":"2"},"event":{"count":1,"data":{"type":"show"},"id":"com.jetbrains.python.configuration.PythonSdkDetailsDialog"}}
{"session":"b7cec3f75337","build":"182.4129.34","bucket":"-1","time":1577344611415,"group":{"id":"ui.dialogs","version":"2"},"event":{"count":1,"data":{"type":"show"},"id":"com.jetbrains.python.sdk.add.PyAddSdkDialog"}}
{"session":"b7cec3f75337","build":"182.4129.34","bucket":"-1","time":1577344618181,"group":{"id":"ui.dialogs","version":"2"},"event":{"count":1,"data":{"type":"show"},"id":"com.intellij.openapi.fileChooser.ex.FileChooserDialogImpl"}}
{"session":"b7cec3f75337","build":"182.4129.34","bucket":"-1","time":1577344620154,"group":{"id":"actions","version":"2"},"event":{"count":1,"data":{},"id":"EditorPaste"}}
{"session":"b7cec3f75337","build":"182.4129.34","bucket":"-1","time":1577344629423,"group":{"id":"ui.dialogs","version":"2"},"event":{"count":1,"data":{"code":0,"type":"close"},"id":"com.intellij.openapi.fileChooser.ex.FileChooserDialogImpl"}}
{"session":"b7cec3f75337","build":"182.4129.34","bucket":"-1","time":1577344635360,"group":{"id":"ui.dialogs","version":"2"},"event":{"count":1,"data":{"code":0,"type":"close"},"id":"com.jetbrains.python.sdk.add.PyAddSdkDialog"}}
{"session":"b7cec3f75337","build":"182.4129.34","bucket":"-1","time":1577344641610,"group":{"id":"ui.dialogs","version":"2"},"event":{"count":1,"data":{"code":0,"type":"close"},"id":"com.jetbrains.python.configuration.PythonSdkDetailsDialog"}}
{"session":"b7cec3f75337","build":"182.4129.34","bucket":"-1","time":1577344646438,"group":{"id":"ui.settings","version":"2"},"event":{"count":1,"data":{"type":"apply"},"id":"ide.settings.Project_Interpreter"}}
{"session":"b7cec3f75337","build":"182.4129.34","bucket":"-1","time":1577344646438,"group":{"id":"trigger","version":"2"},"event":{"count":1,"data":{},"id":"ide.settings.Project_Interpreter"}}
{"session":"b7cec3f75337","build":"182.4129.34","bucket":"-1","time":1577344647845,"group":{"id":"ui.dialogs","version":"2"},"event":{"count":1,"data":{"code":0,"type":"close"},"id":"com.intellij.openapi.options.newEditor.SettingsDialog"}}
{"session":"b7cec3f75337","build":"182.4129.34","bucket":"-1","time":1577344659688,"group":{"id":"actions","version":"2"},"event":{"count":1,"data":{},"id":"editRunConfigurations"}}
{"session":"b7cec3f75337","build":"182.4129.34","bucket":"-1","time":1577344659876,"group":{"id":"ui.dialogs","version":"2"},"event":{"count":1,"data":{"type":"show"},"id":"com.intellij.execution.impl.EditConfigurationsDialog"}}
{"session":"b7cec3f75337","build":"182.4129.34","bucket":"-1","time":1577344667032,"group":{"id":"ui.dialogs","version":"2"},"event":{"count":1,"data":{"type":"show"},"id":"com.intellij.openapi.fileChooser.ex.FileChooserDialogImpl"}}
{"session":"b7cec3f75337","build":"182.4129.34","bucket":"-1","time":1577344671045,"group":{"id":"actions","version":"2"},"event":{"count":1,"data":{},"id":"EditorPaste"}}
{"session":"b7cec3f75337","build":"182.4129.34","bucket":"-1","time":1577344685046,"group":{"id":"ui.dialogs","version":"2"},"event":{"count":1,"data":{"code":0,"type":"close"},"id":"com.intellij.openapi.fileChooser.ex.FileChooserDialogImpl"}}
{"session":"b7cec3f75337","build":"182.4129.34","bucket":"-1","time":1577344689515,"group":{"id":"ui.dialogs","version":"2"},"event":{"count":1,"data":{"code":0,"type":"close"},"id":"com.intellij.execution.impl.EditConfigurationsDialog"}}
{"session":"b7cec3f75337","build":"182.4129.34","bucket":"-1","time":1577344693921,"group":{"id":"actions","version":"2"},"event":{"count":1,"data":{},"id":"RunClass"}}
{"session":"b7cec3f75337","build":"182.4129.34","bucket":"-1","time":1577344693984,"group":{"id":"trigger","version":"2"},"event":{"count":1,"data":{},"id":"execute.PythonConfigurationType.Run"}}
{"session":"b7cec3f75337","build":"182.4129.34","bucket":"-1","time":1577344694140,"group":{"id":"toolwindow","version":"2"},"event":{"count":1,"data":{},"id":"Run_by_Activation"}}
{"session":"b7cec3f75337","build":"182.4129.34","bucket":"-1","time":1577344714061,"group":{"id":"actions","version":"2"},"event":{"count":1,"data":{},"id":"RunClass"}}
{"session":"b7cec3f75337","build":"182.4129.34","bucket":"-1","time":1577344714123,"group":{"id":"trigger","version":"2"},"event":{"count":1,"data":{},"id":"execute.PythonConfigurationType.Run"}}
{"session":"b7cec3f75337","build":"182.4129.34","bucket":"-1","time":1577344714217,"group":{"id":"toolwindow","version":"2"},"event":{"count":1,"data":{},"id":"Run_by_Activation"}}
{"session":"b7cec3f75337","build":"182.4129.34","bucket":"-1","time":1577344721998,"group":{"id":"actions","version":"2"},"event":{"count":1,"data":{},"id":"$SelectAll"}}
{"session":"b7cec3f75337","build":"182.4129.34","bucket":"-1","time":1577344723154,"group":{"id":"actions","version":"2"},"event":{"count":1,"data":{},"id":"EditorCopy"}}
{"session":"b7cec3f75337","build":"182.4129.34","bucket":"-1","time":1577344864851,"group":{"id":"toolwindow","version":"2"},"event":{"count":1,"data":{},"id":"Project_by_Activation"}}
{"session":"b7cec3f75337","build":"182.4129.34","bucket":"-1","time":1577344869148,"group":{"id":"actions","version":"2"},"event":{"count":1,"data":{},"id":"TemplateProjectProperties"}}
{"session":"b7cec3f75337","build":"182.4129.34","bucket":"-1","time":1577344869226,"group":{"id":"ui.dialogs","version":"2"},"event":{"count":1,"data":{"type":"show"},"id":"com.intellij.openapi.options.newEditor.SettingsDialog"}}
{"session":"b7cec3f75337","build":"182.4129.34","bucket":"-1","time":1577344869507,"group":{"id":"ui.settings","version":"2"},"event":{"count":1,"data":{"type":"select"},"id":"ide.settings.Project_Interpreter"}}
{"session":"b7cec3f75337","build":"182.4129.34","bucket":"-1","time":1577344878319,"group":{"id":"ui.dialogs","version":"2"},"event":{"count":1,"data":{"code":0,"type":"close"},"id":"com.intellij.openapi.options.newEditor.SettingsDialog"}}
{"session":"b7cec3f75337","build":"182.4129.34","bucket":"-1","time":1577344884335,"group":{"id":"actions","version":"2"},"event":{"count":1,"data":{},"id":"ShowSettings"}}
{"session":"b7cec3f75337","build":"182.4129.34","bucket":"-1","time":1577344884428,"group":{"id":"ui.dialogs","version":"2"},"event":{"count":1,"data":{"type":"show"},"id":"com.intellij.openapi.options.newEditor.SettingsDialog"}}
{"session":"b7cec3f75337","build":"182.4129.34","bucket":"-1","time":1577344884710,"group":{"id":"ui.settings","version":"2"},"event":{"count":1,"data":{"type":"select"},"id":"ide.settings.Project_Interpreter"}}
{"session":"b7cec3f75337","build":"182.4129.34","bucket":"-1","time":1577344894319,"group":{"id":"ui.settings","version":"2"},"event":{"count":1,"data":{"type":"select"},"id":"ide.settings.Background"}}
{"session":"b7cec3f75337","build":"182.4129.34","bucket":"-1","time":1577344938193,"group":{"id":"ui.settings","version":"2"},"event":{"count":1,"data":{"type":"select"},"id":"ide.settings.Changelists"}}
{"session":"b7cec3f75337","build":"182.4129.34","bucket":"-1","time":1577344942490,"group":{"id":"ui.settings","version":"2"},"event":{"count":1,"data":{"type":"select"},"id":"ide.settings.Commit_Dialog"}}
{"session":"b7cec3f75337","build":"182.4129.34","bucket":"-1","time":1577344956599,"group":{"id":"ui.settings","version":"2"},"event":{"count":1,"data":{"type":"select"},"id":"ide.settings.Confirmation"}}
{"session":"b7cec3f75337","build":"182.4129.34","bucket":"-1","time":1577344973005,"group":{"id":"ui.settings","version":"2"},"event":{"count":1,"data":{"type":"select"},"id":"ide.settings.File_Status_Colors"}}
{"session":"b7cec3f75337","build":"182.4129.34","bucket":"-1","time":1577345002801,"group":{"id":"ui.dialogs","version":"2"},"event":{"count":1,"data":{"type":"show"},"id":"com.intellij.ui.ColorPicker$ColorPickerDialog"}}
{"session":"b7cec3f75337","build":"182.4129.34","bucket":"-1","time":1577345013019,"group":{"id":"ui.dialogs","version":"2"},"event":{"count":1,"data":{"code":0,"type":"close"},"id":"com.intellij.ui.ColorPicker$ColorPickerDialog"}}
{"session":"b7cec3f75337","build":"182.4129.34","bucket":"-1","time":1577345042128,"group":{"id":"ui.dialogs","version":"2"},"event":{"count":1,"data":{"code":0,"type":"close"},"id":"com.intellij.openapi.options.newEditor.SettingsDialog"}}
{"session":"b7cec3f75337","build":"182.4129.34","bucket":"-1","time":1577345047128,"group":{"id":"actions","version":"2"},"event":{"count":5,"data":{},"id":"EditorBackSpace"}}
{"session":"b7cec3f75337","build":"182.4129.34","bucket":"-1","time":1577345054034,"group":{"id":"completion","version":"2"},"event":{"count":1,"data":{},"id":"editing.completion.basic"}}
{"session":"b7cec3f75337","build":"182.4129.34","bucket":"-1","time":1577345056612,"group":{"id":"actions","version":"2"},"event":{"count":3,"data":{},"id":"$Undo"}}
{"session":"b7cec3f75337","build":"182.4129.34","bucket":"-1","time":1577345067440,"group":{"id":"actions","version":"2"},"event":{"count":1,"data":{},"id":"ShowSettings"}}
{"session":"b7cec3f75337","build":"182.4129.34","bucket":"-1","time":1577345067503,"group":{"id":"ui.dialogs","version":"2"},"event":{"count":1,"data":{"type":"show"},"id":"com.intellij.openapi.options.newEditor.SettingsDialog"}}
{"session":"b7cec3f75337","build":"182.4129.34","bucket":"-1","time":1577345067753,"group":{"id":"ui.settings","version":"2"},"event":{"count":1,"data":{"type":"select"},"id":"ide.settings.File_Status_Colors"}}
{"session":"b7cec3f75337","build":"182.4129.34","bucket":"-1","time":1577345072237,"group":{"id":"ui.settings","version":"2"},"event":{"count":1,"data":{"type":"select"},"id":"ide.settings.GitHub"}}
{"session":"b7cec3f75337","build":"182.4129.34","bucket":"-1","time":1577345074159,"group":{"id":"ui.settings","version":"2"},"event":{"count":1,"data":{"type":"select"},"id":"ide.settings.Ignored_Files"}}
{"session":"b7cec3f75337","build":"182.4129.34","bucket":"-1","time":1577345078112,"group":{"id":"ui.settings","version":"2"},"event":{"count":1,"data":{"type":"select"},"id":"ide.settings.Issue_Navigation"}}
{"session":"b7cec3f75337","build":"182.4129.34","bucket":"-1","time":1577345080221,"group":{"id":"ui.settings","version":"2"},"event":{"count":1,"data":{"type":"select"},"id":"ide.settings.Shelf"}}
{"session":"b7cec3f75337","build":"182.4129.34","bucket":"-1","time":1577345083877,"group":{"id":"ui.dialogs","version":"2"},"event":{"count":1,"data":{"type":"show"},"id":"com.intellij.openapi.vcs.configurable.ShelfStorageConfigurationDialog"}}
{"session":"b7cec3f75337","build":"182.4129.34","bucket":"-1","time":1577345094658,"group":{"id":"ui.dialogs","version":"2"},"event":{"count":1,"data":{"code":1,"type":"close"},"id":"com.intellij.openapi.vcs.configurable.ShelfStorageConfigurationDialog"}}
{"session":"b7cec3f75337","build":"182.4129.34","bucket":"-1","time":1577345096565,"group":{"id":"ui.settings","version":"2"},"event":{"count":1,"data":{"type":"select"},"id":"ide.settings.CVS"}}
{"session":"b7cec3f75337","build":"182.4129.34","bucket":"-1","time":1577345102830,"group":{"id":"ui.settings","version":"2"},"event":{"count":1,"data":{"type":"select"},"id":"ide.settings.Git"}}
{"session":"b7cec3f75337","build":"182.4129.34","bucket":"-1","time":1577345105549,"group":{"id":"ui.settings","version":"2"},"event":{"count":1,"data":{"type":"select"},"id":"ide.settings.Mercurial"}}
{"session":"b7cec3f75337","build":"182.4129.34","bucket":"-1","time":1577345107939,"group":{"id":"ui.settings","version":"2"},"event":{"count":1,"data":{"type":"select"},"id":"ide.settings.Subversion"}}
{"session":"b7cec3f75337","build":"182.4129.34","bucket":"-1","time":1577345114064,"group":{"id":"ui.settings","version":"2"},"event":{"count":1,"data":{"type":"select"},"id":"ide.settings.Project__Ascad"}}
{"session":"b7cec3f75337","build":"182.4129.34","bucket":"-1","time":1577345119814,"group":{"id":"ui.dialogs","version":"2"},"event":{"count":1,"data":{"code":1,"type":"close"},"id":"com.intellij.openapi.options.newEditor.SettingsDialog"}}
{"session":"b7cec3f75337","build":"182.4129.34","bucket":"-1","time":1577345126095,"group":{"id":"actions","version":"2"},"event":{"count":1,"data":{},"id":"TemplateProjectProperties"}}
{"session":"b7cec3f75337","build":"182.4129.34","bucket":"-1","time":1577345126126,"group":{"id":"ui.dialogs","version":"2"},"event":{"count":1,"data":{"type":"show"},"id":"com.intellij.openapi.options.newEditor.SettingsDialog"}}
{"session":"b7cec3f75337","build":"182.4129.34","bucket":"-1","time":1577345126376,"group":{"id":"ui.settings","version":"2"},"event":{"count":1,"data":{"type":"select"},"id":"ide.settings.Project_Interpreter"}}
{"session":"b7cec3f75337","build":"182.4129.34","bucket":"-1","time":1577345133767,"group":{"id":"ui.settings","version":"2"},"event":{"count":1,"data":{"type":"select"},"id":"ide.settings.Build__Execution__Deployment"}}
{"session":"b7cec3f75337","build":"182.4129.34","bucket":"-1","time":1577345136533,"group":{"id":"ui.settings","version":"2"},"event":{"count":1,"data":{"type":"select"},"id":"ide.settings.Project_Interpreter"}}
{"session":"b7cec3f75337","build":"182.4129.34","bucket":"-1","time":1577345139720,"group":{"id":"ui.settings","version":"2"},"event":{"count":1,"data":{"type":"select"},"id":"ide.settings.Build__Execution__Deployment"}}
{"session":"b7cec3f75337","build":"182.4129.34","bucket":"-1","time":1577345143032,"group":{"id":"ui.settings","version":"2"},"event":{"count":1,"data":{"type":"select"},"id":"ide.settings.Python_Debugger"}}
{"session":"b7cec3f75337","build":"182.4129.34","bucket":"-1","time":1577345151407,"group":{"id":"ui.settings","version":"2"},"event":{"count":1,"data":{"type":"select"},"id":"ide.settings.Buildout_Support"}}
{"session":"b7cec3f75337","build":"182.4129.34","bucket":"-1","time":1577345153657,"group":{"id":"ui.settings","version":"2"},"event":{"count":1,"data":{"type":"select"},"id":"ide.settings.Python_Debugger"}}
{"session":"b7cec3f75337","build":"182.4129.34","bucket":"-1","time":1577345157345,"group":{"id":"ui.settings","version":"2"},"event":{"count":1,"data":{"type":"select"},"id":"ide.settings.Console"}}
{"session":"b7cec3f75337","build":"182.4129.34","bucket":"-1","time":1577345160141,"group":{"id":"ui.settings","version":"2"},"event":{"count":1,"data":{"type":"select"},"id":"ide.settings.Required_Plugins"}}
{"session":"b7cec3f75337","build":"182.4129.34","bucket":"-1","time":1577345162610,"group":{"id":"ui.settings","version":"2"},"event":{"count":1,"data":{"type":"select"},"id":"ide.settings.Schemas_and_DTDs"}}
{"session":"b7cec3f75337","build":"182.4129.34","bucket":"-1","time":1577345164813,"group":{"id":"ui.settings","version":"2"},"event":{"count":1,"data":{"type":"select"},"id":"ide.settings.Auto_Import"}}
{"session":"b7cec3f75337","build":"182.4129.34","bucket":"-1","time":1577345166688,"group":{"id":"ui.settings","version":"2"},"event":{"count":1,"data":{"type":"select"},"id":"ide.settings.Terminal"}}
{"session":"b7cec3f75337","build":"182.4129.34","bucket":"-1","time":1577345169782,"group":{"id":"ui.settings","version":"2"},"event":{"count":1,"data":{"type":"select"},"id":"ide.settings.Version_Control"}}
{"session":"b7cec3f75337","build":"182.4129.34","bucket":"-1","time":1577345171985,"group":{"id":"ui.settings","version":"2"},"event":{"count":1,"data":{"type":"select"},"id":"ide.settings.Editor"}}
{"session":"b7cec3f75337","build":"182.4129.34","bucket":"-1","time":1577345174875,"group":{"id":"ui.settings","version":"2"},"event":{"count":1,"data":{"type":"select"},"id":"ide.settings.Code_Style"}}
{"session":"b7cec3f75337","build":"182.4129.34","bucket":"-1","time":1577345236312,"group":{"id":"ui.settings","version":"2"},"event":{"count":1,"data":{"type":"select"},"id":"ide.settings.Inspections"}}
{"session":"b7cec3f75337","build":"182.4129.34","bucket":"-1","time":1577345254749,"group":{"id":"ui.settings","version":"2"},"event":{"count":1,"data":{"type":"select"},"id":"ide.settings.Spelling"}}
{"session":"b7cec3f75337","build":"182.4129.34","bucket":"-1","time":1577345275498,"group":{"id":"ui.settings","version":"2"},"event":{"count":1,"data":{"type":"apply"},"id":"ide.settings.Code_Style"}}
{"session":"b7cec3f75337","build":"182.4129.34","bucket":"-1","time":1577345275498,"group":{"id":"trigger","version":"2"},"event":{"count":1,"data":{},"id":"ide.settings.Code_Style"}}
{"session":"b7cec3f75337","build":"182.4129.34","bucket":"-1","time":1577345279342,"group":{"id":"ui.settings","version":"2"},"event":{"count":1,"data":{"type":"select"},"id":"ide.settings.File_Encodings"}}
{"session":"b7cec3f75337","build":"182.4129.34","bucket":"-1","time":1577345291560,"group":{"id":"ui.dialogs","version":"2"},"event":{"count":1,"data":{"code":0,"type":"close"},"id":"com.intellij.openapi.options.newEditor.SettingsDialog"}}
{"session":"b7cec3f75337","build":"182.4129.34","bucket":"-1","time":1577345303878,"group":{"id":"actions","version":"2"},"event":{"count":1,"data":{},"id":"RunClass"}}
{"session":"b7cec3f75337","build":"182.4129.34","bucket":"-1","time":1577345303940,"group":{"id":"trigger","version":"2"},"event":{"count":1,"data":{},"id":"execute.PythonConfigurationType.Run"}}
{"session":"b7cec3f75337","build":"182.4129.34","bucket":"-1","time":1577345304019,"group":{"id":"toolwindow","version":"2"},"event":{"count":1,"data":{},"id":"Run_by_Activation"}}
{"session":"b7cec3f75337","build":"182.4129.34","bucket":"-1","time":1577345501565,"group":{"id":"toolwindow","version":"2"},"event":{"count":1,"data":{},"id":"Project_by_Activation"}}
{"session":"b7cec3f75337","build":"182.4129.34","bucket":"-1","time":1577345504284,"group":{"id":"trigger","version":"2"},"event":{"count":1,"data":{},"id":"project.view.pane.Scope.Scope__Problems___set_Problems__class_com.intellij.psi.search.scope.ProblemsScope"}}
{"session":"b7cec3f75337","build":"182.4129.34","bucket":"-1","time":1577345506862,"group":{"id":"toolwindow","version":"2"},"event":{"count":1,"data":{},"id":"Project_by_Activation"}}
{"session":"b7cec3f75337","build":"182.4129.34","bucket":"-1","time":1577345509674,"group":{"id":"trigger","version":"2"},"event":{"count":1,"data":{},"id":"project.view.pane.Scope.Scope__Project_Files___set_Project_Files__class_com.intellij.psi.search.scope.ProjectFilesScope"}}
{"session":"b7cec3f75337","build":"182.4129.34","bucket":"-1","time":1577345515362,"group":{"id":"toolwindow","version":"2"},"event":{"count":1,"data":{},"id":"Project_by_Activation"}}
{"session":"b7cec3f75337","build":"182.4129.34","bucket":"-1","time":1577345516768,"group":{"id":"trigger","version":"2"},"event":{"count":1,"data":{},"id":"project.view.pane.ProjectPane"}}
{"session":"b7cec3f75337","build":"182.4129.34","bucket":"-1","time":1577345527533,"group":{"id":"actions","version":"2"},"event":{"count":1,"data":{},"id":"NewDirectoryProject"}}
{"session":"b7cec3f75337","build":"182.4129.34","bucket":"-1","time":1577345527643,"group":{"id":"ui.dialogs","version":"2"},"event":{"count":1,"data":{"type":"show"},"id":"com.jetbrains.python.newProject.PyCharmNewProjectDialog"}}
{"session":"b7cec3f75337","build":"182.4129.34","bucket":"-1","time":1577345534861,"group":{"id":"ui.dialogs","version":"2"},"event":{"count":1,"data":{"code":0,"type":"close"},"id":"com.jetbrains.python.newProject.PyCharmNewProjectDialog"}}
{"session":"b7cec3f75337","build":"182.4129.34","bucket":"-1","time":1577345534908,"group":{"id":"trigger","version":"2"},"event":{"count":1,"data":{},"id":"AbstractNewProjectStep.Pure_Python"}}
{"session":"b7cec3f75337","build":"182.4129.34","bucket":"-1","time":1577345534939,"group":{"id":"ui.dialogs","version":"2"},"event":{"count":1,"data":{"type":"show"},"id":"com.intellij.platform.OpenOrAttachDialog"}}
{"session":"b7cec3f75337","build":"182.4129.34","bucket":"-1","time":1577345539877,"group":{"id":"ui.dialogs","version":"2"},"event":{"count":1,"data":{"code":0,"type":"close"},"id":"com.intellij.platform.OpenOrAttachDialog"}}
{"session":"b7cec3f75337","build":"182.4129.34","bucket":"-1","time":1577345541017,"group":{"id":"lifecycle","version":"2"},"event":{"count":1,"data":{},"id":"project.opened"}}
{"session":"b7cec3f75337","build":"182.4129.34","bucket":"-1","time":1577345541377,"group":{"id":"system.os.name","version":"2"},"event":{"data":{},"id":"Windows"}}
{"session":"b7cec3f75337","build":"182.4129.34","bucket":"-1","time":1577345541377,"group":{"id":"system.os.version","version":"2"},"event":{"data":{},"id":"10.0"}}
{"session":"b7cec3f75337","build":"182.4129.34","bucket":"-1","time":1577345541377,"group":{"id":"system.jvm.vendor","version":"2"},"event":{"data":{},"id":"JetBrains_s.r.o"}}
{"session":"b7cec3f75337","build":"182.4129.34","bucket":"-1","time":1577345541377,"group":{"id":"system.jvm.version","version":"2"},"event":{"data":{},"id":"1.8"}}
{"session":"b7cec3f75337","build":"182.4129.34","bucket":"-1","time":1577345541611,"group":{"id":"ui.dialogs","version":"2"},"event":{"count":1,"data":{"type":"show"},"id":"com.intellij.openapi.progress.util.ProgressDialog$MyDialogWrapper"}}
{"session":"b7cec3f75337","build":"182.4129.34","bucket":"-1","time":1577345587032,"group":{"id":"toolwindow","version":"2"},"event":{"count":1,"data":{},"id":"Project_by_Activation"}}
{"session":"b7cec3f75337","build":"182.4129.34","bucket":"-1","time":1577345587110,"group":{"id":"ui.dialogs","version":"2"},"event":{"count":1,"data":{"code":1,"type":"close"},"id":"com.intellij.openapi.progress.util.ProgressDialog$MyDialogWrapper"}}
{"session":"b7cec3f75337","build":"182.4129.34","bucket":"-1","time":1577345587235,"group":{"id":"lifecycle","version":"2"},"event":{"count":1,"data":{"time.ms":47345},"id":"project.opening.finished"}}
{"session":"b7cec3f75337","build":"182.4129.34","bucket":"-1","time":1577345606953,"group":{"id":"actions","version":"2"},"event":{"count":1,"data":{},"id":"NewPythonFile"}}
{"session":"b7cec3f75337","build":"182.4129.34","bucket":"-1","time":1577345607000,"group":{"id":"ui.dialogs","version":"2"},"event":{"count":1,"data":{"type":"show"},"id":"com.intellij.ide.actions.CreateFileFromTemplateDialog"}}
{"session":"b7cec3f75337","build":"182.4129.34","bucket":"-1","time":1577345618906,"group":{"id":"actions","version":"2"},"event":{"count":1,"data":{},"id":"DialogOkAction_Enter"}}
{"session":"b7cec3f75337","build":"182.4129.34","bucket":"-1","time":1577345619656,"group":{"id":"ui.dialogs","version":"2"},"event":{"count":1,"data":{"code":0,"type":"close"},"id":"com.intellij.ide.actions.CreateFileFromTemplateDialog"}}
{"session":"b7cec3f75337","build":"182.4129.34","bucket":"-1","time":1577345623016,"group":{"id":"actions","version":"2"},"event":{"count":1,"data":{},"id":"EditorPaste"}}
{"session":"b7cec3f75337","build":"182.4129.34","bucket":"-1","time":1577345636921,"group":{"id":"actions","version":"2"},"event":{"count":1,"data":{},"id":"editRunConfigurations"}}
{"session":"b7cec3f75337","build":"182.4129.34","bucket":"-1","time":1577345636937,"group":{"id":"ui.dialogs","version":"2"},"event":{"count":1,"data":{"type":"show"},"id":"com.intellij.execution.impl.EditConfigurationsDialog"}}
{"session":"b7cec3f75337","build":"182.4129.34","bucket":"-1","time":1577345663780,"group":{"id":"ui.dialogs","version":"2"},"event":{"count":1,"data":{"type":"show"},"id":"com.intellij.openapi.fileChooser.ex.FileChooserDialogImpl"}}
{"session":"b7cec3f75337","build":"182.4129.34","bucket":"-1","time":1577345701309,"group":{"id":"ui.dialogs","version":"2"},"event":{"count":1,"data":{"code":0,"type":"close"},"id":"com.intellij.openapi.fileChooser.ex.FileChooserDialogImpl"}}
{"session":"b7cec3f75337","build":"182.4129.34","bucket":"-1","time":1577345701403,"group":{"id":"lifecycle","version":"2"},"event":{"count":1,"data":{"mappingFailed":false,"oom":false},"id":"ide.error"}}
{"session":"b7cec3f75337","build":"182.4129.34","bucket":"-1","time":1577345764824,"group":{"id":"ui.dialogs","version":"2"},"event":{"count":1,"data":{"code":1,"type":"close"},"id":"com.intellij.execution.impl.EditConfigurationsDialog"}}
{"session":"b7cec3f75337","build":"182.4129.34","bucket":"-1","time":1577345773339,"group":{"id":"actions","version":"2"},"event":{"count":1,"data":{},"id":"RunClass"}}
{"session":"b7cec3f75337","build":"182.4129.34","bucket":"-1","time":1577345773402,"group":{"id":"trigger","version":"2"},"event":{"count":1,"data":{},"id":"execute.PythonConfigurationType.Run"}}
{"session":"b7cec3f75337","build":"182.4129.34","bucket":"-1","time":1577345773620,"group":{"id":"toolwindow","version":"2"},"event":{"count":1,"data":{},"id":"Run_by_Activation"}}
{"session":"b7cec3f75337","build":"182.4129.34","bucket":"-1","time":1577345824557,"group":{"id":"actions","version":"2"},"event":{"count":1,"data":{},"id":"EditorCopy"}}
{"session":"b7cec3f75337","build":"182.4129.34","bucket":"-1","time":1577345836033,"group":{"id":"actions","version":"2"},"event":{"count":1,"data":{},"id":"editRunConfigurations"}}
{"session":"b7cec3f75337","build":"182.4129.34","bucket":"-1","time":1577345836049,"group":{"id":"ui.dialogs","version":"2"},"event":{"count":1,"data":{"type":"show"},"id":"com.intellij.execution.impl.EditConfigurationsDialog"}}
{"session":"b7cec3f75337","build":"182.4129.34","bucket":"-1","time":1577345848643,"group":{"id":"ui.dialogs","version":"2"},"event":{"count":1,"data":{"type":"show"},"id":"com.intellij.openapi.fileChooser.ex.FileChooserDialogImpl"}}
{"session":"b7cec3f75337","build":"182.4129.34","bucket":"-1","time":1577345852179,"group":{"id":"actions","version":"2"},"event":{"count":1,"data":{},"id":"EditorBackSpace"}}
{"session":"b7cec3f75337","build":"182.4129.34","bucket":"-1","time":1577345853429,"group":{"id":"actions","version":"2"},"event":{"count":1,"data":{},"id":"EditorPaste"}}
{"session":"b7cec3f75337","build":"182.4129.34","bucket":"-1","time":1577345855444,"group":{"id":"actions","version":"2"},"event":{"count":1,"data":{},"id":"DialogOkAction_Enter"}}
{"session":"b7cec3f75337","build":"182.4129.34","bucket":"-1","time":1577345855444,"group":{"id":"ui.dialogs","version":"2"},"event":{"count":1,"data":{"code":0,"type":"close"},"id":"com.intellij.openapi.fileChooser.ex.FileChooserDialogImpl"}}
{"session":"b7cec3f75337","build":"182.4129.34","bucket":"-1","time":1577345904209,"group":{"id":"ui.dialogs","version":"2"},"event":{"count":1,"data":{"type":"show"},"id":"com.intellij.openapi.fileChooser.ex.FileChooserDialogImpl"}}
{"session":"b7cec3f75337","build":"182.4129.34","bucket":"-1","time":1577345906980,"group":{"id":"actions","version":"2"},"event":{"count":1,"data":{},"id":"EditorPaste"}}
{"session":"b7cec3f75337","build":"182.4129.34","bucket":"-1","time":1577345908480,"group":{"id":"actions","version":"2"},"event":{"count":1,"data":{},"id":"DialogOkAction_Enter"}}
{"session":"b7cec3f75337","build":"182.4129.34","bucket":"-1","time":1577345908480,"group":{"id":"ui.dialogs","version":"2"},"event":{"count":1,"data":{"code":0,"type":"close"},"id":"com.intellij.openapi.fileChooser.ex.FileChooserDialogImpl"}}
{"session":"b7cec3f75337","build":"182.4129.34","bucket":"-1","time":1577345919746,"group":{"id":"ui.dialogs","version":"2"},"event":{"count":1,"data":{"code":0,"type":"close"},"id":"com.intellij.execution.impl.EditConfigurationsDialog"}}
{"session":"b7cec3f75337","build":"182.4129.34","bucket":"-1","time":1577345923871,"group":{"id":"actions","version":"2"},"event":{"count":1,"data":{},"id":"Run"}}
{"session":"b7cec3f75337","build":"182.4129.34","bucket":"-1","time":1577345923933,"group":{"id":"trigger","version":"2"},"event":{"count":1,"data":{},"id":"execute.PythonConfigurationType.Run"}}
{"session":"b7cec3f75337","build":"182.4129.34","bucket":"-1","time":1577345939136,"group":{"id":"actions","version":"2"},"event":{"count":1,"data":{},"id":"RunClass"}}
{"session":"b7cec3f75337","build":"182.4129.34","bucket":"-1","time":1577345939214,"group":{"id":"trigger","version":"2"},"event":{"count":1,"data":{},"id":"execute.PythonConfigurationType.Run"}}
{"session":"b7cec3f75337","build":"182.4129.34","bucket":"-1","time":1577345939355,"group":{"id":"toolwindow","version":"2"},"event":{"count":1,"data":{},"id":"Run_by_Activation"}}
{"session":"b7cec3f75337","build":"182.4129.34","bucket":"-1","time":1577351666601,"group":{"id":"lifecycle","version":"2"},"event":{"count":1,"data":{},"id":"project.closed"}}
{"session":"b7cec3f75337","build":"182.4129.34","bucket":"-1","time":1577351666804,"group":{"id":"lifecycle","version":"2"},"event":{"count":1,"data":{"restart":false},"id":"app.closed"}}
{"session":"b7cec3f75337","build":"182.4129.34","bucket":"-1","time":1577351667179,"group":{"id":"lifecycle","version":"2"},"event":{"count":1,"data":{},"id":"project.closed"}}
{"session":"b7cec3f75337","build":"182.4129.34","bucket":"-1","time":1577351667882,"group":{"id":"lifecycle","version":"2"},"event":{"count":1,"data":{},"id":"ideaapp.closed"}}
