{"session":"693dd0ef9912","build":"182.4129.34","bucket":"-1","time":1578490729758,"group":{"id":"ui.dialogs","version":"2"},"event":{"count":1,"data":{"type":"show"},"id":"com.intellij.openapi.progress.util.ProgressDialog$MyDialogWrapper"}}
{"session":"693dd0ef9912","build":"182.4129.34","bucket":"-1","time":1578490732023,"group":{"id":"lifecycle","version":"2"},"event":{"count":1,"data":{"durationSeconds":24},"id":"ide.freeze"}}
{"session":"693dd0ef9912","build":"182.4129.34","bucket":"-1","time":1578490763246,"group":{"id":"ui.dialogs","version":"2"},"event":{"count":1,"data":{"code":1,"type":"close"},"id":"com.intellij.openapi.progress.util.ProgressDialog$MyDialogWrapper"}}
{"session":"693dd0ef9912","build":"182.4129.34","bucket":"-1","time":1578490763780,"group":{"id":"lifecycle","version":"2"},"event":{"count":1,"data":{},"id":"project.opened"}}
{"session":"693dd0ef9912","build":"182.4129.34","bucket":"-1","time":1578490768391,"group":{"id":"ui.dialogs","version":"2"},"event":{"count":1,"data":{"type":"show"},"id":"com.intellij.openapi.progress.util.ProgressDialog$MyDialogWrapper"}}
{"session":"693dd0ef9912","build":"182.4129.34","bucket":"-1","time":1578490775395,"group":{"id":"lifecycle","version":"2"},"event":{"count":1,"data":{},"id":"ideaapp.started"}}
{"session":"693dd0ef9912","build":"182.4129.34","bucket":"-1","time":1578490775399,"group":{"id":"lifecycle","version":"2"},"event":{"count":1,"data":{},"id":"app.started"}}
{"session":"693dd0ef9912","build":"182.4129.34","bucket":"-1","time":1578490777343,"group":{"id":"ui.dialogs","version":"2"},"event":{"count":1,"data":{"code":1,"type":"close"},"id":"com.intellij.openapi.progress.util.ProgressDialog$MyDialogWrapper"}}
{"session":"693dd0ef9912","build":"182.4129.34","bucket":"-1","time":1578490777468,"group":{"id":"system.os.name","version":"2"},"event":{"data":{},"id":"Windows"}}
{"session":"693dd0ef9912","build":"182.4129.34","bucket":"-1","time":1578490777470,"group":{"id":"system.os.version","version":"2"},"event":{"data":{},"id":"10.0"}}
{"session":"693dd0ef9912","build":"182.4129.34","bucket":"-1","time":1578490777498,"group":{"id":"system.jvm.vendor","version":"2"},"event":{"data":{},"id":"JetBrains_s.r.o"}}
{"session":"693dd0ef9912","build":"182.4129.34","bucket":"-1","time":1578490777499,"group":{"id":"system.jvm.version","version":"2"},"event":{"data":{},"id":"1.8"}}
{"session":"693dd0ef9912","build":"182.4129.34","bucket":"-1","time":1578490779581,"group":{"id":"lifecycle","version":"2"},"event":{"count":1,"data":{"time.ms":55123},"id":"project.opening.finished"}}
{"session":"693dd0ef9912","build":"182.4129.34","bucket":"-1","time":1578490799115,"group":{"id":"actions","version":"2"},"event":{"count":1,"data":{},"id":"$SelectAll"}}
{"session":"693dd0ef9912","build":"182.4129.34","bucket":"-1","time":1578490800421,"group":{"id":"actions","version":"2"},"event":{"count":1,"data":{},"id":"EditorCopy"}}
{"session":"693dd0ef9912","build":"182.4129.34","bucket":"-1","time":1578492405354,"group":{"id":"ui.dialogs","version":"2"},"event":{"count":1,"data":{"type":"show"},"id":"com.intellij.platform.OpenOrAttachDialog"}}
{"session":"693dd0ef9912","build":"182.4129.34","bucket":"-1","time":1578492407429,"group":{"id":"ui.dialogs","version":"2"},"event":{"count":1,"data":{"code":0,"type":"close"},"id":"com.intellij.platform.OpenOrAttachDialog"}}
{"session":"693dd0ef9912","build":"182.4129.34","bucket":"-1","time":1578492408005,"group":{"id":"lifecycle","version":"2"},"event":{"count":1,"data":{},"id":"project.opened"}}
{"session":"693dd0ef9912","build":"182.4129.34","bucket":"-1","time":1578492408330,"group":{"id":"ui.dialogs","version":"2"},"event":{"count":1,"data":{"type":"show"},"id":"com.intellij.openapi.progress.util.ProgressDialog$MyDialogWrapper"}}
{"session":"693dd0ef9912","build":"182.4129.34","bucket":"-1","time":1578492410301,"group":{"id":"ui.dialogs","version":"2"},"event":{"count":1,"data":{"code":1,"type":"close"},"id":"com.intellij.openapi.progress.util.ProgressDialog$MyDialogWrapper"}}
{"session":"693dd0ef9912","build":"182.4129.34","bucket":"-1","time":1578492410304,"group":{"id":"lifecycle","version":"2"},"event":{"count":1,"data":{"time.ms":2581},"id":"project.opening.finished"}}
{"session":"693dd0ef9912","build":"182.4129.34","bucket":"-1","time":1578492414537,"group":{"id":"system.os.name","version":"2"},"event":{"data":{},"id":"Windows"}}
{"session":"693dd0ef9912","build":"182.4129.34","bucket":"-1","time":1578492414537,"group":{"id":"system.os.version","version":"2"},"event":{"data":{},"id":"10.0"}}
{"session":"693dd0ef9912","build":"182.4129.34","bucket":"-1","time":1578492414538,"group":{"id":"system.jvm.vendor","version":"2"},"event":{"data":{},"id":"JetBrains_s.r.o"}}
{"session":"693dd0ef9912","build":"182.4129.34","bucket":"-1","time":1578492414538,"group":{"id":"system.jvm.version","version":"2"},"event":{"data":{},"id":"1.8"}}
{"session":"693dd0ef9912","build":"182.4129.34","bucket":"-1","time":1578492428858,"group":{"id":"actions","version":"2"},"event":{"count":1,"data":{},"id":"EditorCopy"}}
{"session":"693dd0ef9912","build":"182.4129.34","bucket":"-1","time":1578492868089,"group":{"id":"actions","version":"2"},"event":{"count":1,"data":{},"id":"$SelectAll"}}
{"session":"693dd0ef9912","build":"182.4129.34","bucket":"-1","time":1578492869343,"group":{"id":"actions","version":"2"},"event":{"count":1,"data":{},"id":"EditorCopy"}}
{"session":"693dd0ef9912","build":"182.4129.34","bucket":"-1","time":1578493698620,"group":{"id":"actions","version":"2"},"event":{"count":1,"data":{},"id":"$SelectAll"}}
{"session":"693dd0ef9912","build":"182.4129.34","bucket":"-1","time":1578493699605,"group":{"id":"actions","version":"2"},"event":{"count":1,"data":{},"id":"EditorPaste"}}
{"session":"693dd0ef9912","build":"182.4129.34","bucket":"-1","time":1578493705607,"group":{"id":"actions","version":"2"},"event":{"count":1,"data":{},"id":"Run"}}
{"session":"693dd0ef9912","build":"182.4129.34","bucket":"-1","time":1578493705776,"group":{"id":"trigger","version":"2"},"event":{"count":1,"data":{},"id":"execute.PythonConfigurationType.Run"}}
{"session":"693dd0ef9912","build":"182.4129.34","bucket":"-1","time":1578493706601,"group":{"id":"toolwindow","version":"2"},"event":{"count":1,"data":{},"id":"Run_by_Activation"}}
{"session":"693dd0ef9912","build":"182.4129.34","bucket":"-1","time":1578493717605,"group":{"id":"actions","version":"2"},"event":{"count":1,"data":{},"id":"EditorToggleColumnMode"}}
{"session":"693dd0ef9912","build":"182.4129.34","bucket":"-1","time":1578493720056,"group":{"id":"actions","version":"2"},"event":{"count":1,"data":{},"id":"RunClass"}}
{"session":"693dd0ef9912","build":"182.4129.34","bucket":"-1","time":1578493720109,"group":{"id":"trigger","version":"2"},"event":{"count":1,"data":{},"id":"execute.PythonConfigurationType.Run"}}
{"session":"693dd0ef9912","build":"182.4129.34","bucket":"-1","time":1578493720320,"group":{"id":"toolwindow","version":"2"},"event":{"count":1,"data":{},"id":"Run_by_Activation"}}
{"session":"693dd0ef9912","build":"182.4129.34","bucket":"-1","time":1578493755103,"group":{"id":"actions","version":"2"},"event":{"count":1,"data":{},"id":"EditorBackSpace"}}
{"session":"693dd0ef9912","build":"182.4129.34","bucket":"-1","time":1578493761040,"group":{"id":"actions","version":"2"},"event":{"count":1,"data":{},"id":"Run"}}
{"session":"693dd0ef9912","build":"182.4129.34","bucket":"-1","time":1578493761093,"group":{"id":"trigger","version":"2"},"event":{"count":1,"data":{},"id":"execute.PythonConfigurationType.Run"}}
{"session":"693dd0ef9912","build":"182.4129.34","bucket":"-1","time":1578493761317,"group":{"id":"toolwindow","version":"2"},"event":{"count":1,"data":{},"id":"Run_by_Activation"}}
{"session":"693dd0ef9912","build":"182.4129.34","bucket":"-1","time":1578493779470,"group":{"id":"toolwindow","version":"2"},"event":{"count":2,"data":{},"id":"Run_by_Activation"}}
{"session":"693dd0ef9912","build":"182.4129.34","bucket":"-1","time":1578493791219,"group":{"id":"actions","version":"2"},"event":{"count":1,"data":{},"id":"EditorBackSpace"}}
{"session":"693dd0ef9912","build":"182.4129.34","bucket":"-1","time":1578493792762,"group":{"id":"actions","version":"2"},"event":{"count":1,"data":{},"id":"EditorEnter"}}
{"session":"693dd0ef9912","build":"182.4129.34","bucket":"-1","time":1578493804700,"group":{"id":"actions","version":"2"},"event":{"count":1,"data":{},"id":"Run"}}
{"session":"693dd0ef9912","build":"182.4129.34","bucket":"-1","time":1578493804753,"group":{"id":"trigger","version":"2"},"event":{"count":1,"data":{},"id":"execute.PythonConfigurationType.Run"}}
{"session":"693dd0ef9912","build":"182.4129.34","bucket":"-1","time":1578493805128,"group":{"id":"toolwindow","version":"2"},"event":{"count":1,"data":{},"id":"Run_by_Activation"}}
{"session":"693dd0ef9912","build":"182.4129.34","bucket":"-1","time":1578493842773,"group":{"id":"actions","version":"2"},"event":{"count":2,"data":{},"id":"$Undo"}}
{"session":"693dd0ef9912","build":"182.4129.34","bucket":"-1","time":1578493850372,"group":{"id":"actions","version":"2"},"event":{"count":1,"data":{},"id":"CommentByLineComment"}}
{"session":"693dd0ef9912","build":"182.4129.34","bucket":"-1","time":1578493850449,"group":{"id":"codeassists","version":"2"},"event":{"count":1,"data":{},"id":"codeassists.comment.line"}}
{"session":"693dd0ef9912","build":"182.4129.34","bucket":"-1","time":1578493855923,"group":{"id":"actions","version":"2"},"event":{"count":1,"data":{},"id":"Run"}}
{"session":"693dd0ef9912","build":"182.4129.34","bucket":"-1","time":1578493855975,"group":{"id":"trigger","version":"2"},"event":{"count":1,"data":{},"id":"execute.PythonConfigurationType.Run"}}
{"session":"693dd0ef9912","build":"182.4129.34","bucket":"-1","time":1578493856211,"group":{"id":"toolwindow","version":"2"},"event":{"count":1,"data":{},"id":"Run_by_Activation"}}
{"session":"693dd0ef9912","build":"182.4129.34","bucket":"-1","time":1578493881989,"group":{"id":"actions","version":"2"},"event":{"count":1,"data":{},"id":"CommentByLineComment"}}
{"session":"693dd0ef9912","build":"182.4129.34","bucket":"-1","time":1578493881991,"group":{"id":"codeassists","version":"2"},"event":{"count":1,"data":{},"id":"codeassists.comment.line"}}
{"session":"693dd0ef9912","build":"182.4129.34","bucket":"-1","time":1578493887586,"group":{"id":"actions","version":"2"},"event":{"count":8,"data":{},"id":"EditorBackSpace"}}
{"session":"693dd0ef9912","build":"182.4129.34","bucket":"-1","time":1578493901461,"group":{"id":"actions","version":"2"},"event":{"count":1,"data":{},"id":"EditorDown"}}
{"session":"693dd0ef9912","build":"182.4129.34","bucket":"-1","time":1578493902437,"group":{"id":"actions","version":"2"},"event":{"count":4,"data":{},"id":"EditorRight"}}
{"session":"693dd0ef9912","build":"182.4129.34","bucket":"-1","time":1578493904630,"group":{"id":"actions","version":"2"},"event":{"count":4,"data":{},"id":"EditorBackSpace"}}
{"session":"693dd0ef9912","build":"182.4129.34","bucket":"-1","time":1578493907125,"group":{"id":"actions","version":"2"},"event":{"count":2,"data":{},"id":"EditorUp"}}
{"session":"693dd0ef9912","build":"182.4129.34","bucket":"-1","time":1578493908500,"group":{"id":"actions","version":"2"},"event":{"count":8,"data":{},"id":"EditorRight"}}
{"session":"693dd0ef9912","build":"182.4129.34","bucket":"-1","time":1578493911238,"group":{"id":"actions","version":"2"},"event":{"count":4,"data":{},"id":"EditorBackSpace"}}
{"session":"693dd0ef9912","build":"182.4129.34","bucket":"-1","time":1578493914362,"group":{"id":"actions","version":"2"},"event":{"count":3,"data":{},"id":"EditorUp"}}
{"session":"693dd0ef9912","build":"182.4129.34","bucket":"-1","time":1578493916206,"group":{"id":"actions","version":"2"},"event":{"count":4,"data":{},"id":"EditorRight"}}
{"session":"693dd0ef9912","build":"182.4129.34","bucket":"-1","time":1578493918090,"group":{"id":"actions","version":"2"},"event":{"count":2,"data":{},"id":"EditorEnter"}}
{"session":"693dd0ef9912","build":"182.4129.34","bucket":"-1","time":1578493919106,"group":{"id":"actions","version":"2"},"event":{"count":27,"data":{},"id":"EditorBackSpace"}}
{"session":"693dd0ef9912","build":"182.4129.34","bucket":"-1","time":1578493925108,"group":{"id":"actions","version":"2"},"event":{"count":1,"data":{},"id":"EditorEnter"}}
{"session":"693dd0ef9912","build":"182.4129.34","bucket":"-1","time":1578493927304,"group":{"id":"actions","version":"2"},"event":{"count":1,"data":{},"id":"EditorDown"}}
{"session":"693dd0ef9912","build":"182.4129.34","bucket":"-1","time":1578493928200,"group":{"id":"actions","version":"2"},"event":{"count":4,"data":{},"id":"EditorRight"}}
{"session":"693dd0ef9912","build":"182.4129.34","bucket":"-1","time":1578493929853,"group":{"id":"actions","version":"2"},"event":{"count":4,"data":{},"id":"EditorBackSpace"}}
{"session":"693dd0ef9912","build":"182.4129.34","bucket":"-1","time":1578493931759,"group":{"id":"actions","version":"2"},"event":{"count":1,"data":{},"id":"EditorDown"}}
{"session":"693dd0ef9912","build":"182.4129.34","bucket":"-1","time":1578493932058,"group":{"id":"actions","version":"2"},"event":{"count":5,"data":{},"id":"EditorRight"}}
{"session":"693dd0ef9912","build":"182.4129.34","bucket":"-1","time":1578493933735,"group":{"id":"actions","version":"2"},"event":{"count":1,"data":{},"id":"EditorLeft"}}
{"session":"693dd0ef9912","build":"182.4129.34","bucket":"-1","time":1578493935518,"group":{"id":"actions","version":"2"},"event":{"count":4,"data":{},"id":"EditorBackSpace"}}
{"session":"693dd0ef9912","build":"182.4129.34","bucket":"-1","time":1578493940022,"group":{"id":"actions","version":"2"},"event":{"count":1,"data":{},"id":"Run"}}
{"session":"693dd0ef9912","build":"182.4129.34","bucket":"-1","time":1578493940073,"group":{"id":"trigger","version":"2"},"event":{"count":1,"data":{},"id":"execute.PythonConfigurationType.Run"}}
{"session":"693dd0ef9912","build":"182.4129.34","bucket":"-1","time":1578493940321,"group":{"id":"toolwindow","version":"2"},"event":{"count":1,"data":{},"id":"Run_by_Activation"}}
{"session":"693dd0ef9912","build":"182.4129.34","bucket":"-1","time":1578493973877,"group":{"id":"actions","version":"2"},"event":{"count":55,"data":{},"id":"EditorBackSpace"}}
{"session":"693dd0ef9912","build":"182.4129.34","bucket":"-1","time":1578494014466,"group":{"id":"actions","version":"2"},"event":{"count":19,"data":{},"id":"EditorBackSpace"}}
{"session":"693dd0ef9912","build":"182.4129.34","bucket":"-1","time":1578494020068,"group":{"id":"actions","version":"2"},"event":{"count":1,"data":{},"id":"EditorChooseLookupItem"}}
{"session":"693dd0ef9912","build":"182.4129.34","bucket":"-1","time":1578494020088,"group":{"id":"completion","version":"2"},"event":{"count":1,"data":{},"id":"editing.completion.basic"}}
{"session":"693dd0ef9912","build":"182.4129.34","bucket":"-1","time":1578494025265,"group":{"id":"actions","version":"2"},"event":{"count":5,"data":{},"id":"EditorBackSpace"}}
{"session":"693dd0ef9912","build":"182.4129.34","bucket":"-1","time":1578494028982,"group":{"id":"actions","version":"2"},"event":{"count":1,"data":{},"id":"EditorChooseLookupItem"}}
{"session":"693dd0ef9912","build":"182.4129.34","bucket":"-1","time":1578494029002,"group":{"id":"completion","version":"2"},"event":{"count":1,"data":{},"id":"editing.completion.basic"}}
{"session":"693dd0ef9912","build":"182.4129.34","bucket":"-1","time":1578494053212,"group":{"id":"actions","version":"2"},"event":{"count":1,"data":{},"id":"EditorDown"}}
{"session":"693dd0ef9912","build":"182.4129.34","bucket":"-1","time":1578494057875,"group":{"id":"actions","version":"2"},"event":{"count":10,"data":{},"id":"EditorBackSpace"}}
{"session":"693dd0ef9912","build":"182.4129.34","bucket":"-1","time":1578494060767,"group":{"id":"actions","version":"2"},"event":{"count":1,"data":{},"id":"EditorEnter"}}
{"session":"693dd0ef9912","build":"182.4129.34","bucket":"-1","time":1578494061894,"group":{"id":"actions","version":"2"},"event":{"count":1,"data":{},"id":"EditorDown"}}
{"session":"693dd0ef9912","build":"182.4129.34","bucket":"-1","time":1578494062163,"group":{"id":"actions","version":"2"},"event":{"count":4,"data":{},"id":"EditorLeft"}}
{"session":"693dd0ef9912","build":"182.4129.34","bucket":"-1","time":1578494065651,"group":{"id":"actions","version":"2"},"event":{"count":1,"data":{},"id":"EditorDown"}}
{"session":"693dd0ef9912","build":"182.4129.34","bucket":"-1","time":1578494066010,"group":{"id":"actions","version":"2"},"event":{"count":4,"data":{},"id":"EditorLeft"}}
{"session":"693dd0ef9912","build":"182.4129.34","bucket":"-1","time":1578494070329,"group":{"id":"actions","version":"2"},"event":{"count":1,"data":{},"id":"EditorDown"}}
{"session":"693dd0ef9912","build":"182.4129.34","bucket":"-1","time":1578494070644,"group":{"id":"actions","version":"2"},"event":{"count":8,"data":{},"id":"EditorLeft"}}
{"session":"693dd0ef9912","build":"182.4129.34","bucket":"-1","time":1578494075670,"group":{"id":"actions","version":"2"},"event":{"count":1,"data":{},"id":"EditorBackSpace"}}
{"session":"693dd0ef9912","build":"182.4129.34","bucket":"-1","time":1578494076927,"group":{"id":"actions","version":"2"},"event":{"count":1,"data":{},"id":"EditorDown"}}
{"session":"693dd0ef9912","build":"182.4129.34","bucket":"-1","time":1578494077227,"group":{"id":"actions","version":"2"},"event":{"count":4,"data":{},"id":"EditorLeft"}}
{"session":"693dd0ef9912","build":"182.4129.34","bucket":"-1","time":1578494082344,"group":{"id":"actions","version":"2"},"event":{"count":1,"data":{},"id":"Run"}}
{"session":"693dd0ef9912","build":"182.4129.34","bucket":"-1","time":1578494082395,"group":{"id":"trigger","version":"2"},"event":{"count":1,"data":{},"id":"execute.PythonConfigurationType.Run"}}
{"session":"693dd0ef9912","build":"182.4129.34","bucket":"-1","time":1578494082626,"group":{"id":"toolwindow","version":"2"},"event":{"count":1,"data":{},"id":"Run_by_Activation"}}
{"session":"693dd0ef9912","build":"182.4129.34","bucket":"-1","time":1578494110324,"group":{"id":"toolwindow","version":"2"},"event":{"count":2,"data":{},"id":"Run_by_Activation"}}
{"session":"693dd0ef9912","build":"182.4129.34","bucket":"-1","time":1578494129645,"group":{"id":"actions","version":"2"},"event":{"count":1,"data":{},"id":"EditorBackSpace"}}
{"session":"693dd0ef9912","build":"182.4129.34","bucket":"-1","time":1578494133769,"group":{"id":"actions","version":"2"},"event":{"count":1,"data":{},"id":"Run"}}
{"session":"693dd0ef9912","build":"182.4129.34","bucket":"-1","time":1578494133821,"group":{"id":"trigger","version":"2"},"event":{"count":1,"data":{},"id":"execute.PythonConfigurationType.Run"}}
{"session":"693dd0ef9912","build":"182.4129.34","bucket":"-1","time":1578494134129,"group":{"id":"toolwindow","version":"2"},"event":{"count":1,"data":{},"id":"Run_by_Activation"}}
{"session":"693dd0ef9912","build":"182.4129.34","bucket":"-1","time":1578494149340,"group":{"id":"toolwindow","version":"2"},"event":{"count":2,"data":{},"id":"Run_by_Activation"}}
{"session":"693dd0ef9912","build":"182.4129.34","bucket":"-1","time":1578494167035,"group":{"id":"actions","version":"2"},"event":{"count":4,"data":{},"id":"EditorBackSpace"}}
{"session":"693dd0ef9912","build":"182.4129.34","bucket":"-1","time":1578494170819,"group":{"id":"actions","version":"2"},"event":{"count":1,"data":{},"id":"EditorDown"}}
{"session":"693dd0ef9912","build":"182.4129.34","bucket":"-1","time":1578494171176,"group":{"id":"actions","version":"2"},"event":{"count":5,"data":{},"id":"EditorRight"}}
{"session":"693dd0ef9912","build":"182.4129.34","bucket":"-1","time":1578494172939,"group":{"id":"actions","version":"2"},"event":{"count":1,"data":{},"id":"EditorLeft"}}
{"session":"693dd0ef9912","build":"182.4129.34","bucket":"-1","time":1578494173378,"group":{"id":"actions","version":"2"},"event":{"count":4,"data":{},"id":"EditorBackSpace"}}
{"session":"693dd0ef9912","build":"182.4129.34","bucket":"-1","time":1578494176658,"group":{"id":"actions","version":"2"},"event":{"count":1,"data":{},"id":"Run"}}
{"session":"693dd0ef9912","build":"182.4129.34","bucket":"-1","time":1578494176709,"group":{"id":"trigger","version":"2"},"event":{"count":1,"data":{},"id":"execute.PythonConfigurationType.Run"}}
{"session":"693dd0ef9912","build":"182.4129.34","bucket":"-1","time":1578494176934,"group":{"id":"toolwindow","version":"2"},"event":{"count":1,"data":{},"id":"Run_by_Activation"}}
{"session":"693dd0ef9912","build":"182.4129.34","bucket":"-1","time":1578494211213,"group":{"id":"actions","version":"2"},"event":{"count":1,"data":{},"id":"EditorEnter"}}
{"session":"693dd0ef9912","build":"182.4129.34","bucket":"-1","time":1578494213924,"group":{"id":"actions","version":"2"},"event":{"count":1,"data":{},"id":"EditorChooseLookupItem"}}
{"session":"693dd0ef9912","build":"182.4129.34","bucket":"-1","time":1578494213943,"group":{"id":"completion","version":"2"},"event":{"count":1,"data":{},"id":"editing.completion.basic"}}
{"session":"693dd0ef9912","build":"182.4129.34","bucket":"-1","time":1578494221374,"group":{"id":"actions","version":"2"},"event":{"count":2,"data":{},"id":"EditorBackSpace"}}
{"session":"693dd0ef9912","build":"182.4129.34","bucket":"-1","time":1578494234882,"group":{"id":"actions","version":"2"},"event":{"count":1,"data":{},"id":"EditorRight"}}
{"session":"693dd0ef9912","build":"182.4129.34","bucket":"-1","time":1578494240470,"group":{"id":"actions","version":"2"},"event":{"count":1,"data":{},"id":"EditorChooseLookupItem"}}
{"session":"693dd0ef9912","build":"182.4129.34","bucket":"-1","time":1578494240493,"group":{"id":"completion","version":"2"},"event":{"count":1,"data":{},"id":"editing.completion.basic"}}
{"session":"693dd0ef9912","build":"182.4129.34","bucket":"-1","time":1578494254135,"group":{"id":"actions","version":"2"},"event":{"count":1,"data":{},"id":"EditorEnter"}}
{"session":"693dd0ef9912","build":"182.4129.34","bucket":"-1","time":1578494273294,"group":{"id":"actions","version":"2"},"event":{"count":2,"data":{},"id":"EditorBackSpace"}}
{"session":"693dd0ef9912","build":"182.4129.34","bucket":"-1","time":1578494279534,"group":{"id":"actions","version":"2"},"event":{"count":1,"data":{},"id":"EditorChooseLookupItem"}}
{"session":"693dd0ef9912","build":"182.4129.34","bucket":"-1","time":1578494279552,"group":{"id":"completion","version":"2"},"event":{"count":1,"data":{},"id":"editing.completion.basic"}}
{"session":"693dd0ef9912","build":"182.4129.34","bucket":"-1","time":1578494294923,"group":{"id":"actions","version":"2"},"event":{"count":1,"data":{},"id":"EditorChooseLookupItem"}}
{"session":"693dd0ef9912","build":"182.4129.34","bucket":"-1","time":1578494294944,"group":{"id":"completion","version":"2"},"event":{"count":1,"data":{},"id":"editing.completion.basic"}}
{"session":"693dd0ef9912","build":"182.4129.34","bucket":"-1","time":1578494302981,"group":{"id":"actions","version":"2"},"event":{"count":1,"data":{},"id":"EditorBackSpace"}}
{"session":"693dd0ef9912","build":"182.4129.34","bucket":"-1","time":1578494303920,"group":{"id":"actions","version":"2"},"event":{"count":1,"data":{},"id":"EditorRight"}}
{"session":"693dd0ef9912","build":"182.4129.34","bucket":"-1","time":1578494306430,"group":{"id":"actions","version":"2"},"event":{"count":1,"data":{},"id":"EditorEnter"}}
{"session":"693dd0ef9912","build":"182.4129.34","bucket":"-1","time":1578494310776,"group":{"id":"actions","version":"2"},"event":{"count":1,"data":{},"id":"EditorChooseLookupItem"}}
{"session":"693dd0ef9912","build":"182.4129.34","bucket":"-1","time":1578494310799,"group":{"id":"completion","version":"2"},"event":{"count":1,"data":{},"id":"editing.completion.basic"}}
{"session":"693dd0ef9912","build":"182.4129.34","bucket":"-1","time":1578494314209,"group":{"id":"actions","version":"2"},"event":{"count":1,"data":{},"id":"EditorRight"}}
{"session":"693dd0ef9912","build":"182.4129.34","bucket":"-1","time":1578494315232,"group":{"id":"actions","version":"2"},"event":{"count":2,"data":{},"id":"EditorBackSpace"}}
{"session":"693dd0ef9912","build":"182.4129.34","bucket":"-1","time":1578494330447,"group":{"id":"actions","version":"2"},"event":{"count":1,"data":{},"id":"Run"}}
{"session":"693dd0ef9912","build":"182.4129.34","bucket":"-1","time":1578494330499,"group":{"id":"trigger","version":"2"},"event":{"count":1,"data":{},"id":"execute.PythonConfigurationType.Run"}}
{"session":"693dd0ef9912","build":"182.4129.34","bucket":"-1","time":1578494330731,"group":{"id":"toolwindow","version":"2"},"event":{"count":1,"data":{},"id":"Run_by_Activation"}}
{"session":"693dd0ef9912","build":"182.4129.34","bucket":"-1","time":1578494361629,"group":{"id":"actions","version":"2"},"event":{"count":12,"data":{},"id":"EditorBackSpace"}}
{"session":"693dd0ef9912","build":"182.4129.34","bucket":"-1","time":1578494372277,"group":{"id":"actions","version":"2"},"event":{"count":1,"data":{},"id":"EditorRight"}}
{"session":"693dd0ef9912","build":"182.4129.34","bucket":"-1","time":1578494373355,"group":{"id":"actions","version":"2"},"event":{"count":1,"data":{},"id":"EditorDown"}}
{"session":"693dd0ef9912","build":"182.4129.34","bucket":"-1","time":1578494375206,"group":{"id":"actions","version":"2"},"event":{"count":35,"data":{},"id":"EditorBackSpace"}}
{"session":"693dd0ef9912","build":"182.4129.34","bucket":"-1","time":1578494386352,"group":{"id":"actions","version":"2"},"event":{"count":1,"data":{},"id":"$SelectAll"}}
{"session":"693dd0ef9912","build":"182.4129.34","bucket":"-1","time":1578494387896,"group":{"id":"actions","version":"2"},"event":{"count":1,"data":{},"id":"EditorCopy"}}
{"session":"693dd0ef9912","build":"182.4129.34","bucket":"-1","time":1578494772954,"group":{"id":"ui.dialogs","version":"2"},"event":{"count":1,"data":{"type":"show"},"id":"com.intellij.openapi.progress.util.ProgressDialog$MyDialogWrapper"}}
{"session":"693dd0ef9912","build":"182.4129.34","bucket":"-1","time":1578494773157,"group":{"id":"ui.dialogs","version":"2"},"event":{"count":1,"data":{"code":1,"type":"close"},"id":"com.intellij.openapi.progress.util.ProgressDialog$MyDialogWrapper"}}
{"session":"693dd0ef9912","build":"182.4129.34","bucket":"-1","time":1578494773485,"group":{"id":"lifecycle","version":"2"},"event":{"count":1,"data":{},"id":"project.closed"}}
{"session":"693dd0ef9912","build":"182.4129.34","bucket":"-1","time":1578494774329,"group":{"id":"lifecycle","version":"2"},"event":{"count":1,"data":{"restart":false},"id":"app.closed"}}
{"session":"693dd0ef9912","build":"182.4129.34","bucket":"-1","time":1578494774688,"group":{"id":"lifecycle","version":"2"},"event":{"count":1,"data":{},"id":"project.closed"}}
{"session":"693dd0ef9912","build":"182.4129.34","bucket":"-1","time":1578494775329,"group":{"id":"lifecycle","version":"2"},"event":{"count":1,"data":{},"id":"ideaapp.closed"}}
