{"session":"cc17e6daf348","build":"182.4129.34","bucket":"-1","time":1577193503438,"group":{"id":"ui.dialogs","version":"2"},"event":{"count":1,"data":{"type":"show"},"id":"com.intellij.openapi.progress.util.ProgressDialog$MyDialogWrapper"}}
{"session":"cc17e6daf348","build":"182.4129.34","bucket":"-1","time":1577193503707,"group":{"id":"lifecycle","version":"2"},"event":{"count":1,"data":{"durationSeconds":15},"id":"ide.freeze"}}
{"session":"cc17e6daf348","build":"182.4129.34","bucket":"-1","time":1577193517283,"group":{"id":"ui.dialogs","version":"2"},"event":{"count":1,"data":{"code":1,"type":"close"},"id":"com.intellij.openapi.progress.util.ProgressDialog$MyDialogWrapper"}}
{"session":"cc17e6daf348","build":"182.4129.34","bucket":"-1","time":1577193517799,"group":{"id":"lifecycle","version":"2"},"event":{"count":1,"data":{},"id":"project.opened"}}
{"session":"cc17e6daf348","build":"182.4129.34","bucket":"-1","time":1577193520939,"group":{"id":"ui.dialogs","version":"2"},"event":{"count":1,"data":{"type":"show"},"id":"com.intellij.openapi.progress.util.ProgressDialog$MyDialogWrapper"}}
{"session":"cc17e6daf348","build":"182.4129.34","bucket":"-1","time":1577193528376,"group":{"id":"lifecycle","version":"2"},"event":{"count":1,"data":{},"id":"ideaapp.started"}}
{"session":"cc17e6daf348","build":"182.4129.34","bucket":"-1","time":1577193528392,"group":{"id":"lifecycle","version":"2"},"event":{"count":1,"data":{},"id":"app.started"}}
{"session":"cc17e6daf348","build":"182.4129.34","bucket":"-1","time":1577193529892,"group":{"id":"ui.dialogs","version":"2"},"event":{"count":1,"data":{"code":1,"type":"close"},"id":"com.intellij.openapi.progress.util.ProgressDialog$MyDialogWrapper"}}
{"session":"cc17e6daf348","build":"182.4129.34","bucket":"-1","time":1577193530126,"group":{"id":"lifecycle","version":"2"},"event":{"count":1,"data":{"time.ms":28584},"id":"project.opening.finished"}}
{"session":"cc17e6daf348","build":"182.4129.34","bucket":"-1","time":1577193537079,"group":{"id":"system.os.name","version":"2"},"event":{"data":{},"id":"Windows"}}
{"session":"cc17e6daf348","build":"182.4129.34","bucket":"-1","time":1577193537079,"group":{"id":"system.os.version","version":"2"},"event":{"data":{},"id":"10.0"}}
{"session":"cc17e6daf348","build":"182.4129.34","bucket":"-1","time":1577193537142,"group":{"id":"system.jvm.vendor","version":"2"},"event":{"data":{},"id":"JetBrains_s.r.o"}}
{"session":"cc17e6daf348","build":"182.4129.34","bucket":"-1","time":1577193537142,"group":{"id":"system.jvm.version","version":"2"},"event":{"data":{},"id":"1.8"}}
{"session":"cc17e6daf348","build":"182.4129.34","bucket":"-1","time":1577194326602,"group":{"id":"ui.dialogs","version":"2"},"event":{"count":1,"data":{"type":"show"},"id":"com.intellij.platform.OpenOrAttachDialog"}}
{"session":"cc17e6daf348","build":"182.4129.34","bucket":"-1","time":1577194328227,"group":{"id":"ui.dialogs","version":"2"},"event":{"count":1,"data":{"code":0,"type":"close"},"id":"com.intellij.platform.OpenOrAttachDialog"}}
{"session":"cc17e6daf348","build":"182.4129.34","bucket":"-1","time":1577194328665,"group":{"id":"lifecycle","version":"2"},"event":{"count":1,"data":{},"id":"project.opened"}}
{"session":"cc17e6daf348","build":"182.4129.34","bucket":"-1","time":1577194328977,"group":{"id":"ui.dialogs","version":"2"},"event":{"count":1,"data":{"type":"show"},"id":"com.intellij.openapi.progress.util.ProgressDialog$MyDialogWrapper"}}
{"session":"cc17e6daf348","build":"182.4129.34","bucket":"-1","time":1577194329977,"group":{"id":"toolwindow","version":"2"},"event":{"count":1,"data":{},"id":"Project_by_Activation"}}
{"session":"cc17e6daf348","build":"182.4129.34","bucket":"-1","time":1577194330399,"group":{"id":"ui.dialogs","version":"2"},"event":{"count":1,"data":{"code":1,"type":"close"},"id":"com.intellij.openapi.progress.util.ProgressDialog$MyDialogWrapper"}}
{"session":"cc17e6daf348","build":"182.4129.34","bucket":"-1","time":1577194330477,"group":{"id":"lifecycle","version":"2"},"event":{"count":1,"data":{"time.ms":2064},"id":"project.opening.finished"}}
{"session":"cc17e6daf348","build":"182.4129.34","bucket":"-1","time":1577194330680,"group":{"id":"system.os.name","version":"2"},"event":{"data":{},"id":"Windows"}}
{"session":"cc17e6daf348","build":"182.4129.34","bucket":"-1","time":1577194330680,"group":{"id":"system.os.version","version":"2"},"event":{"data":{},"id":"10.0"}}
{"session":"cc17e6daf348","build":"182.4129.34","bucket":"-1","time":1577194330680,"group":{"id":"system.jvm.vendor","version":"2"},"event":{"data":{},"id":"JetBrains_s.r.o"}}
{"session":"cc17e6daf348","build":"182.4129.34","bucket":"-1","time":1577194330680,"group":{"id":"system.jvm.version","version":"2"},"event":{"data":{},"id":"1.8"}}
{"session":"cc17e6daf348","build":"182.4129.34","bucket":"-1","time":1577194350476,"group":{"id":"editing","version":"2"},"event":{"count":1,"data":{},"id":"editing.select.word"}}
{"session":"cc17e6daf348","build":"182.4129.34","bucket":"-1","time":1577194370773,"group":{"id":"actions","version":"2"},"event":{"count":1,"data":{},"id":"RunClass"}}
{"session":"cc17e6daf348","build":"182.4129.34","bucket":"-1","time":1577194370867,"group":{"id":"trigger","version":"2"},"event":{"count":1,"data":{},"id":"execute.PythonConfigurationType.Run"}}
{"session":"cc17e6daf348","build":"182.4129.34","bucket":"-1","time":1577194371695,"group":{"id":"toolwindow","version":"2"},"event":{"count":1,"data":{},"id":"Run_by_Activation"}}
{"session":"cc17e6daf348","build":"182.4129.34","bucket":"-1","time":1577198929125,"group":{"id":"lifecycle","version":"2"},"event":{"count":1,"data":{},"id":"project.closed"}}
{"session":"cc17e6daf348","build":"182.4129.34","bucket":"-1","time":1577198929313,"group":{"id":"lifecycle","version":"2"},"event":{"count":1,"data":{"restart":false},"id":"app.closed"}}
{"session":"cc17e6daf348","build":"182.4129.34","bucket":"-1","time":1577198929657,"group":{"id":"lifecycle","version":"2"},"event":{"count":1,"data":{},"id":"project.closed"}}
{"session":"cc17e6daf348","build":"182.4129.34","bucket":"-1","time":1577198929922,"group":{"id":"lifecycle","version":"2"},"event":{"count":1,"data":{},"id":"ideaapp.closed"}}
