{"session":"c6e0ded16148","build":"182.4129.34","bucket":"-1","time":1575724114000,"group":{"id":"lifecycle","version":"2"},"event":{"count":1,"data":{},"id":"ideaapp.started"}}
{"session":"c6e0ded16148","build":"182.4129.34","bucket":"-1","time":1575724114048,"group":{"id":"lifecycle","version":"2"},"event":{"count":1,"data":{},"id":"app.started"}}
{"session":"c6e0ded16148","build":"182.4129.34","bucket":"-1","time":1575724136301,"group":{"id":"trigger","version":"2"},"event":{"count":1,"data":{},"id":"welcome.screen.null"}}
{"session":"c6e0ded16148","build":"182.4129.34","bucket":"-1","time":1575724146660,"group":{"id":"actions","version":"2"},"event":{"count":2,"data":{},"id":"EditorBackSpace"}}
{"session":"c6e0ded16148","build":"182.4129.34","bucket":"-1","time":1575724155800,"group":{"id":"trigger","version":"2"},"event":{"count":1,"data":{},"id":"welcome.screen.null"}}
{"session":"c6e0ded16148","build":"182.4129.34","bucket":"-1","time":1575724161534,"group":{"id":"trigger","version":"2"},"event":{"count":1,"data":{},"id":"AbstractNewProjectStep.Pure_Python"}}
{"session":"c6e0ded16148","build":"182.4129.34","bucket":"-1","time":1575724164097,"group":{"id":"lifecycle","version":"2"},"event":{"count":1,"data":{},"id":"project.opened"}}
{"session":"c6e0ded16148","build":"182.4129.34","bucket":"-1","time":1575724165284,"group":{"id":"ui.dialogs","version":"2"},"event":{"count":1,"data":{"type":"show"},"id":"com.intellij.openapi.progress.util.ProgressDialog$MyDialogWrapper"}}
{"session":"c6e0ded16148","build":"182.4129.34","bucket":"-1","time":1575724166050,"group":{"id":"ui.dialogs","version":"2"},"event":{"count":1,"data":{"code":1,"type":"close"},"id":"com.intellij.openapi.progress.util.ProgressDialog$MyDialogWrapper"}}
{"session":"c6e0ded16148","build":"182.4129.34","bucket":"-1","time":1575724167159,"group":{"id":"ui.dialogs","version":"2"},"event":{"count":1,"data":{"type":"show"},"id":"com.intellij.ide.util.TipDialog"}}
{"session":"c6e0ded16148","build":"182.4129.34","bucket":"-1","time":1575724167659,"group":{"id":"ui.dialogs","version":"2"},"event":{"count":1,"data":{"type":"show"},"id":"com.intellij.openapi.progress.util.ProgressDialog$MyDialogWrapper"}}
{"session":"c6e0ded16148","build":"182.4129.34","bucket":"-1","time":1575724233959,"group":{"id":"ui.dialogs","version":"2"},"event":{"count":1,"data":{"code":1,"type":"close"},"id":"com.intellij.openapi.progress.util.ProgressDialog$MyDialogWrapper"}}
{"session":"c6e0ded16148","build":"182.4129.34","bucket":"-1","time":1575724237255,"group":{"id":"toolwindow","version":"2"},"event":{"count":1,"data":{},"id":"Project_by_Activation"}}
{"session":"c6e0ded16148","build":"182.4129.34","bucket":"-1","time":1575724238481,"group":{"id":"ui.dialogs","version":"2"},"event":{"count":1,"data":{"type":"show"},"id":"com.intellij.openapi.progress.util.ProgressDialog$MyDialogWrapper"}}
{"session":"c6e0ded16148","build":"182.4129.34","bucket":"-1","time":1575724239338,"group":{"id":"ui.dialogs","version":"2"},"event":{"count":1,"data":{"code":1,"type":"close"},"id":"com.intellij.openapi.progress.util.ProgressDialog$MyDialogWrapper"}}
{"session":"c6e0ded16148","build":"182.4129.34","bucket":"-1","time":1575724239451,"group":{"id":"lifecycle","version":"2"},"event":{"count":1,"data":{"time.ms":77896},"id":"project.opening.finished"}}
{"session":"c6e0ded16148","build":"182.4129.34","bucket":"-1","time":1575724250230,"group":{"id":"system.os.name","version":"2"},"event":{"data":{},"id":"Windows"}}
{"session":"c6e0ded16148","build":"182.4129.34","bucket":"-1","time":1575724250230,"group":{"id":"system.os.version","version":"2"},"event":{"data":{},"id":"10.0"}}
{"session":"c6e0ded16148","build":"182.4129.34","bucket":"-1","time":1575724250230,"group":{"id":"system.jvm.vendor","version":"2"},"event":{"data":{},"id":"JetBrains_s.r.o"}}
{"session":"c6e0ded16148","build":"182.4129.34","bucket":"-1","time":1575724250230,"group":{"id":"system.jvm.version","version":"2"},"event":{"data":{},"id":"1.8"}}
{"session":"c6e0ded16148","build":"182.4129.34","bucket":"-1","time":1575724261279,"group":{"id":"actions","version":"2"},"event":{"count":1,"data":{},"id":"NewElement"}}
{"session":"c6e0ded16148","build":"182.4129.34","bucket":"-1","time":1575724267835,"group":{"id":"ui.dialogs","version":"2"},"event":{"count":1,"data":{"code":1,"type":"close"},"id":"com.intellij.ide.util.TipDialog"}}
{"session":"c6e0ded16148","build":"182.4129.34","bucket":"-1","time":1575724271044,"group":{"id":"actions","version":"2"},"event":{"count":1,"data":{},"id":"NewScratchFile"}}
{"session":"c6e0ded16148","build":"182.4129.34","bucket":"-1","time":1575724392186,"group":{"id":"actions","version":"2"},"event":{"count":1,"data":{},"id":"EditorEnter"}}
{"session":"c6e0ded16148","build":"182.4129.34","bucket":"-1","time":1575724423879,"group":{"id":"actions","version":"2"},"event":{"count":1,"data":{},"id":"EditorStartNewLine"}}
{"session":"c6e0ded16148","build":"182.4129.34","bucket":"-1","time":1575724425807,"group":{"id":"actions","version":"2"},"event":{"count":4,"data":{},"id":"EditorBackSpace"}}
{"session":"c6e0ded16148","build":"182.4129.34","bucket":"-1","time":1575724438895,"group":{"id":"actions","version":"2"},"event":{"count":1,"data":{},"id":"EditorEnter"}}
{"session":"c6e0ded16148","build":"182.4129.34","bucket":"-1","time":1575724486231,"group":{"id":"actions","version":"2"},"event":{"count":1,"data":{},"id":"EditorRight"}}
{"session":"c6e0ded16148","build":"182.4129.34","bucket":"-1","time":1575724508757,"group":{"id":"actions","version":"2"},"event":{"count":1,"data":{},"id":"EditorRight"}}
{"session":"c6e0ded16148","build":"182.4129.34","bucket":"-1","time":1575724510611,"group":{"id":"actions","version":"2"},"event":{"count":1,"data":{},"id":"EditorEnter"}}
{"session":"c6e0ded16148","build":"182.4129.34","bucket":"-1","time":1575724522494,"group":{"id":"actions","version":"2"},"event":{"count":3,"data":{},"id":"EditorBackSpace"}}
{"session":"c6e0ded16148","build":"182.4129.34","bucket":"-1","time":1575724565439,"group":{"id":"actions","version":"2"},"event":{"count":2,"data":{},"id":"EditorRight"}}
{"session":"c6e0ded16148","build":"182.4129.34","bucket":"-1","time":1575724568334,"group":{"id":"actions","version":"2"},"event":{"count":1,"data":{},"id":"EditorEnter"}}
{"session":"c6e0ded16148","build":"182.4129.34","bucket":"-1","time":1575724578976,"group":{"id":"actions","version":"2"},"event":{"count":1,"data":{},"id":"EditorChooseLookupItem"}}
{"session":"c6e0ded16148","build":"182.4129.34","bucket":"-1","time":1575724578991,"group":{"id":"completion","version":"2"},"event":{"count":1,"data":{},"id":"editing.completion.basic"}}
{"session":"c6e0ded16148","build":"182.4129.34","bucket":"-1","time":1575724600232,"group":{"id":"actions","version":"2"},"event":{"count":1,"data":{},"id":"EditorEnter"}}
{"session":"c6e0ded16148","build":"182.4129.34","bucket":"-1","time":1575724606710,"group":{"id":"actions","version":"2"},"event":{"count":1,"data":{},"id":"EditorChooseLookupItem"}}
{"session":"c6e0ded16148","build":"182.4129.34","bucket":"-1","time":1575724606725,"group":{"id":"completion","version":"2"},"event":{"count":1,"data":{},"id":"editing.completion.basic"}}
{"session":"c6e0ded16148","build":"182.4129.34","bucket":"-1","time":1575724621811,"group":{"id":"actions","version":"2"},"event":{"count":1,"data":{},"id":"EditorEnter"}}
{"session":"c6e0ded16148","build":"182.4129.34","bucket":"-1","time":1575724626445,"group":{"id":"actions","version":"2"},"event":{"count":3,"data":{},"id":"EditorLeft"}}
{"session":"c6e0ded16148","build":"182.4129.34","bucket":"-1","time":1575724645157,"group":{"id":"actions","version":"2"},"event":{"count":1,"data":{},"id":"EditorLeft"}}
{"session":"c6e0ded16148","build":"182.4129.34","bucket":"-1","time":1575724667324,"group":{"id":"actions","version":"2"},"event":{"count":2,"data":{},"id":"EditorRight"}}
{"session":"c6e0ded16148","build":"182.4129.34","bucket":"-1","time":1575724669109,"group":{"id":"actions","version":"2"},"event":{"count":1,"data":{},"id":"EditorEnter"}}
{"session":"c6e0ded16148","build":"182.4129.34","bucket":"-1","time":1575724700714,"group":{"id":"actions","version":"2"},"event":{"count":2,"data":{},"id":"EditorBackSpace"}}
{"session":"c6e0ded16148","build":"182.4129.34","bucket":"-1","time":1575724710403,"group":{"id":"actions","version":"2"},"event":{"count":1,"data":{},"id":"EditorEnter"}}
{"session":"c6e0ded16148","build":"182.4129.34","bucket":"-1","time":1575724734056,"group":{"id":"actions","version":"2"},"event":{"count":1,"data":{},"id":"EditorChooseLookupItem"}}
{"session":"c6e0ded16148","build":"182.4129.34","bucket":"-1","time":1575724734072,"group":{"id":"completion","version":"2"},"event":{"count":1,"data":{},"id":"editing.completion.basic"}}
{"session":"c6e0ded16148","build":"182.4129.34","bucket":"-1","time":1575724750252,"group":{"id":"actions","version":"2"},"event":{"count":1,"data":{},"id":"EditorChooseLookupItem"}}
{"session":"c6e0ded16148","build":"182.4129.34","bucket":"-1","time":1575724750274,"group":{"id":"completion","version":"2"},"event":{"count":1,"data":{},"id":"editing.completion.basic"}}
{"session":"c6e0ded16148","build":"182.4129.34","bucket":"-1","time":1575724754375,"group":{"id":"actions","version":"2"},"event":{"count":6,"data":{},"id":"EditorBackSpace"}}
{"session":"c6e0ded16148","build":"182.4129.34","bucket":"-1","time":1575724758883,"group":{"id":"actions","version":"2"},"event":{"count":1,"data":{},"id":"EditorEnter"}}
{"session":"c6e0ded16148","build":"182.4129.34","bucket":"-1","time":1575724782545,"group":{"id":"actions","version":"2"},"event":{"count":4,"data":{},"id":"EditorLeft"}}
{"session":"c6e0ded16148","build":"182.4129.34","bucket":"-1","time":1575724808946,"group":{"id":"actions","version":"2"},"event":{"count":2,"data":{},"id":"EditorRight"}}
{"session":"c6e0ded16148","build":"182.4129.34","bucket":"-1","time":1575724810622,"group":{"id":"actions","version":"2"},"event":{"count":1,"data":{},"id":"EditorEnter"}}
{"session":"c6e0ded16148","build":"182.4129.34","bucket":"-1","time":1575724834899,"group":{"id":"actions","version":"2"},"event":{"count":1,"data":{},"id":"EditorBackSpace"}}
{"session":"c6e0ded16148","build":"182.4129.34","bucket":"-1","time":1575724836513,"group":{"id":"actions","version":"2"},"event":{"count":1,"data":{},"id":"EditorChooseLookupItem"}}
{"session":"c6e0ded16148","build":"182.4129.34","bucket":"-1","time":1575724836529,"group":{"id":"completion","version":"2"},"event":{"count":1,"data":{},"id":"editing.completion.basic"}}
{"session":"c6e0ded16148","build":"182.4129.34","bucket":"-1","time":1575724861507,"group":{"id":"actions","version":"2"},"event":{"count":1,"data":{},"id":"EditorChooseLookupItem"}}
{"session":"c6e0ded16148","build":"182.4129.34","bucket":"-1","time":1575724861522,"group":{"id":"completion","version":"2"},"event":{"count":1,"data":{},"id":"editing.completion.basic"}}
{"session":"c6e0ded16148","build":"182.4129.34","bucket":"-1","time":1575724863093,"group":{"id":"actions","version":"2"},"event":{"count":6,"data":{},"id":"EditorBackSpace"}}
{"session":"c6e0ded16148","build":"182.4129.34","bucket":"-1","time":1575724868444,"group":{"id":"actions","version":"2"},"event":{"count":4,"data":{},"id":"EditorLeft"}}
{"session":"c6e0ded16148","build":"182.4129.34","bucket":"-1","time":1575724871170,"group":{"id":"actions","version":"2"},"event":{"count":1,"data":{},"id":"EditorBackSpace"}}
{"session":"c6e0ded16148","build":"182.4129.34","bucket":"-1","time":1575724872158,"group":{"id":"actions","version":"2"},"event":{"count":5,"data":{},"id":"EditorRight"}}
{"session":"c6e0ded16148","build":"182.4129.34","bucket":"-1","time":1575724874853,"group":{"id":"actions","version":"2"},"event":{"count":1,"data":{},"id":"EditorEnter"}}
{"session":"c6e0ded16148","build":"182.4129.34","bucket":"-1","time":1575724897937,"group":{"id":"actions","version":"2"},"event":{"count":6,"data":{},"id":"EditorLeft"}}
{"session":"c6e0ded16148","build":"182.4129.34","bucket":"-1","time":1575724899961,"group":{"id":"actions","version":"2"},"event":{"count":2,"data":{},"id":"EditorBackSpace"}}
{"session":"c6e0ded16148","build":"182.4129.34","bucket":"-1","time":1575724909567,"group":{"id":"actions","version":"2"},"event":{"count":8,"data":{},"id":"EditorRight"}}
{"session":"c6e0ded16148","build":"182.4129.34","bucket":"-1","time":1575724919120,"group":{"id":"actions","version":"2"},"event":{"count":1,"data":{},"id":"EditorEnter"}}
{"session":"c6e0ded16148","build":"182.4129.34","bucket":"-1","time":1575724932032,"group":{"id":"actions","version":"2"},"event":{"count":1,"data":{},"id":"EditorChooseLookupItem"}}
{"session":"c6e0ded16148","build":"182.4129.34","bucket":"-1","time":1575724932054,"group":{"id":"completion","version":"2"},"event":{"count":1,"data":{},"id":"editing.completion.basic"}}
{"session":"c6e0ded16148","build":"182.4129.34","bucket":"-1","time":1575724937992,"group":{"id":"actions","version":"2"},"event":{"count":1,"data":{},"id":"EditorChooseLookupItem"}}
{"session":"c6e0ded16148","build":"182.4129.34","bucket":"-1","time":1575724938008,"group":{"id":"completion","version":"2"},"event":{"count":1,"data":{},"id":"editing.completion.basic"}}
{"session":"c6e0ded16148","build":"182.4129.34","bucket":"-1","time":1575724955121,"group":{"id":"actions","version":"2"},"event":{"count":1,"data":{},"id":"EditorEnter"}}
{"session":"c6e0ded16148","build":"182.4129.34","bucket":"-1","time":1575724981135,"group":{"id":"actions","version":"2"},"event":{"count":2,"data":{},"id":"EditorRight"}}
{"session":"c6e0ded16148","build":"182.4129.34","bucket":"-1","time":1575724982626,"group":{"id":"actions","version":"2"},"event":{"count":1,"data":{},"id":"EditorEnter"}}
{"session":"c6e0ded16148","build":"182.4129.34","bucket":"-1","time":1575725033987,"group":{"id":"actions","version":"2"},"event":{"count":1,"data":{},"id":"EditorChooseLookupItem"}}
{"session":"c6e0ded16148","build":"182.4129.34","bucket":"-1","time":1575725034002,"group":{"id":"completion","version":"2"},"event":{"count":1,"data":{},"id":"editing.completion.basic"}}
{"session":"c6e0ded16148","build":"182.4129.34","bucket":"-1","time":1575725047135,"group":{"id":"actions","version":"2"},"event":{"count":1,"data":{},"id":"EditorRight"}}
{"session":"c6e0ded16148","build":"182.4129.34","bucket":"-1","time":1575725050148,"group":{"id":"actions","version":"2"},"event":{"count":1,"data":{},"id":"EditorEnter"}}
{"session":"c6e0ded16148","build":"182.4129.34","bucket":"-1","time":1575725080273,"group":{"id":"actions","version":"2"},"event":{"count":1,"data":{},"id":"EditorBackSpace"}}
{"session":"c6e0ded16148","build":"182.4129.34","bucket":"-1","time":1575725082280,"group":{"id":"actions","version":"2"},"event":{"count":1,"data":{},"id":"EditorChooseLookupItem"}}
{"session":"c6e0ded16148","build":"182.4129.34","bucket":"-1","time":1575725082302,"group":{"id":"completion","version":"2"},"event":{"count":1,"data":{},"id":"editing.completion.basic"}}
{"session":"c6e0ded16148","build":"182.4129.34","bucket":"-1","time":1575725107787,"group":{"id":"actions","version":"2"},"event":{"count":1,"data":{},"id":"EditorEnter"}}
{"session":"c6e0ded16148","build":"182.4129.34","bucket":"-1","time":1575725133050,"group":{"id":"actions","version":"2"},"event":{"count":1,"data":{},"id":"EditorBackSpace"}}
{"session":"c6e0ded16148","build":"182.4129.34","bucket":"-1","time":1575725145719,"group":{"id":"actions","version":"2"},"event":{"count":2,"data":{},"id":"EditorRight"}}
{"session":"c6e0ded16148","build":"182.4129.34","bucket":"-1","time":1575725147859,"group":{"id":"actions","version":"2"},"event":{"count":1,"data":{},"id":"EditorEnter"}}
{"session":"c6e0ded16148","build":"182.4129.34","bucket":"-1","time":1575725160900,"group":{"id":"actions","version":"2"},"event":{"count":1,"data":{},"id":"EditorBackSpace"}}
{"session":"c6e0ded16148","build":"182.4129.34","bucket":"-1","time":1575725171541,"group":{"id":"actions","version":"2"},"event":{"count":12,"data":{},"id":"EditorLeft"}}
{"session":"c6e0ded16148","build":"182.4129.34","bucket":"-1","time":1575725175207,"group":{"id":"actions","version":"2"},"event":{"count":1,"data":{},"id":"EditorBackSpace"}}
{"session":"c6e0ded16148","build":"182.4129.34","bucket":"-1","time":1575725176913,"group":{"id":"actions","version":"2"},"event":{"count":4,"data":{},"id":"EditorRight"}}
{"session":"c6e0ded16148","build":"182.4129.34","bucket":"-1","time":1575725186150,"group":{"id":"actions","version":"2"},"event":{"count":1,"data":{},"id":"EditorBackSpace"}}
{"session":"c6e0ded16148","build":"182.4129.34","bucket":"-1","time":1575725190551,"group":{"id":"actions","version":"2"},"event":{"count":3,"data":{},"id":"EditorRight"}}
{"session":"c6e0ded16148","build":"182.4129.34","bucket":"-1","time":1575725192157,"group":{"id":"actions","version":"2"},"event":{"count":1,"data":{},"id":"EditorBackSpace"}}
{"session":"c6e0ded16148","build":"182.4129.34","bucket":"-1","time":1575725195314,"group":{"id":"actions","version":"2"},"event":{"count":5,"data":{},"id":"EditorRight"}}
{"session":"c6e0ded16148","build":"182.4129.34","bucket":"-1","time":1575725209970,"group":{"id":"actions","version":"2"},"event":{"count":1,"data":{},"id":"EditorRight"}}
{"session":"c6e0ded16148","build":"182.4129.34","bucket":"-1","time":1575725216912,"group":{"id":"actions","version":"2"},"event":{"count":1,"data":{},"id":"EditorEnter"}}
{"session":"c6e0ded16148","build":"182.4129.34","bucket":"-1","time":1575725250633,"group":{"id":"actions","version":"2"},"event":{"count":20,"data":{},"id":"EditorLeft"}}
{"session":"c6e0ded16148","build":"182.4129.34","bucket":"-1","time":1575725256038,"group":{"id":"actions","version":"2"},"event":{"count":1,"data":{},"id":"EditorBackSpace"}}
{"session":"c6e0ded16148","build":"182.4129.34","bucket":"-1","time":1575725280197,"group":{"id":"actions","version":"2"},"event":{"count":1,"data":{},"id":"EditorBackSpace"}}
{"session":"c6e0ded16148","build":"182.4129.34","bucket":"-1","time":1575725287956,"group":{"id":"actions","version":"2"},"event":{"count":1,"data":{},"id":"EditorEnter"}}
{"session":"c6e0ded16148","build":"182.4129.34","bucket":"-1","time":1575725312936,"group":{"id":"actions","version":"2"},"event":{"count":1,"data":{},"id":"EditorBackSpace"}}
{"session":"c6e0ded16148","build":"182.4129.34","bucket":"-1","time":1575725323207,"group":{"id":"actions","version":"2"},"event":{"count":1,"data":{},"id":"EditorEnter"}}
{"session":"c6e0ded16148","build":"182.4129.34","bucket":"-1","time":1575725797260,"group":{"id":"actions","version":"2"},"event":{"count":1,"data":{},"id":"EditorBackSpace"}}
{"session":"c6e0ded16148","build":"182.4129.34","bucket":"-1","time":1575725809353,"group":{"id":"actions","version":"2"},"event":{"count":1,"data":{},"id":"EditorEnter"}}
{"session":"c6e0ded16148","build":"182.4129.34","bucket":"-1","time":1575725877649,"group":{"id":"actions","version":"2"},"event":{"count":2,"data":{},"id":"EditorRight"}}
{"session":"c6e0ded16148","build":"182.4129.34","bucket":"-1","time":1575725879227,"group":{"id":"actions","version":"2"},"event":{"count":1,"data":{},"id":"EditorEnter"}}
{"session":"c6e0ded16148","build":"182.4129.34","bucket":"-1","time":1575725908523,"group":{"id":"actions","version":"2"},"event":{"count":1,"data":{},"id":"EditorBackSpace"}}
{"session":"c6e0ded16148","build":"182.4129.34","bucket":"-1","time":1575725928413,"group":{"id":"actions","version":"2"},"event":{"count":1,"data":{},"id":"EditorRight"}}
{"session":"c6e0ded16148","build":"182.4129.34","bucket":"-1","time":1575725934694,"group":{"id":"actions","version":"2"},"event":{"count":1,"data":{},"id":"EditorEnter"}}
{"session":"c6e0ded16148","build":"182.4129.34","bucket":"-1","time":1575725956975,"group":{"id":"actions","version":"2"},"event":{"count":1,"data":{},"id":"EditorBackSpace"}}
{"session":"c6e0ded16148","build":"182.4129.34","bucket":"-1","time":1575725975428,"group":{"id":"actions","version":"2"},"event":{"count":1,"data":{},"id":"EditorBackSpace"}}
{"session":"c6e0ded16148","build":"182.4129.34","bucket":"-1","time":1575725977912,"group":{"id":"actions","version":"2"},"event":{"count":3,"data":{},"id":"EditorRight"}}
{"session":"c6e0ded16148","build":"182.4129.34","bucket":"-1","time":1575725979381,"group":{"id":"actions","version":"2"},"event":{"count":1,"data":{},"id":"EditorLeft"}}
{"session":"c6e0ded16148","build":"182.4129.34","bucket":"-1","time":1575725982037,"group":{"id":"actions","version":"2"},"event":{"count":1,"data":{},"id":"EditorEnter"}}
{"session":"c6e0ded16148","build":"182.4129.34","bucket":"-1","time":1575726001677,"group":{"id":"actions","version":"2"},"event":{"count":1,"data":{},"id":"EditorBackSpace"}}
{"session":"c6e0ded16148","build":"182.4129.34","bucket":"-1","time":1575726023942,"group":{"id":"actions","version":"2"},"event":{"count":1,"data":{},"id":"EditorEnter"}}
{"session":"c6e0ded16148","build":"182.4129.34","bucket":"-1","time":1575726053801,"group":{"id":"actions","version":"2"},"event":{"count":1,"data":{},"id":"EditorBackSpace"}}
{"session":"c6e0ded16148","build":"182.4129.34","bucket":"-1","time":1575726078050,"group":{"id":"actions","version":"2"},"event":{"count":1,"data":{},"id":"EditorEnter"}}
{"session":"c6e0ded16148","build":"182.4129.34","bucket":"-1","time":1575726105909,"group":{"id":"actions","version":"2"},"event":{"count":1,"data":{},"id":"EditorBackSpace"}}
{"session":"c6e0ded16148","build":"182.4129.34","bucket":"-1","time":1575726137330,"group":{"id":"actions","version":"2"},"event":{"count":2,"data":{},"id":"EditorBackSpace"}}
{"session":"c6e0ded16148","build":"182.4129.34","bucket":"-1","time":1575726148049,"group":{"id":"actions","version":"2"},"event":{"count":1,"data":{},"id":"EditorEnter"}}
{"session":"c6e0ded16148","build":"182.4129.34","bucket":"-1","time":1575726185142,"group":{"id":"actions","version":"2"},"event":{"count":1,"data":{},"id":"RunClass"}}
{"session":"c6e0ded16148","build":"182.4129.34","bucket":"-1","time":1575726185267,"group":{"id":"trigger","version":"2"},"event":{"count":1,"data":{},"id":"execute.PythonConfigurationType.Run"}}
{"session":"c6e0ded16148","build":"182.4129.34","bucket":"-1","time":1575726185907,"group":{"id":"toolwindow","version":"2"},"event":{"count":1,"data":{},"id":"Run_by_Activation"}}
{"session":"c6e0ded16148","build":"182.4129.34","bucket":"-1","time":1575726199610,"group":{"id":"actions","version":"2"},"event":{"count":1,"data":{},"id":"NewFile"}}
{"session":"c6e0ded16148","build":"182.4129.34","bucket":"-1","time":1575726199688,"group":{"id":"ui.dialogs","version":"2"},"event":{"count":1,"data":{"type":"show"},"id":"com.intellij.openapi.ui.Messages$InputDialog"}}
{"session":"c6e0ded16148","build":"182.4129.34","bucket":"-1","time":1575726205954,"group":{"id":"trigger","version":"2"},"event":{"count":1,"data":{},"id":"CreateFile.CreateFileAction"}}
{"session":"c6e0ded16148","build":"182.4129.34","bucket":"-1","time":1575726205954,"group":{"id":"ui.dialogs","version":"2"},"event":{"count":1,"data":{"code":0,"type":"close"},"id":"com.intellij.openapi.ui.Messages$InputDialog"}}
{"session":"c6e0ded16148","build":"182.4129.34","bucket":"-1","time":1575726283062,"group":{"id":"actions","version":"2"},"event":{"count":3,"data":{},"id":"EditorLeft"}}
{"session":"c6e0ded16148","build":"182.4129.34","bucket":"-1","time":1575726285202,"group":{"id":"actions","version":"2"},"event":{"count":4,"data":{},"id":"EditorRight"}}
{"session":"c6e0ded16148","build":"182.4129.34","bucket":"-1","time":1575726310248,"group":{"id":"actions","version":"2"},"event":{"count":1,"data":{},"id":"EditorEnter"}}
{"session":"c6e0ded16148","build":"182.4129.34","bucket":"-1","time":1575726318811,"group":{"id":"actions","version":"2"},"event":{"count":1,"data":{},"id":"EditorRight"}}
{"session":"c6e0ded16148","build":"182.4129.34","bucket":"-1","time":1575726322779,"group":{"id":"actions","version":"2"},"event":{"count":1,"data":{},"id":"EditorEnter"}}
{"session":"c6e0ded16148","build":"182.4129.34","bucket":"-1","time":1575726329873,"group":{"id":"actions","version":"2"},"event":{"count":1,"data":{},"id":"EditorUp"}}
{"session":"c6e0ded16148","build":"182.4129.34","bucket":"-1","time":1575726330951,"group":{"id":"actions","version":"2"},"event":{"count":11,"data":{},"id":"EditorRight"}}
{"session":"c6e0ded16148","build":"182.4129.34","bucket":"-1","time":1575726336170,"group":{"id":"actions","version":"2"},"event":{"count":1,"data":{},"id":"EditorEnter"}}
{"session":"c6e0ded16148","build":"182.4129.34","bucket":"-1","time":1575726356638,"group":{"id":"actions","version":"2"},"event":{"count":12,"data":{},"id":"EditorBackSpace"}}
{"session":"c6e0ded16148","build":"182.4129.34","bucket":"-1","time":1575726360450,"group":{"id":"actions","version":"2"},"event":{"count":1,"data":{},"id":"EditorEnter"}}
{"session":"c6e0ded16148","build":"182.4129.34","bucket":"-1","time":1575726367200,"group":{"id":"actions","version":"2"},"event":{"count":1,"data":{},"id":"EditorRight"}}
{"session":"c6e0ded16148","build":"182.4129.34","bucket":"-1","time":1575726369731,"group":{"id":"actions","version":"2"},"event":{"count":1,"data":{},"id":"EditorEnter"}}
{"session":"c6e0ded16148","build":"182.4129.34","bucket":"-1","time":1575726415137,"group":{"id":"actions","version":"2"},"event":{"count":2,"data":{},"id":"EditorEnter"}}
{"session":"c6e0ded16148","build":"182.4129.34","bucket":"-1","time":1575726421855,"group":{"id":"actions","version":"2"},"event":{"count":3,"data":{},"id":"EditorBackSpace"}}
{"session":"c6e0ded16148","build":"182.4129.34","bucket":"-1","time":1575726426949,"group":{"id":"actions","version":"2"},"event":{"count":1,"data":{},"id":"EditorEnter"}}
{"session":"c6e0ded16148","build":"182.4129.34","bucket":"-1","time":1575726450480,"group":{"id":"actions","version":"2"},"event":{"count":6,"data":{},"id":"EditorBackSpace"}}
{"session":"c6e0ded16148","build":"182.4129.34","bucket":"-1","time":1575726494385,"group":{"id":"actions","version":"2"},"event":{"count":1,"data":{},"id":"EditorRight"}}
{"session":"c6e0ded16148","build":"182.4129.34","bucket":"-1","time":1575726495807,"group":{"id":"actions","version":"2"},"event":{"count":1,"data":{},"id":"EditorEnter"}}
{"session":"c6e0ded16148","build":"182.4129.34","bucket":"-1","time":1575726524681,"group":{"id":"editing","version":"2"},"event":{"count":1,"data":{},"id":"editing.select.word"}}
{"session":"c6e0ded16148","build":"182.4129.34","bucket":"-1","time":1575726527556,"group":{"id":"actions","version":"2"},"event":{"count":1,"data":{},"id":"EditorCopy"}}
{"session":"c6e0ded16148","build":"182.4129.34","bucket":"-1","time":1575726531869,"group":{"id":"actions","version":"2"},"event":{"count":1,"data":{},"id":"EditorEnter"}}
{"session":"c6e0ded16148","build":"182.4129.34","bucket":"-1","time":1575726534087,"group":{"id":"actions","version":"2"},"event":{"count":3,"data":{},"id":"EditorPaste"}}
{"session":"c6e0ded16148","build":"182.4129.34","bucket":"-1","time":1575726559524,"group":{"id":"actions","version":"2"},"event":{"count":5,"data":{},"id":"EditorBackSpace"}}
{"session":"c6e0ded16148","build":"182.4129.34","bucket":"-1","time":1575726588648,"group":{"id":"actions","version":"2"},"event":{"count":1,"data":{},"id":"EditorEnter"}}
{"session":"c6e0ded16148","build":"182.4129.34","bucket":"-1","time":1575726606523,"group":{"id":"actions","version":"2"},"event":{"count":1,"data":{},"id":"EditorRight"}}
{"session":"c6e0ded16148","build":"182.4129.34","bucket":"-1","time":1575726607711,"group":{"id":"actions","version":"2"},"event":{"count":2,"data":{},"id":"EditorUp"}}
{"session":"c6e0ded16148","build":"182.4129.34","bucket":"-1","time":1575726608757,"group":{"id":"actions","version":"2"},"event":{"count":22,"data":{},"id":"EditorRight"}}
{"session":"c6e0ded16148","build":"182.4129.34","bucket":"-1","time":1575726612570,"group":{"id":"actions","version":"2"},"event":{"count":1,"data":{},"id":"EditorEnter"}}
{"session":"c6e0ded16148","build":"182.4129.34","bucket":"-1","time":1575726630335,"group":{"id":"actions","version":"2"},"event":{"count":1,"data":{},"id":"EditorBackSpace"}}
{"session":"c6e0ded16148","build":"182.4129.34","bucket":"-1","time":1575726655944,"group":{"id":"actions","version":"2"},"event":{"count":1,"data":{},"id":"Run"}}
{"session":"c6e0ded16148","build":"182.4129.34","bucket":"-1","time":1575726656022,"group":{"id":"trigger","version":"2"},"event":{"count":1,"data":{},"id":"execute.PythonConfigurationType.Run"}}
{"session":"c6e0ded16148","build":"182.4129.34","bucket":"-1","time":1575726656178,"group":{"id":"toolwindow","version":"2"},"event":{"count":1,"data":{},"id":"Run_by_Activation"}}
{"session":"c6e0ded16148","build":"182.4129.34","bucket":"-1","time":1575726715833,"group":{"id":"actions","version":"2"},"event":{"count":1,"data":{},"id":"RunClass"}}
{"session":"c6e0ded16148","build":"182.4129.34","bucket":"-1","time":1575726715911,"group":{"id":"trigger","version":"2"},"event":{"count":1,"data":{},"id":"execute.PythonConfigurationType.Run"}}
{"session":"c6e0ded16148","build":"182.4129.34","bucket":"-1","time":1575726716005,"group":{"id":"toolwindow","version":"2"},"event":{"count":1,"data":{},"id":"Run_by_Activation"}}
{"session":"c6e0ded16148","build":"182.4129.34","bucket":"-1","time":1575726734067,"group":{"id":"actions","version":"2"},"event":{"count":36,"data":{},"id":"EditorUp"}}
{"session":"c6e0ded16148","build":"182.4129.34","bucket":"-1","time":1575726752930,"group":{"id":"actions","version":"2"},"event":{"count":1,"data":{},"id":"Run"}}
{"session":"c6e0ded16148","build":"182.4129.34","bucket":"-1","time":1575726752993,"group":{"id":"trigger","version":"2"},"event":{"count":1,"data":{},"id":"execute.PythonConfigurationType.Run"}}
{"session":"c6e0ded16148","build":"182.4129.34","bucket":"-1","time":1575726753086,"group":{"id":"toolwindow","version":"2"},"event":{"count":1,"data":{},"id":"Run_by_Activation"}}
{"session":"c6e0ded16148","build":"182.4129.34","bucket":"-1","time":1575726761289,"group":{"id":"actions","version":"2"},"event":{"count":1,"data":{},"id":"RunClass"}}
{"session":"c6e0ded16148","build":"182.4129.34","bucket":"-1","time":1575726761352,"group":{"id":"trigger","version":"2"},"event":{"count":1,"data":{},"id":"execute.PythonConfigurationType.Run"}}
{"session":"c6e0ded16148","build":"182.4129.34","bucket":"-1","time":1575726761461,"group":{"id":"toolwindow","version":"2"},"event":{"count":1,"data":{},"id":"Run_by_Activation"}}
{"session":"c6e0ded16148","build":"182.4129.34","bucket":"-1","time":1575726771492,"group":{"id":"toolwindow","version":"2"},"event":{"count":1,"data":{},"id":"Project_by_Activation"}}
{"session":"c6e0ded16148","build":"182.4129.34","bucket":"-1","time":1575726796507,"group":{"id":"actions","version":"2"},"event":{"count":5,"data":{},"id":"EditorCopy"}}
{"session":"c6e0ded16148","build":"182.4129.34","bucket":"-1","time":1575726797148,"group":{"id":"actions","version":"2"},"event":{"count":1,"data":{},"id":"$SelectAll"}}
{"session":"c6e0ded16148","build":"182.4129.34","bucket":"-1","time":1575726805132,"group":{"id":"actions","version":"2"},"event":{"count":1,"data":{},"id":"EditorCopy"}}
{"session":"c6e0ded16148","build":"182.4129.34","bucket":"-1","time":1575726810991,"group":{"id":"actions","version":"2"},"event":{"count":1,"data":{},"id":"EditorEnter"}}
{"session":"c6e0ded16148","build":"182.4129.34","bucket":"-1","time":1575726812773,"group":{"id":"actions","version":"2"},"event":{"count":1,"data":{},"id":"EditorPaste"}}
{"session":"c6e0ded16148","build":"182.4129.34","bucket":"-1","time":1575726841750,"group":{"id":"actions","version":"2"},"event":{"count":1,"data":{},"id":"EditorCopy"}}
{"session":"c6e0ded16148","build":"182.4129.34","bucket":"-1","time":1575726844516,"group":{"id":"actions","version":"2"},"event":{"count":3,"data":{},"id":"EditorBackSpace"}}
{"session":"c6e0ded16148","build":"182.4129.34","bucket":"-1","time":1575726848156,"group":{"id":"actions","version":"2"},"event":{"count":1,"data":{},"id":"EditorCopy"}}
{"session":"c6e0ded16148","build":"182.4129.34","bucket":"-1","time":1575726850312,"group":{"id":"actions","version":"2"},"event":{"count":16,"data":{},"id":"EditorBackSpace"}}
{"session":"c6e0ded16148","build":"182.4129.34","bucket":"-1","time":1575726854625,"group":{"id":"actions","version":"2"},"event":{"count":1,"data":{},"id":"$SelectAll"}}
{"session":"c6e0ded16148","build":"182.4129.34","bucket":"-1","time":1575726858844,"group":{"id":"actions","version":"2"},"event":{"count":1,"data":{},"id":"EditorBackSpace"}}
{"session":"c6e0ded16148","build":"182.4129.34","bucket":"-1","time":1575726877202,"group":{"id":"actions","version":"2"},"event":{"count":1,"data":{},"id":"CloseContent"}}
{"session":"c6e0ded16148","build":"182.4129.34","bucket":"-1","time":1575726900858,"group":{"id":"actions","version":"2"},"event":{"count":1,"data":{},"id":"NewFile"}}
{"session":"c6e0ded16148","build":"182.4129.34","bucket":"-1","time":1575726900874,"group":{"id":"ui.dialogs","version":"2"},"event":{"count":1,"data":{"type":"show"},"id":"com.intellij.openapi.ui.Messages$InputDialog"}}
{"session":"c6e0ded16148","build":"182.4129.34","bucket":"-1","time":1575726906530,"group":{"id":"ui.dialogs","version":"2"},"event":{"count":1,"data":{"code":2,"type":"close"},"id":"com.intellij.openapi.ui.Messages$InputDialog"}}
{"session":"c6e0ded16148","build":"182.4129.34","bucket":"-1","time":1575726914061,"group":{"id":"actions","version":"2"},"event":{"count":1,"data":{},"id":"NewPythonFile"}}
{"session":"c6e0ded16148","build":"182.4129.34","bucket":"-1","time":1575726914077,"group":{"id":"ui.dialogs","version":"2"},"event":{"count":1,"data":{"type":"show"},"id":"com.intellij.ide.actions.CreateFileFromTemplateDialog"}}
{"session":"c6e0ded16148","build":"182.4129.34","bucket":"-1","time":1575726920905,"group":{"id":"actions","version":"2"},"event":{"count":1,"data":{},"id":"EditorBackSpace"}}
{"session":"c6e0ded16148","build":"182.4129.34","bucket":"-1","time":1575726924076,"group":{"id":"ui.dialogs","version":"2"},"event":{"count":1,"data":{"code":0,"type":"close"},"id":"com.intellij.ide.actions.CreateFileFromTemplateDialog"}}
{"session":"c6e0ded16148","build":"182.4129.34","bucket":"-1","time":1575726926983,"group":{"id":"actions","version":"2"},"event":{"count":1,"data":{},"id":"EditorPaste"}}
{"session":"c6e0ded16148","build":"182.4129.34","bucket":"-1","time":1575726928498,"group":{"id":"actions","version":"2"},"event":{"count":1,"data":{},"id":"EditorBackSpace"}}
{"session":"c6e0ded16148","build":"182.4129.34","bucket":"-1","time":1575726929983,"group":{"id":"actions","version":"2"},"event":{"count":1,"data":{},"id":"EditorPaste"}}
{"session":"c6e0ded16148","build":"182.4129.34","bucket":"-1","time":1575726931170,"group":{"id":"actions","version":"2"},"event":{"count":1,"data":{},"id":"EditorBackSpace"}}
{"session":"c6e0ded16148","build":"182.4129.34","bucket":"-1","time":1575726933795,"group":{"id":"actions","version":"2"},"event":{"count":1,"data":{},"id":"EditorPaste"}}
{"session":"c6e0ded16148","build":"182.4129.34","bucket":"-1","time":1575726957248,"group":{"id":"actions","version":"2"},"event":{"count":1,"data":{},"id":"EditorPaste"}}
{"session":"c6e0ded16148","build":"182.4129.34","bucket":"-1","time":1575726966638,"group":{"id":"actions","version":"2"},"event":{"count":2,"data":{},"id":"EditorEnter"}}
{"session":"c6e0ded16148","build":"182.4129.34","bucket":"-1","time":1575726980200,"group":{"id":"actions","version":"2"},"event":{"count":2,"data":{},"id":"EditorLeft"}}
{"session":"c6e0ded16148","build":"182.4129.34","bucket":"-1","time":1575726982638,"group":{"id":"actions","version":"2"},"event":{"count":1,"data":{},"id":"EditorRight"}}
{"session":"c6e0ded16148","build":"182.4129.34","bucket":"-1","time":1575726984684,"group":{"id":"actions","version":"2"},"event":{"count":1,"data":{},"id":"EditorBackSpace"}}
{"session":"c6e0ded16148","build":"182.4129.34","bucket":"-1","time":1575726987966,"group":{"id":"actions","version":"2"},"event":{"count":1,"data":{},"id":"EditorDown"}}
{"session":"c6e0ded16148","build":"182.4129.34","bucket":"-1","time":1575726988794,"group":{"id":"actions","version":"2"},"event":{"count":4,"data":{},"id":"EditorLeft"}}
{"session":"c6e0ded16148","build":"182.4129.34","bucket":"-1","time":1575726990559,"group":{"id":"actions","version":"2"},"event":{"count":1,"data":{},"id":"EditorBackSpace"}}
{"session":"c6e0ded16148","build":"182.4129.34","bucket":"-1","time":1575726993481,"group":{"id":"actions","version":"2"},"event":{"count":1,"data":{},"id":"EditorEnter"}}
{"session":"c6e0ded16148","build":"182.4129.34","bucket":"-1","time":1575726999794,"group":{"id":"actions","version":"2"},"event":{"count":1,"data":{},"id":"EditorBackSpace"}}
{"session":"c6e0ded16148","build":"182.4129.34","bucket":"-1","time":1575727001856,"group":{"id":"actions","version":"2"},"event":{"count":1,"data":{},"id":"EditorEnter"}}
{"session":"c6e0ded16148","build":"182.4129.34","bucket":"-1","time":1575727006168,"group":{"id":"actions","version":"2"},"event":{"count":1,"data":{},"id":"EditorBackSpace"}}
{"session":"c6e0ded16148","build":"182.4129.34","bucket":"-1","time":1575727007340,"group":{"id":"actions","version":"2"},"event":{"count":1,"data":{},"id":"EditorEnter"}}
{"session":"c6e0ded16148","build":"182.4129.34","bucket":"-1","time":1575727011106,"group":{"id":"actions","version":"2"},"event":{"count":1,"data":{},"id":"EditorBackSpace"}}
{"session":"c6e0ded16148","build":"182.4129.34","bucket":"-1","time":1575727012278,"group":{"id":"actions","version":"2"},"event":{"count":1,"data":{},"id":"EditorEnter"}}
{"session":"c6e0ded16148","build":"182.4129.34","bucket":"-1","time":1575727016277,"group":{"id":"actions","version":"2"},"event":{"count":1,"data":{},"id":"EditorBackSpace"}}
{"session":"c6e0ded16148","build":"182.4129.34","bucket":"-1","time":1575727016840,"group":{"id":"actions","version":"2"},"event":{"count":1,"data":{},"id":"EditorEnter"}}
{"session":"c6e0ded16148","build":"182.4129.34","bucket":"-1","time":1575727020840,"group":{"id":"actions","version":"2"},"event":{"count":1,"data":{},"id":"EditorBackSpace"}}
{"session":"c6e0ded16148","build":"182.4129.34","bucket":"-1","time":1575727022434,"group":{"id":"actions","version":"2"},"event":{"count":1,"data":{},"id":"EditorEnter"}}
{"session":"c6e0ded16148","build":"182.4129.34","bucket":"-1","time":1575727029949,"group":{"id":"actions","version":"2"},"event":{"count":1,"data":{},"id":"EditorBackSpace"}}
{"session":"c6e0ded16148","build":"182.4129.34","bucket":"-1","time":1575727033871,"group":{"id":"actions","version":"2"},"event":{"count":3,"data":{},"id":"EditorLeft"}}
{"session":"c6e0ded16148","build":"182.4129.34","bucket":"-1","time":1575727036558,"group":{"id":"actions","version":"2"},"event":{"count":4,"data":{},"id":"EditorBackSpace"}}
{"session":"c6e0ded16148","build":"182.4129.34","bucket":"-1","time":1575727043246,"group":{"id":"editing","version":"2"},"event":{"count":2,"data":{},"id":"editing.select.word"}}
{"session":"c6e0ded16148","build":"182.4129.34","bucket":"-1","time":1575727051917,"group":{"id":"actions","version":"2"},"event":{"count":1,"data":{},"id":"RunClass"}}
{"session":"c6e0ded16148","build":"182.4129.34","bucket":"-1","time":1575727051996,"group":{"id":"trigger","version":"2"},"event":{"count":1,"data":{},"id":"execute.PythonConfigurationType.Run"}}
{"session":"c6e0ded16148","build":"182.4129.34","bucket":"-1","time":1575727052183,"group":{"id":"toolwindow","version":"2"},"event":{"count":1,"data":{},"id":"Run_by_Activation"}}
{"session":"c6e0ded16148","build":"182.4129.34","bucket":"-1","time":1575727071745,"group":{"id":"actions","version":"2"},"event":{"count":2,"data":{},"id":"EditorBackSpace"}}
{"session":"c6e0ded16148","build":"182.4129.34","bucket":"-1","time":1575727095323,"group":{"id":"actions","version":"2"},"event":{"count":1,"data":{},"id":"EditorBackSpace"}}
{"session":"c6e0ded16148","build":"182.4129.34","bucket":"-1","time":1575727115338,"group":{"id":"actions","version":"2"},"event":{"count":1,"data":{},"id":"Run"}}
{"session":"c6e0ded16148","build":"182.4129.34","bucket":"-1","time":1575727115400,"group":{"id":"trigger","version":"2"},"event":{"count":1,"data":{},"id":"execute.PythonConfigurationType.Run"}}
{"session":"c6e0ded16148","build":"182.4129.34","bucket":"-1","time":1575727115572,"group":{"id":"toolwindow","version":"2"},"event":{"count":1,"data":{},"id":"Run_by_Activation"}}
{"session":"c6e0ded16148","build":"182.4129.34","bucket":"-1","time":1575727146978,"group":{"id":"actions","version":"2"},"event":{"count":1,"data":{},"id":"EditorBackSpace"}}
{"session":"c6e0ded16148","build":"182.4129.34","bucket":"-1","time":1575727148821,"group":{"id":"actions","version":"2"},"event":{"count":12,"data":{},"id":"EditorRight"}}
{"session":"c6e0ded16148","build":"182.4129.34","bucket":"-1","time":1575727151634,"group":{"id":"actions","version":"2"},"event":{"count":1,"data":{},"id":"EditorBackSpace"}}
{"session":"c6e0ded16148","build":"182.4129.34","bucket":"-1","time":1575727152525,"group":{"id":"actions","version":"2"},"event":{"count":7,"data":{},"id":"EditorRight"}}
{"session":"c6e0ded16148","build":"182.4129.34","bucket":"-1","time":1575727154712,"group":{"id":"actions","version":"2"},"event":{"count":1,"data":{},"id":"EditorBackSpace"}}
{"session":"c6e0ded16148","build":"182.4129.34","bucket":"-1","time":1575727176508,"group":{"id":"actions","version":"2"},"event":{"count":2,"data":{},"id":"EditorBackSpace"}}
{"session":"c6e0ded16148","build":"182.4129.34","bucket":"-1","time":1575727199352,"group":{"id":"actions","version":"2"},"event":{"count":1,"data":{},"id":"EditorBackSpace"}}
{"session":"c6e0ded16148","build":"182.4129.34","bucket":"-1","time":1575727228085,"group":{"id":"editing","version":"2"},"event":{"count":1,"data":{},"id":"editing.select.word"}}
{"session":"c6e0ded16148","build":"182.4129.34","bucket":"-1","time":1575727232210,"group":{"id":"actions","version":"2"},"event":{"count":1,"data":{},"id":"$SelectAll"}}
{"session":"c6e0ded16148","build":"182.4129.34","bucket":"-1","time":1575727233866,"group":{"id":"actions","version":"2"},"event":{"count":1,"data":{},"id":"EditorBackSpace"}}
{"session":"c6e0ded16148","build":"182.4129.34","bucket":"-1","time":1575727239101,"group":{"id":"actions","version":"2"},"event":{"count":1,"data":{},"id":"CloseContent"}}
{"session":"c6e0ded16148","build":"182.4129.34","bucket":"-1","time":1575727255882,"group":{"id":"actions","version":"2"},"event":{"count":1,"data":{},"id":"NewScratchFile"}}
{"session":"c6e0ded16148","build":"182.4129.34","bucket":"-1","time":1575727289318,"group":{"id":"actions","version":"2"},"event":{"count":3,"data":{},"id":"EditorCopy"}}
{"session":"c6e0ded16148","build":"182.4129.34","bucket":"-1","time":1575727294428,"group":{"id":"actions","version":"2"},"event":{"count":1,"data":{},"id":"EditorPaste"}}
{"session":"c6e0ded16148","build":"182.4129.34","bucket":"-1","time":1575727306724,"group":{"id":"actions","version":"2"},"event":{"count":1,"data":{},"id":"RunClass"}}
{"session":"c6e0ded16148","build":"182.4129.34","bucket":"-1","time":1575727306802,"group":{"id":"trigger","version":"2"},"event":{"count":1,"data":{},"id":"execute.PythonConfigurationType.Run"}}
{"session":"c6e0ded16148","build":"182.4129.34","bucket":"-1","time":1575727306943,"group":{"id":"toolwindow","version":"2"},"event":{"count":1,"data":{},"id":"Run_by_Activation"}}
{"session":"c6e0ded16148","build":"182.4129.34","bucket":"-1","time":1575727318630,"group":{"id":"actions","version":"2"},"event":{"count":2,"data":{},"id":"EditorBackSpace"}}
{"session":"c6e0ded16148","build":"182.4129.34","bucket":"-1","time":1575727338161,"group":{"id":"actions","version":"2"},"event":{"count":3,"data":{},"id":"EditorBackSpace"}}
{"session":"c6e0ded16148","build":"182.4129.34","bucket":"-1","time":1575727368957,"group":{"id":"actions","version":"2"},"event":{"count":2,"data":{},"id":"EditorBackSpace"}}
{"session":"c6e0ded16148","build":"182.4129.34","bucket":"-1","time":1575727389832,"group":{"id":"actions","version":"2"},"event":{"count":1,"data":{},"id":"RunClass"}}
{"session":"c6e0ded16148","build":"182.4129.34","bucket":"-1","time":1575727389894,"group":{"id":"trigger","version":"2"},"event":{"count":1,"data":{},"id":"execute.PythonConfigurationType.Run"}}
{"session":"c6e0ded16148","build":"182.4129.34","bucket":"-1","time":1575727390082,"group":{"id":"toolwindow","version":"2"},"event":{"count":1,"data":{},"id":"Run_by_Activation"}}
{"session":"c6e0ded16148","build":"182.4129.34","bucket":"-1","time":1575727398941,"group":{"id":"actions","version":"2"},"event":{"count":1,"data":{},"id":"Run"}}
{"session":"c6e0ded16148","build":"182.4129.34","bucket":"-1","time":1575727399003,"group":{"id":"trigger","version":"2"},"event":{"count":1,"data":{},"id":"execute.PythonConfigurationType.Run"}}
{"session":"c6e0ded16148","build":"182.4129.34","bucket":"-1","time":1575727399082,"group":{"id":"toolwindow","version":"2"},"event":{"count":1,"data":{},"id":"Run_by_Activation"}}
{"session":"c6e0ded16148","build":"182.4129.34","bucket":"-1","time":1575727405675,"group":{"id":"actions","version":"2"},"event":{"count":1,"data":{},"id":"Run"}}
{"session":"c6e0ded16148","build":"182.4129.34","bucket":"-1","time":1575727405738,"group":{"id":"trigger","version":"2"},"event":{"count":1,"data":{},"id":"execute.PythonConfigurationType.Run"}}
{"session":"c6e0ded16148","build":"182.4129.34","bucket":"-1","time":1575727405816,"group":{"id":"toolwindow","version":"2"},"event":{"count":1,"data":{},"id":"Run_by_Activation"}}
{"session":"c6e0ded16148","build":"182.4129.34","bucket":"-1","time":1575727406347,"group":{"id":"actions","version":"2"},"event":{"count":1,"data":{},"id":"Run"}}
{"session":"c6e0ded16148","build":"182.4129.34","bucket":"-1","time":1575727406410,"group":{"id":"trigger","version":"2"},"event":{"count":1,"data":{},"id":"execute.PythonConfigurationType.Run"}}
{"session":"c6e0ded16148","build":"182.4129.34","bucket":"-1","time":1575727406472,"group":{"id":"toolwindow","version":"2"},"event":{"count":1,"data":{},"id":"Run_by_Activation"}}
{"session":"c6e0ded16148","build":"182.4129.34","bucket":"-1","time":1575727406503,"group":{"id":"actions","version":"2"},"event":{"count":1,"data":{},"id":"Run"}}
{"session":"c6e0ded16148","build":"182.4129.34","bucket":"-1","time":1575727406566,"group":{"id":"trigger","version":"2"},"event":{"count":1,"data":{},"id":"execute.PythonConfigurationType.Run"}}
{"session":"c6e0ded16148","build":"182.4129.34","bucket":"-1","time":1575727406659,"group":{"id":"actions","version":"2"},"event":{"count":1,"data":{},"id":"Run"}}
{"session":"c6e0ded16148","build":"182.4129.34","bucket":"-1","time":1575727406659,"group":{"id":"toolwindow","version":"2"},"event":{"count":1,"data":{},"id":"Run_by_Activation"}}
{"session":"c6e0ded16148","build":"182.4129.34","bucket":"-1","time":1575727406722,"group":{"id":"trigger","version":"2"},"event":{"count":1,"data":{},"id":"execute.PythonConfigurationType.Run"}}
{"session":"c6e0ded16148","build":"182.4129.34","bucket":"-1","time":1575727406784,"group":{"id":"toolwindow","version":"2"},"event":{"count":1,"data":{},"id":"Run_by_Activation"}}
{"session":"c6e0ded16148","build":"182.4129.34","bucket":"-1","time":1575727406816,"group":{"id":"actions","version":"2"},"event":{"count":1,"data":{},"id":"Run"}}
{"session":"c6e0ded16148","build":"182.4129.34","bucket":"-1","time":1575727406878,"group":{"id":"trigger","version":"2"},"event":{"count":1,"data":{},"id":"execute.PythonConfigurationType.Run"}}
{"session":"c6e0ded16148","build":"182.4129.34","bucket":"-1","time":1575727406972,"group":{"id":"toolwindow","version":"2"},"event":{"count":1,"data":{},"id":"Run_by_Activation"}}
{"session":"c6e0ded16148","build":"182.4129.34","bucket":"-1","time":1575727407050,"group":{"id":"actions","version":"2"},"event":{"count":1,"data":{},"id":"Run"}}
{"session":"c6e0ded16148","build":"182.4129.34","bucket":"-1","time":1575727407113,"group":{"id":"trigger","version":"2"},"event":{"count":1,"data":{},"id":"execute.PythonConfigurationType.Run"}}
{"session":"c6e0ded16148","build":"182.4129.34","bucket":"-1","time":1575727407191,"group":{"id":"toolwindow","version":"2"},"event":{"count":1,"data":{},"id":"Run_by_Activation"}}
{"session":"c6e0ded16148","build":"182.4129.34","bucket":"-1","time":1575727407206,"group":{"id":"actions","version":"2"},"event":{"count":1,"data":{},"id":"Run"}}
{"session":"c6e0ded16148","build":"182.4129.34","bucket":"-1","time":1575727407269,"group":{"id":"trigger","version":"2"},"event":{"count":1,"data":{},"id":"execute.PythonConfigurationType.Run"}}
{"session":"c6e0ded16148","build":"182.4129.34","bucket":"-1","time":1575727407363,"group":{"id":"toolwindow","version":"2"},"event":{"count":1,"data":{},"id":"Run_by_Activation"}}
{"session":"c6e0ded16148","build":"182.4129.34","bucket":"-1","time":1575727407409,"group":{"id":"actions","version":"2"},"event":{"count":1,"data":{},"id":"Run"}}
{"session":"c6e0ded16148","build":"182.4129.34","bucket":"-1","time":1575727407472,"group":{"id":"trigger","version":"2"},"event":{"count":1,"data":{},"id":"execute.PythonConfigurationType.Run"}}
{"session":"c6e0ded16148","build":"182.4129.34","bucket":"-1","time":1575727407550,"group":{"id":"toolwindow","version":"2"},"event":{"count":1,"data":{},"id":"Run_by_Activation"}}
{"session":"c6e0ded16148","build":"182.4129.34","bucket":"-1","time":1575727447877,"group":{"id":"editing","version":"2"},"event":{"count":2,"data":{},"id":"editing.select.word"}}
{"session":"c6e0ded16148","build":"182.4129.34","bucket":"-1","time":1575727516845,"group":{"id":"actions","version":"2"},"event":{"count":1,"data":{},"id":"EditorCopy"}}
{"session":"c6e0ded16148","build":"182.4129.34","bucket":"-1","time":1575727535344,"group":{"id":"actions","version":"2"},"event":{"count":11,"data":{},"id":"EditorBackSpace"}}
{"session":"c6e0ded16148","build":"182.4129.34","bucket":"-1","time":1575727542719,"group":{"id":"actions","version":"2"},"event":{"count":1,"data":{},"id":"EditorPaste"}}
{"session":"c6e0ded16148","build":"182.4129.34","bucket":"-1","time":1575727551156,"group":{"id":"actions","version":"2"},"event":{"count":11,"data":{},"id":"EditorBackSpace"}}
{"session":"c6e0ded16148","build":"182.4129.34","bucket":"-1","time":1575727556687,"group":{"id":"actions","version":"2"},"event":{"count":1,"data":{},"id":"EditorPaste"}}
{"session":"c6e0ded16148","build":"182.4129.34","bucket":"-1","time":1575727581921,"group":{"id":"actions","version":"2"},"event":{"count":1,"data":{},"id":"EditorEnter"}}
{"session":"c6e0ded16148","build":"182.4129.34","bucket":"-1","time":1575727597577,"group":{"id":"actions","version":"2"},"event":{"count":1,"data":{},"id":"EditorBackSpace"}}
{"session":"c6e0ded16148","build":"182.4129.34","bucket":"-1","time":1575727621499,"group":{"id":"actions","version":"2"},"event":{"count":1,"data":{},"id":"EditorEnter"}}
{"session":"c6e0ded16148","build":"182.4129.34","bucket":"-1","time":1575727634436,"group":{"id":"actions","version":"2"},"event":{"count":1,"data":{},"id":"Run"}}
{"session":"c6e0ded16148","build":"182.4129.34","bucket":"-1","time":1575727634498,"group":{"id":"trigger","version":"2"},"event":{"count":1,"data":{},"id":"execute.PythonConfigurationType.Run"}}
{"session":"c6e0ded16148","build":"182.4129.34","bucket":"-1","time":1575727634639,"group":{"id":"toolwindow","version":"2"},"event":{"count":1,"data":{},"id":"Run_by_Activation"}}
{"session":"c6e0ded16148","build":"182.4129.34","bucket":"-1","time":1575727640451,"group":{"id":"actions","version":"2"},"event":{"count":1,"data":{},"id":"Run"}}
{"session":"c6e0ded16148","build":"182.4129.34","bucket":"-1","time":1575727640514,"group":{"id":"trigger","version":"2"},"event":{"count":1,"data":{},"id":"execute.PythonConfigurationType.Run"}}
{"session":"c6e0ded16148","build":"182.4129.34","bucket":"-1","time":1575727640607,"group":{"id":"toolwindow","version":"2"},"event":{"count":1,"data":{},"id":"Run_by_Activation"}}
{"session":"c6e0ded16148","build":"182.4129.34","bucket":"-1","time":1575727641826,"group":{"id":"actions","version":"2"},"event":{"count":1,"data":{},"id":"Run"}}
{"session":"c6e0ded16148","build":"182.4129.34","bucket":"-1","time":1575727641889,"group":{"id":"trigger","version":"2"},"event":{"count":1,"data":{},"id":"execute.PythonConfigurationType.Run"}}
{"session":"c6e0ded16148","build":"182.4129.34","bucket":"-1","time":1575727641967,"group":{"id":"toolwindow","version":"2"},"event":{"count":1,"data":{},"id":"Run_by_Activation"}}
{"session":"c6e0ded16148","build":"182.4129.34","bucket":"-1","time":1575727642326,"group":{"id":"actions","version":"2"},"event":{"count":1,"data":{},"id":"Run"}}
{"session":"c6e0ded16148","build":"182.4129.34","bucket":"-1","time":1575727642389,"group":{"id":"trigger","version":"2"},"event":{"count":1,"data":{},"id":"execute.PythonConfigurationType.Run"}}
{"session":"c6e0ded16148","build":"182.4129.34","bucket":"-1","time":1575727642467,"group":{"id":"toolwindow","version":"2"},"event":{"count":1,"data":{},"id":"Run_by_Activation"}}
{"session":"c6e0ded16148","build":"182.4129.34","bucket":"-1","time":1575727642576,"group":{"id":"actions","version":"2"},"event":{"count":1,"data":{},"id":"Run"}}
{"session":"c6e0ded16148","build":"182.4129.34","bucket":"-1","time":1575727642639,"group":{"id":"trigger","version":"2"},"event":{"count":1,"data":{},"id":"execute.PythonConfigurationType.Run"}}
{"session":"c6e0ded16148","build":"182.4129.34","bucket":"-1","time":1575727642701,"group":{"id":"toolwindow","version":"2"},"event":{"count":1,"data":{},"id":"Run_by_Activation"}}
{"session":"c6e0ded16148","build":"182.4129.34","bucket":"-1","time":1575727642764,"group":{"id":"actions","version":"2"},"event":{"count":1,"data":{},"id":"Run"}}
{"session":"c6e0ded16148","build":"182.4129.34","bucket":"-1","time":1575727642826,"group":{"id":"trigger","version":"2"},"event":{"count":1,"data":{},"id":"execute.PythonConfigurationType.Run"}}
{"session":"c6e0ded16148","build":"182.4129.34","bucket":"-1","time":1575727642904,"group":{"id":"toolwindow","version":"2"},"event":{"count":1,"data":{},"id":"Run_by_Activation"}}
{"session":"c6e0ded16148","build":"182.4129.34","bucket":"-1","time":1575727652451,"group":{"id":"actions","version":"2"},"event":{"count":6,"data":{},"id":"EditorBackSpace"}}
{"session":"c6e0ded16148","build":"182.4129.34","bucket":"-1","time":1575727660935,"group":{"id":"actions","version":"2"},"event":{"count":1,"data":{},"id":"EditorEnter"}}
{"session":"c6e0ded16148","build":"182.4129.34","bucket":"-1","time":1575727662169,"group":{"id":"actions","version":"2"},"event":{"count":1,"data":{},"id":"EditorBackSpace"}}
{"session":"c6e0ded16148","build":"182.4129.34","bucket":"-1","time":1575727683731,"group":{"id":"actions","version":"2"},"event":{"count":1,"data":{},"id":"$Delete"}}
{"session":"c6e0ded16148","build":"182.4129.34","bucket":"-1","time":1575727683763,"group":{"id":"ui.dialogs","version":"2"},"event":{"count":1,"data":{"type":"show"},"id":"com.intellij.ide.util.DeleteHandler$2"}}
{"session":"c6e0ded16148","build":"182.4129.34","bucket":"-1","time":1575727685981,"group":{"id":"ui.dialogs","version":"2"},"event":{"count":2,"data":{"code":0,"type":"close"},"id":"com.intellij.ide.util.DeleteHandler$2"}}
{"session":"c6e0ded16148","build":"182.4129.34","bucket":"-1","time":1575727692513,"group":{"id":"actions","version":"2"},"event":{"count":1,"data":{},"id":"$Delete"}}
{"session":"c6e0ded16148","build":"182.4129.34","bucket":"-1","time":1575727692528,"group":{"id":"ui.dialogs","version":"2"},"event":{"count":1,"data":{"type":"show"},"id":"com.intellij.ide.util.DeleteHandler$2"}}
{"session":"c6e0ded16148","build":"182.4129.34","bucket":"-1","time":1575727694481,"group":{"id":"ui.dialogs","version":"2"},"event":{"count":2,"data":{"code":0,"type":"close"},"id":"com.intellij.ide.util.DeleteHandler$2"}}
{"session":"c6e0ded16148","build":"182.4129.34","bucket":"-1","time":1575727701528,"group":{"id":"actions","version":"2"},"event":{"count":1,"data":{},"id":"$Delete"}}
{"session":"c6e0ded16148","build":"182.4129.34","bucket":"-1","time":1575727701528,"group":{"id":"ui.dialogs","version":"2"},"event":{"count":1,"data":{"type":"show"},"id":"com.intellij.ide.util.DeleteHandler$2"}}
{"session":"c6e0ded16148","build":"182.4129.34","bucket":"-1","time":1575727703372,"group":{"id":"ui.dialogs","version":"2"},"event":{"count":2,"data":{"code":0,"type":"close"},"id":"com.intellij.ide.util.DeleteHandler$2"}}
{"session":"c6e0ded16148","build":"182.4129.34","bucket":"-1","time":1575727736887,"group":{"id":"actions","version":"2"},"event":{"count":1,"data":{},"id":"NewFile"}}
{"session":"c6e0ded16148","build":"182.4129.34","bucket":"-1","time":1575727736902,"group":{"id":"ui.dialogs","version":"2"},"event":{"count":1,"data":{"type":"show"},"id":"com.intellij.openapi.ui.Messages$InputDialog"}}
{"session":"c6e0ded16148","build":"182.4129.34","bucket":"-1","time":1575727746449,"group":{"id":"trigger","version":"2"},"event":{"count":1,"data":{},"id":"CreateFile.CreateFileAction"}}
{"session":"c6e0ded16148","build":"182.4129.34","bucket":"-1","time":1575727746449,"group":{"id":"ui.dialogs","version":"2"},"event":{"count":1,"data":{"code":0,"type":"close"},"id":"com.intellij.openapi.ui.Messages$InputDialog"}}
{"session":"c6e0ded16148","build":"182.4129.34","bucket":"-1","time":1575727750230,"group":{"id":"actions","version":"2"},"event":{"count":1,"data":{},"id":"EditorPaste"}}
{"session":"c6e0ded16148","build":"182.4129.34","bucket":"-1","time":1575727757464,"group":{"id":"actions","version":"2"},"event":{"count":1,"data":{},"id":"EditorEnter"}}
{"session":"c6e0ded16148","build":"182.4129.34","bucket":"-1","time":1575727761948,"group":{"id":"actions","version":"2"},"event":{"count":1,"data":{},"id":"$SelectAll"}}
{"session":"c6e0ded16148","build":"182.4129.34","bucket":"-1","time":1575727763324,"group":{"id":"actions","version":"2"},"event":{"count":1,"data":{},"id":"EditorBackSpace"}}
{"session":"c6e0ded16148","build":"182.4129.34","bucket":"-1","time":1575727769027,"group":{"id":"actions","version":"2"},"event":{"count":1,"data":{},"id":"CloseContent"}}
{"session":"c6e0ded16148","build":"182.4129.34","bucket":"-1","time":1575727781182,"group":{"id":"actions","version":"2"},"event":{"count":1,"data":{},"id":"NewScratchFile"}}
{"session":"c6e0ded16148","build":"182.4129.34","bucket":"-1","time":1575727830416,"group":{"id":"actions","version":"2"},"event":{"count":1,"data":{},"id":"EditorPaste"}}
{"session":"c6e0ded16148","build":"182.4129.34","bucket":"-1","time":1575727837900,"group":{"id":"actions","version":"2"},"event":{"count":1,"data":{},"id":"EditorEnter"}}
{"session":"c6e0ded16148","build":"182.4129.34","bucket":"-1","time":1575727878821,"group":{"id":"actions","version":"2"},"event":{"count":3,"data":{},"id":"EditorBackSpace"}}
{"session":"c6e0ded16148","build":"182.4129.34","bucket":"-1","time":1575727904930,"group":{"id":"actions","version":"2"},"event":{"count":1,"data":{},"id":"EditorBackSpace"}}
{"session":"c6e0ded16148","build":"182.4129.34","bucket":"-1","time":1575727973663,"group":{"id":"actions","version":"2"},"event":{"count":1,"data":{},"id":"RunClass"}}
{"session":"c6e0ded16148","build":"182.4129.34","bucket":"-1","time":1575727973725,"group":{"id":"trigger","version":"2"},"event":{"count":1,"data":{},"id":"execute.PythonConfigurationType.Run"}}
{"session":"c6e0ded16148","build":"182.4129.34","bucket":"-1","time":1575727973881,"group":{"id":"toolwindow","version":"2"},"event":{"count":1,"data":{},"id":"Run_by_Activation"}}
{"session":"c6e0ded16148","build":"182.4129.34","bucket":"-1","time":1575728008756,"group":{"id":"actions","version":"2"},"event":{"count":6,"data":{},"id":"EditorBackSpace"}}
{"session":"c6e0ded16148","build":"182.4129.34","bucket":"-1","time":1575728160674,"group":{"id":"actions","version":"2"},"event":{"count":1,"data":{},"id":"RunClass"}}
{"session":"c6e0ded16148","build":"182.4129.34","bucket":"-1","time":1575728160752,"group":{"id":"trigger","version":"2"},"event":{"count":1,"data":{},"id":"execute.PythonConfigurationType.Run"}}
{"session":"c6e0ded16148","build":"182.4129.34","bucket":"-1","time":1575728160924,"group":{"id":"toolwindow","version":"2"},"event":{"count":1,"data":{},"id":"Run_by_Activation"}}
{"session":"c6e0ded16148","build":"182.4129.34","bucket":"-1","time":1575728189470,"group":{"id":"actions","version":"2"},"event":{"count":6,"data":{},"id":"EditorBackSpace"}}
{"session":"c6e0ded16148","build":"182.4129.34","bucket":"-1","time":1575728306468,"group":{"id":"actions","version":"2"},"event":{"count":26,"data":{},"id":"EditorBackSpace"}}
{"session":"c6e0ded16148","build":"182.4129.34","bucket":"-1","time":1575728395544,"group":{"id":"actions","version":"2"},"event":{"count":5,"data":{},"id":"EditorLeft"}}
{"session":"c6e0ded16148","build":"182.4129.34","bucket":"-1","time":1575728398028,"group":{"id":"actions","version":"2"},"event":{"count":1,"data":{},"id":"EditorBackSpace"}}
{"session":"c6e0ded16148","build":"182.4129.34","bucket":"-1","time":1575728399341,"group":{"id":"actions","version":"2"},"event":{"count":1,"data":{},"id":"EditorRight"}}
{"session":"c6e0ded16148","build":"182.4129.34","bucket":"-1","time":1575728400731,"group":{"id":"actions","version":"2"},"event":{"count":1,"data":{},"id":"EditorBackSpace"}}
{"session":"c6e0ded16148","build":"182.4129.34","bucket":"-1","time":1575728412965,"group":{"id":"actions","version":"2"},"event":{"count":7,"data":{},"id":"EditorBackSpace"}}
{"session":"c6e0ded16148","build":"182.4129.34","bucket":"-1","time":1575728437246,"group":{"id":"actions","version":"2"},"event":{"count":4,"data":{},"id":"EditorBackSpace"}}
{"session":"c6e0ded16148","build":"182.4129.34","bucket":"-1","time":1575728445793,"group":{"id":"editing","version":"2"},"event":{"count":1,"data":{},"id":"editing.select.word"}}
{"session":"c6e0ded16148","build":"182.4129.34","bucket":"-1","time":1575728468545,"group":{"id":"actions","version":"2"},"event":{"count":1,"data":{},"id":"RunClass"}}
{"session":"c6e0ded16148","build":"182.4129.34","bucket":"-1","time":1575728468608,"group":{"id":"trigger","version":"2"},"event":{"count":1,"data":{},"id":"execute.PythonConfigurationType.Run"}}
{"session":"c6e0ded16148","build":"182.4129.34","bucket":"-1","time":1575728468780,"group":{"id":"toolwindow","version":"2"},"event":{"count":1,"data":{},"id":"Run_by_Activation"}}
{"session":"c6e0ded16148","build":"182.4129.34","bucket":"-1","time":1575728495494,"group":{"id":"actions","version":"2"},"event":{"count":1,"data":{},"id":"EditorEnter"}}
{"session":"c6e0ded16148","build":"182.4129.34","bucket":"-1","time":1575728497947,"group":{"id":"actions","version":"2"},"event":{"count":1,"data":{},"id":"EditorDown"}}
{"session":"c6e0ded16148","build":"182.4129.34","bucket":"-1","time":1575728500040,"group":{"id":"actions","version":"2"},"event":{"count":1,"data":{},"id":"EditorUp"}}
{"session":"c6e0ded16148","build":"182.4129.34","bucket":"-1","time":1575728521524,"group":{"id":"editing","version":"2"},"event":{"count":1,"data":{},"id":"editing.select.word"}}
{"session":"c6e0ded16148","build":"182.4129.34","bucket":"-1","time":1575728524852,"group":{"id":"actions","version":"2"},"event":{"count":1,"data":{},"id":"EditorCopy"}}
{"session":"c6e0ded16148","build":"182.4129.34","bucket":"-1","time":1575728528884,"group":{"id":"actions","version":"2"},"event":{"count":1,"data":{},"id":"EditorEnter"}}
{"session":"c6e0ded16148","build":"182.4129.34","bucket":"-1","time":1575728533071,"group":{"id":"actions","version":"2"},"event":{"count":1,"data":{},"id":"EditorPaste"}}
{"session":"c6e0ded16148","build":"182.4129.34","bucket":"-1","time":1575728546711,"group":{"id":"actions","version":"2"},"event":{"count":1,"data":{},"id":"$SelectAll"}}
{"session":"c6e0ded16148","build":"182.4129.34","bucket":"-1","time":1575728548774,"group":{"id":"actions","version":"2"},"event":{"count":1,"data":{},"id":"EditorCopy"}}
{"session":"c6e0ded16148","build":"182.4129.34","bucket":"-1","time":1575728555195,"group":{"id":"actions","version":"2"},"event":{"count":164,"data":{},"id":"EditorBackSpace"}}
{"session":"c6e0ded16148","build":"182.4129.34","bucket":"-1","time":1575728566836,"group":{"id":"actions","version":"2"},"event":{"count":1,"data":{},"id":"EditorEnter"}}
{"session":"c6e0ded16148","build":"182.4129.34","bucket":"-1","time":1575728568976,"group":{"id":"actions","version":"2"},"event":{"count":1,"data":{},"id":"EditorCopy"}}
{"session":"c6e0ded16148","build":"182.4129.34","bucket":"-1","time":1575728575086,"group":{"id":"actions","version":"2"},"event":{"count":1,"data":{},"id":"EditorEnter"}}
{"session":"c6e0ded16148","build":"182.4129.34","bucket":"-1","time":1575728576429,"group":{"id":"actions","version":"2"},"event":{"count":2,"data":{},"id":"EditorPaste"}}
{"session":"c6e0ded16148","build":"182.4129.34","bucket":"-1","time":1575728580226,"group":{"id":"actions","version":"2"},"event":{"count":4,"data":{},"id":"$Undo"}}
{"session":"c6e0ded16148","build":"182.4129.34","bucket":"-1","time":1575728589867,"group":{"id":"actions","version":"2"},"event":{"count":1,"data":{},"id":"EditorCut"}}
{"session":"c6e0ded16148","build":"182.4129.34","bucket":"-1","time":1575728639334,"group":{"id":"actions","version":"2"},"event":{"count":1,"data":{},"id":"EditorPaste"}}
{"session":"c6e0ded16148","build":"182.4129.34","bucket":"-1","time":1575728657443,"group":{"id":"editing","version":"2"},"event":{"count":1,"data":{},"id":"editing.select.word"}}
{"session":"c6e0ded16148","build":"182.4129.34","bucket":"-1","time":1575728667990,"group":{"id":"actions","version":"2"},"event":{"count":72,"data":{},"id":"EditorBackSpace"}}
{"session":"c6e0ded16148","build":"182.4129.34","bucket":"-1","time":1575728673162,"group":{"id":"actions","version":"2"},"event":{"count":1,"data":{},"id":"$SelectAll"}}
{"session":"c6e0ded16148","build":"182.4129.34","bucket":"-1","time":1575728674302,"group":{"id":"actions","version":"2"},"event":{"count":1,"data":{},"id":"EditorBackSpace"}}
{"session":"c6e0ded16148","build":"182.4129.34","bucket":"-1","time":1575728691302,"group":{"id":"actions","version":"2"},"event":{"count":1,"data":{},"id":"EditorPaste"}}
{"session":"c6e0ded16148","build":"182.4129.34","bucket":"-1","time":1575728700739,"group":{"id":"actions","version":"2"},"event":{"count":1,"data":{},"id":"EditorEnter"}}
{"session":"c6e0ded16148","build":"182.4129.34","bucket":"-1","time":1575728713708,"group":{"id":"actions","version":"2"},"event":{"count":1,"data":{},"id":"EditorPaste"}}
{"session":"c6e0ded16148","build":"182.4129.34","bucket":"-1","time":1575728726957,"group":{"id":"actions","version":"2"},"event":{"count":21,"data":{},"id":"EditorUp"}}
{"session":"c6e0ded16148","build":"182.4129.34","bucket":"-1","time":1575728736801,"group":{"id":"actions","version":"2"},"event":{"count":2,"data":{},"id":"EditorBackSpace"}}
{"session":"c6e0ded16148","build":"182.4129.34","bucket":"-1","time":1575728749410,"group":{"id":"actions","version":"2"},"event":{"count":43,"data":{},"id":"EditorBackSpace"}}
{"session":"c6e0ded16148","build":"182.4129.34","bucket":"-1","time":1575728766660,"group":{"id":"actions","version":"2"},"event":{"count":1,"data":{},"id":"EditorEnter"}}
{"session":"c6e0ded16148","build":"182.4129.34","bucket":"-1","time":1575728772831,"group":{"id":"actions","version":"2"},"event":{"count":151,"data":{},"id":"EditorBackSpace"}}
{"session":"c6e0ded16148","build":"182.4129.34","bucket":"-1","time":1575728799799,"group":{"id":"actions","version":"2"},"event":{"count":37,"data":{},"id":"EditorBackSpace"}}
{"session":"c6e0ded16148","build":"182.4129.34","bucket":"-1","time":1575728827674,"group":{"id":"actions","version":"2"},"event":{"count":1,"data":{},"id":"EditorEnter"}}
{"session":"c6e0ded16148","build":"182.4129.34","bucket":"-1","time":1575728846455,"group":{"id":"actions","version":"2"},"event":{"count":1,"data":{},"id":"EditorPaste"}}
{"session":"c6e0ded16148","build":"182.4129.34","bucket":"-1","time":1575728860204,"group":{"id":"actions","version":"2"},"event":{"count":1,"data":{},"id":"Run"}}
{"session":"c6e0ded16148","build":"182.4129.34","bucket":"-1","time":1575728860267,"group":{"id":"trigger","version":"2"},"event":{"count":1,"data":{},"id":"execute.PythonConfigurationType.Run"}}
{"session":"c6e0ded16148","build":"182.4129.34","bucket":"-1","time":1575728860470,"group":{"id":"toolwindow","version":"2"},"event":{"count":1,"data":{},"id":"Run_by_Activation"}}
{"session":"c6e0ded16148","build":"182.4129.34","bucket":"-1","time":1575728886329,"group":{"id":"actions","version":"2"},"event":{"count":1,"data":{},"id":"CreateRunConfiguration"}}
{"session":"c6e0ded16148","build":"182.4129.34","bucket":"-1","time":1575728891704,"group":{"id":"actions","version":"2"},"event":{"count":1,"data":{},"id":"Run"}}
{"session":"c6e0ded16148","build":"182.4129.34","bucket":"-1","time":1575728891766,"group":{"id":"trigger","version":"2"},"event":{"count":1,"data":{},"id":"execute.PythonConfigurationType.Run"}}
{"session":"c6e0ded16148","build":"182.4129.34","bucket":"-1","time":1575728891829,"group":{"id":"toolwindow","version":"2"},"event":{"count":1,"data":{},"id":"Run_by_Activation"}}
{"session":"c6e0ded16148","build":"182.4129.34","bucket":"-1","time":1575728904219,"group":{"id":"actions","version":"2"},"event":{"count":4,"data":{},"id":"EditorBackSpace"}}
{"session":"c6e0ded16148","build":"182.4129.34","bucket":"-1","time":1575728962202,"group":{"id":"actions","version":"2"},"event":{"count":6,"data":{},"id":"EditorBackSpace"}}
{"session":"c6e0ded16148","build":"182.4129.34","bucket":"-1","time":1575728975139,"group":{"id":"actions","version":"2"},"event":{"count":1,"data":{},"id":"Run"}}
{"session":"c6e0ded16148","build":"182.4129.34","bucket":"-1","time":1575728975217,"group":{"id":"trigger","version":"2"},"event":{"count":1,"data":{},"id":"execute.PythonConfigurationType.Run"}}
{"session":"c6e0ded16148","build":"182.4129.34","bucket":"-1","time":1575728975436,"group":{"id":"toolwindow","version":"2"},"event":{"count":1,"data":{},"id":"Run_by_Activation"}}
{"session":"c6e0ded16148","build":"182.4129.34","bucket":"-1","time":1575728985139,"group":{"id":"actions","version":"2"},"event":{"count":6,"data":{},"id":"EditorBackSpace"}}
{"session":"c6e0ded16148","build":"182.4129.34","bucket":"-1","time":1575729006779,"group":{"id":"editing","version":"2"},"event":{"count":1,"data":{},"id":"editing.select.word"}}
{"session":"c6e0ded16148","build":"182.4129.34","bucket":"-1","time":1575729046200,"group":{"id":"actions","version":"2"},"event":{"count":1,"data":{},"id":"Run"}}
{"session":"c6e0ded16148","build":"182.4129.34","bucket":"-1","time":1575729046263,"group":{"id":"trigger","version":"2"},"event":{"count":1,"data":{},"id":"execute.PythonConfigurationType.Run"}}
{"session":"c6e0ded16148","build":"182.4129.34","bucket":"-1","time":1575729046435,"group":{"id":"toolwindow","version":"2"},"event":{"count":1,"data":{},"id":"Run_by_Activation"}}
{"session":"c6e0ded16148","build":"182.4129.34","bucket":"-1","time":1575729115855,"group":{"id":"actions","version":"2"},"event":{"count":23,"data":{},"id":"EditorBackSpace"}}
{"session":"c6e0ded16148","build":"182.4129.34","bucket":"-1","time":1575729136558,"group":{"id":"editing","version":"2"},"event":{"count":2,"data":{},"id":"editing.select.word"}}
{"session":"c6e0ded16148","build":"182.4129.34","bucket":"-1","time":1575729146229,"group":{"id":"actions","version":"2"},"event":{"count":7,"data":{},"id":"EditorBackSpace"}}
{"session":"c6e0ded16148","build":"182.4129.34","bucket":"-1","time":1575729230602,"group":{"id":"actions","version":"2"},"event":{"count":1,"data":{},"id":"EditorBackSpace"}}
{"session":"c6e0ded16148","build":"182.4129.34","bucket":"-1","time":1575729247602,"group":{"id":"actions","version":"2"},"event":{"count":1,"data":{},"id":"$SelectAll"}}
{"session":"c6e0ded16148","build":"182.4129.34","bucket":"-1","time":1575729251446,"group":{"id":"actions","version":"2"},"event":{"count":1,"data":{},"id":"EditorCopy"}}
{"session":"c6e0ded16148","build":"182.4129.34","bucket":"-1","time":1575729269414,"group":{"id":"actions","version":"2"},"event":{"count":1,"data":{},"id":"EditorBackSpace"}}
{"session":"c6e0ded16148","build":"182.4129.34","bucket":"-1","time":1575729274633,"group":{"id":"actions","version":"2"},"event":{"count":1,"data":{},"id":"CloseContent"}}
{"session":"c6e0ded16148","build":"182.4129.34","bucket":"-1","time":1575729423692,"group":{"id":"actions","version":"2"},"event":{"count":1,"data":{},"id":"NewPythonFile"}}
{"session":"c6e0ded16148","build":"182.4129.34","bucket":"-1","time":1575729423692,"group":{"id":"ui.dialogs","version":"2"},"event":{"count":1,"data":{"type":"show"},"id":"com.intellij.ide.actions.CreateFileFromTemplateDialog"}}
{"session":"c6e0ded16148","build":"182.4129.34","bucket":"-1","time":1575729434426,"group":{"id":"ui.dialogs","version":"2"},"event":{"count":1,"data":{"code":0,"type":"close"},"id":"com.intellij.ide.actions.CreateFileFromTemplateDialog"}}
{"session":"c6e0ded16148","build":"182.4129.34","bucket":"-1","time":1575729536939,"group":{"id":"actions","version":"2"},"event":{"count":1,"data":{},"id":"EditorPaste"}}
{"session":"c6e0ded16148","build":"182.4129.34","bucket":"-1","time":1575729540627,"group":{"id":"actions","version":"2"},"event":{"count":18,"data":{},"id":"EditorUp"}}
{"session":"c6e0ded16148","build":"182.4129.34","bucket":"-1","time":1575729545486,"group":{"id":"actions","version":"2"},"event":{"count":208,"data":{},"id":"EditorBackSpace"}}
{"session":"c6e0ded16148","build":"182.4129.34","bucket":"-1","time":1575729613853,"group":{"id":"actions","version":"2"},"event":{"count":5,"data":{},"id":"EditorBackSpace"}}
{"session":"c6e0ded16148","build":"182.4129.34","bucket":"-1","time":1575729616759,"group":{"id":"actions","version":"2"},"event":{"count":1,"data":{},"id":"EditorRight"}}
{"session":"c6e0ded16148","build":"182.4129.34","bucket":"-1","time":1575729617368,"group":{"id":"actions","version":"2"},"event":{"count":1,"data":{},"id":"EditorBackSpace"}}
{"session":"c6e0ded16148","build":"182.4129.34","bucket":"-1","time":1575729663820,"group":{"id":"actions","version":"2"},"event":{"count":6,"data":{},"id":"EditorBackSpace"}}
{"session":"c6e0ded16148","build":"182.4129.34","bucket":"-1","time":1575729678007,"group":{"id":"actions","version":"2"},"event":{"count":7,"data":{},"id":"EditorBackSpace"}}
{"session":"c6e0ded16148","build":"182.4129.34","bucket":"-1","time":1575729693507,"group":{"id":"actions","version":"2"},"event":{"count":1,"data":{},"id":"Run"}}
{"session":"c6e0ded16148","build":"182.4129.34","bucket":"-1","time":1575729693570,"group":{"id":"trigger","version":"2"},"event":{"count":1,"data":{},"id":"execute.PythonConfigurationType.Run"}}
{"session":"c6e0ded16148","build":"182.4129.34","bucket":"-1","time":1575729693741,"group":{"id":"toolwindow","version":"2"},"event":{"count":1,"data":{},"id":"Run_by_Activation"}}
{"session":"c6e0ded16148","build":"182.4129.34","bucket":"-1","time":1575729707975,"group":{"id":"actions","version":"2"},"event":{"count":5,"data":{},"id":"EditorBackSpace"}}
