{"session":"8528b301a59a","build":"182.4129.34","bucket":"-1","time":1578045535683,"group":{"id":"lifecycle","version":"2"},"event":{"count":1,"data":{"durationSeconds":16},"id":"ide.freeze"}}
{"session":"8528b301a59a","build":"182.4129.34","bucket":"-1","time":1578045535698,"group":{"id":"ui.dialogs","version":"2"},"event":{"count":1,"data":{"type":"show"},"id":"com.intellij.openapi.progress.util.ProgressDialog$MyDialogWrapper"}}
{"session":"8528b301a59a","build":"182.4129.34","bucket":"-1","time":1578045549311,"group":{"id":"ui.dialogs","version":"2"},"event":{"count":1,"data":{"code":1,"type":"close"},"id":"com.intellij.openapi.progress.util.ProgressDialog$MyDialogWrapper"}}
{"session":"8528b301a59a","build":"182.4129.34","bucket":"-1","time":1578045549483,"group":{"id":"lifecycle","version":"2"},"event":{"count":1,"data":{},"id":"project.opened"}}
{"session":"8528b301a59a","build":"182.4129.34","bucket":"-1","time":1578045551921,"group":{"id":"ui.dialogs","version":"2"},"event":{"count":1,"data":{"type":"show"},"id":"com.intellij.openapi.progress.util.ProgressDialog$MyDialogWrapper"}}
{"session":"8528b301a59a","build":"182.4129.34","bucket":"-1","time":1578045557295,"group":{"id":"lifecycle","version":"2"},"event":{"count":1,"data":{},"id":"ideaapp.started"}}
{"session":"8528b301a59a","build":"182.4129.34","bucket":"-1","time":1578045557311,"group":{"id":"lifecycle","version":"2"},"event":{"count":1,"data":{},"id":"app.started"}}
{"session":"8528b301a59a","build":"182.4129.34","bucket":"-1","time":1578045559124,"group":{"id":"ui.dialogs","version":"2"},"event":{"count":1,"data":{"code":1,"type":"close"},"id":"com.intellij.openapi.progress.util.ProgressDialog$MyDialogWrapper"}}
{"session":"8528b301a59a","build":"182.4129.34","bucket":"-1","time":1578045559452,"group":{"id":"lifecycle","version":"2"},"event":{"count":1,"data":{"time.ms":25731},"id":"project.opening.finished"}}
{"session":"8528b301a59a","build":"182.4129.34","bucket":"-1","time":1578045560014,"group":{"id":"system.os.name","version":"2"},"event":{"data":{},"id":"Windows"}}
{"session":"8528b301a59a","build":"182.4129.34","bucket":"-1","time":1578045560014,"group":{"id":"system.os.version","version":"2"},"event":{"data":{},"id":"10.0"}}
{"session":"8528b301a59a","build":"182.4129.34","bucket":"-1","time":1578045560045,"group":{"id":"system.jvm.vendor","version":"2"},"event":{"data":{},"id":"JetBrains_s.r.o"}}
{"session":"8528b301a59a","build":"182.4129.34","bucket":"-1","time":1578045560045,"group":{"id":"system.jvm.version","version":"2"},"event":{"data":{},"id":"1.8"}}
{"session":"8528b301a59a","build":"182.4129.34","bucket":"-1","time":1578045565202,"group":{"id":"toolwindow","version":"2"},"event":{"count":2,"data":{},"id":"Project_by_Activation"}}
{"session":"8528b301a59a","build":"182.4129.34","bucket":"-1","time":1578045610958,"group":{"id":"actions","version":"2"},"event":{"count":1,"data":{},"id":"NewPythonFile"}}
{"session":"8528b301a59a","build":"182.4129.34","bucket":"-1","time":1578045611067,"group":{"id":"ui.dialogs","version":"2"},"event":{"count":1,"data":{"type":"show"},"id":"com.intellij.ide.actions.CreateFileFromTemplateDialog"}}
{"session":"8528b301a59a","build":"182.4129.34","bucket":"-1","time":1578045644885,"group":{"id":"actions","version":"2"},"event":{"count":1,"data":{},"id":"DialogOkAction_Enter"}}
{"session":"8528b301a59a","build":"182.4129.34","bucket":"-1","time":1578045645651,"group":{"id":"ui.dialogs","version":"2"},"event":{"count":1,"data":{"code":0,"type":"close"},"id":"com.intellij.ide.actions.CreateFileFromTemplateDialog"}}
{"session":"8528b301a59a","build":"182.4129.34","bucket":"-1","time":1578045668353,"group":{"id":"actions","version":"2"},"event":{"count":1,"data":{},"id":"EditorBackSpace"}}
{"session":"8528b301a59a","build":"182.4129.34","bucket":"-1","time":1578045672978,"group":{"id":"actions","version":"2"},"event":{"count":1,"data":{},"id":"EditorRight"}}
{"session":"8528b301a59a","build":"182.4129.34","bucket":"-1","time":1578045674135,"group":{"id":"actions","version":"2"},"event":{"count":1,"data":{},"id":"EditorEnter"}}
{"session":"8528b301a59a","build":"182.4129.34","bucket":"-1","time":1578045699853,"group":{"id":"actions","version":"2"},"event":{"count":1,"data":{},"id":"EditorBackSpace"}}
{"session":"8528b301a59a","build":"182.4129.34","bucket":"-1","time":1578045707259,"group":{"id":"actions","version":"2"},"event":{"count":1,"data":{},"id":"EditorRight"}}
{"session":"8528b301a59a","build":"182.4129.34","bucket":"-1","time":1578045709150,"group":{"id":"actions","version":"2"},"event":{"count":1,"data":{},"id":"EditorEnter"}}
{"session":"8528b301a59a","build":"182.4129.34","bucket":"-1","time":1578045715634,"group":{"id":"actions","version":"2"},"event":{"count":1,"data":{},"id":"EditorRight"}}
{"session":"8528b301a59a","build":"182.4129.34","bucket":"-1","time":1578045716665,"group":{"id":"actions","version":"2"},"event":{"count":2,"data":{},"id":"EditorBackSpace"}}
{"session":"8528b301a59a","build":"182.4129.34","bucket":"-1","time":1578045729305,"group":{"id":"actions","version":"2"},"event":{"count":1,"data":{},"id":"EditorRight"}}
{"session":"8528b301a59a","build":"182.4129.34","bucket":"-1","time":1578045759446,"group":{"id":"actions","version":"2"},"event":{"count":2,"data":{},"id":"EditorEnter"}}
{"session":"8528b301a59a","build":"182.4129.34","bucket":"-1","time":1578045775039,"group":{"id":"actions","version":"2"},"event":{"count":1,"data":{},"id":"EditorBackSpace"}}
{"session":"8528b301a59a","build":"182.4129.34","bucket":"-1","time":1578045780164,"group":{"id":"actions","version":"2"},"event":{"count":1,"data":{},"id":"RunClass"}}
{"session":"8528b301a59a","build":"182.4129.34","bucket":"-1","time":1578045780258,"group":{"id":"trigger","version":"2"},"event":{"count":1,"data":{},"id":"execute.PythonConfigurationType.Run"}}
{"session":"8528b301a59a","build":"182.4129.34","bucket":"-1","time":1578045781101,"group":{"id":"toolwindow","version":"2"},"event":{"count":1,"data":{},"id":"Run_by_Activation"}}
{"session":"8528b301a59a","build":"182.4129.34","bucket":"-1","time":1578045793351,"group":{"id":"actions","version":"2"},"event":{"count":6,"data":{},"id":"EditorBackSpace"}}
{"session":"8528b301a59a","build":"182.4129.34","bucket":"-1","time":1578045805882,"group":{"id":"actions","version":"2"},"event":{"count":1,"data":{},"id":"RunClass"}}
{"session":"8528b301a59a","build":"182.4129.34","bucket":"-1","time":1578045805945,"group":{"id":"trigger","version":"2"},"event":{"count":1,"data":{},"id":"execute.PythonConfigurationType.Run"}}
{"session":"8528b301a59a","build":"182.4129.34","bucket":"-1","time":1578045806241,"group":{"id":"toolwindow","version":"2"},"event":{"count":1,"data":{},"id":"Run_by_Activation"}}
{"session":"8528b301a59a","build":"182.4129.34","bucket":"-1","time":1578045816898,"group":{"id":"actions","version":"2"},"event":{"count":6,"data":{},"id":"$Undo"}}
{"session":"8528b301a59a","build":"182.4129.34","bucket":"-1","time":1578045822554,"group":{"id":"actions","version":"2"},"event":{"count":1,"data":{},"id":"EditorEnter"}}
{"session":"8528b301a59a","build":"182.4129.34","bucket":"-1","time":1578045832741,"group":{"id":"actions","version":"2"},"event":{"count":1,"data":{},"id":"EditorRight"}}
{"session":"8528b301a59a","build":"182.4129.34","bucket":"-1","time":1578045835678,"group":{"id":"actions","version":"2"},"event":{"count":1,"data":{},"id":"EditorBackSpace"}}
{"session":"8528b301a59a","build":"182.4129.34","bucket":"-1","time":1578045848600,"group":{"id":"actions","version":"2"},"event":{"count":1,"data":{},"id":"RunClass"}}
{"session":"8528b301a59a","build":"182.4129.34","bucket":"-1","time":1578045848663,"group":{"id":"trigger","version":"2"},"event":{"count":1,"data":{},"id":"execute.PythonConfigurationType.Run"}}
{"session":"8528b301a59a","build":"182.4129.34","bucket":"-1","time":1578045848881,"group":{"id":"toolwindow","version":"2"},"event":{"count":1,"data":{},"id":"Run_by_Activation"}}
{"session":"8528b301a59a","build":"182.4129.34","bucket":"-1","time":1578045854662,"group":{"id":"actions","version":"2"},"event":{"count":10,"data":{},"id":"$Undo"}}
{"session":"8528b301a59a","build":"182.4129.34","bucket":"-1","time":1578045862397,"group":{"id":"actions","version":"2"},"event":{"count":1,"data":{},"id":"EditorDeleteLine"}}
{"session":"8528b301a59a","build":"182.4129.34","bucket":"-1","time":1578045864022,"group":{"id":"actions","version":"2"},"event":{"count":1,"data":{},"id":"$Undo"}}
{"session":"8528b301a59a","build":"182.4129.34","bucket":"-1","time":1578045865944,"group":{"id":"actions","version":"2"},"event":{"count":7,"data":{},"id":"EditorBackSpace"}}
{"session":"8528b301a59a","build":"182.4129.34","bucket":"-1","time":1578045883818,"group":{"id":"actions","version":"2"},"event":{"count":1,"data":{},"id":"EditorEnter"}}
{"session":"8528b301a59a","build":"182.4129.34","bucket":"-1","time":1578045894896,"group":{"id":"actions","version":"2"},"event":{"count":1,"data":{},"id":"EditorLeft"}}
{"session":"8528b301a59a","build":"182.4129.34","bucket":"-1","time":1578045896193,"group":{"id":"actions","version":"2"},"event":{"count":2,"data":{},"id":"EditorBackSpace"}}
{"session":"8528b301a59a","build":"182.4129.34","bucket":"-1","time":1578045897443,"group":{"id":"actions","version":"2"},"event":{"count":1,"data":{},"id":"EditorEnter"}}
{"session":"8528b301a59a","build":"182.4129.34","bucket":"-1","time":1578045899115,"group":{"id":"actions","version":"2"},"event":{"count":3,"data":{},"id":"EditorBackSpace"}}
{"session":"8528b301a59a","build":"182.4129.34","bucket":"-1","time":1578045900912,"group":{"id":"actions","version":"2"},"event":{"count":13,"data":{},"id":"EditorEnter"}}
{"session":"8528b301a59a","build":"182.4129.34","bucket":"-1","time":1578045903224,"group":{"id":"actions","version":"2"},"event":{"count":1,"data":{},"id":"$Undo"}}
{"session":"8528b301a59a","build":"182.4129.34","bucket":"-1","time":1578045910224,"group":{"id":"actions","version":"2"},"event":{"count":1,"data":{},"id":"RunClass"}}
{"session":"8528b301a59a","build":"182.4129.34","bucket":"-1","time":1578045910302,"group":{"id":"trigger","version":"2"},"event":{"count":1,"data":{},"id":"execute.PythonConfigurationType.Run"}}
{"session":"8528b301a59a","build":"182.4129.34","bucket":"-1","time":1578045910505,"group":{"id":"toolwindow","version":"2"},"event":{"count":1,"data":{},"id":"Run_by_Activation"}}
{"session":"8528b301a59a","build":"182.4129.34","bucket":"-1","time":1578045937739,"group":{"id":"actions","version":"2"},"event":{"count":1,"data":{},"id":"CommentByLineComment"}}
{"session":"8528b301a59a","build":"182.4129.34","bucket":"-1","time":1578045937770,"group":{"id":"codeassists","version":"2"},"event":{"count":1,"data":{},"id":"codeassists.comment.line"}}
{"session":"8528b301a59a","build":"182.4129.34","bucket":"-1","time":1578045941723,"group":{"id":"actions","version":"2"},"event":{"count":1,"data":{},"id":"RunClass"}}
{"session":"8528b301a59a","build":"182.4129.34","bucket":"-1","time":1578045941786,"group":{"id":"trigger","version":"2"},"event":{"count":1,"data":{},"id":"execute.PythonConfigurationType.Run"}}
{"session":"8528b301a59a","build":"182.4129.34","bucket":"-1","time":1578045941958,"group":{"id":"toolwindow","version":"2"},"event":{"count":1,"data":{},"id":"Run_by_Activation"}}
{"session":"8528b301a59a","build":"182.4129.34","bucket":"-1","time":1578045984941,"group":{"id":"actions","version":"2"},"event":{"count":3,"data":{},"id":"EditorBackSpace"}}
{"session":"8528b301a59a","build":"182.4129.34","bucket":"-1","time":1578045994769,"group":{"id":"actions","version":"2"},"event":{"count":1,"data":{},"id":"RunClass"}}
{"session":"8528b301a59a","build":"182.4129.34","bucket":"-1","time":1578045994832,"group":{"id":"trigger","version":"2"},"event":{"count":1,"data":{},"id":"execute.PythonConfigurationType.Run"}}
{"session":"8528b301a59a","build":"182.4129.34","bucket":"-1","time":1578045995019,"group":{"id":"toolwindow","version":"2"},"event":{"count":1,"data":{},"id":"Run_by_Activation"}}
{"session":"8528b301a59a","build":"182.4129.34","bucket":"-1","time":1578046035440,"group":{"id":"actions","version":"2"},"event":{"count":1,"data":{},"id":"CommentByLineComment"}}
{"session":"8528b301a59a","build":"182.4129.34","bucket":"-1","time":1578046035440,"group":{"id":"codeassists","version":"2"},"event":{"count":1,"data":{},"id":"codeassists.comment.line"}}
{"session":"8528b301a59a","build":"182.4129.34","bucket":"-1","time":1578046040378,"group":{"id":"actions","version":"2"},"event":{"count":1,"data":{},"id":"RunClass"}}
{"session":"8528b301a59a","build":"182.4129.34","bucket":"-1","time":1578046040440,"group":{"id":"trigger","version":"2"},"event":{"count":1,"data":{},"id":"execute.PythonConfigurationType.Run"}}
{"session":"8528b301a59a","build":"182.4129.34","bucket":"-1","time":1578046040612,"group":{"id":"toolwindow","version":"2"},"event":{"count":1,"data":{},"id":"Run_by_Activation"}}
{"session":"8528b301a59a","build":"182.4129.34","bucket":"-1","time":1578046069033,"group":{"id":"actions","version":"2"},"event":{"count":9,"data":{},"id":"EditorRight"}}
{"session":"8528b301a59a","build":"182.4129.34","bucket":"-1","time":1578046075002,"group":{"id":"actions","version":"2"},"event":{"count":1,"data":{},"id":"EditorEnter"}}
{"session":"8528b301a59a","build":"182.4129.34","bucket":"-1","time":1578046087158,"group":{"id":"actions","version":"2"},"event":{"count":1,"data":{},"id":"RunClass"}}
{"session":"8528b301a59a","build":"182.4129.34","bucket":"-1","time":1578046087221,"group":{"id":"trigger","version":"2"},"event":{"count":1,"data":{},"id":"execute.PythonConfigurationType.Run"}}
{"session":"8528b301a59a","build":"182.4129.34","bucket":"-1","time":1578046087424,"group":{"id":"toolwindow","version":"2"},"event":{"count":1,"data":{},"id":"Run_by_Activation"}}
{"session":"8528b301a59a","build":"182.4129.34","bucket":"-1","time":1578046111298,"group":{"id":"actions","version":"2"},"event":{"count":1,"data":{},"id":"EditorBackSpace"}}
{"session":"8528b301a59a","build":"182.4129.34","bucket":"-1","time":1578046114501,"group":{"id":"actions","version":"2"},"event":{"count":1,"data":{},"id":"EditorChooseLookupItem"}}
{"session":"8528b301a59a","build":"182.4129.34","bucket":"-1","time":1578046114517,"group":{"id":"completion","version":"2"},"event":{"count":1,"data":{},"id":"editing.completion.basic"}}
{"session":"8528b301a59a","build":"182.4129.34","bucket":"-1","time":1578046119579,"group":{"id":"actions","version":"2"},"event":{"count":1,"data":{},"id":"EditorChooseLookupItem"}}
{"session":"8528b301a59a","build":"182.4129.34","bucket":"-1","time":1578046119595,"group":{"id":"completion","version":"2"},"event":{"count":1,"data":{},"id":"editing.completion.basic"}}
{"session":"8528b301a59a","build":"182.4129.34","bucket":"-1","time":1578046134360,"group":{"id":"actions","version":"2"},"event":{"count":1,"data":{},"id":"EditorBackSpace"}}
{"session":"8528b301a59a","build":"182.4129.34","bucket":"-1","time":1578046142423,"group":{"id":"actions","version":"2"},"event":{"count":1,"data":{},"id":"RunClass"}}
{"session":"8528b301a59a","build":"182.4129.34","bucket":"-1","time":1578046142501,"group":{"id":"trigger","version":"2"},"event":{"count":1,"data":{},"id":"execute.PythonConfigurationType.Run"}}
{"session":"8528b301a59a","build":"182.4129.34","bucket":"-1","time":1578046142688,"group":{"id":"toolwindow","version":"2"},"event":{"count":1,"data":{},"id":"Run_by_Activation"}}
{"session":"8528b301a59a","build":"182.4129.34","bucket":"-1","time":1578046154329,"group":{"id":"actions","version":"2"},"event":{"count":1,"data":{},"id":"Rerun"}}
{"session":"8528b301a59a","build":"182.4129.34","bucket":"-1","time":1578046154407,"group":{"id":"trigger","version":"2"},"event":{"count":1,"data":{},"id":"execute.PythonConfigurationType.Run"}}
{"session":"8528b301a59a","build":"182.4129.34","bucket":"-1","time":1578046154547,"group":{"id":"toolwindow","version":"2"},"event":{"count":1,"data":{},"id":"Run_by_Activation"}}
{"session":"8528b301a59a","build":"182.4129.34","bucket":"-1","time":1578046162157,"group":{"id":"actions","version":"2"},"event":{"count":1,"data":{},"id":"Rerun"}}
{"session":"8528b301a59a","build":"182.4129.34","bucket":"-1","time":1578046162219,"group":{"id":"trigger","version":"2"},"event":{"count":1,"data":{},"id":"execute.PythonConfigurationType.Run"}}
{"session":"8528b301a59a","build":"182.4129.34","bucket":"-1","time":1578046162328,"group":{"id":"toolwindow","version":"2"},"event":{"count":1,"data":{},"id":"Run_by_Activation"}}
{"session":"8528b301a59a","build":"182.4129.34","bucket":"-1","time":1578046187281,"group":{"id":"actions","version":"2"},"event":{"count":1,"data":{},"id":"$SelectAll"}}
{"session":"8528b301a59a","build":"182.4129.34","bucket":"-1","time":1578046188359,"group":{"id":"actions","version":"2"},"event":{"count":2,"data":{},"id":"EditorCopy"}}
{"session":"8528b301a59a","build":"182.4129.34","bucket":"-1","time":1578046192015,"group":{"id":"actions","version":"2"},"event":{"count":1,"data":{},"id":"EditorBackSpace"}}
{"session":"8528b301a59a","build":"182.4129.34","bucket":"-1","time":1578046225343,"group":{"id":"actions","version":"2"},"event":{"count":1,"data":{},"id":"CreateSetupPy"}}
{"session":"8528b301a59a","build":"182.4129.34","bucket":"-1","time":1578046225390,"group":{"id":"ui.dialogs","version":"2"},"event":{"count":1,"data":{"type":"show"},"id":"com.intellij.ide.fileTemplates.ui.CreateFromTemplateDialog"}}
{"session":"8528b301a59a","build":"182.4129.34","bucket":"-1","time":1578046232030,"group":{"id":"ui.dialogs","version":"2"},"event":{"count":1,"data":{"code":1,"type":"close"},"id":"com.intellij.ide.fileTemplates.ui.CreateFromTemplateDialog"}}
{"session":"8528b301a59a","build":"182.4129.34","bucket":"-1","time":1578046240124,"group":{"id":"actions","version":"2"},"event":{"count":1,"data":{},"id":"GotoClass"}}
{"session":"8528b301a59a","build":"182.4129.34","bucket":"-1","time":1578046240124,"group":{"id":"navigation","version":"2"},"event":{"count":1,"data":{},"id":"navigation.popup.class"}}
{"session":"8528b301a59a","build":"182.4129.34","bucket":"-1","time":1578046282170,"group":{"id":"ui.dialogs","version":"2"},"event":{"count":1,"data":{"type":"show"},"id":"com.intellij.platform.OpenOrAttachDialog"}}
{"session":"8528b301a59a","build":"182.4129.34","bucket":"-1","time":1578046283857,"group":{"id":"ui.dialogs","version":"2"},"event":{"count":1,"data":{"code":0,"type":"close"},"id":"com.intellij.platform.OpenOrAttachDialog"}}
{"session":"8528b301a59a","build":"182.4129.34","bucket":"-1","time":1578046284342,"group":{"id":"lifecycle","version":"2"},"event":{"count":1,"data":{},"id":"project.opened"}}
{"session":"8528b301a59a","build":"182.4129.34","bucket":"-1","time":1578046284654,"group":{"id":"ui.dialogs","version":"2"},"event":{"count":1,"data":{"type":"show"},"id":"com.intellij.openapi.progress.util.ProgressDialog$MyDialogWrapper"}}
{"session":"8528b301a59a","build":"182.4129.34","bucket":"-1","time":1578046285326,"group":{"id":"toolwindow","version":"2"},"event":{"count":1,"data":{},"id":"Project_by_Activation"}}
{"session":"8528b301a59a","build":"182.4129.34","bucket":"-1","time":1578046285560,"group":{"id":"ui.dialogs","version":"2"},"event":{"count":1,"data":{"code":1,"type":"close"},"id":"com.intellij.openapi.progress.util.ProgressDialog$MyDialogWrapper"}}
{"session":"8528b301a59a","build":"182.4129.34","bucket":"-1","time":1578046285607,"group":{"id":"lifecycle","version":"2"},"event":{"count":1,"data":{"time.ms":1550},"id":"project.opening.finished"}}
{"session":"8528b301a59a","build":"182.4129.34","bucket":"-1","time":1578046285810,"group":{"id":"system.os.name","version":"2"},"event":{"data":{},"id":"Windows"}}
{"session":"8528b301a59a","build":"182.4129.34","bucket":"-1","time":1578046285810,"group":{"id":"system.os.version","version":"2"},"event":{"data":{},"id":"10.0"}}
{"session":"8528b301a59a","build":"182.4129.34","bucket":"-1","time":1578046285810,"group":{"id":"system.jvm.vendor","version":"2"},"event":{"data":{},"id":"JetBrains_s.r.o"}}
{"session":"8528b301a59a","build":"182.4129.34","bucket":"-1","time":1578046285810,"group":{"id":"system.jvm.version","version":"2"},"event":{"data":{},"id":"1.8"}}
{"session":"8528b301a59a","build":"182.4129.34","bucket":"-1","time":1578046315591,"group":{"id":"actions","version":"2"},"event":{"count":2,"data":{},"id":"EditorBackSpace"}}
{"session":"8528b301a59a","build":"182.4129.34","bucket":"-1","time":1578046336919,"group":{"id":"actions","version":"2"},"event":{"count":1,"data":{},"id":"RunClass"}}
{"session":"8528b301a59a","build":"182.4129.34","bucket":"-1","time":1578046336981,"group":{"id":"trigger","version":"2"},"event":{"count":1,"data":{},"id":"execute.PythonConfigurationType.Run"}}
{"session":"8528b301a59a","build":"182.4129.34","bucket":"-1","time":1578046337263,"group":{"id":"toolwindow","version":"2"},"event":{"count":1,"data":{},"id":"Run_by_Activation"}}
{"session":"8528b301a59a","build":"182.4129.34","bucket":"-1","time":1578046350637,"group":{"id":"actions","version":"2"},"event":{"count":1,"data":{},"id":"ToggleLineBreakpoint"}}
{"session":"8528b301a59a","build":"182.4129.34","bucket":"-1","time":1578046355684,"group":{"id":"actions","version":"2"},"event":{"count":1,"data":{},"id":"RunClass"}}
{"session":"8528b301a59a","build":"182.4129.34","bucket":"-1","time":1578046355762,"group":{"id":"trigger","version":"2"},"event":{"count":1,"data":{},"id":"execute.PythonConfigurationType.Run"}}
{"session":"8528b301a59a","build":"182.4129.34","bucket":"-1","time":1578046355840,"group":{"id":"toolwindow","version":"2"},"event":{"count":1,"data":{},"id":"Run_by_Activation"}}
{"session":"8528b301a59a","build":"182.4129.34","bucket":"-1","time":1578046364762,"group":{"id":"actions","version":"2"},"event":{"count":1,"data":{},"id":"DebugClass"}}
{"session":"8528b301a59a","build":"182.4129.34","bucket":"-1","time":1578046364840,"group":{"id":"trigger","version":"2"},"event":{"count":1,"data":{},"id":"execute.PythonConfigurationType.Debug"}}
{"session":"8528b301a59a","build":"182.4129.34","bucket":"-1","time":1578046365481,"group":{"id":"toolwindow","version":"2"},"event":{"count":1,"data":{},"id":"Debug_by_Activation"}}
{"session":"8528b301a59a","build":"182.4129.34","bucket":"-1","time":1578046379074,"group":{"id":"actions","version":"2"},"event":{"count":5,"data":{},"id":"StepOver"}}
{"session":"8528b301a59a","build":"182.4129.34","bucket":"-1","time":1578046406433,"group":{"id":"actions","version":"2"},"event":{"count":2,"data":{},"id":"StepOver"}}
{"session":"8528b301a59a","build":"182.4129.34","bucket":"-1","time":1578046420605,"group":{"id":"actions","version":"2"},"event":{"count":1,"data":{},"id":"Rerun"}}
{"session":"8528b301a59a","build":"182.4129.34","bucket":"-1","time":1578046420667,"group":{"id":"trigger","version":"2"},"event":{"count":1,"data":{},"id":"execute.PythonConfigurationType.Debug"}}
{"session":"8528b301a59a","build":"182.4129.34","bucket":"-1","time":1578046420839,"group":{"id":"toolwindow","version":"2"},"event":{"count":1,"data":{},"id":"Debug_by_Activation"}}
{"session":"8528b301a59a","build":"182.4129.34","bucket":"-1","time":1578046440104,"group":{"id":"actions","version":"2"},"event":{"count":1,"data":{},"id":"DebugClass"}}
{"session":"8528b301a59a","build":"182.4129.34","bucket":"-1","time":1578046440167,"group":{"id":"trigger","version":"2"},"event":{"count":1,"data":{},"id":"execute.PythonConfigurationType.Debug"}}
{"session":"8528b301a59a","build":"182.4129.34","bucket":"-1","time":1578046440276,"group":{"id":"toolwindow","version":"2"},"event":{"count":1,"data":{},"id":"Debug_by_Activation"}}
{"session":"8528b301a59a","build":"182.4129.34","bucket":"-1","time":1578046448339,"group":{"id":"actions","version":"2"},"event":{"count":1,"data":{},"id":"EvaluateExpression"}}
{"session":"8528b301a59a","build":"182.4129.34","bucket":"-1","time":1578046448432,"group":{"id":"ui.dialogs","version":"2"},"event":{"count":1,"data":{"type":"show"},"id":"com.intellij.xdebugger.impl.evaluate.XDebuggerEvaluationDialog"}}
{"session":"8528b301a59a","build":"182.4129.34","bucket":"-1","time":1578046451886,"group":{"id":"ui.dialogs","version":"2"},"event":{"count":1,"data":{"code":1,"type":"close"},"id":"com.intellij.xdebugger.impl.evaluate.XDebuggerEvaluationDialog"}}
{"session":"8528b301a59a","build":"182.4129.34","bucket":"-1","time":1578046481135,"group":{"id":"editing","version":"2"},"event":{"count":1,"data":{},"id":"editing.select.word"}}
{"session":"8528b301a59a","build":"182.4129.34","bucket":"-1","time":1578046510869,"group":{"id":"actions","version":"2"},"event":{"count":1,"data":{},"id":"RunClass"}}
{"session":"8528b301a59a","build":"182.4129.34","bucket":"-1","time":1578046510931,"group":{"id":"trigger","version":"2"},"event":{"count":1,"data":{},"id":"execute.PythonConfigurationType.Run"}}
{"session":"8528b301a59a","build":"182.4129.34","bucket":"-1","time":1578046511009,"group":{"id":"toolwindow","version":"2"},"event":{"count":1,"data":{},"id":"Run_by_Activation"}}
{"session":"8528b301a59a","build":"182.4129.34","bucket":"-1","time":1578046534915,"group":{"id":"actions","version":"2"},"event":{"count":1,"data":{},"id":"EditorBackSpace"}}
{"session":"8528b301a59a","build":"182.4129.34","bucket":"-1","time":1578046534946,"group":{"id":"ui.dialogs","version":"2"},"event":{"count":1,"data":{"type":"show"},"id":"com.intellij.openapi.vcs.readOnlyHandler.ReadOnlyStatusDialog"}}
{"session":"8528b301a59a","build":"182.4129.34","bucket":"-1","time":1578046539087,"group":{"id":"ui.dialogs","version":"2"},"event":{"count":1,"data":{"code":1,"type":"close"},"id":"com.intellij.openapi.vcs.readOnlyHandler.ReadOnlyStatusDialog"}}
{"session":"8528b301a59a","build":"182.4129.34","bucket":"-1","time":1578046540321,"group":{"id":"actions","version":"2"},"event":{"count":1,"data":{},"id":"EditorBackSpace"}}
{"session":"8528b301a59a","build":"182.4129.34","bucket":"-1","time":1578046540337,"group":{"id":"ui.dialogs","version":"2"},"event":{"count":1,"data":{"type":"show"},"id":"com.intellij.openapi.vcs.readOnlyHandler.ReadOnlyStatusDialog"}}
{"session":"8528b301a59a","build":"182.4129.34","bucket":"-1","time":1578046543009,"group":{"id":"ui.dialogs","version":"2"},"event":{"count":1,"data":{"code":0,"type":"close"},"id":"com.intellij.openapi.vcs.readOnlyHandler.ReadOnlyStatusDialog"}}
{"session":"8528b301a59a","build":"182.4129.34","bucket":"-1","time":1578046550462,"group":{"id":"actions","version":"2"},"event":{"count":4,"data":{},"id":"EditorBackSpace"}}
{"session":"8528b301a59a","build":"182.4129.34","bucket":"-1","time":1578046553274,"group":{"id":"actions","version":"2"},"event":{"count":1,"data":{},"id":"EditorEnter"}}
{"session":"8528b301a59a","build":"182.4129.34","bucket":"-1","time":1578046581055,"group":{"id":"actions","version":"2"},"event":{"count":3,"data":{},"id":"ToggleLineBreakpoint"}}
{"session":"8528b301a59a","build":"182.4129.34","bucket":"-1","time":1578046587930,"group":{"id":"actions","version":"2"},"event":{"count":1,"data":{},"id":"DebugClass"}}
{"session":"8528b301a59a","build":"182.4129.34","bucket":"-1","time":1578046588008,"group":{"id":"trigger","version":"2"},"event":{"count":1,"data":{},"id":"execute.PythonConfigurationType.Debug"}}
{"session":"8528b301a59a","build":"182.4129.34","bucket":"-1","time":1578046588211,"group":{"id":"toolwindow","version":"2"},"event":{"count":1,"data":{},"id":"Debug_by_Activation"}}
{"session":"8528b301a59a","build":"182.4129.34","bucket":"-1","time":1578046609226,"group":{"id":"toolwindow","version":"2"},"event":{"count":1,"data":{},"id":"Project_by_Activation"}}
{"session":"8528b301a59a","build":"182.4129.34","bucket":"-1","time":1578046621492,"group":{"id":"actions","version":"2"},"event":{"count":1,"data":{},"id":"RunClass"}}
{"session":"8528b301a59a","build":"182.4129.34","bucket":"-1","time":1578046621570,"group":{"id":"trigger","version":"2"},"event":{"count":1,"data":{},"id":"execute.PythonConfigurationType.Run"}}
{"session":"8528b301a59a","build":"182.4129.34","bucket":"-1","time":1578046621663,"group":{"id":"toolwindow","version":"2"},"event":{"count":1,"data":{},"id":"Run_by_Activation"}}
