{"session":"48a1129640b6","build":"182.4129.34","bucket":"-1","time":1576763407878,"group":{"id":"ui.dialogs","version":"2"},"event":{"count":1,"data":{"type":"show"},"id":"com.intellij.openapi.progress.util.ProgressDialog$MyDialogWrapper"}}
{"session":"48a1129640b6","build":"182.4129.34","bucket":"-1","time":1576763410384,"group":{"id":"ui.dialogs","version":"2"},"event":{"count":1,"data":{"code":1,"type":"close"},"id":"com.intellij.openapi.progress.util.ProgressDialog$MyDialogWrapper"}}
{"session":"48a1129640b6","build":"182.4129.34","bucket":"-1","time":1576763410462,"group":{"id":"lifecycle","version":"2"},"event":{"count":1,"data":{},"id":"project.opened"}}
{"session":"48a1129640b6","build":"182.4129.34","bucket":"-1","time":1576763411634,"group":{"id":"ui.dialogs","version":"2"},"event":{"count":1,"data":{"type":"show"},"id":"com.intellij.openapi.progress.util.ProgressDialog$MyDialogWrapper"}}
{"session":"48a1129640b6","build":"182.4129.34","bucket":"-1","time":1576763414727,"group":{"id":"system.os.name","version":"2"},"event":{"data":{},"id":"Windows"}}
{"session":"48a1129640b6","build":"182.4129.34","bucket":"-1","time":1576763414727,"group":{"id":"system.os.version","version":"2"},"event":{"data":{},"id":"10.0"}}
{"session":"48a1129640b6","build":"182.4129.34","bucket":"-1","time":1576763414727,"group":{"id":"system.jvm.vendor","version":"2"},"event":{"data":{},"id":"JetBrains_s.r.o"}}
{"session":"48a1129640b6","build":"182.4129.34","bucket":"-1","time":1576763414727,"group":{"id":"system.jvm.version","version":"2"},"event":{"data":{},"id":"1.8"}}
{"session":"48a1129640b6","build":"182.4129.34","bucket":"-1","time":1576763415384,"group":{"id":"toolwindow","version":"2"},"event":{"count":1,"data":{},"id":"Project_by_Activation"}}
{"session":"48a1129640b6","build":"182.4129.34","bucket":"-1","time":1576763415899,"group":{"id":"lifecycle","version":"2"},"event":{"count":1,"data":{},"id":"ideaapp.started"}}
{"session":"48a1129640b6","build":"182.4129.34","bucket":"-1","time":1576763415931,"group":{"id":"lifecycle","version":"2"},"event":{"count":1,"data":{},"id":"app.started"}}
{"session":"48a1129640b6","build":"182.4129.34","bucket":"-1","time":1576763417602,"group":{"id":"ui.dialogs","version":"2"},"event":{"count":1,"data":{"code":1,"type":"close"},"id":"com.intellij.openapi.progress.util.ProgressDialog$MyDialogWrapper"}}
{"session":"48a1129640b6","build":"182.4129.34","bucket":"-1","time":1576763417759,"group":{"id":"lifecycle","version":"2"},"event":{"count":1,"data":{"time.ms":10478},"id":"project.opening.finished"}}
{"session":"48a1129640b6","build":"182.4129.34","bucket":"-1","time":1576763423071,"group":{"id":"actions","version":"2"},"event":{"count":1,"data":{},"id":"OpenFile"}}
{"session":"48a1129640b6","build":"182.4129.34","bucket":"-1","time":1576763423196,"group":{"id":"ui.dialogs","version":"2"},"event":{"count":1,"data":{"type":"show"},"id":"com.intellij.openapi.fileChooser.ex.FileChooserDialogImpl"}}
{"session":"48a1129640b6","build":"182.4129.34","bucket":"-1","time":1576763426951,"group":{"id":"ui.dialogs","version":"2"},"event":{"count":1,"data":{"code":0,"type":"close"},"id":"com.intellij.openapi.fileChooser.ex.FileChooserDialogImpl"}}
{"session":"48a1129640b6","build":"182.4129.34","bucket":"-1","time":1576763426997,"group":{"id":"ui.dialogs","version":"2"},"event":{"count":1,"data":{"type":"show"},"id":"com.intellij.platform.OpenOrAttachDialog"}}
{"session":"48a1129640b6","build":"182.4129.34","bucket":"-1","time":1576763428216,"group":{"id":"ui.dialogs","version":"2"},"event":{"count":1,"data":{"code":0,"type":"close"},"id":"com.intellij.platform.OpenOrAttachDialog"}}
{"session":"48a1129640b6","build":"182.4129.34","bucket":"-1","time":1576763428607,"group":{"id":"lifecycle","version":"2"},"event":{"count":1,"data":{},"id":"project.opened"}}
{"session":"48a1129640b6","build":"182.4129.34","bucket":"-1","time":1576763428950,"group":{"id":"ui.dialogs","version":"2"},"event":{"count":1,"data":{"type":"show"},"id":"com.intellij.openapi.progress.util.ProgressDialog$MyDialogWrapper"}}
{"session":"48a1129640b6","build":"182.4129.34","bucket":"-1","time":1576763429544,"group":{"id":"toolwindow","version":"2"},"event":{"count":1,"data":{},"id":"Project_by_Activation"}}
{"session":"48a1129640b6","build":"182.4129.34","bucket":"-1","time":1576763429825,"group":{"id":"ui.dialogs","version":"2"},"event":{"count":1,"data":{"code":1,"type":"close"},"id":"com.intellij.openapi.progress.util.ProgressDialog$MyDialogWrapper"}}
{"session":"48a1129640b6","build":"182.4129.34","bucket":"-1","time":1576763430013,"group":{"id":"lifecycle","version":"2"},"event":{"count":1,"data":{"time.ms":1586},"id":"project.opening.finished"}}
{"session":"48a1129640b6","build":"182.4129.34","bucket":"-1","time":1576763432294,"group":{"id":"system.os.name","version":"2"},"event":{"data":{},"id":"Windows"}}
{"session":"48a1129640b6","build":"182.4129.34","bucket":"-1","time":1576763432294,"group":{"id":"system.os.version","version":"2"},"event":{"data":{},"id":"10.0"}}
{"session":"48a1129640b6","build":"182.4129.34","bucket":"-1","time":1576763432294,"group":{"id":"system.jvm.vendor","version":"2"},"event":{"data":{},"id":"JetBrains_s.r.o"}}
{"session":"48a1129640b6","build":"182.4129.34","bucket":"-1","time":1576763432294,"group":{"id":"system.jvm.version","version":"2"},"event":{"data":{},"id":"1.8"}}
{"session":"48a1129640b6","build":"182.4129.34","bucket":"-1","time":1576763443231,"group":{"id":"actions","version":"2"},"event":{"count":1,"data":{},"id":"$Paste"}}
{"session":"48a1129640b6","build":"182.4129.34","bucket":"-1","time":1576763445950,"group":{"id":"actions","version":"2"},"event":{"count":1,"data":{},"id":"RunClass"}}
{"session":"48a1129640b6","build":"182.4129.34","bucket":"-1","time":1576763446091,"group":{"id":"trigger","version":"2"},"event":{"count":1,"data":{},"id":"execute.PythonConfigurationType.Run"}}
{"session":"48a1129640b6","build":"182.4129.34","bucket":"-1","time":1576763446653,"group":{"id":"toolwindow","version":"2"},"event":{"count":1,"data":{},"id":"Run_by_Activation"}}
{"session":"48a1129640b6","build":"182.4129.34","bucket":"-1","time":1576763457590,"group":{"id":"actions","version":"2"},"event":{"count":1,"data":{},"id":"RunClass"}}
{"session":"48a1129640b6","build":"182.4129.34","bucket":"-1","time":1576763457669,"group":{"id":"trigger","version":"2"},"event":{"count":1,"data":{},"id":"execute.PythonConfigurationType.Run"}}
{"session":"48a1129640b6","build":"182.4129.34","bucket":"-1","time":1576763457794,"group":{"id":"toolwindow","version":"2"},"event":{"count":1,"data":{},"id":"Run_by_Activation"}}
{"session":"48a1129640b6","build":"182.4129.34","bucket":"-1","time":1576763520917,"group":{"id":"actions","version":"2"},"event":{"count":1,"data":{},"id":"RunClass"}}
{"session":"48a1129640b6","build":"182.4129.34","bucket":"-1","time":1576763520980,"group":{"id":"trigger","version":"2"},"event":{"count":1,"data":{},"id":"execute.PythonConfigurationType.Run"}}
{"session":"48a1129640b6","build":"182.4129.34","bucket":"-1","time":1576763521214,"group":{"id":"toolwindow","version":"2"},"event":{"count":1,"data":{},"id":"Run_by_Activation"}}
{"session":"48a1129640b6","build":"182.4129.34","bucket":"-1","time":1576763600822,"group":{"id":"actions","version":"2"},"event":{"count":1,"data":{},"id":"DebugClass"}}
{"session":"48a1129640b6","build":"182.4129.34","bucket":"-1","time":1576763600900,"group":{"id":"trigger","version":"2"},"event":{"count":1,"data":{},"id":"execute.PythonConfigurationType.Debug"}}
{"session":"48a1129640b6","build":"182.4129.34","bucket":"-1","time":1576763601759,"group":{"id":"toolwindow","version":"2"},"event":{"count":3,"data":{},"id":"Debug_by_Activation"}}
{"session":"48a1129640b6","build":"182.4129.34","bucket":"-1","time":1576763625493,"group":{"id":"actions","version":"2"},"event":{"count":1,"data":{},"id":"Stop"}}
{"session":"48a1129640b6","build":"182.4129.34","bucket":"-1","time":1576763632868,"group":{"id":"actions","version":"2"},"event":{"count":1,"data":{},"id":"ToggleLineBreakpoint"}}
{"session":"48a1129640b6","build":"182.4129.34","bucket":"-1","time":1576763642149,"group":{"id":"actions","version":"2"},"event":{"count":1,"data":{},"id":"DebugClass"}}
{"session":"48a1129640b6","build":"182.4129.34","bucket":"-1","time":1576763642211,"group":{"id":"trigger","version":"2"},"event":{"count":1,"data":{},"id":"execute.PythonConfigurationType.Debug"}}
{"session":"48a1129640b6","build":"182.4129.34","bucket":"-1","time":1576763642445,"group":{"id":"toolwindow","version":"2"},"event":{"count":1,"data":{},"id":"Debug_by_Activation"}}
{"session":"48a1129640b6","build":"182.4129.34","bucket":"-1","time":1576763655805,"group":{"id":"actions","version":"2"},"event":{"count":2,"data":{},"id":"StepOver"}}
{"session":"48a1129640b6","build":"182.4129.34","bucket":"-1","time":1576763671132,"group":{"id":"actions","version":"2"},"event":{"count":1,"data":{},"id":"Pause"}}
{"session":"48a1129640b6","build":"182.4129.34","bucket":"-1","time":1576763672367,"group":{"id":"actions","version":"2"},"event":{"count":1,"data":{},"id":"Stop"}}
{"session":"48a1129640b6","build":"182.4129.34","bucket":"-1","time":1576763680320,"group":{"id":"actions","version":"2"},"event":{"count":1,"data":{},"id":"XDebugger.NewWatch"}}
{"session":"48a1129640b6","build":"182.4129.34","bucket":"-1","time":1576763684351,"group":{"id":"actions","version":"2"},"event":{"count":1,"data":{},"id":"EditorChooseLookupItem"}}
{"session":"48a1129640b6","build":"182.4129.34","bucket":"-1","time":1576763684445,"group":{"id":"completion","version":"2"},"event":{"count":1,"data":{},"id":"editing.completion.basic"}}
{"session":"48a1129640b6","build":"182.4129.34","bucket":"-1","time":1576763696007,"group":{"id":"toolwindow","version":"2"},"event":{"count":1,"data":{},"id":"Project_by_Activation"}}
{"session":"48a1129640b6","build":"182.4129.34","bucket":"-1","time":1576763705882,"group":{"id":"actions","version":"2"},"event":{"count":1,"data":{},"id":"GotoClass"}}
{"session":"48a1129640b6","build":"182.4129.34","bucket":"-1","time":1576763705882,"group":{"id":"navigation","version":"2"},"event":{"count":1,"data":{},"id":"navigation.popup.class"}}
{"session":"48a1129640b6","build":"182.4129.34","bucket":"-1","time":1576763710303,"group":{"id":"editing","version":"2"},"event":{"count":2,"data":{},"id":"editing.select.word"}}
{"session":"48a1129640b6","build":"182.4129.34","bucket":"-1","time":1576763717522,"group":{"id":"actions","version":"2"},"event":{"count":1,"data":{},"id":"HideAllWindows"}}
{"session":"48a1129640b6","build":"182.4129.34","bucket":"-1","time":1576763726897,"group":{"id":"editing","version":"2"},"event":{"count":1,"data":{},"id":"editing.select.word"}}
{"session":"48a1129640b6","build":"182.4129.34","bucket":"-1","time":1576763730678,"group":{"id":"lifecycle","version":"2"},"event":{"count":1,"data":{},"id":"project.closed"}}
{"session":"48a1129640b6","build":"182.4129.34","bucket":"-1","time":1576763737975,"group":{"id":"actions","version":"2"},"event":{"count":1,"data":{},"id":"RunClass"}}
{"session":"48a1129640b6","build":"182.4129.34","bucket":"-1","time":1576763738037,"group":{"id":"trigger","version":"2"},"event":{"count":1,"data":{},"id":"execute.PythonConfigurationType.Run"}}
{"session":"48a1129640b6","build":"182.4129.34","bucket":"-1","time":1576763738225,"group":{"id":"toolwindow","version":"2"},"event":{"count":1,"data":{},"id":"Run_by_Activation"}}
{"session":"48a1129640b6","build":"182.4129.34","bucket":"-1","time":1576763750896,"group":{"id":"toolwindow","version":"2"},"event":{"count":1,"data":{},"id":"Project_by_Activation"}}
{"session":"48a1129640b6","build":"182.4129.34","bucket":"-1","time":1576763757021,"group":{"id":"ui.dialogs","version":"2"},"event":{"count":1,"data":{"type":"show"},"id":"com.intellij.platform.OpenOrAttachDialog"}}
{"session":"48a1129640b6","build":"182.4129.34","bucket":"-1","time":1576763759037,"group":{"id":"ui.dialogs","version":"2"},"event":{"count":1,"data":{"code":0,"type":"close"},"id":"com.intellij.platform.OpenOrAttachDialog"}}
{"session":"48a1129640b6","build":"182.4129.34","bucket":"-1","time":1576763759208,"group":{"id":"lifecycle","version":"2"},"event":{"count":1,"data":{},"id":"project.opened"}}
{"session":"48a1129640b6","build":"182.4129.34","bucket":"-1","time":1576763759521,"group":{"id":"ui.dialogs","version":"2"},"event":{"count":1,"data":{"type":"show"},"id":"com.intellij.openapi.progress.util.ProgressDialog$MyDialogWrapper"}}
{"session":"48a1129640b6","build":"182.4129.34","bucket":"-1","time":1576763759630,"group":{"id":"system.os.name","version":"2"},"event":{"data":{},"id":"Windows"}}
{"session":"48a1129640b6","build":"182.4129.34","bucket":"-1","time":1576763759630,"group":{"id":"system.os.version","version":"2"},"event":{"data":{},"id":"10.0"}}
{"session":"48a1129640b6","build":"182.4129.34","bucket":"-1","time":1576763759630,"group":{"id":"system.jvm.vendor","version":"2"},"event":{"data":{},"id":"JetBrains_s.r.o"}}
{"session":"48a1129640b6","build":"182.4129.34","bucket":"-1","time":1576763759630,"group":{"id":"system.jvm.version","version":"2"},"event":{"data":{},"id":"1.8"}}
{"session":"48a1129640b6","build":"182.4129.34","bucket":"-1","time":1576763760052,"group":{"id":"ui.dialogs","version":"2"},"event":{"count":1,"data":{"code":1,"type":"close"},"id":"com.intellij.openapi.progress.util.ProgressDialog$MyDialogWrapper"}}
{"session":"48a1129640b6","build":"182.4129.34","bucket":"-1","time":1576763760068,"group":{"id":"lifecycle","version":"2"},"event":{"count":1,"data":{"time.ms":978},"id":"project.opening.finished"}}
{"session":"48a1129640b6","build":"182.4129.34","bucket":"-1","time":1576763763521,"group":{"id":"toolwindow","version":"2"},"event":{"count":1,"data":{},"id":"Project_by_Activation"}}
{"session":"48a1129640b6","build":"182.4129.34","bucket":"-1","time":1576763782849,"group":{"id":"actions","version":"2"},"event":{"count":1,"data":{},"id":"GotoClass"}}
{"session":"48a1129640b6","build":"182.4129.34","bucket":"-1","time":1576763782849,"group":{"id":"navigation","version":"2"},"event":{"count":1,"data":{},"id":"navigation.popup.class"}}
{"session":"48a1129640b6","build":"182.4129.34","bucket":"-1","time":1576763794036,"group":{"id":"actions","version":"2"},"event":{"count":1,"data":{},"id":"RunClass"}}
{"session":"48a1129640b6","build":"182.4129.34","bucket":"-1","time":1576763794098,"group":{"id":"trigger","version":"2"},"event":{"count":1,"data":{},"id":"execute.PythonConfigurationType.Run"}}
{"session":"48a1129640b6","build":"182.4129.34","bucket":"-1","time":1576763794348,"group":{"id":"toolwindow","version":"2"},"event":{"count":1,"data":{},"id":"Run_by_Activation"}}
{"session":"48a1129640b6","build":"182.4129.34","bucket":"-1","time":1576763806348,"group":{"id":"editing","version":"2"},"event":{"count":1,"data":{},"id":"editing.select.word"}}
{"session":"48a1129640b6","build":"182.4129.34","bucket":"-1","time":1576763869893,"group":{"id":"actions","version":"2"},"event":{"count":38,"data":{},"id":"EditorBackSpace"}}
{"session":"48a1129640b6","build":"182.4129.34","bucket":"-1","time":1576763879549,"group":{"id":"actions","version":"2"},"event":{"count":1,"data":{},"id":"EditorLeftWithSelection"}}
{"session":"48a1129640b6","build":"182.4129.34","bucket":"-1","time":1576763883409,"group":{"id":"actions","version":"2"},"event":{"count":2,"data":{},"id":"EditorLeft"}}
{"session":"48a1129640b6","build":"182.4129.34","bucket":"-1","time":1576763885893,"group":{"id":"actions","version":"2"},"event":{"count":2,"data":{},"id":"EditorRight"}}
{"session":"48a1129640b6","build":"182.4129.34","bucket":"-1","time":1576763901627,"group":{"id":"actions","version":"2"},"event":{"count":1,"data":{},"id":"Run"}}
{"session":"48a1129640b6","build":"182.4129.34","bucket":"-1","time":1576763901705,"group":{"id":"trigger","version":"2"},"event":{"count":1,"data":{},"id":"execute.PythonConfigurationType.Run"}}
{"session":"48a1129640b6","build":"182.4129.34","bucket":"-1","time":1576763901893,"group":{"id":"toolwindow","version":"2"},"event":{"count":1,"data":{},"id":"Run_by_Activation"}}
{"session":"48a1129640b6","build":"182.4129.34","bucket":"-1","time":1576763908143,"group":{"id":"actions","version":"2"},"event":{"count":1,"data":{},"id":"RunClass"}}
{"session":"48a1129640b6","build":"182.4129.34","bucket":"-1","time":1576763908205,"group":{"id":"trigger","version":"2"},"event":{"count":1,"data":{},"id":"execute.PythonConfigurationType.Run"}}
{"session":"48a1129640b6","build":"182.4129.34","bucket":"-1","time":1576763908361,"group":{"id":"toolwindow","version":"2"},"event":{"count":1,"data":{},"id":"Run_by_Activation"}}
{"session":"48a1129640b6","build":"182.4129.34","bucket":"-1","time":1576763915970,"group":{"id":"actions","version":"2"},"event":{"count":47,"data":{},"id":"EditorBackSpace"}}
{"session":"48a1129640b6","build":"182.4129.34","bucket":"-1","time":1576763935486,"group":{"id":"actions","version":"2"},"event":{"count":12,"data":{},"id":"EditorBackSpace"}}
{"session":"48a1129640b6","build":"182.4129.34","bucket":"-1","time":1576763955298,"group":{"id":"completion","version":"2"},"event":{"count":1,"data":{},"id":"editing.completion.basic"}}
{"session":"48a1129640b6","build":"182.4129.34","bucket":"-1","time":1576763962001,"group":{"id":"actions","version":"2"},"event":{"count":1,"data":{},"id":"EditorBackSpace"}}
{"session":"48a1129640b6","build":"182.4129.34","bucket":"-1","time":1576763965672,"group":{"id":"actions","version":"2"},"event":{"count":1,"data":{},"id":"EditorChooseLookupItem"}}
{"session":"48a1129640b6","build":"182.4129.34","bucket":"-1","time":1576763965688,"group":{"id":"completion","version":"2"},"event":{"count":1,"data":{},"id":"editing.completion.basic"}}
{"session":"48a1129640b6","build":"182.4129.34","bucket":"-1","time":1576763968532,"group":{"id":"actions","version":"2"},"event":{"count":1,"data":{},"id":"EditorEnter"}}
{"session":"48a1129640b6","build":"182.4129.34","bucket":"-1","time":1576763971141,"group":{"id":"actions","version":"2"},"event":{"count":35,"data":{},"id":"EditorBackSpace"}}
{"session":"48a1129640b6","build":"182.4129.34","bucket":"-1","time":1576763981891,"group":{"id":"actions","version":"2"},"event":{"count":1,"data":{},"id":"Run"}}
{"session":"48a1129640b6","build":"182.4129.34","bucket":"-1","time":1576763981953,"group":{"id":"trigger","version":"2"},"event":{"count":1,"data":{},"id":"execute.PythonConfigurationType.Run"}}
{"session":"48a1129640b6","build":"182.4129.34","bucket":"-1","time":1576763982078,"group":{"id":"toolwindow","version":"2"},"event":{"count":1,"data":{},"id":"Run_by_Activation"}}
{"session":"48a1129640b6","build":"182.4129.34","bucket":"-1","time":1576763995484,"group":{"id":"actions","version":"2"},"event":{"count":1,"data":{},"id":"Run"}}
{"session":"48a1129640b6","build":"182.4129.34","bucket":"-1","time":1576763995547,"group":{"id":"trigger","version":"2"},"event":{"count":1,"data":{},"id":"execute.PythonConfigurationType.Run"}}
{"session":"48a1129640b6","build":"182.4129.34","bucket":"-1","time":1576763995625,"group":{"id":"toolwindow","version":"2"},"event":{"count":1,"data":{},"id":"Run_by_Activation"}}
{"session":"48a1129640b6","build":"182.4129.34","bucket":"-1","time":1576764014734,"group":{"id":"toolwindow","version":"2"},"event":{"count":1,"data":{},"id":"Project_by_Activation"}}
{"session":"48a1129640b6","build":"182.4129.34","bucket":"-1","time":1576764052577,"group":{"id":"actions","version":"2"},"event":{"count":1,"data":{},"id":"RunClass"}}
{"session":"48a1129640b6","build":"182.4129.34","bucket":"-1","time":1576764052639,"group":{"id":"trigger","version":"2"},"event":{"count":1,"data":{},"id":"execute.PythonConfigurationType.Run"}}
{"session":"48a1129640b6","build":"182.4129.34","bucket":"-1","time":1576764052780,"group":{"id":"toolwindow","version":"2"},"event":{"count":1,"data":{},"id":"Run_by_Activation"}}
{"session":"48a1129640b6","build":"182.4129.34","bucket":"-1","time":1576764088341,"group":{"id":"editing","version":"2"},"event":{"count":1,"data":{},"id":"editing.select.word"}}
{"session":"48a1129640b6","build":"182.4129.34","bucket":"-1","time":1576764090060,"group":{"id":"actions","version":"2"},"event":{"count":1,"data":{},"id":"EditorEnter"}}
{"session":"48a1129640b6","build":"182.4129.34","bucket":"-1","time":1576764094419,"group":{"id":"actions","version":"2"},"event":{"count":5,"data":{},"id":"EditorBackSpace"}}
{"session":"48a1129640b6","build":"182.4129.34","bucket":"-1","time":1576764103450,"group":{"id":"actions","version":"2"},"event":{"count":1,"data":{},"id":"EditorEnter"}}
{"session":"48a1129640b6","build":"182.4129.34","bucket":"-1","time":1576764118388,"group":{"id":"actions","version":"2"},"event":{"count":2,"data":{},"id":"EditorRight"}}
{"session":"48a1129640b6","build":"182.4129.34","bucket":"-1","time":1576764119919,"group":{"id":"actions","version":"2"},"event":{"count":1,"data":{},"id":"EditorLeft"}}
{"session":"48a1129640b6","build":"182.4129.34","bucket":"-1","time":1576764127091,"group":{"id":"actions","version":"2"},"event":{"count":2,"data":{},"id":"EditorBackSpace"}}
{"session":"48a1129640b6","build":"182.4129.34","bucket":"-1","time":1576764140371,"group":{"id":"actions","version":"2"},"event":{"count":1,"data":{},"id":"EditorBackSpace"}}
{"session":"48a1129640b6","build":"182.4129.34","bucket":"-1","time":1576764141528,"group":{"id":"actions","version":"2"},"event":{"count":4,"data":{},"id":"EditorLeft"}}
{"session":"48a1129640b6","build":"182.4129.34","bucket":"-1","time":1576764143262,"group":{"id":"actions","version":"2"},"event":{"count":1,"data":{},"id":"EditorBackSpace"}}
{"session":"48a1129640b6","build":"182.4129.34","bucket":"-1","time":1576764150965,"group":{"id":"actions","version":"2"},"event":{"count":1,"data":{},"id":"RunClass"}}
{"session":"48a1129640b6","build":"182.4129.34","bucket":"-1","time":1576764151028,"group":{"id":"trigger","version":"2"},"event":{"count":1,"data":{},"id":"execute.PythonConfigurationType.Run"}}
{"session":"48a1129640b6","build":"182.4129.34","bucket":"-1","time":1576764151246,"group":{"id":"toolwindow","version":"2"},"event":{"count":1,"data":{},"id":"Run_by_Activation"}}
{"session":"48a1129640b6","build":"182.4129.34","bucket":"-1","time":1576764153387,"group":{"id":"actions","version":"2"},"event":{"count":1,"data":{},"id":"EditorBackSpace"}}
{"session":"48a1129640b6","build":"182.4129.34","bucket":"-1","time":1576764196886,"group":{"id":"actions","version":"2"},"event":{"count":15,"data":{},"id":"EditorBackSpace"}}
{"session":"48a1129640b6","build":"182.4129.34","bucket":"-1","time":1576764217760,"group":{"id":"ui.dialogs","version":"2"},"event":{"count":2,"data":{"type":"show"},"id":"com.intellij.openapi.ui.messages.MessageDialog"}}
{"session":"48a1129640b6","build":"182.4129.34","bucket":"-1","time":1576764222479,"group":{"id":"lifecycle","version":"2"},"event":{"count":1,"data":{},"id":"project.closed"}}
{"session":"48a1129640b6","build":"182.4129.34","bucket":"-1","time":1576764248775,"group":{"id":"ui.dialogs","version":"2"},"event":{"count":1,"data":{"type":"show"},"id":"com.intellij.openapi.ui.messages.MessageDialog"}}
{"session":"48a1129640b6","build":"182.4129.34","bucket":"-1","time":1576764250916,"group":{"id":"lifecycle","version":"2"},"event":{"count":1,"data":{"restart":false},"id":"app.closed"}}
{"session":"48a1129640b6","build":"182.4129.34","bucket":"-1","time":1576764251181,"group":{"id":"lifecycle","version":"2"},"event":{"count":1,"data":{},"id":"project.closed"}}
{"session":"48a1129640b6","build":"182.4129.34","bucket":"-1","time":1576764251416,"group":{"id":"lifecycle","version":"2"},"event":{"count":1,"data":{},"id":"ideaapp.closed"}}
