{"session":"12f034157351","build":"182.4129.34","bucket":"-1","time":1577607773052,"group":{"id":"ui.dialogs","version":"2"},"event":{"count":1,"data":{"type":"show"},"id":"com.intellij.openapi.progress.util.ProgressDialog$MyDialogWrapper"}}
{"session":"12f034157351","build":"182.4129.34","bucket":"-1","time":1577607773787,"group":{"id":"lifecycle","version":"2"},"event":{"count":1,"data":{"durationSeconds":16},"id":"ide.freeze"}}
{"session":"12f034157351","build":"182.4129.34","bucket":"-1","time":1577607788422,"group":{"id":"ui.dialogs","version":"2"},"event":{"count":1,"data":{"code":1,"type":"close"},"id":"com.intellij.openapi.progress.util.ProgressDialog$MyDialogWrapper"}}
{"session":"12f034157351","build":"182.4129.34","bucket":"-1","time":1577607788641,"group":{"id":"lifecycle","version":"2"},"event":{"count":1,"data":{},"id":"project.opened"}}
{"session":"12f034157351","build":"182.4129.34","bucket":"-1","time":1577607792126,"group":{"id":"ui.dialogs","version":"2"},"event":{"count":1,"data":{"type":"show"},"id":"com.intellij.openapi.progress.util.ProgressDialog$MyDialogWrapper"}}
{"session":"12f034157351","build":"182.4129.34","bucket":"-1","time":1577607799110,"group":{"id":"ui.dialogs","version":"2"},"event":{"count":1,"data":{"code":1,"type":"close"},"id":"com.intellij.openapi.progress.util.ProgressDialog$MyDialogWrapper"}}
{"session":"12f034157351","build":"182.4129.34","bucket":"-1","time":1577607799188,"group":{"id":"system.os.name","version":"2"},"event":{"data":{},"id":"Windows"}}
{"session":"12f034157351","build":"182.4129.34","bucket":"-1","time":1577607799188,"group":{"id":"system.os.version","version":"2"},"event":{"data":{},"id":"10.0"}}
{"session":"12f034157351","build":"182.4129.34","bucket":"-1","time":1577607799219,"group":{"id":"system.jvm.vendor","version":"2"},"event":{"data":{},"id":"JetBrains_s.r.o"}}
{"session":"12f034157351","build":"182.4129.34","bucket":"-1","time":1577607799219,"group":{"id":"system.jvm.version","version":"2"},"event":{"data":{},"id":"1.8"}}
{"session":"12f034157351","build":"182.4129.34","bucket":"-1","time":1577607799875,"group":{"id":"lifecycle","version":"2"},"event":{"count":1,"data":{},"id":"project.opened"}}
{"session":"12f034157351","build":"182.4129.34","bucket":"-1","time":1577607800922,"group":{"id":"lifecycle","version":"2"},"event":{"count":1,"data":{},"id":"ideaapp.started"}}
{"session":"12f034157351","build":"182.4129.34","bucket":"-1","time":1577607800922,"group":{"id":"lifecycle","version":"2"},"event":{"count":1,"data":{},"id":"app.started"}}
{"session":"12f034157351","build":"182.4129.34","bucket":"-1","time":1577607804094,"group":{"id":"system.os.name","version":"2"},"event":{"data":{},"id":"Windows"}}
{"session":"12f034157351","build":"182.4129.34","bucket":"-1","time":1577607804094,"group":{"id":"system.os.version","version":"2"},"event":{"data":{},"id":"10.0"}}
{"session":"12f034157351","build":"182.4129.34","bucket":"-1","time":1577607804094,"group":{"id":"system.jvm.vendor","version":"2"},"event":{"data":{},"id":"JetBrains_s.r.o"}}
{"session":"12f034157351","build":"182.4129.34","bucket":"-1","time":1577607804094,"group":{"id":"system.jvm.version","version":"2"},"event":{"data":{},"id":"1.8"}}
{"session":"12f034157351","build":"182.4129.34","bucket":"-1","time":1577607804235,"group":{"id":"lifecycle","version":"2"},"event":{"count":1,"data":{"time.ms":33090},"id":"project.opening.finished"}}
{"session":"12f034157351","build":"182.4129.34","bucket":"-1","time":1577607804266,"group":{"id":"lifecycle","version":"2"},"event":{"count":1,"data":{"time.ms":5300},"id":"project.opening.finished"}}
{"session":"12f034157351","build":"182.4129.34","bucket":"-1","time":1577608227272,"group":{"id":"actions","version":"2"},"event":{"count":1,"data":{},"id":"RunClass"}}
{"session":"12f034157351","build":"182.4129.34","bucket":"-1","time":1577608227381,"group":{"id":"trigger","version":"2"},"event":{"count":1,"data":{},"id":"execute.PythonConfigurationType.Run"}}
{"session":"12f034157351","build":"182.4129.34","bucket":"-1","time":1577608227444,"group":{"id":"toolwindow","version":"2"},"event":{"count":2,"data":{},"id":"Run_by_Activation"}}
{"session":"12f034157351","build":"182.4129.34","bucket":"-1","time":1577608241397,"group":{"id":"toolwindow","version":"2"},"event":{"count":2,"data":{},"id":"Run_by_Activation"}}
{"session":"12f034157351","build":"182.4129.34","bucket":"-1","time":1577609614975,"group":{"id":"lifecycle","version":"2"},"event":{"count":1,"data":{},"id":"project.closed"}}
{"session":"12f034157351","build":"182.4129.34","bucket":"-1","time":1577609621444,"group":{"id":"lifecycle","version":"2"},"event":{"count":1,"data":{"restart":false},"id":"app.closed"}}
{"session":"12f034157351","build":"182.4129.34","bucket":"-1","time":1577609621756,"group":{"id":"lifecycle","version":"2"},"event":{"count":1,"data":{},"id":"project.closed"}}
{"session":"12f034157351","build":"182.4129.34","bucket":"-1","time":1577609621928,"group":{"id":"lifecycle","version":"2"},"event":{"count":1,"data":{},"id":"ideaapp.closed"}}
